[100%] Built target autonomous_driving
-- Install configuration: ""
-- Up-to-date: /home/seok/automotive_software_mid-term/install/autonomous_driving/lib/autonomous_driving/autonomous_driving
-- Up-to-date: /home/seok/automotive_software_mid-term/install/autonomous_driving/share/autonomous_driving/launch
-- Up-to-date: /home/seok/automotive_software_mid-term/install/autonomous_driving/share/autonomous_driving/launch/manual_driving.launch.xml
-- Up-to-date: /home/seok/automotive_software_mid-term/install/autonomous_driving/share/autonomous_driving/launch/autonomous_driving.launch.xml
-- Up-to-date: /home/seok/automotive_software_mid-term/install/autonomous_driving/lib/autonomous_driving/simultaneous_inputs.py
-- Up-to-date: /home/seok/automotive_software_mid-term/install/autonomous_driving/share/ament_index/resource_index/package_run_dependencies/autonomous_driving
-- Up-to-date: /home/seok/automotive_software_mid-term/install/autonomous_driving/share/ament_index/resource_index/parent_prefix_path/autonomous_driving
-- Up-to-date: /home/seok/automotive_software_mid-term/install/autonomous_driving/share/autonomous_driving/environment/ament_prefix_path.sh
-- Up-to-date: /home/seok/automotive_software_mid-term/install/autonomous_driving/share/autonomous_driving/environment/ament_prefix_path.dsv
-- Up-to-date: /home/seok/automotive_software_mid-term/install/autonomous_driving/share/autonomous_driving/environment/path.sh
-- Up-to-date: /home/seok/automotive_software_mid-term/install/autonomous_driving/share/autonomous_driving/environment/path.dsv
-- Up-to-date: /home/seok/automotive_software_mid-term/install/autonomous_driving/share/autonomous_driving/local_setup.bash
-- Up-to-date: /home/seok/automotive_software_mid-term/install/autonomous_driving/share/autonomous_driving/local_setup.sh
-- Up-to-date: /home/seok/automotive_software_mid-term/install/autonomous_driving/share/autonomous_driving/local_setup.zsh
-- Up-to-date: /home/seok/automotive_software_mid-term/install/autonomous_driving/share/autonomous_driving/local_setup.dsv
-- Installing: /home/seok/automotive_software_mid-term/install/autonomous_driving/share/autonomous_driving/package.dsv
-- Up-to-date: /home/seok/automotive_software_mid-term/install/autonomous_driving/share/ament_index/resource_index/packages/autonomous_driving
-- Up-to-date: /home/seok/automotive_software_mid-term/install/autonomous_driving/share/autonomous_driving/cmake/autonomous_drivingConfig.cmake
-- Up-to-date: /home/seok/automotive_software_mid-term/install/autonomous_driving/share/autonomous_driving/cmake/autonomous_drivingConfig-version.cmake
-- Up-to-date: /home/seok/automotive_software_mid-term/install/autonomous_driving/share/autonomous_driving/package.xml
