[0.170s] DEBUG:colcon:Command line arguments: ['/usr/bin/colcon', 'build']
[0.170s] DEBUG:colcon:Parsed command line arguments: Namespace(log_base=None, log_level=None, verb_name='build', build_base='build', install_base='install', merge_install=False, symlink_install=False, test_result_base=None, continue_on_error=False, executor='parallel', parallel_workers=16, event_handlers=None, ignore_user_meta=False, metas=['./colcon.meta'], base_paths=['.'], packages_ignore=None, packages_ignore_regex=None, paths=None, packages_up_to=None, packages_up_to_regex=None, packages_above=None, packages_above_and_dependencies=None, packages_above_depth=None, packages_select_by_dep=None, packages_skip_by_dep=None, packages_skip_up_to=None, packages_select_build_failed=False, packages_skip_build_finished=False, packages_select_test_failures=False, packages_skip_test_passed=False, packages_select=None, packages_skip=None, packages_select_regex=None, packages_skip_regex=None, packages_start=None, packages_end=None, allow_overriding=[], cmake_args=None, cmake_target=None, cmake_target_skip_unavailable=False, cmake_clean_cache=False, cmake_clean_first=False, cmake_force_configure=False, ament_cmake_args=None, catkin_cmake_args=None, catkin_skip_building_tests=False, mixin_files=None, mixin=None, verb_parser=<colcon_mixin.mixin.mixin_argument.MixinArgumentDecorator object at 0x7f8f73f62680>, verb_extension=<colcon_core.verb.build.BuildVerb object at 0x7f8f73f620b0>, main=<bound method BuildVerb.main of <colcon_core.verb.build.BuildVerb object at 0x7f8f73f620b0>>, mixin_verb=('build',))
[0.429s] Level 1:colcon.colcon_core.package_discovery:discover_packages(colcon_meta) check parameters
[0.429s] Level 1:colcon.colcon_core.package_discovery:discover_packages(recursive) check parameters
[0.429s] Level 1:colcon.colcon_core.package_discovery:discover_packages(ignore) check parameters
[0.429s] Level 1:colcon.colcon_core.package_discovery:discover_packages(path) check parameters
[0.429s] Level 1:colcon.colcon_core.package_discovery:discover_packages(colcon_meta) discover
[0.429s] Level 1:colcon.colcon_core.package_discovery:discover_packages(recursive) discover
[0.429s] INFO:colcon.colcon_core.package_discovery:Crawling recursively for packages in '/home/seok/automotive_software_mid-term'
[0.429s] Level 1:colcon.colcon_core.package_identification:_identify(.) by extensions ['ignore', 'ignore_ament_install']
[0.429s] Level 1:colcon.colcon_core.package_identification:_identify(.) by extension 'ignore'
[0.429s] Level 1:colcon.colcon_core.package_identification:_identify(.) by extension 'ignore_ament_install'
[0.429s] Level 1:colcon.colcon_core.package_identification:_identify(.) by extensions ['colcon_pkg']
[0.429s] Level 1:colcon.colcon_core.package_identification:_identify(.) by extension 'colcon_pkg'
[0.429s] Level 1:colcon.colcon_core.package_identification:_identify(.) by extensions ['colcon_meta']
[0.429s] Level 1:colcon.colcon_core.package_identification:_identify(.) by extension 'colcon_meta'
[0.429s] Level 1:colcon.colcon_core.package_identification:_identify(.) by extensions ['ros']
[0.429s] Level 1:colcon.colcon_core.package_identification:_identify(.) by extension 'ros'
[0.442s] Level 1:colcon.colcon_core.package_identification:_identify(.) by extensions ['cmake', 'python']
[0.442s] Level 1:colcon.colcon_core.package_identification:_identify(.) by extension 'cmake'
[0.442s] Level 1:colcon.colcon_core.package_identification:_identify(.) by extension 'python'
[0.442s] Level 1:colcon.colcon_core.package_identification:_identify(.) by extensions ['python_setup_py']
[0.442s] Level 1:colcon.colcon_core.package_identification:_identify(.) by extension 'python_setup_py'
[0.443s] Level 1:colcon.colcon_core.package_identification:_identify(build) by extensions ['ignore', 'ignore_ament_install']
[0.443s] Level 1:colcon.colcon_core.package_identification:_identify(build) by extension 'ignore'
[0.443s] Level 1:colcon.colcon_core.package_identification:_identify(build) ignored
[0.443s] Level 1:colcon.colcon_core.package_identification:_identify(install) by extensions ['ignore', 'ignore_ament_install']
[0.444s] Level 1:colcon.colcon_core.package_identification:_identify(install) by extension 'ignore'
[0.444s] Level 1:colcon.colcon_core.package_identification:_identify(install) ignored
[0.444s] Level 1:colcon.colcon_core.package_identification:_identify(log) by extensions ['ignore', 'ignore_ament_install']
[0.444s] Level 1:colcon.colcon_core.package_identification:_identify(log) by extension 'ignore'
[0.444s] Level 1:colcon.colcon_core.package_identification:_identify(log) ignored
[0.444s] Level 1:colcon.colcon_core.package_identification:_identify(resources) by extensions ['ignore', 'ignore_ament_install']
[0.444s] Level 1:colcon.colcon_core.package_identification:_identify(resources) by extension 'ignore'
[0.444s] Level 1:colcon.colcon_core.package_identification:_identify(resources) by extension 'ignore_ament_install'
[0.444s] Level 1:colcon.colcon_core.package_identification:_identify(resources) by extensions ['colcon_pkg']
[0.444s] Level 1:colcon.colcon_core.package_identification:_identify(resources) by extension 'colcon_pkg'
[0.444s] Level 1:colcon.colcon_core.package_identification:_identify(resources) by extensions ['colcon_meta']
[0.444s] Level 1:colcon.colcon_core.package_identification:_identify(resources) by extension 'colcon_meta'
[0.444s] Level 1:colcon.colcon_core.package_identification:_identify(resources) by extensions ['ros']
[0.444s] Level 1:colcon.colcon_core.package_identification:_identify(resources) by extension 'ros'
[0.444s] Level 1:colcon.colcon_core.package_identification:_identify(resources) by extensions ['cmake', 'python']
[0.444s] Level 1:colcon.colcon_core.package_identification:_identify(resources) by extension 'cmake'
[0.444s] Level 1:colcon.colcon_core.package_identification:_identify(resources) by extension 'python'
[0.444s] Level 1:colcon.colcon_core.package_identification:_identify(resources) by extensions ['python_setup_py']
[0.444s] Level 1:colcon.colcon_core.package_identification:_identify(resources) by extension 'python_setup_py'
[0.445s] Level 1:colcon.colcon_core.package_identification:_identify(resources/csv) by extensions ['ignore', 'ignore_ament_install']
[0.445s] Level 1:colcon.colcon_core.package_identification:_identify(resources/csv) by extension 'ignore'
[0.445s] Level 1:colcon.colcon_core.package_identification:_identify(resources/csv) by extension 'ignore_ament_install'
[0.445s] Level 1:colcon.colcon_core.package_identification:_identify(resources/csv) by extensions ['colcon_pkg']
[0.445s] Level 1:colcon.colcon_core.package_identification:_identify(resources/csv) by extension 'colcon_pkg'
[0.445s] Level 1:colcon.colcon_core.package_identification:_identify(resources/csv) by extensions ['colcon_meta']
[0.445s] Level 1:colcon.colcon_core.package_identification:_identify(resources/csv) by extension 'colcon_meta'
[0.445s] Level 1:colcon.colcon_core.package_identification:_identify(resources/csv) by extensions ['ros']
[0.445s] Level 1:colcon.colcon_core.package_identification:_identify(resources/csv) by extension 'ros'
[0.445s] Level 1:colcon.colcon_core.package_identification:_identify(resources/csv) by extensions ['cmake', 'python']
[0.445s] Level 1:colcon.colcon_core.package_identification:_identify(resources/csv) by extension 'cmake'
[0.445s] Level 1:colcon.colcon_core.package_identification:_identify(resources/csv) by extension 'python'
[0.445s] Level 1:colcon.colcon_core.package_identification:_identify(resources/csv) by extensions ['python_setup_py']
[0.445s] Level 1:colcon.colcon_core.package_identification:_identify(resources/csv) by extension 'python_setup_py'
[0.445s] Level 1:colcon.colcon_core.package_identification:_identify(resources/csv/evaluation_lane) by extensions ['ignore', 'ignore_ament_install']
[0.446s] Level 1:colcon.colcon_core.package_identification:_identify(resources/csv/evaluation_lane) by extension 'ignore'
[0.446s] Level 1:colcon.colcon_core.package_identification:_identify(resources/csv/evaluation_lane) by extension 'ignore_ament_install'
[0.446s] Level 1:colcon.colcon_core.package_identification:_identify(resources/csv/evaluation_lane) by extensions ['colcon_pkg']
[0.446s] Level 1:colcon.colcon_core.package_identification:_identify(resources/csv/evaluation_lane) by extension 'colcon_pkg'
[0.446s] Level 1:colcon.colcon_core.package_identification:_identify(resources/csv/evaluation_lane) by extensions ['colcon_meta']
[0.446s] Level 1:colcon.colcon_core.package_identification:_identify(resources/csv/evaluation_lane) by extension 'colcon_meta'
[0.446s] Level 1:colcon.colcon_core.package_identification:_identify(resources/csv/evaluation_lane) by extensions ['ros']
[0.446s] Level 1:colcon.colcon_core.package_identification:_identify(resources/csv/evaluation_lane) by extension 'ros'
[0.446s] Level 1:colcon.colcon_core.package_identification:_identify(resources/csv/evaluation_lane) by extensions ['cmake', 'python']
[0.446s] Level 1:colcon.colcon_core.package_identification:_identify(resources/csv/evaluation_lane) by extension 'cmake'
[0.446s] Level 1:colcon.colcon_core.package_identification:_identify(resources/csv/evaluation_lane) by extension 'python'
[0.446s] Level 1:colcon.colcon_core.package_identification:_identify(resources/csv/evaluation_lane) by extensions ['python_setup_py']
[0.446s] Level 1:colcon.colcon_core.package_identification:_identify(resources/csv/evaluation_lane) by extension 'python_setup_py'
[0.446s] Level 1:colcon.colcon_core.package_identification:_identify(resources/csv/simulation_lane) by extensions ['ignore', 'ignore_ament_install']
[0.446s] Level 1:colcon.colcon_core.package_identification:_identify(resources/csv/simulation_lane) by extension 'ignore'
[0.446s] Level 1:colcon.colcon_core.package_identification:_identify(resources/csv/simulation_lane) by extension 'ignore_ament_install'
[0.446s] Level 1:colcon.colcon_core.package_identification:_identify(resources/csv/simulation_lane) by extensions ['colcon_pkg']
[0.446s] Level 1:colcon.colcon_core.package_identification:_identify(resources/csv/simulation_lane) by extension 'colcon_pkg'
[0.446s] Level 1:colcon.colcon_core.package_identification:_identify(resources/csv/simulation_lane) by extensions ['colcon_meta']
[0.446s] Level 1:colcon.colcon_core.package_identification:_identify(resources/csv/simulation_lane) by extension 'colcon_meta'
[0.447s] Level 1:colcon.colcon_core.package_identification:_identify(resources/csv/simulation_lane) by extensions ['ros']
[0.447s] Level 1:colcon.colcon_core.package_identification:_identify(resources/csv/simulation_lane) by extension 'ros'
[0.447s] Level 1:colcon.colcon_core.package_identification:_identify(resources/csv/simulation_lane) by extensions ['cmake', 'python']
[0.447s] Level 1:colcon.colcon_core.package_identification:_identify(resources/csv/simulation_lane) by extension 'cmake'
[0.447s] Level 1:colcon.colcon_core.package_identification:_identify(resources/csv/simulation_lane) by extension 'python'
[0.447s] Level 1:colcon.colcon_core.package_identification:_identify(resources/csv/simulation_lane) by extensions ['python_setup_py']
[0.447s] Level 1:colcon.colcon_core.package_identification:_identify(resources/csv/simulation_lane) by extension 'python_setup_py'
[0.447s] Level 1:colcon.colcon_core.package_identification:_identify(resources/meshes) by extensions ['ignore', 'ignore_ament_install']
[0.447s] Level 1:colcon.colcon_core.package_identification:_identify(resources/meshes) by extension 'ignore'
[0.447s] Level 1:colcon.colcon_core.package_identification:_identify(resources/meshes) by extension 'ignore_ament_install'
[0.447s] Level 1:colcon.colcon_core.package_identification:_identify(resources/meshes) by extensions ['colcon_pkg']
[0.447s] Level 1:colcon.colcon_core.package_identification:_identify(resources/meshes) by extension 'colcon_pkg'
[0.447s] Level 1:colcon.colcon_core.package_identification:_identify(resources/meshes) by extensions ['colcon_meta']
[0.447s] Level 1:colcon.colcon_core.package_identification:_identify(resources/meshes) by extension 'colcon_meta'
[0.447s] Level 1:colcon.colcon_core.package_identification:_identify(resources/meshes) by extensions ['ros']
[0.447s] Level 1:colcon.colcon_core.package_identification:_identify(resources/meshes) by extension 'ros'
[0.447s] Level 1:colcon.colcon_core.package_identification:_identify(resources/meshes) by extensions ['cmake', 'python']
[0.447s] Level 1:colcon.colcon_core.package_identification:_identify(resources/meshes) by extension 'cmake'
[0.447s] Level 1:colcon.colcon_core.package_identification:_identify(resources/meshes) by extension 'python'
[0.447s] Level 1:colcon.colcon_core.package_identification:_identify(resources/meshes) by extensions ['python_setup_py']
[0.447s] Level 1:colcon.colcon_core.package_identification:_identify(resources/meshes) by extension 'python_setup_py'
[0.448s] Level 1:colcon.colcon_core.package_identification:_identify(resources/rviz) by extensions ['ignore', 'ignore_ament_install']
[0.448s] Level 1:colcon.colcon_core.package_identification:_identify(resources/rviz) by extension 'ignore'
[0.448s] Level 1:colcon.colcon_core.package_identification:_identify(resources/rviz) by extension 'ignore_ament_install'
[0.448s] Level 1:colcon.colcon_core.package_identification:_identify(resources/rviz) by extensions ['colcon_pkg']
[0.448s] Level 1:colcon.colcon_core.package_identification:_identify(resources/rviz) by extension 'colcon_pkg'
[0.448s] Level 1:colcon.colcon_core.package_identification:_identify(resources/rviz) by extensions ['colcon_meta']
[0.448s] Level 1:colcon.colcon_core.package_identification:_identify(resources/rviz) by extension 'colcon_meta'
[0.448s] Level 1:colcon.colcon_core.package_identification:_identify(resources/rviz) by extensions ['ros']
[0.448s] Level 1:colcon.colcon_core.package_identification:_identify(resources/rviz) by extension 'ros'
[0.448s] Level 1:colcon.colcon_core.package_identification:_identify(resources/rviz) by extensions ['cmake', 'python']
[0.448s] Level 1:colcon.colcon_core.package_identification:_identify(resources/rviz) by extension 'cmake'
[0.448s] Level 1:colcon.colcon_core.package_identification:_identify(resources/rviz) by extension 'python'
[0.448s] Level 1:colcon.colcon_core.package_identification:_identify(resources/rviz) by extensions ['python_setup_py']
[0.448s] Level 1:colcon.colcon_core.package_identification:_identify(resources/rviz) by extension 'python_setup_py'
[0.448s] Level 1:colcon.colcon_core.package_identification:_identify(src) by extensions ['ignore', 'ignore_ament_install']
[0.448s] Level 1:colcon.colcon_core.package_identification:_identify(src) by extension 'ignore'
[0.448s] Level 1:colcon.colcon_core.package_identification:_identify(src) by extension 'ignore_ament_install'
[0.448s] Level 1:colcon.colcon_core.package_identification:_identify(src) by extensions ['colcon_pkg']
[0.448s] Level 1:colcon.colcon_core.package_identification:_identify(src) by extension 'colcon_pkg'
[0.448s] Level 1:colcon.colcon_core.package_identification:_identify(src) by extensions ['colcon_meta']
[0.448s] Level 1:colcon.colcon_core.package_identification:_identify(src) by extension 'colcon_meta'
[0.448s] Level 1:colcon.colcon_core.package_identification:_identify(src) by extensions ['ros']
[0.448s] Level 1:colcon.colcon_core.package_identification:_identify(src) by extension 'ros'
[0.448s] Level 1:colcon.colcon_core.package_identification:_identify(src) by extensions ['cmake', 'python']
[0.448s] Level 1:colcon.colcon_core.package_identification:_identify(src) by extension 'cmake'
[0.448s] Level 1:colcon.colcon_core.package_identification:_identify(src) by extension 'python'
[0.448s] Level 1:colcon.colcon_core.package_identification:_identify(src) by extensions ['python_setup_py']
[0.448s] Level 1:colcon.colcon_core.package_identification:_identify(src) by extension 'python_setup_py'
[0.448s] Level 1:colcon.colcon_core.package_identification:_identify(src/app) by extensions ['ignore', 'ignore_ament_install']
[0.448s] Level 1:colcon.colcon_core.package_identification:_identify(src/app) by extension 'ignore'
[0.448s] Level 1:colcon.colcon_core.package_identification:_identify(src/app) by extension 'ignore_ament_install'
[0.449s] Level 1:colcon.colcon_core.package_identification:_identify(src/app) by extensions ['colcon_pkg']
[0.449s] Level 1:colcon.colcon_core.package_identification:_identify(src/app) by extension 'colcon_pkg'
[0.449s] Level 1:colcon.colcon_core.package_identification:_identify(src/app) by extensions ['colcon_meta']
[0.449s] Level 1:colcon.colcon_core.package_identification:_identify(src/app) by extension 'colcon_meta'
[0.449s] Level 1:colcon.colcon_core.package_identification:_identify(src/app) by extensions ['ros']
[0.449s] Level 1:colcon.colcon_core.package_identification:_identify(src/app) by extension 'ros'
[0.449s] Level 1:colcon.colcon_core.package_identification:_identify(src/app) by extensions ['cmake', 'python']
[0.449s] Level 1:colcon.colcon_core.package_identification:_identify(src/app) by extension 'cmake'
[0.449s] Level 1:colcon.colcon_core.package_identification:_identify(src/app) by extension 'python'
[0.449s] Level 1:colcon.colcon_core.package_identification:_identify(src/app) by extensions ['python_setup_py']
[0.449s] Level 1:colcon.colcon_core.package_identification:_identify(src/app) by extension 'python_setup_py'
[0.449s] Level 1:colcon.colcon_core.package_identification:_identify(src/app/autonomous_driving) by extensions ['ignore', 'ignore_ament_install']
[0.449s] Level 1:colcon.colcon_core.package_identification:_identify(src/app/autonomous_driving) by extension 'ignore'
[0.449s] Level 1:colcon.colcon_core.package_identification:_identify(src/app/autonomous_driving) by extension 'ignore_ament_install'
[0.449s] Level 1:colcon.colcon_core.package_identification:_identify(src/app/autonomous_driving) by extensions ['colcon_pkg']
[0.449s] Level 1:colcon.colcon_core.package_identification:_identify(src/app/autonomous_driving) by extension 'colcon_pkg'
[0.449s] Level 1:colcon.colcon_core.package_identification:_identify(src/app/autonomous_driving) by extensions ['colcon_meta']
[0.449s] Level 1:colcon.colcon_core.package_identification:_identify(src/app/autonomous_driving) by extension 'colcon_meta'
[0.449s] Level 1:colcon.colcon_core.package_identification:_identify(src/app/autonomous_driving) by extensions ['ros']
[0.449s] Level 1:colcon.colcon_core.package_identification:_identify(src/app/autonomous_driving) by extension 'ros'
[0.452s] DEBUG:colcon.colcon_core.package_identification:Package 'src/app/autonomous_driving' with type 'ros.ament_cmake' and name 'autonomous_driving'
[0.452s] Level 1:colcon.colcon_core.package_identification:_identify(src/app/evaluation) by extensions ['ignore', 'ignore_ament_install']
[0.452s] Level 1:colcon.colcon_core.package_identification:_identify(src/app/evaluation) by extension 'ignore'
[0.452s] Level 1:colcon.colcon_core.package_identification:_identify(src/app/evaluation) by extension 'ignore_ament_install'
[0.452s] Level 1:colcon.colcon_core.package_identification:_identify(src/app/evaluation) by extensions ['colcon_pkg']
[0.453s] Level 1:colcon.colcon_core.package_identification:_identify(src/app/evaluation) by extension 'colcon_pkg'
[0.453s] Level 1:colcon.colcon_core.package_identification:_identify(src/app/evaluation) by extensions ['colcon_meta']
[0.453s] Level 1:colcon.colcon_core.package_identification:_identify(src/app/evaluation) by extension 'colcon_meta'
[0.453s] Level 1:colcon.colcon_core.package_identification:_identify(src/app/evaluation) by extensions ['ros']
[0.453s] Level 1:colcon.colcon_core.package_identification:_identify(src/app/evaluation) by extension 'ros'
[0.453s] DEBUG:colcon.colcon_core.package_identification:Package 'src/app/evaluation' with type 'ros.ament_cmake' and name 'evaluation'
[0.453s] Level 1:colcon.colcon_core.package_identification:_identify(src/app/scenario_runner) by extensions ['ignore', 'ignore_ament_install']
[0.453s] Level 1:colcon.colcon_core.package_identification:_identify(src/app/scenario_runner) by extension 'ignore'
[0.454s] Level 1:colcon.colcon_core.package_identification:_identify(src/app/scenario_runner) by extension 'ignore_ament_install'
[0.454s] Level 1:colcon.colcon_core.package_identification:_identify(src/app/scenario_runner) by extensions ['colcon_pkg']
[0.454s] Level 1:colcon.colcon_core.package_identification:_identify(src/app/scenario_runner) by extension 'colcon_pkg'
[0.454s] Level 1:colcon.colcon_core.package_identification:_identify(src/app/scenario_runner) by extensions ['colcon_meta']
[0.454s] Level 1:colcon.colcon_core.package_identification:_identify(src/app/scenario_runner) by extension 'colcon_meta'
[0.454s] Level 1:colcon.colcon_core.package_identification:_identify(src/app/scenario_runner) by extensions ['ros']
[0.454s] Level 1:colcon.colcon_core.package_identification:_identify(src/app/scenario_runner) by extension 'ros'
[0.454s] DEBUG:colcon.colcon_core.package_identification:Package 'src/app/scenario_runner' with type 'ros.ament_cmake' and name 'scenario_runner'
[0.455s] Level 1:colcon.colcon_core.package_identification:_identify(src/app/simulator) by extensions ['ignore', 'ignore_ament_install']
[0.455s] Level 1:colcon.colcon_core.package_identification:_identify(src/app/simulator) by extension 'ignore'
[0.455s] Level 1:colcon.colcon_core.package_identification:_identify(src/app/simulator) by extension 'ignore_ament_install'
[0.455s] Level 1:colcon.colcon_core.package_identification:_identify(src/app/simulator) by extensions ['colcon_pkg']
[0.455s] Level 1:colcon.colcon_core.package_identification:_identify(src/app/simulator) by extension 'colcon_pkg'
[0.455s] Level 1:colcon.colcon_core.package_identification:_identify(src/app/simulator) by extensions ['colcon_meta']
[0.455s] Level 1:colcon.colcon_core.package_identification:_identify(src/app/simulator) by extension 'colcon_meta'
[0.455s] Level 1:colcon.colcon_core.package_identification:_identify(src/app/simulator) by extensions ['ros']
[0.455s] Level 1:colcon.colcon_core.package_identification:_identify(src/app/simulator) by extension 'ros'
[0.456s] DEBUG:colcon.colcon_core.package_identification:Package 'src/app/simulator' with type 'ros.ament_cmake' and name 'simulator'
[0.456s] Level 1:colcon.colcon_core.package_identification:_identify(src/bsw) by extensions ['ignore', 'ignore_ament_install']
[0.456s] Level 1:colcon.colcon_core.package_identification:_identify(src/bsw) by extension 'ignore'
[0.456s] Level 1:colcon.colcon_core.package_identification:_identify(src/bsw) by extension 'ignore_ament_install'
[0.456s] Level 1:colcon.colcon_core.package_identification:_identify(src/bsw) by extensions ['colcon_pkg']
[0.456s] Level 1:colcon.colcon_core.package_identification:_identify(src/bsw) by extension 'colcon_pkg'
[0.456s] Level 1:colcon.colcon_core.package_identification:_identify(src/bsw) by extensions ['colcon_meta']
[0.456s] Level 1:colcon.colcon_core.package_identification:_identify(src/bsw) by extension 'colcon_meta'
[0.456s] Level 1:colcon.colcon_core.package_identification:_identify(src/bsw) by extensions ['ros']
[0.456s] Level 1:colcon.colcon_core.package_identification:_identify(src/bsw) by extension 'ros'
[0.456s] Level 1:colcon.colcon_core.package_identification:_identify(src/bsw) by extensions ['cmake', 'python']
[0.456s] Level 1:colcon.colcon_core.package_identification:_identify(src/bsw) by extension 'cmake'
[0.456s] Level 1:colcon.colcon_core.package_identification:_identify(src/bsw) by extension 'python'
[0.456s] Level 1:colcon.colcon_core.package_identification:_identify(src/bsw) by extensions ['python_setup_py']
[0.456s] Level 1:colcon.colcon_core.package_identification:_identify(src/bsw) by extension 'python_setup_py'
[0.457s] Level 1:colcon.colcon_core.package_identification:_identify(src/bsw/system) by extensions ['ignore', 'ignore_ament_install']
[0.457s] Level 1:colcon.colcon_core.package_identification:_identify(src/bsw/system) by extension 'ignore'
[0.457s] Level 1:colcon.colcon_core.package_identification:_identify(src/bsw/system) by extension 'ignore_ament_install'
[0.457s] Level 1:colcon.colcon_core.package_identification:_identify(src/bsw/system) by extensions ['colcon_pkg']
[0.457s] Level 1:colcon.colcon_core.package_identification:_identify(src/bsw/system) by extension 'colcon_pkg'
[0.457s] Level 1:colcon.colcon_core.package_identification:_identify(src/bsw/system) by extensions ['colcon_meta']
[0.457s] Level 1:colcon.colcon_core.package_identification:_identify(src/bsw/system) by extension 'colcon_meta'
[0.457s] Level 1:colcon.colcon_core.package_identification:_identify(src/bsw/system) by extensions ['ros']
[0.457s] Level 1:colcon.colcon_core.package_identification:_identify(src/bsw/system) by extension 'ros'
[0.457s] Level 1:colcon.colcon_core.package_identification:_identify(src/bsw/system) by extensions ['cmake', 'python']
[0.457s] Level 1:colcon.colcon_core.package_identification:_identify(src/bsw/system) by extension 'cmake'
[0.457s] Level 1:colcon.colcon_core.package_identification:_identify(src/bsw/system) by extension 'python'
[0.457s] Level 1:colcon.colcon_core.package_identification:_identify(src/bsw/system) by extensions ['python_setup_py']
[0.457s] Level 1:colcon.colcon_core.package_identification:_identify(src/bsw/system) by extension 'python_setup_py'
[0.457s] Level 1:colcon.colcon_core.package_identification:_identify(src/bsw/system/interface) by extensions ['ignore', 'ignore_ament_install']
[0.457s] Level 1:colcon.colcon_core.package_identification:_identify(src/bsw/system/interface) by extension 'ignore'
[0.457s] Level 1:colcon.colcon_core.package_identification:_identify(src/bsw/system/interface) by extension 'ignore_ament_install'
[0.457s] Level 1:colcon.colcon_core.package_identification:_identify(src/bsw/system/interface) by extensions ['colcon_pkg']
[0.457s] Level 1:colcon.colcon_core.package_identification:_identify(src/bsw/system/interface) by extension 'colcon_pkg'
[0.458s] Level 1:colcon.colcon_core.package_identification:_identify(src/bsw/system/interface) by extensions ['colcon_meta']
[0.458s] Level 1:colcon.colcon_core.package_identification:_identify(src/bsw/system/interface) by extension 'colcon_meta'
[0.458s] Level 1:colcon.colcon_core.package_identification:_identify(src/bsw/system/interface) by extensions ['ros']
[0.458s] Level 1:colcon.colcon_core.package_identification:_identify(src/bsw/system/interface) by extension 'ros'
[0.458s] Level 1:colcon.colcon_core.package_identification:_identify(src/bsw/system/interface) by extensions ['cmake', 'python']
[0.458s] Level 1:colcon.colcon_core.package_identification:_identify(src/bsw/system/interface) by extension 'cmake'
[0.458s] Level 1:colcon.colcon_core.package_identification:_identify(src/bsw/system/interface) by extension 'python'
[0.458s] Level 1:colcon.colcon_core.package_identification:_identify(src/bsw/system/interface) by extensions ['python_setup_py']
[0.458s] Level 1:colcon.colcon_core.package_identification:_identify(src/bsw/system/interface) by extension 'python_setup_py'
[0.458s] Level 1:colcon.colcon_core.package_identification:_identify(src/rte) by extensions ['ignore', 'ignore_ament_install']
[0.458s] Level 1:colcon.colcon_core.package_identification:_identify(src/rte) by extension 'ignore'
[0.458s] Level 1:colcon.colcon_core.package_identification:_identify(src/rte) by extension 'ignore_ament_install'
[0.458s] Level 1:colcon.colcon_core.package_identification:_identify(src/rte) by extensions ['colcon_pkg']
[0.458s] Level 1:colcon.colcon_core.package_identification:_identify(src/rte) by extension 'colcon_pkg'
[0.458s] Level 1:colcon.colcon_core.package_identification:_identify(src/rte) by extensions ['colcon_meta']
[0.458s] Level 1:colcon.colcon_core.package_identification:_identify(src/rte) by extension 'colcon_meta'
[0.458s] Level 1:colcon.colcon_core.package_identification:_identify(src/rte) by extensions ['ros']
[0.458s] Level 1:colcon.colcon_core.package_identification:_identify(src/rte) by extension 'ros'
[0.458s] Level 1:colcon.colcon_core.package_identification:_identify(src/rte) by extensions ['cmake', 'python']
[0.458s] Level 1:colcon.colcon_core.package_identification:_identify(src/rte) by extension 'cmake'
[0.458s] Level 1:colcon.colcon_core.package_identification:_identify(src/rte) by extension 'python'
[0.458s] Level 1:colcon.colcon_core.package_identification:_identify(src/rte) by extensions ['python_setup_py']
[0.458s] Level 1:colcon.colcon_core.package_identification:_identify(src/rte) by extension 'python_setup_py'
[0.458s] Level 1:colcon.colcon_core.package_identification:_identify(src/rte/msg) by extensions ['ignore', 'ignore_ament_install']
[0.458s] Level 1:colcon.colcon_core.package_identification:_identify(src/rte/msg) by extension 'ignore'
[0.459s] Level 1:colcon.colcon_core.package_identification:_identify(src/rte/msg) by extension 'ignore_ament_install'
[0.459s] Level 1:colcon.colcon_core.package_identification:_identify(src/rte/msg) by extensions ['colcon_pkg']
[0.459s] Level 1:colcon.colcon_core.package_identification:_identify(src/rte/msg) by extension 'colcon_pkg'
[0.459s] Level 1:colcon.colcon_core.package_identification:_identify(src/rte/msg) by extensions ['colcon_meta']
[0.459s] Level 1:colcon.colcon_core.package_identification:_identify(src/rte/msg) by extension 'colcon_meta'
[0.459s] Level 1:colcon.colcon_core.package_identification:_identify(src/rte/msg) by extensions ['ros']
[0.459s] Level 1:colcon.colcon_core.package_identification:_identify(src/rte/msg) by extension 'ros'
[0.459s] Level 1:colcon.colcon_core.package_identification:_identify(src/rte/msg) by extensions ['cmake', 'python']
[0.459s] Level 1:colcon.colcon_core.package_identification:_identify(src/rte/msg) by extension 'cmake'
[0.459s] Level 1:colcon.colcon_core.package_identification:_identify(src/rte/msg) by extension 'python'
[0.459s] Level 1:colcon.colcon_core.package_identification:_identify(src/rte/msg) by extensions ['python_setup_py']
[0.459s] Level 1:colcon.colcon_core.package_identification:_identify(src/rte/msg) by extension 'python_setup_py'
[0.459s] Level 1:colcon.colcon_core.package_identification:_identify(src/rte/msg/ad_msgs) by extensions ['ignore', 'ignore_ament_install']
[0.459s] Level 1:colcon.colcon_core.package_identification:_identify(src/rte/msg/ad_msgs) by extension 'ignore'
[0.459s] Level 1:colcon.colcon_core.package_identification:_identify(src/rte/msg/ad_msgs) by extension 'ignore_ament_install'
[0.459s] Level 1:colcon.colcon_core.package_identification:_identify(src/rte/msg/ad_msgs) by extensions ['colcon_pkg']
[0.459s] Level 1:colcon.colcon_core.package_identification:_identify(src/rte/msg/ad_msgs) by extension 'colcon_pkg'
[0.459s] Level 1:colcon.colcon_core.package_identification:_identify(src/rte/msg/ad_msgs) by extensions ['colcon_meta']
[0.459s] Level 1:colcon.colcon_core.package_identification:_identify(src/rte/msg/ad_msgs) by extension 'colcon_meta'
[0.459s] Level 1:colcon.colcon_core.package_identification:_identify(src/rte/msg/ad_msgs) by extensions ['ros']
[0.459s] Level 1:colcon.colcon_core.package_identification:_identify(src/rte/msg/ad_msgs) by extension 'ros'
[0.460s] DEBUG:colcon.colcon_core.package_identification:Package 'src/rte/msg/ad_msgs' with type 'ros.ament_cmake' and name 'ad_msgs'
[0.460s] Level 1:colcon.colcon_core.package_discovery:discover_packages(recursive) using defaults
[0.460s] Level 1:colcon.colcon_core.package_discovery:discover_packages(ignore) discover
[0.460s] Level 1:colcon.colcon_core.package_discovery:discover_packages(ignore) using defaults
[0.460s] Level 1:colcon.colcon_core.package_discovery:discover_packages(path) discover
[0.460s] Level 1:colcon.colcon_core.package_discovery:discover_packages(path) using defaults
[0.497s] Level 1:colcon.colcon_core.package_discovery:discover_packages(prefix_path) check parameters
[0.497s] Level 1:colcon.colcon_core.package_discovery:discover_packages(prefix_path) discover
[0.503s] DEBUG:colcon.colcon_installed_package_information.package_discovery:Found 5 installed packages in /home/seok/automotive_software_mid-term/install
[0.503s] DEBUG:colcon.colcon_installed_package_information.package_discovery:Found 4 installed packages in /home/seok/ros2_ws/install
[0.505s] DEBUG:colcon.colcon_installed_package_information.package_discovery:Found 296 installed packages in /opt/ros/humble
[0.506s] Level 1:colcon.colcon_core.package_discovery:discover_packages(prefix_path) using defaults
[0.584s] Level 5:colcon.colcon_core.verb:set package 'ad_msgs' build argument 'cmake_args' from command line to 'None'
[0.584s] Level 5:colcon.colcon_core.verb:set package 'ad_msgs' build argument 'cmake_target' from command line to 'None'
[0.584s] Level 5:colcon.colcon_core.verb:set package 'ad_msgs' build argument 'cmake_target_skip_unavailable' from command line to 'False'
[0.584s] Level 5:colcon.colcon_core.verb:set package 'ad_msgs' build argument 'cmake_clean_cache' from command line to 'False'
[0.584s] Level 5:colcon.colcon_core.verb:set package 'ad_msgs' build argument 'cmake_clean_first' from command line to 'False'
[0.584s] Level 5:colcon.colcon_core.verb:set package 'ad_msgs' build argument 'cmake_force_configure' from command line to 'False'
[0.584s] Level 5:colcon.colcon_core.verb:set package 'ad_msgs' build argument 'ament_cmake_args' from command line to 'None'
[0.584s] Level 5:colcon.colcon_core.verb:set package 'ad_msgs' build argument 'catkin_cmake_args' from command line to 'None'
[0.584s] Level 5:colcon.colcon_core.verb:set package 'ad_msgs' build argument 'catkin_skip_building_tests' from command line to 'False'
[0.584s] DEBUG:colcon.colcon_core.verb:Building package 'ad_msgs' with the following arguments: {'ament_cmake_args': None, 'build_base': '/home/seok/automotive_software_mid-term/build/ad_msgs', 'catkin_cmake_args': None, 'catkin_skip_building_tests': False, 'cmake_args': None, 'cmake_clean_cache': False, 'cmake_clean_first': False, 'cmake_force_configure': False, 'cmake_target': None, 'cmake_target_skip_unavailable': False, 'install_base': '/home/seok/automotive_software_mid-term/install/ad_msgs', 'merge_install': False, 'path': '/home/seok/automotive_software_mid-term/src/rte/msg/ad_msgs', 'symlink_install': False, 'test_result_base': None}
[0.584s] Level 5:colcon.colcon_core.verb:set package 'autonomous_driving' build argument 'cmake_args' from command line to 'None'
[0.584s] Level 5:colcon.colcon_core.verb:set package 'autonomous_driving' build argument 'cmake_target' from command line to 'None'
[0.584s] Level 5:colcon.colcon_core.verb:set package 'autonomous_driving' build argument 'cmake_target_skip_unavailable' from command line to 'False'
[0.584s] Level 5:colcon.colcon_core.verb:set package 'autonomous_driving' build argument 'cmake_clean_cache' from command line to 'False'
[0.584s] Level 5:colcon.colcon_core.verb:set package 'autonomous_driving' build argument 'cmake_clean_first' from command line to 'False'
[0.584s] Level 5:colcon.colcon_core.verb:set package 'autonomous_driving' build argument 'cmake_force_configure' from command line to 'False'
[0.584s] Level 5:colcon.colcon_core.verb:set package 'autonomous_driving' build argument 'ament_cmake_args' from command line to 'None'
[0.584s] Level 5:colcon.colcon_core.verb:set package 'autonomous_driving' build argument 'catkin_cmake_args' from command line to 'None'
[0.585s] Level 5:colcon.colcon_core.verb:set package 'autonomous_driving' build argument 'catkin_skip_building_tests' from command line to 'False'
[0.585s] DEBUG:colcon.colcon_core.verb:Building package 'autonomous_driving' with the following arguments: {'ament_cmake_args': None, 'build_base': '/home/seok/automotive_software_mid-term/build/autonomous_driving', 'catkin_cmake_args': None, 'catkin_skip_building_tests': False, 'cmake_args': None, 'cmake_clean_cache': False, 'cmake_clean_first': False, 'cmake_force_configure': False, 'cmake_target': None, 'cmake_target_skip_unavailable': False, 'install_base': '/home/seok/automotive_software_mid-term/install/autonomous_driving', 'merge_install': False, 'path': '/home/seok/automotive_software_mid-term/src/app/autonomous_driving', 'symlink_install': False, 'test_result_base': None}
[0.585s] Level 5:colcon.colcon_core.verb:set package 'evaluation' build argument 'cmake_args' from command line to 'None'
[0.585s] Level 5:colcon.colcon_core.verb:set package 'evaluation' build argument 'cmake_target' from command line to 'None'
[0.585s] Level 5:colcon.colcon_core.verb:set package 'evaluation' build argument 'cmake_target_skip_unavailable' from command line to 'False'
[0.585s] Level 5:colcon.colcon_core.verb:set package 'evaluation' build argument 'cmake_clean_cache' from command line to 'False'
[0.585s] Level 5:colcon.colcon_core.verb:set package 'evaluation' build argument 'cmake_clean_first' from command line to 'False'
[0.585s] Level 5:colcon.colcon_core.verb:set package 'evaluation' build argument 'cmake_force_configure' from command line to 'False'
[0.585s] Level 5:colcon.colcon_core.verb:set package 'evaluation' build argument 'ament_cmake_args' from command line to 'None'
[0.585s] Level 5:colcon.colcon_core.verb:set package 'evaluation' build argument 'catkin_cmake_args' from command line to 'None'
[0.585s] Level 5:colcon.colcon_core.verb:set package 'evaluation' build argument 'catkin_skip_building_tests' from command line to 'False'
[0.585s] DEBUG:colcon.colcon_core.verb:Building package 'evaluation' with the following arguments: {'ament_cmake_args': None, 'build_base': '/home/seok/automotive_software_mid-term/build/evaluation', 'catkin_cmake_args': None, 'catkin_skip_building_tests': False, 'cmake_args': None, 'cmake_clean_cache': False, 'cmake_clean_first': False, 'cmake_force_configure': False, 'cmake_target': None, 'cmake_target_skip_unavailable': False, 'install_base': '/home/seok/automotive_software_mid-term/install/evaluation', 'merge_install': False, 'path': '/home/seok/automotive_software_mid-term/src/app/evaluation', 'symlink_install': False, 'test_result_base': None}
[0.585s] Level 5:colcon.colcon_core.verb:set package 'scenario_runner' build argument 'cmake_args' from command line to 'None'
[0.585s] Level 5:colcon.colcon_core.verb:set package 'scenario_runner' build argument 'cmake_target' from command line to 'None'
[0.585s] Level 5:colcon.colcon_core.verb:set package 'scenario_runner' build argument 'cmake_target_skip_unavailable' from command line to 'False'
[0.585s] Level 5:colcon.colcon_core.verb:set package 'scenario_runner' build argument 'cmake_clean_cache' from command line to 'False'
[0.585s] Level 5:colcon.colcon_core.verb:set package 'scenario_runner' build argument 'cmake_clean_first' from command line to 'False'
[0.585s] Level 5:colcon.colcon_core.verb:set package 'scenario_runner' build argument 'cmake_force_configure' from command line to 'False'
[0.585s] Level 5:colcon.colcon_core.verb:set package 'scenario_runner' build argument 'ament_cmake_args' from command line to 'None'
[0.585s] Level 5:colcon.colcon_core.verb:set package 'scenario_runner' build argument 'catkin_cmake_args' from command line to 'None'
[0.585s] Level 5:colcon.colcon_core.verb:set package 'scenario_runner' build argument 'catkin_skip_building_tests' from command line to 'False'
[0.585s] DEBUG:colcon.colcon_core.verb:Building package 'scenario_runner' with the following arguments: {'ament_cmake_args': None, 'build_base': '/home/seok/automotive_software_mid-term/build/scenario_runner', 'catkin_cmake_args': None, 'catkin_skip_building_tests': False, 'cmake_args': None, 'cmake_clean_cache': False, 'cmake_clean_first': False, 'cmake_force_configure': False, 'cmake_target': None, 'cmake_target_skip_unavailable': False, 'install_base': '/home/seok/automotive_software_mid-term/install/scenario_runner', 'merge_install': False, 'path': '/home/seok/automotive_software_mid-term/src/app/scenario_runner', 'symlink_install': False, 'test_result_base': None}
[0.586s] Level 5:colcon.colcon_core.verb:set package 'simulator' build argument 'cmake_args' from command line to 'None'
[0.586s] Level 5:colcon.colcon_core.verb:set package 'simulator' build argument 'cmake_target' from command line to 'None'
[0.586s] Level 5:colcon.colcon_core.verb:set package 'simulator' build argument 'cmake_target_skip_unavailable' from command line to 'False'
[0.586s] Level 5:colcon.colcon_core.verb:set package 'simulator' build argument 'cmake_clean_cache' from command line to 'False'
[0.586s] Level 5:colcon.colcon_core.verb:set package 'simulator' build argument 'cmake_clean_first' from command line to 'False'
[0.586s] Level 5:colcon.colcon_core.verb:set package 'simulator' build argument 'cmake_force_configure' from command line to 'False'
[0.586s] Level 5:colcon.colcon_core.verb:set package 'simulator' build argument 'ament_cmake_args' from command line to 'None'
[0.586s] Level 5:colcon.colcon_core.verb:set package 'simulator' build argument 'catkin_cmake_args' from command line to 'None'
[0.586s] Level 5:colcon.colcon_core.verb:set package 'simulator' build argument 'catkin_skip_building_tests' from command line to 'False'
[0.586s] DEBUG:colcon.colcon_core.verb:Building package 'simulator' with the following arguments: {'ament_cmake_args': None, 'build_base': '/home/seok/automotive_software_mid-term/build/simulator', 'catkin_cmake_args': None, 'catkin_skip_building_tests': False, 'cmake_args': None, 'cmake_clean_cache': False, 'cmake_clean_first': False, 'cmake_force_configure': False, 'cmake_target': None, 'cmake_target_skip_unavailable': False, 'install_base': '/home/seok/automotive_software_mid-term/install/simulator', 'merge_install': False, 'path': '/home/seok/automotive_software_mid-term/src/app/simulator', 'symlink_install': False, 'test_result_base': None}
[0.586s] INFO:colcon.colcon_core.executor:Executing jobs using 'parallel' executor
[0.586s] DEBUG:colcon.colcon_parallel_executor.executor.parallel:run_until_complete
[0.587s] INFO:colcon.colcon_ros.task.ament_cmake.build:Building ROS package in '/home/seok/automotive_software_mid-term/src/rte/msg/ad_msgs' with build type 'ament_cmake'
[0.587s] INFO:colcon.colcon_cmake.task.cmake.build:Building CMake package in '/home/seok/automotive_software_mid-term/src/rte/msg/ad_msgs'
[0.591s] INFO:colcon.colcon_core.plugin_system:Skipping extension 'colcon_core.shell.bat': Not used on non-Windows systems
[0.591s] INFO:colcon.colcon_core.shell:Skip shell extension 'powershell' for command environment: Not usable outside of PowerShell
[0.591s] DEBUG:colcon.colcon_core.shell:Skip shell extension 'dsv' for command environment
[0.598s] DEBUG:colcon.colcon_core.event_handler.log_command:Invoking command in '/home/seok/automotive_software_mid-term/build/ad_msgs': CMAKE_PREFIX_PATH=${CMAKE_PREFIX_PATH}:/opt/ros/humble /usr/bin/cmake --build /home/seok/automotive_software_mid-term/build/ad_msgs -- -j16 -l16
[0.894s] DEBUG:colcon.colcon_core.event_handler.log_command:Invoked command in '/home/seok/automotive_software_mid-term/build/ad_msgs' returned '0': CMAKE_PREFIX_PATH=${CMAKE_PREFIX_PATH}:/opt/ros/humble /usr/bin/cmake --build /home/seok/automotive_software_mid-term/build/ad_msgs -- -j16 -l16
[0.990s] DEBUG:colcon.colcon_core.event_handler.log_command:Invoking command in '/home/seok/automotive_software_mid-term/build/ad_msgs': CMAKE_PREFIX_PATH=${CMAKE_PREFIX_PATH}:/opt/ros/humble /usr/bin/cmake --install /home/seok/automotive_software_mid-term/build/ad_msgs
[1.048s] Level 1:colcon.colcon_core.environment:create_environment_scripts_only(ad_msgs)
[1.049s] DEBUG:colcon.colcon_core.event_handler.log_command:Invoked command in '/home/seok/automotive_software_mid-term/build/ad_msgs' returned '0': CMAKE_PREFIX_PATH=${CMAKE_PREFIX_PATH}:/opt/ros/humble /usr/bin/cmake --install /home/seok/automotive_software_mid-term/build/ad_msgs
[1.054s] Level 1:colcon.colcon_core.environment:checking '/home/seok/automotive_software_mid-term/install/ad_msgs' for CMake module files
[1.055s] Level 1:colcon.colcon_core.environment:checking '/home/seok/automotive_software_mid-term/install/ad_msgs' for CMake config files
[1.058s] Level 1:colcon.colcon_core.shell:create_environment_hook('ad_msgs', 'cmake_prefix_path')
[1.058s] INFO:colcon.colcon_core.shell:Creating environment hook '/home/seok/automotive_software_mid-term/install/ad_msgs/share/ad_msgs/hook/cmake_prefix_path.ps1'
[1.059s] INFO:colcon.colcon_core.shell:Creating environment descriptor '/home/seok/automotive_software_mid-term/install/ad_msgs/share/ad_msgs/hook/cmake_prefix_path.dsv'
[1.059s] INFO:colcon.colcon_core.shell:Creating environment hook '/home/seok/automotive_software_mid-term/install/ad_msgs/share/ad_msgs/hook/cmake_prefix_path.sh'
[1.060s] Level 1:colcon.colcon_core.environment:checking '/home/seok/automotive_software_mid-term/install/ad_msgs/lib'
[1.061s] Level 1:colcon.colcon_core.shell:create_environment_hook('ad_msgs', 'ld_library_path_lib')
[1.061s] INFO:colcon.colcon_core.shell:Creating environment hook '/home/seok/automotive_software_mid-term/install/ad_msgs/share/ad_msgs/hook/ld_library_path_lib.ps1'
[1.062s] INFO:colcon.colcon_core.shell:Creating environment descriptor '/home/seok/automotive_software_mid-term/install/ad_msgs/share/ad_msgs/hook/ld_library_path_lib.dsv'
[1.062s] INFO:colcon.colcon_core.shell:Creating environment hook '/home/seok/automotive_software_mid-term/install/ad_msgs/share/ad_msgs/hook/ld_library_path_lib.sh'
[1.062s] Level 1:colcon.colcon_core.environment:checking '/home/seok/automotive_software_mid-term/install/ad_msgs/bin'
[1.062s] Level 1:colcon.colcon_core.environment:checking '/home/seok/automotive_software_mid-term/install/ad_msgs/lib/pkgconfig/ad_msgs.pc'
[1.062s] Level 1:colcon.colcon_core.environment:checking '/home/seok/automotive_software_mid-term/install/ad_msgs/lib/python3.10/site-packages'
[1.062s] Level 1:colcon.colcon_core.environment:checking '/home/seok/automotive_software_mid-term/install/ad_msgs/bin'
[1.063s] INFO:colcon.colcon_core.shell:Creating package script '/home/seok/automotive_software_mid-term/install/ad_msgs/share/ad_msgs/package.ps1'
[1.064s] INFO:colcon.colcon_core.shell:Creating package descriptor '/home/seok/automotive_software_mid-term/install/ad_msgs/share/ad_msgs/package.dsv'
[1.065s] INFO:colcon.colcon_core.shell:Creating package script '/home/seok/automotive_software_mid-term/install/ad_msgs/share/ad_msgs/package.sh'
[1.067s] INFO:colcon.colcon_core.shell:Creating package script '/home/seok/automotive_software_mid-term/install/ad_msgs/share/ad_msgs/package.bash'
[1.068s] INFO:colcon.colcon_core.shell:Creating package script '/home/seok/automotive_software_mid-term/install/ad_msgs/share/ad_msgs/package.zsh'
[1.069s] Level 1:colcon.colcon_core.environment:create_file_with_runtime_dependencies(/home/seok/automotive_software_mid-term/install/ad_msgs/share/colcon-core/packages/ad_msgs)
[1.155s] Level 1:colcon.colcon_core.environment:create_environment_scripts_only(ad_msgs)
[1.155s] Level 1:colcon.colcon_core.environment:checking '/home/seok/automotive_software_mid-term/install/ad_msgs' for CMake module files
[1.156s] Level 1:colcon.colcon_core.environment:checking '/home/seok/automotive_software_mid-term/install/ad_msgs' for CMake config files
[1.156s] Level 1:colcon.colcon_core.shell:create_environment_hook('ad_msgs', 'cmake_prefix_path')
[1.156s] INFO:colcon.colcon_core.shell:Creating environment hook '/home/seok/automotive_software_mid-term/install/ad_msgs/share/ad_msgs/hook/cmake_prefix_path.ps1'
[1.157s] INFO:colcon.colcon_core.shell:Creating environment descriptor '/home/seok/automotive_software_mid-term/install/ad_msgs/share/ad_msgs/hook/cmake_prefix_path.dsv'
[1.157s] INFO:colcon.colcon_core.shell:Creating environment hook '/home/seok/automotive_software_mid-term/install/ad_msgs/share/ad_msgs/hook/cmake_prefix_path.sh'
[1.157s] Level 1:colcon.colcon_core.environment:checking '/home/seok/automotive_software_mid-term/install/ad_msgs/lib'
[1.157s] Level 1:colcon.colcon_core.shell:create_environment_hook('ad_msgs', 'ld_library_path_lib')
[1.158s] INFO:colcon.colcon_core.shell:Creating environment hook '/home/seok/automotive_software_mid-term/install/ad_msgs/share/ad_msgs/hook/ld_library_path_lib.ps1'
[1.158s] INFO:colcon.colcon_core.shell:Creating environment descriptor '/home/seok/automotive_software_mid-term/install/ad_msgs/share/ad_msgs/hook/ld_library_path_lib.dsv'
[1.158s] INFO:colcon.colcon_core.shell:Creating environment hook '/home/seok/automotive_software_mid-term/install/ad_msgs/share/ad_msgs/hook/ld_library_path_lib.sh'
[1.158s] Level 1:colcon.colcon_core.environment:checking '/home/seok/automotive_software_mid-term/install/ad_msgs/bin'
[1.158s] Level 1:colcon.colcon_core.environment:checking '/home/seok/automotive_software_mid-term/install/ad_msgs/lib/pkgconfig/ad_msgs.pc'
[1.158s] Level 1:colcon.colcon_core.environment:checking '/home/seok/automotive_software_mid-term/install/ad_msgs/lib/python3.10/site-packages'
[1.159s] Level 1:colcon.colcon_core.environment:checking '/home/seok/automotive_software_mid-term/install/ad_msgs/bin'
[1.159s] INFO:colcon.colcon_core.shell:Creating package script '/home/seok/automotive_software_mid-term/install/ad_msgs/share/ad_msgs/package.ps1'
[1.159s] INFO:colcon.colcon_core.shell:Creating package descriptor '/home/seok/automotive_software_mid-term/install/ad_msgs/share/ad_msgs/package.dsv'
[1.159s] INFO:colcon.colcon_core.shell:Creating package script '/home/seok/automotive_software_mid-term/install/ad_msgs/share/ad_msgs/package.sh'
[1.160s] INFO:colcon.colcon_core.shell:Creating package script '/home/seok/automotive_software_mid-term/install/ad_msgs/share/ad_msgs/package.bash'
[1.160s] INFO:colcon.colcon_core.shell:Creating package script '/home/seok/automotive_software_mid-term/install/ad_msgs/share/ad_msgs/package.zsh'
[1.160s] Level 1:colcon.colcon_core.environment:create_file_with_runtime_dependencies(/home/seok/automotive_software_mid-term/install/ad_msgs/share/colcon-core/packages/ad_msgs)
[1.160s] INFO:colcon.colcon_ros.task.ament_cmake.build:Building ROS package in '/home/seok/automotive_software_mid-term/src/app/autonomous_driving' with build type 'ament_cmake'
[1.161s] INFO:colcon.colcon_cmake.task.cmake.build:Building CMake package in '/home/seok/automotive_software_mid-term/src/app/autonomous_driving'
[1.161s] INFO:colcon.colcon_core.shell:Skip shell extension 'powershell' for command environment: Not usable outside of PowerShell
[1.161s] DEBUG:colcon.colcon_core.shell:Skip shell extension 'dsv' for command environment
[1.164s] INFO:colcon.colcon_ros.task.ament_cmake.build:Building ROS package in '/home/seok/automotive_software_mid-term/src/app/evaluation' with build type 'ament_cmake'
[1.164s] INFO:colcon.colcon_cmake.task.cmake.build:Building CMake package in '/home/seok/automotive_software_mid-term/src/app/evaluation'
[1.164s] INFO:colcon.colcon_core.shell:Skip shell extension 'powershell' for command environment: Not usable outside of PowerShell
[1.164s] DEBUG:colcon.colcon_core.shell:Skip shell extension 'dsv' for command environment
[1.166s] INFO:colcon.colcon_ros.task.ament_cmake.build:Building ROS package in '/home/seok/automotive_software_mid-term/src/app/scenario_runner' with build type 'ament_cmake'
[1.166s] INFO:colcon.colcon_cmake.task.cmake.build:Building CMake package in '/home/seok/automotive_software_mid-term/src/app/scenario_runner'
[1.167s] INFO:colcon.colcon_core.shell:Skip shell extension 'powershell' for command environment: Not usable outside of PowerShell
[1.167s] DEBUG:colcon.colcon_core.shell:Skip shell extension 'dsv' for command environment
[1.170s] INFO:colcon.colcon_ros.task.ament_cmake.build:Building ROS package in '/home/seok/automotive_software_mid-term/src/app/simulator' with build type 'ament_cmake'
[1.171s] INFO:colcon.colcon_cmake.task.cmake.build:Building CMake package in '/home/seok/automotive_software_mid-term/src/app/simulator'
[1.171s] INFO:colcon.colcon_core.shell:Skip shell extension 'powershell' for command environment: Not usable outside of PowerShell
[1.171s] DEBUG:colcon.colcon_core.shell:Skip shell extension 'dsv' for command environment
[1.193s] DEBUG:colcon.colcon_core.event_handler.log_command:Invoking command in '/home/seok/automotive_software_mid-term/build/evaluation': CMAKE_PREFIX_PATH=/home/seok/automotive_software_mid-term/install/ad_msgs:/home/seok/automotive_software_mid-term/install/simulator:/home/seok/automotive_software_mid-term/install/scenario_runner:/home/seok/automotive_software_mid-term/install/evaluation:/home/seok/automotive_software_mid-term/install/autonomous_driving:/home/seok/ros2_ws/install/simulator:/home/seok/ros2_ws/install/evaluation:/home/seok/ros2_ws/install/autonomous_driving:/home/seok/ros2_ws/install/ad_msgs:/opt/ros/humble /usr/bin/cmake --build /home/seok/automotive_software_mid-term/build/evaluation -- -j16 -l16
[1.198s] DEBUG:colcon.colcon_core.event_handler.log_command:Invoking command in '/home/seok/automotive_software_mid-term/build/autonomous_driving': CMAKE_PREFIX_PATH=/home/seok/automotive_software_mid-term/install/ad_msgs:/home/seok/automotive_software_mid-term/install/simulator:/home/seok/automotive_software_mid-term/install/scenario_runner:/home/seok/automotive_software_mid-term/install/evaluation:/home/seok/automotive_software_mid-term/install/autonomous_driving:/home/seok/ros2_ws/install/simulator:/home/seok/ros2_ws/install/evaluation:/home/seok/ros2_ws/install/autonomous_driving:/home/seok/ros2_ws/install/ad_msgs:/opt/ros/humble /usr/bin/cmake --build /home/seok/automotive_software_mid-term/build/autonomous_driving -- -j16 -l16
[1.202s] DEBUG:colcon.colcon_core.event_handler.log_command:Invoking command in '/home/seok/automotive_software_mid-term/build/scenario_runner': CMAKE_PREFIX_PATH=/home/seok/automotive_software_mid-term/install/ad_msgs:/home/seok/automotive_software_mid-term/install/simulator:/home/seok/automotive_software_mid-term/install/scenario_runner:/home/seok/automotive_software_mid-term/install/evaluation:/home/seok/automotive_software_mid-term/install/autonomous_driving:/home/seok/ros2_ws/install/simulator:/home/seok/ros2_ws/install/evaluation:/home/seok/ros2_ws/install/autonomous_driving:/home/seok/ros2_ws/install/ad_msgs:/opt/ros/humble /usr/bin/cmake --build /home/seok/automotive_software_mid-term/build/scenario_runner -- -j16 -l16
[1.206s] DEBUG:colcon.colcon_core.event_handler.log_command:Invoking command in '/home/seok/automotive_software_mid-term/build/simulator': CMAKE_PREFIX_PATH=/home/seok/automotive_software_mid-term/install/ad_msgs:/home/seok/automotive_software_mid-term/install/simulator:/home/seok/automotive_software_mid-term/install/scenario_runner:/home/seok/automotive_software_mid-term/install/evaluation:/home/seok/automotive_software_mid-term/install/autonomous_driving:/home/seok/ros2_ws/install/simulator:/home/seok/ros2_ws/install/evaluation:/home/seok/ros2_ws/install/autonomous_driving:/home/seok/ros2_ws/install/ad_msgs:/opt/ros/humble /usr/bin/cmake --build /home/seok/automotive_software_mid-term/build/simulator -- -j16 -l16
[1.248s] DEBUG:colcon.colcon_core.event_handler.log_command:Invoked command in '/home/seok/automotive_software_mid-term/build/evaluation' returned '0': CMAKE_PREFIX_PATH=/home/seok/automotive_software_mid-term/install/ad_msgs:/home/seok/automotive_software_mid-term/install/simulator:/home/seok/automotive_software_mid-term/install/scenario_runner:/home/seok/automotive_software_mid-term/install/evaluation:/home/seok/automotive_software_mid-term/install/autonomous_driving:/home/seok/ros2_ws/install/simulator:/home/seok/ros2_ws/install/evaluation:/home/seok/ros2_ws/install/autonomous_driving:/home/seok/ros2_ws/install/ad_msgs:/opt/ros/humble /usr/bin/cmake --build /home/seok/automotive_software_mid-term/build/evaluation -- -j16 -l16
[1.264s] DEBUG:colcon.colcon_core.event_handler.log_command:Invoked command in '/home/seok/automotive_software_mid-term/build/simulator' returned '0': CMAKE_PREFIX_PATH=/home/seok/automotive_software_mid-term/install/ad_msgs:/home/seok/automotive_software_mid-term/install/simulator:/home/seok/automotive_software_mid-term/install/scenario_runner:/home/seok/automotive_software_mid-term/install/evaluation:/home/seok/automotive_software_mid-term/install/autonomous_driving:/home/seok/ros2_ws/install/simulator:/home/seok/ros2_ws/install/evaluation:/home/seok/ros2_ws/install/autonomous_driving:/home/seok/ros2_ws/install/ad_msgs:/opt/ros/humble /usr/bin/cmake --build /home/seok/automotive_software_mid-term/build/simulator -- -j16 -l16
[1.265s] DEBUG:colcon.colcon_core.event_handler.log_command:Invoked command in '/home/seok/automotive_software_mid-term/build/scenario_runner' returned '0': CMAKE_PREFIX_PATH=/home/seok/automotive_software_mid-term/install/ad_msgs:/home/seok/automotive_software_mid-term/install/simulator:/home/seok/automotive_software_mid-term/install/scenario_runner:/home/seok/automotive_software_mid-term/install/evaluation:/home/seok/automotive_software_mid-term/install/autonomous_driving:/home/seok/ros2_ws/install/simulator:/home/seok/ros2_ws/install/evaluation:/home/seok/ros2_ws/install/autonomous_driving:/home/seok/ros2_ws/install/ad_msgs:/opt/ros/humble /usr/bin/cmake --build /home/seok/automotive_software_mid-term/build/scenario_runner -- -j16 -l16
[1.272s] DEBUG:colcon.colcon_core.event_handler.log_command:Invoking command in '/home/seok/automotive_software_mid-term/build/evaluation': CMAKE_PREFIX_PATH=/home/seok/automotive_software_mid-term/install/ad_msgs:/home/seok/automotive_software_mid-term/install/simulator:/home/seok/automotive_software_mid-term/install/scenario_runner:/home/seok/automotive_software_mid-term/install/evaluation:/home/seok/automotive_software_mid-term/install/autonomous_driving:/home/seok/ros2_ws/install/simulator:/home/seok/ros2_ws/install/evaluation:/home/seok/ros2_ws/install/autonomous_driving:/home/seok/ros2_ws/install/ad_msgs:/opt/ros/humble /usr/bin/cmake --install /home/seok/automotive_software_mid-term/build/evaluation
[1.284s] DEBUG:colcon.colcon_core.event_handler.log_command:Invoking command in '/home/seok/automotive_software_mid-term/build/scenario_runner': CMAKE_PREFIX_PATH=/home/seok/automotive_software_mid-term/install/ad_msgs:/home/seok/automotive_software_mid-term/install/simulator:/home/seok/automotive_software_mid-term/install/scenario_runner:/home/seok/automotive_software_mid-term/install/evaluation:/home/seok/automotive_software_mid-term/install/autonomous_driving:/home/seok/ros2_ws/install/simulator:/home/seok/ros2_ws/install/evaluation:/home/seok/ros2_ws/install/autonomous_driving:/home/seok/ros2_ws/install/ad_msgs:/opt/ros/humble /usr/bin/cmake --install /home/seok/automotive_software_mid-term/build/scenario_runner
[1.286s] Level 1:colcon.colcon_core.environment:create_environment_scripts_only(evaluation)
[1.287s] Level 1:colcon.colcon_core.environment:checking '/home/seok/automotive_software_mid-term/install/evaluation' for CMake module files
[1.287s] DEBUG:colcon.colcon_core.event_handler.log_command:Invoked command in '/home/seok/automotive_software_mid-term/build/evaluation' returned '0': CMAKE_PREFIX_PATH=/home/seok/automotive_software_mid-term/install/ad_msgs:/home/seok/automotive_software_mid-term/install/simulator:/home/seok/automotive_software_mid-term/install/scenario_runner:/home/seok/automotive_software_mid-term/install/evaluation:/home/seok/automotive_software_mid-term/install/autonomous_driving:/home/seok/ros2_ws/install/simulator:/home/seok/ros2_ws/install/evaluation:/home/seok/ros2_ws/install/autonomous_driving:/home/seok/ros2_ws/install/ad_msgs:/opt/ros/humble /usr/bin/cmake --install /home/seok/automotive_software_mid-term/build/evaluation
[1.289s] Level 1:colcon.colcon_core.environment:checking '/home/seok/automotive_software_mid-term/install/evaluation' for CMake config files
[1.291s] Level 1:colcon.colcon_core.shell:create_environment_hook('evaluation', 'cmake_prefix_path')
[1.291s] INFO:colcon.colcon_core.shell:Creating environment hook '/home/seok/automotive_software_mid-term/install/evaluation/share/evaluation/hook/cmake_prefix_path.ps1'
[1.293s] INFO:colcon.colcon_core.shell:Creating environment descriptor '/home/seok/automotive_software_mid-term/install/evaluation/share/evaluation/hook/cmake_prefix_path.dsv'
[1.295s] INFO:colcon.colcon_core.shell:Creating environment hook '/home/seok/automotive_software_mid-term/install/evaluation/share/evaluation/hook/cmake_prefix_path.sh'
[1.295s] Level 1:colcon.colcon_core.environment:checking '/home/seok/automotive_software_mid-term/install/evaluation/lib'
[1.296s] Level 1:colcon.colcon_core.environment:checking '/home/seok/automotive_software_mid-term/install/evaluation/bin'
[1.296s] Level 1:colcon.colcon_core.environment:checking '/home/seok/automotive_software_mid-term/install/evaluation/lib/pkgconfig/evaluation.pc'
[1.296s] Level 1:colcon.colcon_core.environment:checking '/home/seok/automotive_software_mid-term/install/evaluation/lib/python3.10/site-packages'
[1.296s] Level 1:colcon.colcon_core.environment:checking '/home/seok/automotive_software_mid-term/install/evaluation/bin'
[1.296s] INFO:colcon.colcon_core.shell:Creating package script '/home/seok/automotive_software_mid-term/install/evaluation/share/evaluation/package.ps1'
[1.297s] INFO:colcon.colcon_core.shell:Creating package descriptor '/home/seok/automotive_software_mid-term/install/evaluation/share/evaluation/package.dsv'
[1.297s] INFO:colcon.colcon_core.shell:Creating package script '/home/seok/automotive_software_mid-term/install/evaluation/share/evaluation/package.sh'
[1.298s] INFO:colcon.colcon_core.shell:Creating package script '/home/seok/automotive_software_mid-term/install/evaluation/share/evaluation/package.bash'
[1.298s] INFO:colcon.colcon_core.shell:Creating package script '/home/seok/automotive_software_mid-term/install/evaluation/share/evaluation/package.zsh'
[1.298s] Level 1:colcon.colcon_core.environment:create_file_with_runtime_dependencies(/home/seok/automotive_software_mid-term/install/evaluation/share/colcon-core/packages/evaluation)
[1.301s] Level 1:colcon.colcon_core.environment:create_environment_scripts_only(scenario_runner)
[1.302s] DEBUG:colcon.colcon_core.event_handler.log_command:Invoking command in '/home/seok/automotive_software_mid-term/build/simulator': CMAKE_PREFIX_PATH=/home/seok/automotive_software_mid-term/install/ad_msgs:/home/seok/automotive_software_mid-term/install/simulator:/home/seok/automotive_software_mid-term/install/scenario_runner:/home/seok/automotive_software_mid-term/install/evaluation:/home/seok/automotive_software_mid-term/install/autonomous_driving:/home/seok/ros2_ws/install/simulator:/home/seok/ros2_ws/install/evaluation:/home/seok/ros2_ws/install/autonomous_driving:/home/seok/ros2_ws/install/ad_msgs:/opt/ros/humble /usr/bin/cmake --install /home/seok/automotive_software_mid-term/build/simulator
[1.302s] Level 1:colcon.colcon_core.environment:checking '/home/seok/automotive_software_mid-term/install/scenario_runner' for CMake module files
[1.303s] DEBUG:colcon.colcon_core.event_handler.log_command:Invoked command in '/home/seok/automotive_software_mid-term/build/scenario_runner' returned '0': CMAKE_PREFIX_PATH=/home/seok/automotive_software_mid-term/install/ad_msgs:/home/seok/automotive_software_mid-term/install/simulator:/home/seok/automotive_software_mid-term/install/scenario_runner:/home/seok/automotive_software_mid-term/install/evaluation:/home/seok/automotive_software_mid-term/install/autonomous_driving:/home/seok/ros2_ws/install/simulator:/home/seok/ros2_ws/install/evaluation:/home/seok/ros2_ws/install/autonomous_driving:/home/seok/ros2_ws/install/ad_msgs:/opt/ros/humble /usr/bin/cmake --install /home/seok/automotive_software_mid-term/build/scenario_runner
[1.303s] Level 1:colcon.colcon_core.environment:checking '/home/seok/automotive_software_mid-term/install/scenario_runner' for CMake config files
[1.306s] Level 1:colcon.colcon_core.shell:create_environment_hook('scenario_runner', 'cmake_prefix_path')
[1.306s] INFO:colcon.colcon_core.shell:Creating environment hook '/home/seok/automotive_software_mid-term/install/scenario_runner/share/scenario_runner/hook/cmake_prefix_path.ps1'
[1.307s] INFO:colcon.colcon_core.shell:Creating environment descriptor '/home/seok/automotive_software_mid-term/install/scenario_runner/share/scenario_runner/hook/cmake_prefix_path.dsv'
[1.307s] INFO:colcon.colcon_core.shell:Creating environment hook '/home/seok/automotive_software_mid-term/install/scenario_runner/share/scenario_runner/hook/cmake_prefix_path.sh'
[1.307s] Level 1:colcon.colcon_core.environment:checking '/home/seok/automotive_software_mid-term/install/scenario_runner/lib'
[1.308s] Level 1:colcon.colcon_core.environment:checking '/home/seok/automotive_software_mid-term/install/scenario_runner/bin'
[1.308s] Level 1:colcon.colcon_core.environment:checking '/home/seok/automotive_software_mid-term/install/scenario_runner/lib/pkgconfig/scenario_runner.pc'
[1.308s] Level 1:colcon.colcon_core.environment:checking '/home/seok/automotive_software_mid-term/install/scenario_runner/lib/python3.10/site-packages'
[1.308s] Level 1:colcon.colcon_core.environment:checking '/home/seok/automotive_software_mid-term/install/scenario_runner/bin'
[1.308s] INFO:colcon.colcon_core.shell:Creating package script '/home/seok/automotive_software_mid-term/install/scenario_runner/share/scenario_runner/package.ps1'
[1.309s] INFO:colcon.colcon_core.shell:Creating package descriptor '/home/seok/automotive_software_mid-term/install/scenario_runner/share/scenario_runner/package.dsv'
[1.309s] INFO:colcon.colcon_core.shell:Creating package script '/home/seok/automotive_software_mid-term/install/scenario_runner/share/scenario_runner/package.sh'
[1.309s] INFO:colcon.colcon_core.shell:Creating package script '/home/seok/automotive_software_mid-term/install/scenario_runner/share/scenario_runner/package.bash'
[1.310s] INFO:colcon.colcon_core.shell:Creating package script '/home/seok/automotive_software_mid-term/install/scenario_runner/share/scenario_runner/package.zsh'
[1.310s] Level 1:colcon.colcon_core.environment:create_file_with_runtime_dependencies(/home/seok/automotive_software_mid-term/install/scenario_runner/share/colcon-core/packages/scenario_runner)
[1.318s] Level 1:colcon.colcon_core.environment:create_environment_scripts_only(simulator)
[1.318s] Level 1:colcon.colcon_core.environment:checking '/home/seok/automotive_software_mid-term/install/simulator' for CMake module files
[1.319s] DEBUG:colcon.colcon_core.event_handler.log_command:Invoked command in '/home/seok/automotive_software_mid-term/build/simulator' returned '0': CMAKE_PREFIX_PATH=/home/seok/automotive_software_mid-term/install/ad_msgs:/home/seok/automotive_software_mid-term/install/simulator:/home/seok/automotive_software_mid-term/install/scenario_runner:/home/seok/automotive_software_mid-term/install/evaluation:/home/seok/automotive_software_mid-term/install/autonomous_driving:/home/seok/ros2_ws/install/simulator:/home/seok/ros2_ws/install/evaluation:/home/seok/ros2_ws/install/autonomous_driving:/home/seok/ros2_ws/install/ad_msgs:/opt/ros/humble /usr/bin/cmake --install /home/seok/automotive_software_mid-term/build/simulator
[1.319s] Level 1:colcon.colcon_core.environment:checking '/home/seok/automotive_software_mid-term/install/simulator' for CMake config files
[1.320s] Level 1:colcon.colcon_core.shell:create_environment_hook('simulator', 'cmake_prefix_path')
[1.320s] INFO:colcon.colcon_core.shell:Creating environment hook '/home/seok/automotive_software_mid-term/install/simulator/share/simulator/hook/cmake_prefix_path.ps1'
[1.321s] INFO:colcon.colcon_core.shell:Creating environment descriptor '/home/seok/automotive_software_mid-term/install/simulator/share/simulator/hook/cmake_prefix_path.dsv'
[1.321s] INFO:colcon.colcon_core.shell:Creating environment hook '/home/seok/automotive_software_mid-term/install/simulator/share/simulator/hook/cmake_prefix_path.sh'
[1.321s] Level 1:colcon.colcon_core.environment:checking '/home/seok/automotive_software_mid-term/install/simulator/lib'
[1.322s] Level 1:colcon.colcon_core.environment:checking '/home/seok/automotive_software_mid-term/install/simulator/bin'
[1.322s] Level 1:colcon.colcon_core.environment:checking '/home/seok/automotive_software_mid-term/install/simulator/lib/pkgconfig/simulator.pc'
[1.322s] Level 1:colcon.colcon_core.environment:checking '/home/seok/automotive_software_mid-term/install/simulator/lib/python3.10/site-packages'
[1.322s] Level 1:colcon.colcon_core.environment:checking '/home/seok/automotive_software_mid-term/install/simulator/bin'
[1.322s] INFO:colcon.colcon_core.shell:Creating package script '/home/seok/automotive_software_mid-term/install/simulator/share/simulator/package.ps1'
[1.323s] INFO:colcon.colcon_core.shell:Creating package descriptor '/home/seok/automotive_software_mid-term/install/simulator/share/simulator/package.dsv'
[1.323s] INFO:colcon.colcon_core.shell:Creating package script '/home/seok/automotive_software_mid-term/install/simulator/share/simulator/package.sh'
[1.323s] INFO:colcon.colcon_core.shell:Creating package script '/home/seok/automotive_software_mid-term/install/simulator/share/simulator/package.bash'
[1.323s] INFO:colcon.colcon_core.shell:Creating package script '/home/seok/automotive_software_mid-term/install/simulator/share/simulator/package.zsh'
[1.324s] Level 1:colcon.colcon_core.environment:create_file_with_runtime_dependencies(/home/seok/automotive_software_mid-term/install/simulator/share/colcon-core/packages/simulator)
[1.326s] Level 1:colcon.colcon_core.environment:create_environment_scripts_only(evaluation)
[1.326s] Level 1:colcon.colcon_core.environment:checking '/home/seok/automotive_software_mid-term/install/evaluation' for CMake module files
[1.327s] Level 1:colcon.colcon_core.environment:checking '/home/seok/automotive_software_mid-term/install/evaluation' for CMake config files
[1.327s] Level 1:colcon.colcon_core.shell:create_environment_hook('evaluation', 'cmake_prefix_path')
[1.328s] INFO:colcon.colcon_core.shell:Creating environment hook '/home/seok/automotive_software_mid-term/install/evaluation/share/evaluation/hook/cmake_prefix_path.ps1'
[1.329s] INFO:colcon.colcon_core.shell:Creating environment descriptor '/home/seok/automotive_software_mid-term/install/evaluation/share/evaluation/hook/cmake_prefix_path.dsv'
[1.329s] INFO:colcon.colcon_core.shell:Creating environment hook '/home/seok/automotive_software_mid-term/install/evaluation/share/evaluation/hook/cmake_prefix_path.sh'
[1.330s] Level 1:colcon.colcon_core.environment:checking '/home/seok/automotive_software_mid-term/install/evaluation/lib'
[1.330s] Level 1:colcon.colcon_core.environment:checking '/home/seok/automotive_software_mid-term/install/evaluation/bin'
[1.330s] Level 1:colcon.colcon_core.environment:checking '/home/seok/automotive_software_mid-term/install/evaluation/lib/pkgconfig/evaluation.pc'
[1.330s] Level 1:colcon.colcon_core.environment:checking '/home/seok/automotive_software_mid-term/install/evaluation/lib/python3.10/site-packages'
[1.330s] Level 1:colcon.colcon_core.environment:checking '/home/seok/automotive_software_mid-term/install/evaluation/bin'
[1.331s] INFO:colcon.colcon_core.shell:Creating package script '/home/seok/automotive_software_mid-term/install/evaluation/share/evaluation/package.ps1'
[1.331s] INFO:colcon.colcon_core.shell:Creating package descriptor '/home/seok/automotive_software_mid-term/install/evaluation/share/evaluation/package.dsv'
[1.331s] INFO:colcon.colcon_core.shell:Creating package script '/home/seok/automotive_software_mid-term/install/evaluation/share/evaluation/package.sh'
[1.332s] INFO:colcon.colcon_core.shell:Creating package script '/home/seok/automotive_software_mid-term/install/evaluation/share/evaluation/package.bash'
[1.332s] INFO:colcon.colcon_core.shell:Creating package script '/home/seok/automotive_software_mid-term/install/evaluation/share/evaluation/package.zsh'
[1.332s] Level 1:colcon.colcon_core.environment:create_file_with_runtime_dependencies(/home/seok/automotive_software_mid-term/install/evaluation/share/colcon-core/packages/evaluation)
[1.333s] Level 1:colcon.colcon_core.environment:create_environment_scripts_only(scenario_runner)
[1.333s] Level 1:colcon.colcon_core.environment:checking '/home/seok/automotive_software_mid-term/install/scenario_runner' for CMake module files
[1.334s] Level 1:colcon.colcon_core.environment:checking '/home/seok/automotive_software_mid-term/install/scenario_runner' for CMake config files
[1.334s] Level 1:colcon.colcon_core.shell:create_environment_hook('scenario_runner', 'cmake_prefix_path')
[1.334s] INFO:colcon.colcon_core.shell:Creating environment hook '/home/seok/automotive_software_mid-term/install/scenario_runner/share/scenario_runner/hook/cmake_prefix_path.ps1'
[1.334s] INFO:colcon.colcon_core.shell:Creating environment descriptor '/home/seok/automotive_software_mid-term/install/scenario_runner/share/scenario_runner/hook/cmake_prefix_path.dsv'
[1.335s] INFO:colcon.colcon_core.shell:Creating environment hook '/home/seok/automotive_software_mid-term/install/scenario_runner/share/scenario_runner/hook/cmake_prefix_path.sh'
[1.335s] Level 1:colcon.colcon_core.environment:checking '/home/seok/automotive_software_mid-term/install/scenario_runner/lib'
[1.335s] Level 1:colcon.colcon_core.environment:checking '/home/seok/automotive_software_mid-term/install/scenario_runner/bin'
[1.335s] Level 1:colcon.colcon_core.environment:checking '/home/seok/automotive_software_mid-term/install/scenario_runner/lib/pkgconfig/scenario_runner.pc'
[1.335s] Level 1:colcon.colcon_core.environment:checking '/home/seok/automotive_software_mid-term/install/scenario_runner/lib/python3.10/site-packages'
[1.335s] Level 1:colcon.colcon_core.environment:checking '/home/seok/automotive_software_mid-term/install/scenario_runner/bin'
[1.336s] INFO:colcon.colcon_core.shell:Creating package script '/home/seok/automotive_software_mid-term/install/scenario_runner/share/scenario_runner/package.ps1'
[1.336s] INFO:colcon.colcon_core.shell:Creating package descriptor '/home/seok/automotive_software_mid-term/install/scenario_runner/share/scenario_runner/package.dsv'
[1.336s] INFO:colcon.colcon_core.shell:Creating package script '/home/seok/automotive_software_mid-term/install/scenario_runner/share/scenario_runner/package.sh'
[1.337s] INFO:colcon.colcon_core.shell:Creating package script '/home/seok/automotive_software_mid-term/install/scenario_runner/share/scenario_runner/package.bash'
[1.337s] INFO:colcon.colcon_core.shell:Creating package script '/home/seok/automotive_software_mid-term/install/scenario_runner/share/scenario_runner/package.zsh'
[1.337s] Level 1:colcon.colcon_core.environment:create_file_with_runtime_dependencies(/home/seok/automotive_software_mid-term/install/scenario_runner/share/colcon-core/packages/scenario_runner)
[1.349s] Level 1:colcon.colcon_core.environment:create_environment_scripts_only(simulator)
[1.350s] Level 1:colcon.colcon_core.environment:checking '/home/seok/automotive_software_mid-term/install/simulator' for CMake module files
[1.350s] Level 1:colcon.colcon_core.environment:checking '/home/seok/automotive_software_mid-term/install/simulator' for CMake config files
[1.350s] Level 1:colcon.colcon_core.shell:create_environment_hook('simulator', 'cmake_prefix_path')
[1.350s] INFO:colcon.colcon_core.shell:Creating environment hook '/home/seok/automotive_software_mid-term/install/simulator/share/simulator/hook/cmake_prefix_path.ps1'
[1.351s] INFO:colcon.colcon_core.shell:Creating environment descriptor '/home/seok/automotive_software_mid-term/install/simulator/share/simulator/hook/cmake_prefix_path.dsv'
[1.351s] INFO:colcon.colcon_core.shell:Creating environment hook '/home/seok/automotive_software_mid-term/install/simulator/share/simulator/hook/cmake_prefix_path.sh'
[1.351s] Level 1:colcon.colcon_core.environment:checking '/home/seok/automotive_software_mid-term/install/simulator/lib'
[1.351s] Level 1:colcon.colcon_core.environment:checking '/home/seok/automotive_software_mid-term/install/simulator/bin'
[1.351s] Level 1:colcon.colcon_core.environment:checking '/home/seok/automotive_software_mid-term/install/simulator/lib/pkgconfig/simulator.pc'
[1.351s] Level 1:colcon.colcon_core.environment:checking '/home/seok/automotive_software_mid-term/install/simulator/lib/python3.10/site-packages'
[1.352s] Level 1:colcon.colcon_core.environment:checking '/home/seok/automotive_software_mid-term/install/simulator/bin'
[1.352s] INFO:colcon.colcon_core.shell:Creating package script '/home/seok/automotive_software_mid-term/install/simulator/share/simulator/package.ps1'
[1.352s] INFO:colcon.colcon_core.shell:Creating package descriptor '/home/seok/automotive_software_mid-term/install/simulator/share/simulator/package.dsv'
[1.353s] INFO:colcon.colcon_core.shell:Creating package script '/home/seok/automotive_software_mid-term/install/simulator/share/simulator/package.sh'
[1.353s] INFO:colcon.colcon_core.shell:Creating package script '/home/seok/automotive_software_mid-term/install/simulator/share/simulator/package.bash'
[1.353s] INFO:colcon.colcon_core.shell:Creating package script '/home/seok/automotive_software_mid-term/install/simulator/share/simulator/package.zsh'
[1.353s] Level 1:colcon.colcon_core.environment:create_file_with_runtime_dependencies(/home/seok/automotive_software_mid-term/install/simulator/share/colcon-core/packages/simulator)
[17.970s] DEBUG:colcon.colcon_core.event_handler.log_command:Invoked command in '/home/seok/automotive_software_mid-term/build/autonomous_driving' returned '2': CMAKE_PREFIX_PATH=/home/seok/automotive_software_mid-term/install/ad_msgs:/home/seok/automotive_software_mid-term/install/simulator:/home/seok/automotive_software_mid-term/install/scenario_runner:/home/seok/automotive_software_mid-term/install/evaluation:/home/seok/automotive_software_mid-term/install/autonomous_driving:/home/seok/ros2_ws/install/simulator:/home/seok/ros2_ws/install/evaluation:/home/seok/ros2_ws/install/autonomous_driving:/home/seok/ros2_ws/install/ad_msgs:/opt/ros/humble /usr/bin/cmake --build /home/seok/automotive_software_mid-term/build/autonomous_driving -- -j16 -l16
[17.982s] Level 1:colcon.colcon_core.environment:create_environment_scripts_only(autonomous_driving)
[17.982s] Level 1:colcon.colcon_core.environment:checking '/home/seok/automotive_software_mid-term/install/autonomous_driving' for CMake module files
[17.983s] Level 1:colcon.colcon_core.environment:checking '/home/seok/automotive_software_mid-term/install/autonomous_driving' for CMake config files
[17.983s] Level 1:colcon.colcon_core.shell:create_environment_hook('autonomous_driving', 'cmake_prefix_path')
[17.984s] INFO:colcon.colcon_core.shell:Creating environment hook '/home/seok/automotive_software_mid-term/install/autonomous_driving/share/autonomous_driving/hook/cmake_prefix_path.ps1'
[17.984s] INFO:colcon.colcon_core.shell:Creating environment descriptor '/home/seok/automotive_software_mid-term/install/autonomous_driving/share/autonomous_driving/hook/cmake_prefix_path.dsv'
[17.984s] INFO:colcon.colcon_core.shell:Creating environment hook '/home/seok/automotive_software_mid-term/install/autonomous_driving/share/autonomous_driving/hook/cmake_prefix_path.sh'
[17.985s] Level 1:colcon.colcon_core.environment:checking '/home/seok/automotive_software_mid-term/install/autonomous_driving/lib'
[17.985s] Level 1:colcon.colcon_core.environment:checking '/home/seok/automotive_software_mid-term/install/autonomous_driving/bin'
[17.986s] Level 1:colcon.colcon_core.environment:checking '/home/seok/automotive_software_mid-term/install/autonomous_driving/lib/pkgconfig/autonomous_driving.pc'
[17.986s] Level 1:colcon.colcon_core.environment:checking '/home/seok/automotive_software_mid-term/install/autonomous_driving/lib/python3.10/site-packages'
[17.986s] Level 1:colcon.colcon_core.environment:checking '/home/seok/automotive_software_mid-term/install/autonomous_driving/bin'
[17.986s] INFO:colcon.colcon_core.shell:Creating package script '/home/seok/automotive_software_mid-term/install/autonomous_driving/share/autonomous_driving/package.ps1'
[17.986s] INFO:colcon.colcon_core.shell:Creating package descriptor '/home/seok/automotive_software_mid-term/install/autonomous_driving/share/autonomous_driving/package.dsv'
[17.987s] INFO:colcon.colcon_core.shell:Creating package script '/home/seok/automotive_software_mid-term/install/autonomous_driving/share/autonomous_driving/package.sh'
[17.987s] INFO:colcon.colcon_core.shell:Creating package script '/home/seok/automotive_software_mid-term/install/autonomous_driving/share/autonomous_driving/package.bash'
[17.987s] INFO:colcon.colcon_core.shell:Creating package script '/home/seok/automotive_software_mid-term/install/autonomous_driving/share/autonomous_driving/package.zsh'
[17.987s] Level 1:colcon.colcon_core.environment:create_file_with_runtime_dependencies(/home/seok/automotive_software_mid-term/install/autonomous_driving/share/colcon-core/packages/autonomous_driving)
[17.998s] DEBUG:colcon.colcon_parallel_executor.executor.parallel:closing loop
[17.998s] DEBUG:colcon.colcon_parallel_executor.executor.parallel:loop closed
[17.998s] DEBUG:colcon.colcon_parallel_executor.executor.parallel:run_until_complete finished with '2'
[17.998s] DEBUG:colcon.colcon_core.event_reactor:joining thread
[18.024s] INFO:colcon.colcon_core.plugin_system:Skipping extension 'colcon_notification.desktop_notification.notify_send': Could not find 'notify-send'
[18.025s] INFO:colcon.colcon_core.plugin_system:Skipping extension 'colcon_notification.desktop_notification.terminal_notifier': Not used on non-Darwin systems
[18.025s] INFO:colcon.colcon_core.plugin_system:Skipping extension 'colcon_notification.desktop_notification.win32': Not used on non-Windows systems
[18.025s] INFO:colcon.colcon_notification.desktop_notification:Sending desktop notification using 'notify2'
[18.026s] DEBUG:colcon.colcon_notification.desktop_notification.notify2:Failed to initialize notify2: org.freedesktop.DBus.Error.ServiceUnknown: The name org.freedesktop.Notifications was not provided by any .service files
[18.026s] DEBUG:colcon.colcon_core.event_reactor:joined thread
[18.027s] INFO:colcon.colcon_core.shell:Creating prefix script '/home/seok/automotive_software_mid-term/install/local_setup.ps1'
[18.028s] INFO:colcon.colcon_core.shell:Creating prefix util module '/home/seok/automotive_software_mid-term/install/_local_setup_util_ps1.py'
[18.029s] INFO:colcon.colcon_core.shell:Creating prefix chain script '/home/seok/automotive_software_mid-term/install/setup.ps1'
[18.030s] INFO:colcon.colcon_core.shell:Creating prefix script '/home/seok/automotive_software_mid-term/install/local_setup.sh'
[18.032s] INFO:colcon.colcon_core.shell:Creating prefix util module '/home/seok/automotive_software_mid-term/install/_local_setup_util_sh.py'
[18.033s] INFO:colcon.colcon_core.shell:Creating prefix chain script '/home/seok/automotive_software_mid-term/install/setup.sh'
[18.035s] INFO:colcon.colcon_core.shell:Creating prefix script '/home/seok/automotive_software_mid-term/install/local_setup.bash'
[18.036s] INFO:colcon.colcon_core.shell:Creating prefix chain script '/home/seok/automotive_software_mid-term/install/setup.bash'
[18.037s] INFO:colcon.colcon_core.shell:Creating prefix script '/home/seok/automotive_software_mid-term/install/local_setup.zsh'
[18.038s] INFO:colcon.colcon_core.shell:Creating prefix chain script '/home/seok/automotive_software_mid-term/install/setup.zsh'
