[0.035s] Invoking command in '/home/seok/automotive_software_mid-term/build/scenario_runner': AMENT_PREFIX_PATH=/home/seok/automotive_software_mid-term/install/ad_msgs:${AMENT_PREFIX_PATH} CMAKE_PREFIX_PATH=/home/seok/automotive_software_mid-term/install/ad_msgs:/home/seok/ros2_ws/install/simulator:/home/seok/ros2_ws/install/evaluation:/home/seok/ros2_ws/install/autonomous_driving:/home/seok/ros2_ws/install/ad_msgs:/opt/ros/humble LD_LIBRARY_PATH=/home/seok/automotive_software_mid-term/install/ad_msgs/lib:${LD_LIBRARY_PATH} PYTHONPATH=/home/seok/automotive_software_mid-term/install/ad_msgs/local/lib/python3.10/dist-packages:${PYTHONPATH} /usr/bin/cmake --build /home/seok/automotive_software_mid-term/build/scenario_runner -- -j16 -l16
[0.060s] [35m[1mConsolidate compiler generated dependencies of target scenario_runner[0m
[0.077s] [100%] Built target scenario_runner
[0.084s] Invoked command in '/home/seok/automotive_software_mid-term/build/scenario_runner' returned '0': AMENT_PREFIX_PATH=/home/seok/automotive_software_mid-term/install/ad_msgs:${AMENT_PREFIX_PATH} CMAKE_PREFIX_PATH=/home/seok/automotive_software_mid-term/install/ad_msgs:/home/seok/ros2_ws/install/simulator:/home/seok/ros2_ws/install/evaluation:/home/seok/ros2_ws/install/autonomous_driving:/home/seok/ros2_ws/install/ad_msgs:/opt/ros/humble LD_LIBRARY_PATH=/home/seok/automotive_software_mid-term/install/ad_msgs/lib:${LD_LIBRARY_PATH} PYTHONPATH=/home/seok/automotive_software_mid-term/install/ad_msgs/local/lib/python3.10/dist-packages:${PYTHONPATH} /usr/bin/cmake --build /home/seok/automotive_software_mid-term/build/scenario_runner -- -j16 -l16
[0.105s] Invoking command in '/home/seok/automotive_software_mid-term/build/scenario_runner': AMENT_PREFIX_PATH=/home/seok/automotive_software_mid-term/install/ad_msgs:${AMENT_PREFIX_PATH} CMAKE_PREFIX_PATH=/home/seok/automotive_software_mid-term/install/ad_msgs:/home/seok/ros2_ws/install/simulator:/home/seok/ros2_ws/install/evaluation:/home/seok/ros2_ws/install/autonomous_driving:/home/seok/ros2_ws/install/ad_msgs:/opt/ros/humble LD_LIBRARY_PATH=/home/seok/automotive_software_mid-term/install/ad_msgs/lib:${LD_LIBRARY_PATH} PYTHONPATH=/home/seok/automotive_software_mid-term/install/ad_msgs/local/lib/python3.10/dist-packages:${PYTHONPATH} /usr/bin/cmake --install /home/seok/automotive_software_mid-term/build/scenario_runner
[0.110s] -- Install configuration: ""
[0.110s] -- Up-to-date: /home/seok/automotive_software_mid-term/install/scenario_runner/lib/scenario_runner/scenario_runner
[0.110s] -- Up-to-date: /home/seok/automotive_software_mid-term/install/scenario_runner/share/scenario_runner/launch
[0.111s] -- Up-to-date: /home/seok/automotive_software_mid-term/install/scenario_runner/share/scenario_runner/launch/scenario_runner.launch.xml
[0.111s] -- Up-to-date: /home/seok/automotive_software_mid-term/install/scenario_runner/share/ament_index/resource_index/package_run_dependencies/scenario_runner
[0.111s] -- Up-to-date: /home/seok/automotive_software_mid-term/install/scenario_runner/share/ament_index/resource_index/parent_prefix_path/scenario_runner
[0.111s] -- Up-to-date: /home/seok/automotive_software_mid-term/install/scenario_runner/share/scenario_runner/environment/ament_prefix_path.sh
[0.111s] -- Up-to-date: /home/seok/automotive_software_mid-term/install/scenario_runner/share/scenario_runner/environment/ament_prefix_path.dsv
[0.112s] -- Up-to-date: /home/seok/automotive_software_mid-term/install/scenario_runner/share/scenario_runner/environment/path.sh
[0.112s] -- Up-to-date: /home/seok/automotive_software_mid-term/install/scenario_runner/share/scenario_runner/environment/path.dsv
[0.112s] -- Up-to-date: /home/seok/automotive_software_mid-term/install/scenario_runner/share/scenario_runner/local_setup.bash
[0.112s] -- Up-to-date: /home/seok/automotive_software_mid-term/install/scenario_runner/share/scenario_runner/local_setup.sh
[0.112s] -- Up-to-date: /home/seok/automotive_software_mid-term/install/scenario_runner/share/scenario_runner/local_setup.zsh
[0.112s] -- Up-to-date: /home/seok/automotive_software_mid-term/install/scenario_runner/share/scenario_runner/local_setup.dsv
[0.112s] -- Installing: /home/seok/automotive_software_mid-term/install/scenario_runner/share/scenario_runner/package.dsv
[0.113s] -- Up-to-date: /home/seok/automotive_software_mid-term/install/scenario_runner/share/ament_index/resource_index/packages/scenario_runner
[0.113s] -- Up-to-date: /home/seok/automotive_software_mid-term/install/scenario_runner/share/scenario_runner/cmake/scenario_runnerConfig.cmake
[0.113s] -- Up-to-date: /home/seok/automotive_software_mid-term/install/scenario_runner/share/scenario_runner/cmake/scenario_runnerConfig-version.cmake
[0.113s] -- Up-to-date: /home/seok/automotive_software_mid-term/install/scenario_runner/share/scenario_runner/package.xml
[0.115s] Invoked command in '/home/seok/automotive_software_mid-term/build/scenario_runner' returned '0': AMENT_PREFIX_PATH=/home/seok/automotive_software_mid-term/install/ad_msgs:${AMENT_PREFIX_PATH} CMAKE_PREFIX_PATH=/home/seok/automotive_software_mid-term/install/ad_msgs:/home/seok/ros2_ws/install/simulator:/home/seok/ros2_ws/install/evaluation:/home/seok/ros2_ws/install/autonomous_driving:/home/seok/ros2_ws/install/ad_msgs:/opt/ros/humble LD_LIBRARY_PATH=/home/seok/automotive_software_mid-term/install/ad_msgs/lib:${LD_LIBRARY_PATH} PYTHONPATH=/home/seok/automotive_software_mid-term/install/ad_msgs/local/lib/python3.10/dist-packages:${PYTHONPATH} /usr/bin/cmake --install /home/seok/automotive_software_mid-term/build/scenario_runner
