[0.011s] Invoking command in '/home/seok/automotive_software_mid-term/build/ad_msgs': CMAKE_PREFIX_PATH=${CMAKE_PREFIX_PATH}:/opt/ros/humble /usr/bin/cmake --build /home/seok/automotive_software_mid-term/build/ad_msgs -- -j16 -l16
[0.093s] [  1%] Built target ad_msgs__cpp
[0.095s] [ 12%] Built target ad_msgs__rosidl_generator_c
[0.155s] [ 24%] Built target ad_msgs__rosidl_typesupport_cpp
[0.171s] [ 35%] Built target ad_msgs__rosidl_typesupport_fastrtps_cpp
[0.171s] [ 46%] Built target ad_msgs__rosidl_typesupport_introspection_cpp
[0.189s] [ 58%] Built target ad_msgs__rosidl_typesupport_introspection_c
[0.190s] [ 69%] Built target ad_msgs__rosidl_typesupport_fastrtps_c
[0.194s] [ 81%] Built target ad_msgs__rosidl_typesupport_c
[0.220s] [ 81%] Built target ad_msgs
[0.252s] [ 82%] Built target ad_msgs__py
[0.291s] [ 82%] Built target ament_cmake_python_copy_ad_msgs
[0.312s] [ 92%] Built target ad_msgs__rosidl_generator_py
[0.365s] [ 97%] Built target ad_msgs__rosidl_typesupport_fastrtps_c__pyext
[0.365s] [ 97%] Built target ad_msgs__rosidl_typesupport_introspection_c__pyext
[0.365s] [100%] Built target ad_msgs__rosidl_typesupport_c__pyext
[0.526s] running egg_info
[0.527s] writing ad_msgs.egg-info/PKG-INFO
[0.527s] writing dependency_links to ad_msgs.egg-info/dependency_links.txt
[0.527s] writing top-level names to ad_msgs.egg-info/top_level.txt
[0.544s] reading manifest file 'ad_msgs.egg-info/SOURCES.txt'
[0.549s] writing manifest file 'ad_msgs.egg-info/SOURCES.txt'
[0.566s] [100%] Built target ament_cmake_python_build_ad_msgs_egg
[0.572s] Invoked command in '/home/seok/automotive_software_mid-term/build/ad_msgs' returned '0': CMAKE_PREFIX_PATH=${CMAKE_PREFIX_PATH}:/opt/ros/humble /usr/bin/cmake --build /home/seok/automotive_software_mid-term/build/ad_msgs -- -j16 -l16
[0.664s] Invoking command in '/home/seok/automotive_software_mid-term/build/ad_msgs': CMAKE_PREFIX_PATH=${CMAKE_PREFIX_PATH}:/opt/ros/humble /usr/bin/cmake --install /home/seok/automotive_software_mid-term/build/ad_msgs
[0.681s] -- Install configuration: ""
[0.687s] -- Up-to-date: /home/seok/automotive_software_mid-term/install/ad_msgs/share/ament_index/resource_index/rosidl_interfaces/ad_msgs
[0.687s] -- Up-to-date: /home/seok/automotive_software_mid-term/install/ad_msgs/include/ad_msgs/ad_msgs
[0.692s] -- Up-to-date: /home/seok/automotive_software_mid-term/install/ad_msgs/include/ad_msgs/ad_msgs/msg
[0.697s] -- Up-to-date: /home/seok/automotive_software_mid-term/install/ad_msgs/include/ad_msgs/ad_msgs/msg/detail
[0.703s] -- Up-to-date: /home/seok/automotive_software_mid-term/install/ad_msgs/include/ad_msgs/ad_msgs/msg/detail/polyfit_lane_data__struct.h
[0.703s] -- Up-to-date: /home/seok/automotive_software_mid-term/install/ad_msgs/include/ad_msgs/ad_msgs/msg/detail/obstacles__functions.c
[0.704s] -- Up-to-date: /home/seok/automotive_software_mid-term/install/ad_msgs/include/ad_msgs/ad_msgs/msg/detail/obstacles__struct.h
[0.704s] -- Up-to-date: /home/seok/automotive_software_mid-term/install/ad_msgs/include/ad_msgs/ad_msgs/msg/detail/vehicle_input__functions.c
[0.704s] -- Up-to-date: /home/seok/automotive_software_mid-term/install/ad_msgs/include/ad_msgs/ad_msgs/msg/detail/vehicle_output__struct.h
[0.704s] -- Up-to-date: /home/seok/automotive_software_mid-term/install/ad_msgs/include/ad_msgs/ad_msgs/msg/detail/vehicle_output__functions.c
[0.704s] -- Up-to-date: /home/seok/automotive_software_mid-term/install/ad_msgs/include/ad_msgs/ad_msgs/msg/detail/vehicle_output__type_support.h
[0.704s] -- Up-to-date: /home/seok/automotive_software_mid-term/install/ad_msgs/include/ad_msgs/ad_msgs/msg/detail/polyfit_lane_data__type_support.h
[0.705s] -- Up-to-date: /home/seok/automotive_software_mid-term/install/ad_msgs/include/ad_msgs/ad_msgs/msg/detail/lane_point_data_array__type_support.h
[0.705s] -- Up-to-date: /home/seok/automotive_software_mid-term/install/ad_msgs/include/ad_msgs/ad_msgs/msg/detail/polyfit_lane_data_array__functions.c
[0.705s] -- Up-to-date: /home/seok/automotive_software_mid-term/install/ad_msgs/include/ad_msgs/ad_msgs/msg/detail/polyfit_lane_data__functions.h
[0.705s] -- Up-to-date: /home/seok/automotive_software_mid-term/install/ad_msgs/include/ad_msgs/ad_msgs/msg/detail/obstacles__functions.h
[0.705s] -- Up-to-date: /home/seok/automotive_software_mid-term/install/ad_msgs/include/ad_msgs/ad_msgs/msg/detail/lane_point_data__struct.h
[0.705s] -- Up-to-date: /home/seok/automotive_software_mid-term/install/ad_msgs/include/ad_msgs/ad_msgs/msg/detail/polyfit_lane_data_array__struct.h
[0.705s] -- Up-to-date: /home/seok/automotive_software_mid-term/install/ad_msgs/include/ad_msgs/ad_msgs/msg/detail/lane_point_data_array__functions.h
[0.705s] -- Up-to-date: /home/seok/automotive_software_mid-term/install/ad_msgs/include/ad_msgs/ad_msgs/msg/detail/lane_point_data__type_support.h
[0.705s] -- Up-to-date: /home/seok/automotive_software_mid-term/install/ad_msgs/include/ad_msgs/ad_msgs/msg/detail/polyfit_lane_data_array__type_support.h
[0.705s] -- Up-to-date: /home/seok/automotive_software_mid-term/install/ad_msgs/include/ad_msgs/ad_msgs/msg/detail/vehicle_input__struct.h
[0.705s] -- Up-to-date: /home/seok/automotive_software_mid-term/install/ad_msgs/include/ad_msgs/ad_msgs/msg/detail/polyfit_lane_data__functions.c
[0.705s] -- Up-to-date: /home/seok/automotive_software_mid-term/install/ad_msgs/include/ad_msgs/ad_msgs/msg/detail/lane_point_data__functions.c
[0.705s] -- Up-to-date: /home/seok/automotive_software_mid-term/install/ad_msgs/include/ad_msgs/ad_msgs/msg/detail/vehicle_input__type_support.h
[0.705s] -- Up-to-date: /home/seok/automotive_software_mid-term/install/ad_msgs/include/ad_msgs/ad_msgs/msg/detail/vehicle_output__functions.h
[0.706s] -- Up-to-date: /home/seok/automotive_software_mid-term/install/ad_msgs/include/ad_msgs/ad_msgs/msg/detail/polyfit_lane_data_array__functions.h
[0.706s] -- Up-to-date: /home/seok/automotive_software_mid-term/install/ad_msgs/include/ad_msgs/ad_msgs/msg/detail/lane_point_data_array__struct.h
[0.706s] -- Up-to-date: /home/seok/automotive_software_mid-term/install/ad_msgs/include/ad_msgs/ad_msgs/msg/detail/lane_point_data__functions.h
[0.706s] -- Up-to-date: /home/seok/automotive_software_mid-term/install/ad_msgs/include/ad_msgs/ad_msgs/msg/detail/obstacles__type_support.h
[0.706s] -- Up-to-date: /home/seok/automotive_software_mid-term/install/ad_msgs/include/ad_msgs/ad_msgs/msg/detail/vehicle_input__functions.h
[0.706s] -- Up-to-date: /home/seok/automotive_software_mid-term/install/ad_msgs/include/ad_msgs/ad_msgs/msg/detail/lane_point_data_array__functions.c
[0.706s] -- Up-to-date: /home/seok/automotive_software_mid-term/install/ad_msgs/include/ad_msgs/ad_msgs/msg/vehicle_input.h
[0.706s] -- Up-to-date: /home/seok/automotive_software_mid-term/install/ad_msgs/include/ad_msgs/ad_msgs/msg/lane_point_data.h
[0.706s] -- Up-to-date: /home/seok/automotive_software_mid-term/install/ad_msgs/include/ad_msgs/ad_msgs/msg/rosidl_generator_c__visibility_control.h
[0.706s] -- Up-to-date: /home/seok/automotive_software_mid-term/install/ad_msgs/include/ad_msgs/ad_msgs/msg/lane_point_data_array.h
[0.706s] -- Up-to-date: /home/seok/automotive_software_mid-term/install/ad_msgs/include/ad_msgs/ad_msgs/msg/obstacles.h
[0.706s] -- Up-to-date: /home/seok/automotive_software_mid-term/install/ad_msgs/include/ad_msgs/ad_msgs/msg/vehicle_output.h
[0.706s] -- Up-to-date: /home/seok/automotive_software_mid-term/install/ad_msgs/include/ad_msgs/ad_msgs/msg/polyfit_lane_data_array.h
[0.706s] -- Up-to-date: /home/seok/automotive_software_mid-term/install/ad_msgs/include/ad_msgs/ad_msgs/msg/polyfit_lane_data.h
[0.706s] -- Up-to-date: /home/seok/automotive_software_mid-term/install/ad_msgs/share/ad_msgs/environment/library_path.sh
[0.706s] -- Up-to-date: /home/seok/automotive_software_mid-term/install/ad_msgs/share/ad_msgs/environment/library_path.dsv
[0.724s] -- Up-to-date: /home/seok/automotive_software_mid-term/install/ad_msgs/lib/libad_msgs__rosidl_generator_c.so
[0.724s] -- Up-to-date: /home/seok/automotive_software_mid-term/install/ad_msgs/include/ad_msgs/ad_msgs
[0.728s] -- Up-to-date: /home/seok/automotive_software_mid-term/install/ad_msgs/include/ad_msgs/ad_msgs/msg
[0.734s] -- Up-to-date: /home/seok/automotive_software_mid-term/install/ad_msgs/include/ad_msgs/ad_msgs/msg/detail
[0.738s] -- Up-to-date: /home/seok/automotive_software_mid-term/install/ad_msgs/include/ad_msgs/ad_msgs/msg/detail/lane_point_data_array__rosidl_typesupport_fastrtps_c.h
[0.738s] -- Up-to-date: /home/seok/automotive_software_mid-term/install/ad_msgs/include/ad_msgs/ad_msgs/msg/detail/vehicle_output__rosidl_typesupport_fastrtps_c.h
[0.738s] -- Up-to-date: /home/seok/automotive_software_mid-term/install/ad_msgs/include/ad_msgs/ad_msgs/msg/detail/vehicle_input__rosidl_typesupport_fastrtps_c.h
[0.738s] -- Up-to-date: /home/seok/automotive_software_mid-term/install/ad_msgs/include/ad_msgs/ad_msgs/msg/detail/polyfit_lane_data_array__rosidl_typesupport_fastrtps_c.h
[0.739s] -- Up-to-date: /home/seok/automotive_software_mid-term/install/ad_msgs/include/ad_msgs/ad_msgs/msg/detail/obstacles__rosidl_typesupport_fastrtps_c.h
[0.739s] -- Up-to-date: /home/seok/automotive_software_mid-term/install/ad_msgs/include/ad_msgs/ad_msgs/msg/detail/polyfit_lane_data__rosidl_typesupport_fastrtps_c.h
[0.739s] -- Up-to-date: /home/seok/automotive_software_mid-term/install/ad_msgs/include/ad_msgs/ad_msgs/msg/detail/lane_point_data__rosidl_typesupport_fastrtps_c.h
[0.739s] -- Up-to-date: /home/seok/automotive_software_mid-term/install/ad_msgs/include/ad_msgs/ad_msgs/msg/rosidl_typesupport_fastrtps_c__visibility_control.h
[0.754s] -- Up-to-date: /home/seok/automotive_software_mid-term/install/ad_msgs/lib/libad_msgs__rosidl_typesupport_fastrtps_c.so
[0.754s] -- Up-to-date: /home/seok/automotive_software_mid-term/install/ad_msgs/include/ad_msgs/ad_msgs
[0.759s] -- Up-to-date: /home/seok/automotive_software_mid-term/install/ad_msgs/include/ad_msgs/ad_msgs/msg
[0.765s] -- Up-to-date: /home/seok/automotive_software_mid-term/install/ad_msgs/include/ad_msgs/ad_msgs/msg/detail
[0.769s] -- Up-to-date: /home/seok/automotive_software_mid-term/install/ad_msgs/include/ad_msgs/ad_msgs/msg/detail/vehicle_input__type_support.c
[0.770s] -- Up-to-date: /home/seok/automotive_software_mid-term/install/ad_msgs/include/ad_msgs/ad_msgs/msg/detail/vehicle_output__type_support.c
[0.770s] -- Up-to-date: /home/seok/automotive_software_mid-term/install/ad_msgs/include/ad_msgs/ad_msgs/msg/detail/polyfit_lane_data_array__rosidl_typesupport_introspection_c.h
[0.770s] -- Up-to-date: /home/seok/automotive_software_mid-term/install/ad_msgs/include/ad_msgs/ad_msgs/msg/detail/lane_point_data_array__type_support.c
[0.770s] -- Up-to-date: /home/seok/automotive_software_mid-term/install/ad_msgs/include/ad_msgs/ad_msgs/msg/detail/vehicle_input__rosidl_typesupport_introspection_c.h
[0.770s] -- Up-to-date: /home/seok/automotive_software_mid-term/install/ad_msgs/include/ad_msgs/ad_msgs/msg/detail/polyfit_lane_data__type_support.c
[0.770s] -- Up-to-date: /home/seok/automotive_software_mid-term/install/ad_msgs/include/ad_msgs/ad_msgs/msg/detail/obstacles__rosidl_typesupport_introspection_c.h
[0.770s] -- Up-to-date: /home/seok/automotive_software_mid-term/install/ad_msgs/include/ad_msgs/ad_msgs/msg/detail/vehicle_output__rosidl_typesupport_introspection_c.h
[0.770s] -- Up-to-date: /home/seok/automotive_software_mid-term/install/ad_msgs/include/ad_msgs/ad_msgs/msg/detail/lane_point_data__rosidl_typesupport_introspection_c.h
[0.770s] -- Up-to-date: /home/seok/automotive_software_mid-term/install/ad_msgs/include/ad_msgs/ad_msgs/msg/detail/lane_point_data__type_support.c
[0.770s] -- Up-to-date: /home/seok/automotive_software_mid-term/install/ad_msgs/include/ad_msgs/ad_msgs/msg/detail/polyfit_lane_data__rosidl_typesupport_introspection_c.h
[0.770s] -- Up-to-date: /home/seok/automotive_software_mid-term/install/ad_msgs/include/ad_msgs/ad_msgs/msg/detail/polyfit_lane_data_array__type_support.c
[0.770s] -- Up-to-date: /home/seok/automotive_software_mid-term/install/ad_msgs/include/ad_msgs/ad_msgs/msg/detail/lane_point_data_array__rosidl_typesupport_introspection_c.h
[0.770s] -- Up-to-date: /home/seok/automotive_software_mid-term/install/ad_msgs/include/ad_msgs/ad_msgs/msg/detail/obstacles__type_support.c
[0.770s] -- Up-to-date: /home/seok/automotive_software_mid-term/install/ad_msgs/include/ad_msgs/ad_msgs/msg/rosidl_typesupport_introspection_c__visibility_control.h
[0.785s] -- Up-to-date: /home/seok/automotive_software_mid-term/install/ad_msgs/lib/libad_msgs__rosidl_typesupport_introspection_c.so
[0.802s] -- Up-to-date: /home/seok/automotive_software_mid-term/install/ad_msgs/lib/libad_msgs__rosidl_typesupport_c.so
[0.802s] -- Up-to-date: /home/seok/automotive_software_mid-term/install/ad_msgs/include/ad_msgs/ad_msgs
[0.807s] -- Up-to-date: /home/seok/automotive_software_mid-term/install/ad_msgs/include/ad_msgs/ad_msgs/msg
[0.812s] -- Up-to-date: /home/seok/automotive_software_mid-term/install/ad_msgs/include/ad_msgs/ad_msgs/msg/detail
[0.816s] -- Up-to-date: /home/seok/automotive_software_mid-term/install/ad_msgs/include/ad_msgs/ad_msgs/msg/detail/lane_point_data__struct.hpp
[0.816s] -- Up-to-date: /home/seok/automotive_software_mid-term/install/ad_msgs/include/ad_msgs/ad_msgs/msg/detail/vehicle_input__struct.hpp
[0.816s] -- Up-to-date: /home/seok/automotive_software_mid-term/install/ad_msgs/include/ad_msgs/ad_msgs/msg/detail/obstacles__struct.hpp
[0.817s] -- Up-to-date: /home/seok/automotive_software_mid-term/install/ad_msgs/include/ad_msgs/ad_msgs/msg/detail/lane_point_data_array__builder.hpp
[0.817s] -- Up-to-date: /home/seok/automotive_software_mid-term/install/ad_msgs/include/ad_msgs/ad_msgs/msg/detail/vehicle_output__struct.hpp
[0.817s] -- Up-to-date: /home/seok/automotive_software_mid-term/install/ad_msgs/include/ad_msgs/ad_msgs/msg/detail/polyfit_lane_data_array__struct.hpp
[0.817s] -- Up-to-date: /home/seok/automotive_software_mid-term/install/ad_msgs/include/ad_msgs/ad_msgs/msg/detail/lane_point_data_array__traits.hpp
[0.817s] -- Up-to-date: /home/seok/automotive_software_mid-term/install/ad_msgs/include/ad_msgs/ad_msgs/msg/detail/polyfit_lane_data_array__traits.hpp
[0.817s] -- Up-to-date: /home/seok/automotive_software_mid-term/install/ad_msgs/include/ad_msgs/ad_msgs/msg/detail/polyfit_lane_data__builder.hpp
[0.817s] -- Up-to-date: /home/seok/automotive_software_mid-term/install/ad_msgs/include/ad_msgs/ad_msgs/msg/detail/polyfit_lane_data__struct.hpp
[0.817s] -- Up-to-date: /home/seok/automotive_software_mid-term/install/ad_msgs/include/ad_msgs/ad_msgs/msg/detail/lane_point_data__traits.hpp
[0.817s] -- Up-to-date: /home/seok/automotive_software_mid-term/install/ad_msgs/include/ad_msgs/ad_msgs/msg/detail/vehicle_input__traits.hpp
[0.817s] -- Up-to-date: /home/seok/automotive_software_mid-term/install/ad_msgs/include/ad_msgs/ad_msgs/msg/detail/lane_point_data_array__struct.hpp
[0.817s] -- Up-to-date: /home/seok/automotive_software_mid-term/install/ad_msgs/include/ad_msgs/ad_msgs/msg/detail/obstacles__builder.hpp
[0.817s] -- Up-to-date: /home/seok/automotive_software_mid-term/install/ad_msgs/include/ad_msgs/ad_msgs/msg/detail/vehicle_input__builder.hpp
[0.817s] -- Up-to-date: /home/seok/automotive_software_mid-term/install/ad_msgs/include/ad_msgs/ad_msgs/msg/detail/vehicle_output__builder.hpp
[0.818s] -- Up-to-date: /home/seok/automotive_software_mid-term/install/ad_msgs/include/ad_msgs/ad_msgs/msg/detail/lane_point_data__builder.hpp
[0.818s] -- Up-to-date: /home/seok/automotive_software_mid-term/install/ad_msgs/include/ad_msgs/ad_msgs/msg/detail/polyfit_lane_data_array__builder.hpp
[0.818s] -- Up-to-date: /home/seok/automotive_software_mid-term/install/ad_msgs/include/ad_msgs/ad_msgs/msg/detail/vehicle_output__traits.hpp
[0.818s] -- Up-to-date: /home/seok/automotive_software_mid-term/install/ad_msgs/include/ad_msgs/ad_msgs/msg/detail/polyfit_lane_data__traits.hpp
[0.818s] -- Up-to-date: /home/seok/automotive_software_mid-term/install/ad_msgs/include/ad_msgs/ad_msgs/msg/detail/obstacles__traits.hpp
[0.818s] -- Up-to-date: /home/seok/automotive_software_mid-term/install/ad_msgs/include/ad_msgs/ad_msgs/msg/lane_point_data_array.hpp
[0.818s] -- Up-to-date: /home/seok/automotive_software_mid-term/install/ad_msgs/include/ad_msgs/ad_msgs/msg/vehicle_output.hpp
[0.818s] -- Up-to-date: /home/seok/automotive_software_mid-term/install/ad_msgs/include/ad_msgs/ad_msgs/msg/lane_point_data.hpp
[0.818s] -- Up-to-date: /home/seok/automotive_software_mid-term/install/ad_msgs/include/ad_msgs/ad_msgs/msg/vehicle_input.hpp
[0.818s] -- Up-to-date: /home/seok/automotive_software_mid-term/install/ad_msgs/include/ad_msgs/ad_msgs/msg/polyfit_lane_data.hpp
[0.818s] -- Up-to-date: /home/seok/automotive_software_mid-term/install/ad_msgs/include/ad_msgs/ad_msgs/msg/polyfit_lane_data_array.hpp
[0.818s] -- Up-to-date: /home/seok/automotive_software_mid-term/install/ad_msgs/include/ad_msgs/ad_msgs/msg/obstacles.hpp
[0.818s] -- Up-to-date: /home/seok/automotive_software_mid-term/install/ad_msgs/include/ad_msgs/ad_msgs
[0.821s] -- Up-to-date: /home/seok/automotive_software_mid-term/install/ad_msgs/include/ad_msgs/ad_msgs/msg
[0.828s] -- Up-to-date: /home/seok/automotive_software_mid-term/install/ad_msgs/include/ad_msgs/ad_msgs/msg/detail
[0.832s] -- Up-to-date: /home/seok/automotive_software_mid-term/install/ad_msgs/include/ad_msgs/ad_msgs/msg/detail/vehicle_output__rosidl_typesupport_fastrtps_cpp.hpp
[0.832s] -- Up-to-date: /home/seok/automotive_software_mid-term/install/ad_msgs/include/ad_msgs/ad_msgs/msg/detail/lane_point_data__rosidl_typesupport_fastrtps_cpp.hpp
[0.832s] -- Up-to-date: /home/seok/automotive_software_mid-term/install/ad_msgs/include/ad_msgs/ad_msgs/msg/detail/obstacles__rosidl_typesupport_fastrtps_cpp.hpp
[0.832s] -- Up-to-date: /home/seok/automotive_software_mid-term/install/ad_msgs/include/ad_msgs/ad_msgs/msg/detail/dds_fastrtps
[0.837s] -- Up-to-date: /home/seok/automotive_software_mid-term/install/ad_msgs/include/ad_msgs/ad_msgs/msg/detail/vehicle_input__rosidl_typesupport_fastrtps_cpp.hpp
[0.837s] -- Up-to-date: /home/seok/automotive_software_mid-term/install/ad_msgs/include/ad_msgs/ad_msgs/msg/detail/polyfit_lane_data__rosidl_typesupport_fastrtps_cpp.hpp
[0.837s] -- Up-to-date: /home/seok/automotive_software_mid-term/install/ad_msgs/include/ad_msgs/ad_msgs/msg/detail/lane_point_data_array__rosidl_typesupport_fastrtps_cpp.hpp
[0.837s] -- Up-to-date: /home/seok/automotive_software_mid-term/install/ad_msgs/include/ad_msgs/ad_msgs/msg/detail/polyfit_lane_data_array__rosidl_typesupport_fastrtps_cpp.hpp
[0.837s] -- Up-to-date: /home/seok/automotive_software_mid-term/install/ad_msgs/include/ad_msgs/ad_msgs/msg/rosidl_typesupport_fastrtps_cpp__visibility_control.h
[0.852s] -- Up-to-date: /home/seok/automotive_software_mid-term/install/ad_msgs/lib/libad_msgs__rosidl_typesupport_fastrtps_cpp.so
[0.852s] -- Up-to-date: /home/seok/automotive_software_mid-term/install/ad_msgs/include/ad_msgs/ad_msgs
[0.857s] -- Up-to-date: /home/seok/automotive_software_mid-term/install/ad_msgs/include/ad_msgs/ad_msgs/msg
[0.862s] -- Up-to-date: /home/seok/automotive_software_mid-term/install/ad_msgs/include/ad_msgs/ad_msgs/msg/detail
[0.867s] -- Up-to-date: /home/seok/automotive_software_mid-term/install/ad_msgs/include/ad_msgs/ad_msgs/msg/detail/polyfit_lane_data_array__type_support.cpp
[0.867s] -- Up-to-date: /home/seok/automotive_software_mid-term/install/ad_msgs/include/ad_msgs/ad_msgs/msg/detail/lane_point_data_array__rosidl_typesupport_introspection_cpp.hpp
[0.867s] -- Up-to-date: /home/seok/automotive_software_mid-term/install/ad_msgs/include/ad_msgs/ad_msgs/msg/detail/polyfit_lane_data_array__rosidl_typesupport_introspection_cpp.hpp
[0.867s] -- Up-to-date: /home/seok/automotive_software_mid-term/install/ad_msgs/include/ad_msgs/ad_msgs/msg/detail/lane_point_data_array__type_support.cpp
[0.867s] -- Up-to-date: /home/seok/automotive_software_mid-term/install/ad_msgs/include/ad_msgs/ad_msgs/msg/detail/vehicle_output__type_support.cpp
[0.867s] -- Up-to-date: /home/seok/automotive_software_mid-term/install/ad_msgs/include/ad_msgs/ad_msgs/msg/detail/polyfit_lane_data__rosidl_typesupport_introspection_cpp.hpp
[0.867s] -- Up-to-date: /home/seok/automotive_software_mid-term/install/ad_msgs/include/ad_msgs/ad_msgs/msg/detail/vehicle_output__rosidl_typesupport_introspection_cpp.hpp
[0.867s] -- Up-to-date: /home/seok/automotive_software_mid-term/install/ad_msgs/include/ad_msgs/ad_msgs/msg/detail/polyfit_lane_data__type_support.cpp
[0.867s] -- Up-to-date: /home/seok/automotive_software_mid-term/install/ad_msgs/include/ad_msgs/ad_msgs/msg/detail/vehicle_input__type_support.cpp
[0.867s] -- Up-to-date: /home/seok/automotive_software_mid-term/install/ad_msgs/include/ad_msgs/ad_msgs/msg/detail/lane_point_data__rosidl_typesupport_introspection_cpp.hpp
[0.868s] -- Up-to-date: /home/seok/automotive_software_mid-term/install/ad_msgs/include/ad_msgs/ad_msgs/msg/detail/vehicle_input__rosidl_typesupport_introspection_cpp.hpp
[0.868s] -- Up-to-date: /home/seok/automotive_software_mid-term/install/ad_msgs/include/ad_msgs/ad_msgs/msg/detail/lane_point_data__type_support.cpp
[0.868s] -- Up-to-date: /home/seok/automotive_software_mid-term/install/ad_msgs/include/ad_msgs/ad_msgs/msg/detail/obstacles__type_support.cpp
[0.868s] -- Up-to-date: /home/seok/automotive_software_mid-term/install/ad_msgs/include/ad_msgs/ad_msgs/msg/detail/obstacles__rosidl_typesupport_introspection_cpp.hpp
[0.881s] -- Up-to-date: /home/seok/automotive_software_mid-term/install/ad_msgs/lib/libad_msgs__rosidl_typesupport_introspection_cpp.so
[0.897s] -- Up-to-date: /home/seok/automotive_software_mid-term/install/ad_msgs/lib/libad_msgs__rosidl_typesupport_cpp.so
[0.898s] -- Up-to-date: /home/seok/automotive_software_mid-term/install/ad_msgs/share/ad_msgs/environment/pythonpath.sh
[0.898s] -- Up-to-date: /home/seok/automotive_software_mid-term/install/ad_msgs/share/ad_msgs/environment/pythonpath.dsv
[0.898s] -- Up-to-date: /home/seok/automotive_software_mid-term/install/ad_msgs/local/lib/python3.10/dist-packages/ad_msgs-0.0.0-py3.10.egg-info
[0.898s] -- Installing: /home/seok/automotive_software_mid-term/install/ad_msgs/local/lib/python3.10/dist-packages/ad_msgs-0.0.0-py3.10.egg-info/SOURCES.txt
[0.898s] -- Installing: /home/seok/automotive_software_mid-term/install/ad_msgs/local/lib/python3.10/dist-packages/ad_msgs-0.0.0-py3.10.egg-info/PKG-INFO
[0.898s] -- Installing: /home/seok/automotive_software_mid-term/install/ad_msgs/local/lib/python3.10/dist-packages/ad_msgs-0.0.0-py3.10.egg-info/dependency_links.txt
[0.899s] -- Installing: /home/seok/automotive_software_mid-term/install/ad_msgs/local/lib/python3.10/dist-packages/ad_msgs-0.0.0-py3.10.egg-info/top_level.txt
[0.899s] -- Up-to-date: /home/seok/automotive_software_mid-term/install/ad_msgs/local/lib/python3.10/dist-packages/ad_msgs
[0.899s] -- Up-to-date: /home/seok/automotive_software_mid-term/install/ad_msgs/local/lib/python3.10/dist-packages/ad_msgs/_ad_msgs_s.ep.rosidl_typesupport_c.c
[0.899s] -- Up-to-date: /home/seok/automotive_software_mid-term/install/ad_msgs/local/lib/python3.10/dist-packages/ad_msgs/ad_msgs_s__rosidl_typesupport_introspection_c.cpython-310-x86_64-linux-gnu.so
[0.899s] -- Up-to-date: /home/seok/automotive_software_mid-term/install/ad_msgs/local/lib/python3.10/dist-packages/ad_msgs/libad_msgs__rosidl_generator_py.so
[0.899s] -- Up-to-date: /home/seok/automotive_software_mid-term/install/ad_msgs/local/lib/python3.10/dist-packages/ad_msgs/_ad_msgs_s.ep.rosidl_typesupport_fastrtps_c.c
[0.899s] -- Up-to-date: /home/seok/automotive_software_mid-term/install/ad_msgs/local/lib/python3.10/dist-packages/ad_msgs/_ad_msgs_s.ep.rosidl_typesupport_introspection_c.c
[0.899s] -- Up-to-date: /home/seok/automotive_software_mid-term/install/ad_msgs/local/lib/python3.10/dist-packages/ad_msgs/msg
[0.899s] -- Up-to-date: /home/seok/automotive_software_mid-term/install/ad_msgs/local/lib/python3.10/dist-packages/ad_msgs/msg/_lane_point_data_array_s.c
[0.899s] -- Up-to-date: /home/seok/automotive_software_mid-term/install/ad_msgs/local/lib/python3.10/dist-packages/ad_msgs/msg/_vehicle_input.py
[0.899s] -- Up-to-date: /home/seok/automotive_software_mid-term/install/ad_msgs/local/lib/python3.10/dist-packages/ad_msgs/msg/_polyfit_lane_data_array.py
[0.899s] -- Up-to-date: /home/seok/automotive_software_mid-term/install/ad_msgs/local/lib/python3.10/dist-packages/ad_msgs/msg/_lane_point_data.py
[0.899s] -- Up-to-date: /home/seok/automotive_software_mid-term/install/ad_msgs/local/lib/python3.10/dist-packages/ad_msgs/msg/_obstacles.py
[0.899s] -- Up-to-date: /home/seok/automotive_software_mid-term/install/ad_msgs/local/lib/python3.10/dist-packages/ad_msgs/msg/_polyfit_lane_data_s.c
[0.899s] -- Up-to-date: /home/seok/automotive_software_mid-term/install/ad_msgs/local/lib/python3.10/dist-packages/ad_msgs/msg/_vehicle_input_s.c
[0.899s] -- Up-to-date: /home/seok/automotive_software_mid-term/install/ad_msgs/local/lib/python3.10/dist-packages/ad_msgs/msg/_lane_point_data_s.c
[0.899s] -- Up-to-date: /home/seok/automotive_software_mid-term/install/ad_msgs/local/lib/python3.10/dist-packages/ad_msgs/msg/_obstacles_s.c
[0.899s] -- Up-to-date: /home/seok/automotive_software_mid-term/install/ad_msgs/local/lib/python3.10/dist-packages/ad_msgs/msg/__init__.py
[0.900s] -- Up-to-date: /home/seok/automotive_software_mid-term/install/ad_msgs/local/lib/python3.10/dist-packages/ad_msgs/msg/_polyfit_lane_data_array_s.c
[0.900s] -- Up-to-date: /home/seok/automotive_software_mid-term/install/ad_msgs/local/lib/python3.10/dist-packages/ad_msgs/msg/_vehicle_output.py
[0.900s] -- Up-to-date: /home/seok/automotive_software_mid-term/install/ad_msgs/local/lib/python3.10/dist-packages/ad_msgs/msg/_polyfit_lane_data.py
[0.900s] -- Up-to-date: /home/seok/automotive_software_mid-term/install/ad_msgs/local/lib/python3.10/dist-packages/ad_msgs/msg/_vehicle_output_s.c
[0.900s] -- Up-to-date: /home/seok/automotive_software_mid-term/install/ad_msgs/local/lib/python3.10/dist-packages/ad_msgs/msg/_lane_point_data_array.py
[0.900s] -- Up-to-date: /home/seok/automotive_software_mid-term/install/ad_msgs/local/lib/python3.10/dist-packages/ad_msgs/ad_msgs_s__rosidl_typesupport_c.cpython-310-x86_64-linux-gnu.so
[0.900s] -- Up-to-date: /home/seok/automotive_software_mid-term/install/ad_msgs/local/lib/python3.10/dist-packages/ad_msgs/__init__.py
[0.900s] -- Up-to-date: /home/seok/automotive_software_mid-term/install/ad_msgs/local/lib/python3.10/dist-packages/ad_msgs/ad_msgs_s__rosidl_typesupport_fastrtps_c.cpython-310-x86_64-linux-gnu.so
[0.986s] Listing '/home/seok/automotive_software_mid-term/install/ad_msgs/local/lib/python3.10/dist-packages/ad_msgs'...
[0.986s] Listing '/home/seok/automotive_software_mid-term/install/ad_msgs/local/lib/python3.10/dist-packages/ad_msgs/msg'...
[1.007s] -- Up-to-date: /home/seok/automotive_software_mid-term/install/ad_msgs/local/lib/python3.10/dist-packages/ad_msgs/ad_msgs_s__rosidl_typesupport_fastrtps_c.cpython-310-x86_64-linux-gnu.so
[1.021s] -- Up-to-date: /home/seok/automotive_software_mid-term/install/ad_msgs/local/lib/python3.10/dist-packages/ad_msgs/ad_msgs_s__rosidl_typesupport_introspection_c.cpython-310-x86_64-linux-gnu.so
[1.037s] -- Up-to-date: /home/seok/automotive_software_mid-term/install/ad_msgs/local/lib/python3.10/dist-packages/ad_msgs/ad_msgs_s__rosidl_typesupport_c.cpython-310-x86_64-linux-gnu.so
[1.053s] -- Up-to-date: /home/seok/automotive_software_mid-term/install/ad_msgs/lib/libad_msgs__rosidl_generator_py.so
[1.053s] -- Up-to-date: /home/seok/automotive_software_mid-term/install/ad_msgs/share/ad_msgs/msg/VehicleOutput.idl
[1.053s] -- Up-to-date: /home/seok/automotive_software_mid-term/install/ad_msgs/share/ad_msgs/msg/VehicleInput.idl
[1.053s] -- Up-to-date: /home/seok/automotive_software_mid-term/install/ad_msgs/share/ad_msgs/msg/Obstacles.idl
[1.053s] -- Up-to-date: /home/seok/automotive_software_mid-term/install/ad_msgs/share/ad_msgs/msg/PolyfitLaneData.idl
[1.054s] -- Up-to-date: /home/seok/automotive_software_mid-term/install/ad_msgs/share/ad_msgs/msg/LanePointData.idl
[1.054s] -- Up-to-date: /home/seok/automotive_software_mid-term/install/ad_msgs/share/ad_msgs/msg/LanePointDataArray.idl
[1.054s] -- Up-to-date: /home/seok/automotive_software_mid-term/install/ad_msgs/share/ad_msgs/msg/PolyfitLaneDataArray.idl
[1.054s] -- Up-to-date: /home/seok/automotive_software_mid-term/install/ad_msgs/share/ad_msgs/msg/VehicleOutput.msg
[1.054s] -- Up-to-date: /home/seok/automotive_software_mid-term/install/ad_msgs/share/ad_msgs/msg/VehicleInput.msg
[1.054s] -- Up-to-date: /home/seok/automotive_software_mid-term/install/ad_msgs/share/ad_msgs/msg/Obstacles.msg
[1.054s] -- Up-to-date: /home/seok/automotive_software_mid-term/install/ad_msgs/share/ad_msgs/msg/PolyfitLaneData.msg
[1.054s] -- Up-to-date: /home/seok/automotive_software_mid-term/install/ad_msgs/share/ad_msgs/msg/LanePointData.msg
[1.054s] -- Up-to-date: /home/seok/automotive_software_mid-term/install/ad_msgs/share/ad_msgs/msg/LanePointDataArray.msg
[1.054s] -- Up-to-date: /home/seok/automotive_software_mid-term/install/ad_msgs/share/ad_msgs/msg/PolyfitLaneDataArray.msg
[1.054s] -- Up-to-date: /home/seok/automotive_software_mid-term/install/ad_msgs/share/ament_index/resource_index/package_run_dependencies/ad_msgs
[1.054s] -- Up-to-date: /home/seok/automotive_software_mid-term/install/ad_msgs/share/ament_index/resource_index/parent_prefix_path/ad_msgs
[1.055s] -- Up-to-date: /home/seok/automotive_software_mid-term/install/ad_msgs/share/ad_msgs/environment/ament_prefix_path.sh
[1.055s] -- Up-to-date: /home/seok/automotive_software_mid-term/install/ad_msgs/share/ad_msgs/environment/ament_prefix_path.dsv
[1.055s] -- Up-to-date: /home/seok/automotive_software_mid-term/install/ad_msgs/share/ad_msgs/environment/path.sh
[1.055s] -- Up-to-date: /home/seok/automotive_software_mid-term/install/ad_msgs/share/ad_msgs/environment/path.dsv
[1.055s] -- Up-to-date: /home/seok/automotive_software_mid-term/install/ad_msgs/share/ad_msgs/local_setup.bash
[1.055s] -- Up-to-date: /home/seok/automotive_software_mid-term/install/ad_msgs/share/ad_msgs/local_setup.sh
[1.055s] -- Up-to-date: /home/seok/automotive_software_mid-term/install/ad_msgs/share/ad_msgs/local_setup.zsh
[1.055s] -- Up-to-date: /home/seok/automotive_software_mid-term/install/ad_msgs/share/ad_msgs/local_setup.dsv
[1.055s] -- Installing: /home/seok/automotive_software_mid-term/install/ad_msgs/share/ad_msgs/package.dsv
[1.063s] -- Up-to-date: /home/seok/automotive_software_mid-term/install/ad_msgs/share/ament_index/resource_index/packages/ad_msgs
[1.074s] -- Up-to-date: /home/seok/automotive_software_mid-term/install/ad_msgs/share/ad_msgs/cmake/export_ad_msgs__rosidl_generator_cExport.cmake
[1.074s] -- Up-to-date: /home/seok/automotive_software_mid-term/install/ad_msgs/share/ad_msgs/cmake/export_ad_msgs__rosidl_generator_cExport-noconfig.cmake
[1.083s] -- Up-to-date: /home/seok/automotive_software_mid-term/install/ad_msgs/share/ad_msgs/cmake/export_ad_msgs__rosidl_typesupport_fastrtps_cExport.cmake
[1.084s] -- Up-to-date: /home/seok/automotive_software_mid-term/install/ad_msgs/share/ad_msgs/cmake/export_ad_msgs__rosidl_typesupport_fastrtps_cExport-noconfig.cmake
[1.093s] -- Up-to-date: /home/seok/automotive_software_mid-term/install/ad_msgs/share/ad_msgs/cmake/ad_msgs__rosidl_typesupport_introspection_cExport.cmake
[1.093s] -- Up-to-date: /home/seok/automotive_software_mid-term/install/ad_msgs/share/ad_msgs/cmake/ad_msgs__rosidl_typesupport_introspection_cExport-noconfig.cmake
[1.104s] -- Up-to-date: /home/seok/automotive_software_mid-term/install/ad_msgs/share/ad_msgs/cmake/ad_msgs__rosidl_typesupport_cExport.cmake
[1.104s] -- Up-to-date: /home/seok/automotive_software_mid-term/install/ad_msgs/share/ad_msgs/cmake/ad_msgs__rosidl_typesupport_cExport-noconfig.cmake
[1.113s] -- Up-to-date: /home/seok/automotive_software_mid-term/install/ad_msgs/share/ad_msgs/cmake/export_ad_msgs__rosidl_generator_cppExport.cmake
[1.120s] -- Up-to-date: /home/seok/automotive_software_mid-term/install/ad_msgs/share/ad_msgs/cmake/export_ad_msgs__rosidl_typesupport_fastrtps_cppExport.cmake
[1.121s] -- Up-to-date: /home/seok/automotive_software_mid-term/install/ad_msgs/share/ad_msgs/cmake/export_ad_msgs__rosidl_typesupport_fastrtps_cppExport-noconfig.cmake
[1.121s] -- Up-to-date: /home/seok/automotive_software_mid-term/install/ad_msgs/share/ad_msgs/cmake/ad_msgs__rosidl_typesupport_introspection_cppExport.cmake
[1.121s] -- Up-to-date: /home/seok/automotive_software_mid-term/install/ad_msgs/share/ad_msgs/cmake/ad_msgs__rosidl_typesupport_introspection_cppExport-noconfig.cmake
[1.122s] -- Up-to-date: /home/seok/automotive_software_mid-term/install/ad_msgs/share/ad_msgs/cmake/ad_msgs__rosidl_typesupport_cppExport.cmake
[1.122s] -- Up-to-date: /home/seok/automotive_software_mid-term/install/ad_msgs/share/ad_msgs/cmake/ad_msgs__rosidl_typesupport_cppExport-noconfig.cmake
[1.122s] -- Up-to-date: /home/seok/automotive_software_mid-term/install/ad_msgs/share/ad_msgs/cmake/export_ad_msgs__rosidl_generator_pyExport.cmake
[1.123s] -- Up-to-date: /home/seok/automotive_software_mid-term/install/ad_msgs/share/ad_msgs/cmake/export_ad_msgs__rosidl_generator_pyExport-noconfig.cmake
[1.123s] -- Up-to-date: /home/seok/automotive_software_mid-term/install/ad_msgs/share/ad_msgs/cmake/rosidl_cmake-extras.cmake
[1.123s] -- Up-to-date: /home/seok/automotive_software_mid-term/install/ad_msgs/share/ad_msgs/cmake/ament_cmake_export_dependencies-extras.cmake
[1.123s] -- Up-to-date: /home/seok/automotive_software_mid-term/install/ad_msgs/share/ad_msgs/cmake/ament_cmake_export_include_directories-extras.cmake
[1.123s] -- Up-to-date: /home/seok/automotive_software_mid-term/install/ad_msgs/share/ad_msgs/cmake/ament_cmake_export_libraries-extras.cmake
[1.123s] -- Up-to-date: /home/seok/automotive_software_mid-term/install/ad_msgs/share/ad_msgs/cmake/ament_cmake_export_targets-extras.cmake
[1.123s] -- Up-to-date: /home/seok/automotive_software_mid-term/install/ad_msgs/share/ad_msgs/cmake/rosidl_cmake_export_typesupport_targets-extras.cmake
[1.123s] -- Up-to-date: /home/seok/automotive_software_mid-term/install/ad_msgs/share/ad_msgs/cmake/rosidl_cmake_export_typesupport_libraries-extras.cmake
[1.123s] -- Up-to-date: /home/seok/automotive_software_mid-term/install/ad_msgs/share/ad_msgs/cmake/ad_msgsConfig.cmake
[1.123s] -- Up-to-date: /home/seok/automotive_software_mid-term/install/ad_msgs/share/ad_msgs/cmake/ad_msgsConfig-version.cmake
[1.123s] -- Up-to-date: /home/seok/automotive_software_mid-term/install/ad_msgs/share/ad_msgs/package.xml
[1.125s] Invoked command in '/home/seok/automotive_software_mid-term/build/ad_msgs' returned '0': CMAKE_PREFIX_PATH=${CMAKE_PREFIX_PATH}:/opt/ros/humble /usr/bin/cmake --install /home/seok/automotive_software_mid-term/build/ad_msgs
