[0.030s] Invoking command in '/home/seok/automotive_software_mid-term/build/autonomous_driving': CMAKE_PREFIX_PATH=/home/seok/automotive_software_mid-term/install/ad_msgs:/home/seok/automotive_software_mid-term/install/simulator:/home/seok/automotive_software_mid-term/install/scenario_runner:/home/seok/automotive_software_mid-term/install/evaluation:/home/seok/automotive_software_mid-term/install/autonomous_driving:/home/seok/ros2_ws/install/simulator:/home/seok/ros2_ws/install/evaluation:/home/seok/ros2_ws/install/autonomous_driving:/home/seok/ros2_ws/install/ad_msgs:/opt/ros/humble /usr/bin/cmake --build /home/seok/automotive_software_mid-term/build/autonomous_driving -- -j16 -l16
[0.052s] [35m[1mConsolidate compiler generated dependencies of target autonomous_driving[0m
[0.067s] [ 50%] [32mBuilding CXX object CMakeFiles/autonomous_driving.dir/src/autonomous_driving.cpp.o[0m
[2.250s] [01m[K/home/seok/automotive_software_mid-term/src/app/autonomous_driving/src/autonomous_driving.cpp:[m[K In member function ‘[01m[Kvoid AutonomousDriving::Init(const rclcpp::Time&)[m[K’:
[2.250s] [01m[K/home/seok/automotive_software_mid-term/src/app/autonomous_driving/src/autonomous_driving.cpp:138:50:[m[K [01;35m[Kwarning: [m[Kunused parameter ‘[01m[Kcurrent_time[m[K’ [[01;35m[K]8;;https://gcc.gnu.org/onlinedocs/gcc/Warning-Options.html#index-Wunused-parameter-Wunused-parameter]8;;[m[K]
[2.250s]   138 | void AutonomousDriving::Init([01;35m[Kconst rclcpp::Time &current_time[m[K) {
[2.250s]       |                              [01;35m[K~~~~~~~~~~~~~~~~~~~~^~~~~~~~~~~~[m[K
[2.284s] [01m[K/home/seok/automotive_software_mid-term/src/app/autonomous_driving/src/autonomous_driving.cpp:[m[K In member function ‘[01m[Kvoid AutonomousDriving::process_lanes(ad_msgs::msg::LanePointData_<std::allocator<void> >::SharedPtr)[m[K’:
[2.284s] [01m[K/home/seok/automotive_software_mid-term/src/app/autonomous_driving/src/autonomous_driving.cpp:262:65:[m[K [01;31m[Kerror: [m[Kexpected ‘[01m[K)[m[K’ before ‘[01m[K][m[K’ token
[2.284s]   262 |                 random_points.push_back(left_candidates[dis[34m[K([m[Kgen_[01;31m[K][m[K);
[2.284s]       |                                                            [34m[K~[m[K    [01;31m[K^[m[K
[2.285s]       |                                                                 [32m[K)[m[K
[2.294s] [01m[K/home/seok/automotive_software_mid-term/src/app/autonomous_driving/src/autonomous_driving.cpp:[m[K In member function ‘[01m[Kvoid AutonomousDriving::Publish(const rclcpp::Time&)[m[K’:
[2.294s] [01m[K/home/seok/automotive_software_mid-term/src/app/autonomous_driving/src/autonomous_driving.cpp:518:53:[m[K [01;35m[Kwarning: [m[Kunused parameter ‘[01m[Kcurrent_time[m[K’ [[01;35m[K]8;;https://gcc.gnu.org/onlinedocs/gcc/Warning-Options.html#index-Wunused-parameter-Wunused-parameter]8;;[m[K]
[2.294s]   518 | void AutonomousDriving::Publish([01;35m[Kconst rclcpp::Time &current_time[m[K) {
[2.294s]       |                                 [01;35m[K~~~~~~~~~~~~~~~~~~~~^~~~~~~~~~~~[m[K
[14.896s] gmake[2]: *** [CMakeFiles/autonomous_driving.dir/build.make:76: CMakeFiles/autonomous_driving.dir/src/autonomous_driving.cpp.o] Error 1
[14.896s] gmake[1]: *** [CMakeFiles/Makefile2:137: CMakeFiles/autonomous_driving.dir/all] Error 2
[14.896s] gmake: *** [Makefile:146: all] Error 2
[14.898s] Invoked command in '/home/seok/automotive_software_mid-term/build/autonomous_driving' returned '2': CMAKE_PREFIX_PATH=/home/seok/automotive_software_mid-term/install/ad_msgs:/home/seok/automotive_software_mid-term/install/simulator:/home/seok/automotive_software_mid-term/install/scenario_runner:/home/seok/automotive_software_mid-term/install/evaluation:/home/seok/automotive_software_mid-term/install/autonomous_driving:/home/seok/ros2_ws/install/simulator:/home/seok/ros2_ws/install/evaluation:/home/seok/ros2_ws/install/autonomous_driving:/home/seok/ros2_ws/install/ad_msgs:/opt/ros/humble /usr/bin/cmake --build /home/seok/automotive_software_mid-term/build/autonomous_driving -- -j16 -l16
