[0.090s] DEBUG:colcon:Command line arguments: ['/usr/bin/colcon', 'build']
[0.090s] DEBUG:colcon:Parsed command line arguments: Namespace(log_base=None, log_level=None, verb_name='build', build_base='build', install_base='install', merge_install=False, symlink_install=False, test_result_base=None, continue_on_error=False, executor='parallel', parallel_workers=16, event_handlers=None, ignore_user_meta=False, metas=['./colcon.meta'], base_paths=['.'], packages_ignore=None, packages_ignore_regex=None, paths=None, packages_up_to=None, packages_up_to_regex=None, packages_above=None, packages_above_and_dependencies=None, packages_above_depth=None, packages_select_by_dep=None, packages_skip_by_dep=None, packages_skip_up_to=None, packages_select_build_failed=False, packages_skip_build_finished=False, packages_select_test_failures=False, packages_skip_test_passed=False, packages_select=None, packages_skip=None, packages_select_regex=None, packages_skip_regex=None, packages_start=None, packages_end=None, allow_overriding=[], cmake_args=None, cmake_target=None, cmake_target_skip_unavailable=False, cmake_clean_cache=False, cmake_clean_first=False, cmake_force_configure=False, ament_cmake_args=None, catkin_cmake_args=None, catkin_skip_building_tests=False, mixin_files=None, mixin=None, verb_parser=<colcon_mixin.mixin.mixin_argument.MixinArgumentDecorator object at 0x7fb1ca3f6740>, verb_extension=<colcon_core.verb.build.BuildVerb object at 0x7fb1ca3f6170>, main=<bound method BuildVerb.main of <colcon_core.verb.build.BuildVerb object at 0x7fb1ca3f6170>>, mixin_verb=('build',))
[0.182s] Level 1:colcon.colcon_core.package_discovery:discover_packages(colcon_meta) check parameters
[0.182s] Level 1:colcon.colcon_core.package_discovery:discover_packages(recursive) check parameters
[0.182s] Level 1:colcon.colcon_core.package_discovery:discover_packages(ignore) check parameters
[0.182s] Level 1:colcon.colcon_core.package_discovery:discover_packages(path) check parameters
[0.182s] Level 1:colcon.colcon_core.package_discovery:discover_packages(colcon_meta) discover
[0.182s] Level 1:colcon.colcon_core.package_discovery:discover_packages(recursive) discover
[0.182s] INFO:colcon.colcon_core.package_discovery:Crawling recursively for packages in '/home/seok/automotive_software_mid-term'
[0.182s] Level 1:colcon.colcon_core.package_identification:_identify(.) by extensions ['ignore', 'ignore_ament_install']
[0.183s] Level 1:colcon.colcon_core.package_identification:_identify(.) by extension 'ignore'
[0.183s] Level 1:colcon.colcon_core.package_identification:_identify(.) by extension 'ignore_ament_install'
[0.183s] Level 1:colcon.colcon_core.package_identification:_identify(.) by extensions ['colcon_pkg']
[0.183s] Level 1:colcon.colcon_core.package_identification:_identify(.) by extension 'colcon_pkg'
[0.183s] Level 1:colcon.colcon_core.package_identification:_identify(.) by extensions ['colcon_meta']
[0.183s] Level 1:colcon.colcon_core.package_identification:_identify(.) by extension 'colcon_meta'
[0.183s] Level 1:colcon.colcon_core.package_identification:_identify(.) by extensions ['ros']
[0.183s] Level 1:colcon.colcon_core.package_identification:_identify(.) by extension 'ros'
[0.190s] Level 1:colcon.colcon_core.package_identification:_identify(.) by extensions ['cmake', 'python']
[0.190s] Level 1:colcon.colcon_core.package_identification:_identify(.) by extension 'cmake'
[0.190s] Level 1:colcon.colcon_core.package_identification:_identify(.) by extension 'python'
[0.190s] Level 1:colcon.colcon_core.package_identification:_identify(.) by extensions ['python_setup_py']
[0.190s] Level 1:colcon.colcon_core.package_identification:_identify(.) by extension 'python_setup_py'
[0.190s] Level 1:colcon.colcon_core.package_identification:_identify(build) by extensions ['ignore', 'ignore_ament_install']
[0.190s] Level 1:colcon.colcon_core.package_identification:_identify(build) by extension 'ignore'
[0.190s] Level 1:colcon.colcon_core.package_identification:_identify(build) ignored
[0.190s] Level 1:colcon.colcon_core.package_identification:_identify(install) by extensions ['ignore', 'ignore_ament_install']
[0.190s] Level 1:colcon.colcon_core.package_identification:_identify(install) by extension 'ignore'
[0.190s] Level 1:colcon.colcon_core.package_identification:_identify(install) ignored
[0.190s] Level 1:colcon.colcon_core.package_identification:_identify(log) by extensions ['ignore', 'ignore_ament_install']
[0.190s] Level 1:colcon.colcon_core.package_identification:_identify(log) by extension 'ignore'
[0.190s] Level 1:colcon.colcon_core.package_identification:_identify(log) ignored
[0.190s] Level 1:colcon.colcon_core.package_identification:_identify(resources) by extensions ['ignore', 'ignore_ament_install']
[0.190s] Level 1:colcon.colcon_core.package_identification:_identify(resources) by extension 'ignore'
[0.190s] Level 1:colcon.colcon_core.package_identification:_identify(resources) by extension 'ignore_ament_install'
[0.190s] Level 1:colcon.colcon_core.package_identification:_identify(resources) by extensions ['colcon_pkg']
[0.190s] Level 1:colcon.colcon_core.package_identification:_identify(resources) by extension 'colcon_pkg'
[0.190s] Level 1:colcon.colcon_core.package_identification:_identify(resources) by extensions ['colcon_meta']
[0.190s] Level 1:colcon.colcon_core.package_identification:_identify(resources) by extension 'colcon_meta'
[0.190s] Level 1:colcon.colcon_core.package_identification:_identify(resources) by extensions ['ros']
[0.190s] Level 1:colcon.colcon_core.package_identification:_identify(resources) by extension 'ros'
[0.190s] Level 1:colcon.colcon_core.package_identification:_identify(resources) by extensions ['cmake', 'python']
[0.190s] Level 1:colcon.colcon_core.package_identification:_identify(resources) by extension 'cmake'
[0.191s] Level 1:colcon.colcon_core.package_identification:_identify(resources) by extension 'python'
[0.191s] Level 1:colcon.colcon_core.package_identification:_identify(resources) by extensions ['python_setup_py']
[0.191s] Level 1:colcon.colcon_core.package_identification:_identify(resources) by extension 'python_setup_py'
[0.191s] Level 1:colcon.colcon_core.package_identification:_identify(resources/csv) by extensions ['ignore', 'ignore_ament_install']
[0.191s] Level 1:colcon.colcon_core.package_identification:_identify(resources/csv) by extension 'ignore'
[0.191s] Level 1:colcon.colcon_core.package_identification:_identify(resources/csv) by extension 'ignore_ament_install'
[0.191s] Level 1:colcon.colcon_core.package_identification:_identify(resources/csv) by extensions ['colcon_pkg']
[0.191s] Level 1:colcon.colcon_core.package_identification:_identify(resources/csv) by extension 'colcon_pkg'
[0.191s] Level 1:colcon.colcon_core.package_identification:_identify(resources/csv) by extensions ['colcon_meta']
[0.191s] Level 1:colcon.colcon_core.package_identification:_identify(resources/csv) by extension 'colcon_meta'
[0.191s] Level 1:colcon.colcon_core.package_identification:_identify(resources/csv) by extensions ['ros']
[0.191s] Level 1:colcon.colcon_core.package_identification:_identify(resources/csv) by extension 'ros'
[0.191s] Level 1:colcon.colcon_core.package_identification:_identify(resources/csv) by extensions ['cmake', 'python']
[0.191s] Level 1:colcon.colcon_core.package_identification:_identify(resources/csv) by extension 'cmake'
[0.191s] Level 1:colcon.colcon_core.package_identification:_identify(resources/csv) by extension 'python'
[0.191s] Level 1:colcon.colcon_core.package_identification:_identify(resources/csv) by extensions ['python_setup_py']
[0.191s] Level 1:colcon.colcon_core.package_identification:_identify(resources/csv) by extension 'python_setup_py'
[0.191s] Level 1:colcon.colcon_core.package_identification:_identify(resources/csv/evaluation_lane) by extensions ['ignore', 'ignore_ament_install']
[0.191s] Level 1:colcon.colcon_core.package_identification:_identify(resources/csv/evaluation_lane) by extension 'ignore'
[0.191s] Level 1:colcon.colcon_core.package_identification:_identify(resources/csv/evaluation_lane) by extension 'ignore_ament_install'
[0.191s] Level 1:colcon.colcon_core.package_identification:_identify(resources/csv/evaluation_lane) by extensions ['colcon_pkg']
[0.191s] Level 1:colcon.colcon_core.package_identification:_identify(resources/csv/evaluation_lane) by extension 'colcon_pkg'
[0.191s] Level 1:colcon.colcon_core.package_identification:_identify(resources/csv/evaluation_lane) by extensions ['colcon_meta']
[0.191s] Level 1:colcon.colcon_core.package_identification:_identify(resources/csv/evaluation_lane) by extension 'colcon_meta'
[0.191s] Level 1:colcon.colcon_core.package_identification:_identify(resources/csv/evaluation_lane) by extensions ['ros']
[0.191s] Level 1:colcon.colcon_core.package_identification:_identify(resources/csv/evaluation_lane) by extension 'ros'
[0.191s] Level 1:colcon.colcon_core.package_identification:_identify(resources/csv/evaluation_lane) by extensions ['cmake', 'python']
[0.191s] Level 1:colcon.colcon_core.package_identification:_identify(resources/csv/evaluation_lane) by extension 'cmake'
[0.191s] Level 1:colcon.colcon_core.package_identification:_identify(resources/csv/evaluation_lane) by extension 'python'
[0.191s] Level 1:colcon.colcon_core.package_identification:_identify(resources/csv/evaluation_lane) by extensions ['python_setup_py']
[0.191s] Level 1:colcon.colcon_core.package_identification:_identify(resources/csv/evaluation_lane) by extension 'python_setup_py'
[0.191s] Level 1:colcon.colcon_core.package_identification:_identify(resources/csv/simulation_lane) by extensions ['ignore', 'ignore_ament_install']
[0.191s] Level 1:colcon.colcon_core.package_identification:_identify(resources/csv/simulation_lane) by extension 'ignore'
[0.191s] Level 1:colcon.colcon_core.package_identification:_identify(resources/csv/simulation_lane) by extension 'ignore_ament_install'
[0.191s] Level 1:colcon.colcon_core.package_identification:_identify(resources/csv/simulation_lane) by extensions ['colcon_pkg']
[0.191s] Level 1:colcon.colcon_core.package_identification:_identify(resources/csv/simulation_lane) by extension 'colcon_pkg'
[0.191s] Level 1:colcon.colcon_core.package_identification:_identify(resources/csv/simulation_lane) by extensions ['colcon_meta']
[0.191s] Level 1:colcon.colcon_core.package_identification:_identify(resources/csv/simulation_lane) by extension 'colcon_meta'
[0.191s] Level 1:colcon.colcon_core.package_identification:_identify(resources/csv/simulation_lane) by extensions ['ros']
[0.191s] Level 1:colcon.colcon_core.package_identification:_identify(resources/csv/simulation_lane) by extension 'ros'
[0.191s] Level 1:colcon.colcon_core.package_identification:_identify(resources/csv/simulation_lane) by extensions ['cmake', 'python']
[0.191s] Level 1:colcon.colcon_core.package_identification:_identify(resources/csv/simulation_lane) by extension 'cmake'
[0.191s] Level 1:colcon.colcon_core.package_identification:_identify(resources/csv/simulation_lane) by extension 'python'
[0.191s] Level 1:colcon.colcon_core.package_identification:_identify(resources/csv/simulation_lane) by extensions ['python_setup_py']
[0.191s] Level 1:colcon.colcon_core.package_identification:_identify(resources/csv/simulation_lane) by extension 'python_setup_py'
[0.191s] Level 1:colcon.colcon_core.package_identification:_identify(resources/meshes) by extensions ['ignore', 'ignore_ament_install']
[0.192s] Level 1:colcon.colcon_core.package_identification:_identify(resources/meshes) by extension 'ignore'
[0.192s] Level 1:colcon.colcon_core.package_identification:_identify(resources/meshes) by extension 'ignore_ament_install'
[0.192s] Level 1:colcon.colcon_core.package_identification:_identify(resources/meshes) by extensions ['colcon_pkg']
[0.192s] Level 1:colcon.colcon_core.package_identification:_identify(resources/meshes) by extension 'colcon_pkg'
[0.192s] Level 1:colcon.colcon_core.package_identification:_identify(resources/meshes) by extensions ['colcon_meta']
[0.192s] Level 1:colcon.colcon_core.package_identification:_identify(resources/meshes) by extension 'colcon_meta'
[0.192s] Level 1:colcon.colcon_core.package_identification:_identify(resources/meshes) by extensions ['ros']
[0.192s] Level 1:colcon.colcon_core.package_identification:_identify(resources/meshes) by extension 'ros'
[0.192s] Level 1:colcon.colcon_core.package_identification:_identify(resources/meshes) by extensions ['cmake', 'python']
[0.192s] Level 1:colcon.colcon_core.package_identification:_identify(resources/meshes) by extension 'cmake'
[0.192s] Level 1:colcon.colcon_core.package_identification:_identify(resources/meshes) by extension 'python'
[0.192s] Level 1:colcon.colcon_core.package_identification:_identify(resources/meshes) by extensions ['python_setup_py']
[0.192s] Level 1:colcon.colcon_core.package_identification:_identify(resources/meshes) by extension 'python_setup_py'
[0.192s] Level 1:colcon.colcon_core.package_identification:_identify(resources/rviz) by extensions ['ignore', 'ignore_ament_install']
[0.192s] Level 1:colcon.colcon_core.package_identification:_identify(resources/rviz) by extension 'ignore'
[0.192s] Level 1:colcon.colcon_core.package_identification:_identify(resources/rviz) by extension 'ignore_ament_install'
[0.192s] Level 1:colcon.colcon_core.package_identification:_identify(resources/rviz) by extensions ['colcon_pkg']
[0.192s] Level 1:colcon.colcon_core.package_identification:_identify(resources/rviz) by extension 'colcon_pkg'
[0.192s] Level 1:colcon.colcon_core.package_identification:_identify(resources/rviz) by extensions ['colcon_meta']
[0.192s] Level 1:colcon.colcon_core.package_identification:_identify(resources/rviz) by extension 'colcon_meta'
[0.192s] Level 1:colcon.colcon_core.package_identification:_identify(resources/rviz) by extensions ['ros']
[0.192s] Level 1:colcon.colcon_core.package_identification:_identify(resources/rviz) by extension 'ros'
[0.192s] Level 1:colcon.colcon_core.package_identification:_identify(resources/rviz) by extensions ['cmake', 'python']
[0.192s] Level 1:colcon.colcon_core.package_identification:_identify(resources/rviz) by extension 'cmake'
[0.192s] Level 1:colcon.colcon_core.package_identification:_identify(resources/rviz) by extension 'python'
[0.192s] Level 1:colcon.colcon_core.package_identification:_identify(resources/rviz) by extensions ['python_setup_py']
[0.192s] Level 1:colcon.colcon_core.package_identification:_identify(resources/rviz) by extension 'python_setup_py'
[0.192s] Level 1:colcon.colcon_core.package_identification:_identify(src) by extensions ['ignore', 'ignore_ament_install']
[0.192s] Level 1:colcon.colcon_core.package_identification:_identify(src) by extension 'ignore'
[0.192s] Level 1:colcon.colcon_core.package_identification:_identify(src) by extension 'ignore_ament_install'
[0.192s] Level 1:colcon.colcon_core.package_identification:_identify(src) by extensions ['colcon_pkg']
[0.192s] Level 1:colcon.colcon_core.package_identification:_identify(src) by extension 'colcon_pkg'
[0.192s] Level 1:colcon.colcon_core.package_identification:_identify(src) by extensions ['colcon_meta']
[0.192s] Level 1:colcon.colcon_core.package_identification:_identify(src) by extension 'colcon_meta'
[0.192s] Level 1:colcon.colcon_core.package_identification:_identify(src) by extensions ['ros']
[0.192s] Level 1:colcon.colcon_core.package_identification:_identify(src) by extension 'ros'
[0.192s] Level 1:colcon.colcon_core.package_identification:_identify(src) by extensions ['cmake', 'python']
[0.192s] Level 1:colcon.colcon_core.package_identification:_identify(src) by extension 'cmake'
[0.192s] Level 1:colcon.colcon_core.package_identification:_identify(src) by extension 'python'
[0.192s] Level 1:colcon.colcon_core.package_identification:_identify(src) by extensions ['python_setup_py']
[0.192s] Level 1:colcon.colcon_core.package_identification:_identify(src) by extension 'python_setup_py'
[0.192s] Level 1:colcon.colcon_core.package_identification:_identify(src/app) by extensions ['ignore', 'ignore_ament_install']
[0.192s] Level 1:colcon.colcon_core.package_identification:_identify(src/app) by extension 'ignore'
[0.192s] Level 1:colcon.colcon_core.package_identification:_identify(src/app) by extension 'ignore_ament_install'
[0.192s] Level 1:colcon.colcon_core.package_identification:_identify(src/app) by extensions ['colcon_pkg']
[0.192s] Level 1:colcon.colcon_core.package_identification:_identify(src/app) by extension 'colcon_pkg'
[0.192s] Level 1:colcon.colcon_core.package_identification:_identify(src/app) by extensions ['colcon_meta']
[0.192s] Level 1:colcon.colcon_core.package_identification:_identify(src/app) by extension 'colcon_meta'
[0.192s] Level 1:colcon.colcon_core.package_identification:_identify(src/app) by extensions ['ros']
[0.192s] Level 1:colcon.colcon_core.package_identification:_identify(src/app) by extension 'ros'
[0.193s] Level 1:colcon.colcon_core.package_identification:_identify(src/app) by extensions ['cmake', 'python']
[0.193s] Level 1:colcon.colcon_core.package_identification:_identify(src/app) by extension 'cmake'
[0.193s] Level 1:colcon.colcon_core.package_identification:_identify(src/app) by extension 'python'
[0.193s] Level 1:colcon.colcon_core.package_identification:_identify(src/app) by extensions ['python_setup_py']
[0.193s] Level 1:colcon.colcon_core.package_identification:_identify(src/app) by extension 'python_setup_py'
[0.193s] Level 1:colcon.colcon_core.package_identification:_identify(src/app/autonomous_driving) by extensions ['ignore', 'ignore_ament_install']
[0.193s] Level 1:colcon.colcon_core.package_identification:_identify(src/app/autonomous_driving) by extension 'ignore'
[0.193s] Level 1:colcon.colcon_core.package_identification:_identify(src/app/autonomous_driving) by extension 'ignore_ament_install'
[0.193s] Level 1:colcon.colcon_core.package_identification:_identify(src/app/autonomous_driving) by extensions ['colcon_pkg']
[0.193s] Level 1:colcon.colcon_core.package_identification:_identify(src/app/autonomous_driving) by extension 'colcon_pkg'
[0.193s] Level 1:colcon.colcon_core.package_identification:_identify(src/app/autonomous_driving) by extensions ['colcon_meta']
[0.193s] Level 1:colcon.colcon_core.package_identification:_identify(src/app/autonomous_driving) by extension 'colcon_meta'
[0.193s] Level 1:colcon.colcon_core.package_identification:_identify(src/app/autonomous_driving) by extensions ['ros']
[0.193s] Level 1:colcon.colcon_core.package_identification:_identify(src/app/autonomous_driving) by extension 'ros'
[0.194s] DEBUG:colcon.colcon_core.package_identification:Package 'src/app/autonomous_driving' with type 'ros.ament_cmake' and name 'autonomous_driving'
[0.194s] Level 1:colcon.colcon_core.package_identification:_identify(src/app/evaluation) by extensions ['ignore', 'ignore_ament_install']
[0.194s] Level 1:colcon.colcon_core.package_identification:_identify(src/app/evaluation) by extension 'ignore'
[0.195s] Level 1:colcon.colcon_core.package_identification:_identify(src/app/evaluation) by extension 'ignore_ament_install'
[0.195s] Level 1:colcon.colcon_core.package_identification:_identify(src/app/evaluation) by extensions ['colcon_pkg']
[0.195s] Level 1:colcon.colcon_core.package_identification:_identify(src/app/evaluation) by extension 'colcon_pkg'
[0.195s] Level 1:colcon.colcon_core.package_identification:_identify(src/app/evaluation) by extensions ['colcon_meta']
[0.195s] Level 1:colcon.colcon_core.package_identification:_identify(src/app/evaluation) by extension 'colcon_meta'
[0.195s] Level 1:colcon.colcon_core.package_identification:_identify(src/app/evaluation) by extensions ['ros']
[0.195s] Level 1:colcon.colcon_core.package_identification:_identify(src/app/evaluation) by extension 'ros'
[0.195s] DEBUG:colcon.colcon_core.package_identification:Package 'src/app/evaluation' with type 'ros.ament_cmake' and name 'evaluation'
[0.195s] Level 1:colcon.colcon_core.package_identification:_identify(src/app/scenario_runner) by extensions ['ignore', 'ignore_ament_install']
[0.195s] Level 1:colcon.colcon_core.package_identification:_identify(src/app/scenario_runner) by extension 'ignore'
[0.195s] Level 1:colcon.colcon_core.package_identification:_identify(src/app/scenario_runner) by extension 'ignore_ament_install'
[0.195s] Level 1:colcon.colcon_core.package_identification:_identify(src/app/scenario_runner) by extensions ['colcon_pkg']
[0.195s] Level 1:colcon.colcon_core.package_identification:_identify(src/app/scenario_runner) by extension 'colcon_pkg'
[0.195s] Level 1:colcon.colcon_core.package_identification:_identify(src/app/scenario_runner) by extensions ['colcon_meta']
[0.195s] Level 1:colcon.colcon_core.package_identification:_identify(src/app/scenario_runner) by extension 'colcon_meta'
[0.195s] Level 1:colcon.colcon_core.package_identification:_identify(src/app/scenario_runner) by extensions ['ros']
[0.195s] Level 1:colcon.colcon_core.package_identification:_identify(src/app/scenario_runner) by extension 'ros'
[0.196s] DEBUG:colcon.colcon_core.package_identification:Package 'src/app/scenario_runner' with type 'ros.ament_cmake' and name 'scenario_runner'
[0.196s] Level 1:colcon.colcon_core.package_identification:_identify(src/app/simulator) by extensions ['ignore', 'ignore_ament_install']
[0.196s] Level 1:colcon.colcon_core.package_identification:_identify(src/app/simulator) by extension 'ignore'
[0.196s] Level 1:colcon.colcon_core.package_identification:_identify(src/app/simulator) by extension 'ignore_ament_install'
[0.196s] Level 1:colcon.colcon_core.package_identification:_identify(src/app/simulator) by extensions ['colcon_pkg']
[0.196s] Level 1:colcon.colcon_core.package_identification:_identify(src/app/simulator) by extension 'colcon_pkg'
[0.196s] Level 1:colcon.colcon_core.package_identification:_identify(src/app/simulator) by extensions ['colcon_meta']
[0.196s] Level 1:colcon.colcon_core.package_identification:_identify(src/app/simulator) by extension 'colcon_meta'
[0.196s] Level 1:colcon.colcon_core.package_identification:_identify(src/app/simulator) by extensions ['ros']
[0.196s] Level 1:colcon.colcon_core.package_identification:_identify(src/app/simulator) by extension 'ros'
[0.196s] DEBUG:colcon.colcon_core.package_identification:Package 'src/app/simulator' with type 'ros.ament_cmake' and name 'simulator'
[0.196s] Level 1:colcon.colcon_core.package_identification:_identify(src/bsw) by extensions ['ignore', 'ignore_ament_install']
[0.196s] Level 1:colcon.colcon_core.package_identification:_identify(src/bsw) by extension 'ignore'
[0.196s] Level 1:colcon.colcon_core.package_identification:_identify(src/bsw) by extension 'ignore_ament_install'
[0.196s] Level 1:colcon.colcon_core.package_identification:_identify(src/bsw) by extensions ['colcon_pkg']
[0.196s] Level 1:colcon.colcon_core.package_identification:_identify(src/bsw) by extension 'colcon_pkg'
[0.196s] Level 1:colcon.colcon_core.package_identification:_identify(src/bsw) by extensions ['colcon_meta']
[0.196s] Level 1:colcon.colcon_core.package_identification:_identify(src/bsw) by extension 'colcon_meta'
[0.196s] Level 1:colcon.colcon_core.package_identification:_identify(src/bsw) by extensions ['ros']
[0.196s] Level 1:colcon.colcon_core.package_identification:_identify(src/bsw) by extension 'ros'
[0.196s] Level 1:colcon.colcon_core.package_identification:_identify(src/bsw) by extensions ['cmake', 'python']
[0.196s] Level 1:colcon.colcon_core.package_identification:_identify(src/bsw) by extension 'cmake'
[0.196s] Level 1:colcon.colcon_core.package_identification:_identify(src/bsw) by extension 'python'
[0.196s] Level 1:colcon.colcon_core.package_identification:_identify(src/bsw) by extensions ['python_setup_py']
[0.196s] Level 1:colcon.colcon_core.package_identification:_identify(src/bsw) by extension 'python_setup_py'
[0.196s] Level 1:colcon.colcon_core.package_identification:_identify(src/bsw/system) by extensions ['ignore', 'ignore_ament_install']
[0.197s] Level 1:colcon.colcon_core.package_identification:_identify(src/bsw/system) by extension 'ignore'
[0.197s] Level 1:colcon.colcon_core.package_identification:_identify(src/bsw/system) by extension 'ignore_ament_install'
[0.197s] Level 1:colcon.colcon_core.package_identification:_identify(src/bsw/system) by extensions ['colcon_pkg']
[0.197s] Level 1:colcon.colcon_core.package_identification:_identify(src/bsw/system) by extension 'colcon_pkg'
[0.197s] Level 1:colcon.colcon_core.package_identification:_identify(src/bsw/system) by extensions ['colcon_meta']
[0.197s] Level 1:colcon.colcon_core.package_identification:_identify(src/bsw/system) by extension 'colcon_meta'
[0.197s] Level 1:colcon.colcon_core.package_identification:_identify(src/bsw/system) by extensions ['ros']
[0.197s] Level 1:colcon.colcon_core.package_identification:_identify(src/bsw/system) by extension 'ros'
[0.197s] Level 1:colcon.colcon_core.package_identification:_identify(src/bsw/system) by extensions ['cmake', 'python']
[0.197s] Level 1:colcon.colcon_core.package_identification:_identify(src/bsw/system) by extension 'cmake'
[0.197s] Level 1:colcon.colcon_core.package_identification:_identify(src/bsw/system) by extension 'python'
[0.197s] Level 1:colcon.colcon_core.package_identification:_identify(src/bsw/system) by extensions ['python_setup_py']
[0.197s] Level 1:colcon.colcon_core.package_identification:_identify(src/bsw/system) by extension 'python_setup_py'
[0.197s] Level 1:colcon.colcon_core.package_identification:_identify(src/bsw/system/interface) by extensions ['ignore', 'ignore_ament_install']
[0.197s] Level 1:colcon.colcon_core.package_identification:_identify(src/bsw/system/interface) by extension 'ignore'
[0.197s] Level 1:colcon.colcon_core.package_identification:_identify(src/bsw/system/interface) by extension 'ignore_ament_install'
[0.197s] Level 1:colcon.colcon_core.package_identification:_identify(src/bsw/system/interface) by extensions ['colcon_pkg']
[0.197s] Level 1:colcon.colcon_core.package_identification:_identify(src/bsw/system/interface) by extension 'colcon_pkg'
[0.197s] Level 1:colcon.colcon_core.package_identification:_identify(src/bsw/system/interface) by extensions ['colcon_meta']
[0.197s] Level 1:colcon.colcon_core.package_identification:_identify(src/bsw/system/interface) by extension 'colcon_meta'
[0.197s] Level 1:colcon.colcon_core.package_identification:_identify(src/bsw/system/interface) by extensions ['ros']
[0.197s] Level 1:colcon.colcon_core.package_identification:_identify(src/bsw/system/interface) by extension 'ros'
[0.197s] Level 1:colcon.colcon_core.package_identification:_identify(src/bsw/system/interface) by extensions ['cmake', 'python']
[0.197s] Level 1:colcon.colcon_core.package_identification:_identify(src/bsw/system/interface) by extension 'cmake'
[0.197s] Level 1:colcon.colcon_core.package_identification:_identify(src/bsw/system/interface) by extension 'python'
[0.197s] Level 1:colcon.colcon_core.package_identification:_identify(src/bsw/system/interface) by extensions ['python_setup_py']
[0.197s] Level 1:colcon.colcon_core.package_identification:_identify(src/bsw/system/interface) by extension 'python_setup_py'
[0.197s] Level 1:colcon.colcon_core.package_identification:_identify(src/rte) by extensions ['ignore', 'ignore_ament_install']
[0.197s] Level 1:colcon.colcon_core.package_identification:_identify(src/rte) by extension 'ignore'
[0.197s] Level 1:colcon.colcon_core.package_identification:_identify(src/rte) by extension 'ignore_ament_install'
[0.197s] Level 1:colcon.colcon_core.package_identification:_identify(src/rte) by extensions ['colcon_pkg']
[0.197s] Level 1:colcon.colcon_core.package_identification:_identify(src/rte) by extension 'colcon_pkg'
[0.197s] Level 1:colcon.colcon_core.package_identification:_identify(src/rte) by extensions ['colcon_meta']
[0.197s] Level 1:colcon.colcon_core.package_identification:_identify(src/rte) by extension 'colcon_meta'
[0.197s] Level 1:colcon.colcon_core.package_identification:_identify(src/rte) by extensions ['ros']
[0.197s] Level 1:colcon.colcon_core.package_identification:_identify(src/rte) by extension 'ros'
[0.197s] Level 1:colcon.colcon_core.package_identification:_identify(src/rte) by extensions ['cmake', 'python']
[0.197s] Level 1:colcon.colcon_core.package_identification:_identify(src/rte) by extension 'cmake'
[0.197s] Level 1:colcon.colcon_core.package_identification:_identify(src/rte) by extension 'python'
[0.197s] Level 1:colcon.colcon_core.package_identification:_identify(src/rte) by extensions ['python_setup_py']
[0.197s] Level 1:colcon.colcon_core.package_identification:_identify(src/rte) by extension 'python_setup_py'
[0.198s] Level 1:colcon.colcon_core.package_identification:_identify(src/rte/msg) by extensions ['ignore', 'ignore_ament_install']
[0.198s] Level 1:colcon.colcon_core.package_identification:_identify(src/rte/msg) by extension 'ignore'
[0.198s] Level 1:colcon.colcon_core.package_identification:_identify(src/rte/msg) by extension 'ignore_ament_install'
[0.198s] Level 1:colcon.colcon_core.package_identification:_identify(src/rte/msg) by extensions ['colcon_pkg']
[0.198s] Level 1:colcon.colcon_core.package_identification:_identify(src/rte/msg) by extension 'colcon_pkg'
[0.198s] Level 1:colcon.colcon_core.package_identification:_identify(src/rte/msg) by extensions ['colcon_meta']
[0.198s] Level 1:colcon.colcon_core.package_identification:_identify(src/rte/msg) by extension 'colcon_meta'
[0.198s] Level 1:colcon.colcon_core.package_identification:_identify(src/rte/msg) by extensions ['ros']
[0.198s] Level 1:colcon.colcon_core.package_identification:_identify(src/rte/msg) by extension 'ros'
[0.198s] Level 1:colcon.colcon_core.package_identification:_identify(src/rte/msg) by extensions ['cmake', 'python']
[0.198s] Level 1:colcon.colcon_core.package_identification:_identify(src/rte/msg) by extension 'cmake'
[0.198s] Level 1:colcon.colcon_core.package_identification:_identify(src/rte/msg) by extension 'python'
[0.198s] Level 1:colcon.colcon_core.package_identification:_identify(src/rte/msg) by extensions ['python_setup_py']
[0.198s] Level 1:colcon.colcon_core.package_identification:_identify(src/rte/msg) by extension 'python_setup_py'
[0.198s] Level 1:colcon.colcon_core.package_identification:_identify(src/rte/msg/ad_msgs) by extensions ['ignore', 'ignore_ament_install']
[0.198s] Level 1:colcon.colcon_core.package_identification:_identify(src/rte/msg/ad_msgs) by extension 'ignore'
[0.198s] Level 1:colcon.colcon_core.package_identification:_identify(src/rte/msg/ad_msgs) by extension 'ignore_ament_install'
[0.198s] Level 1:colcon.colcon_core.package_identification:_identify(src/rte/msg/ad_msgs) by extensions ['colcon_pkg']
[0.198s] Level 1:colcon.colcon_core.package_identification:_identify(src/rte/msg/ad_msgs) by extension 'colcon_pkg'
[0.198s] Level 1:colcon.colcon_core.package_identification:_identify(src/rte/msg/ad_msgs) by extensions ['colcon_meta']
[0.198s] Level 1:colcon.colcon_core.package_identification:_identify(src/rte/msg/ad_msgs) by extension 'colcon_meta'
[0.198s] Level 1:colcon.colcon_core.package_identification:_identify(src/rte/msg/ad_msgs) by extensions ['ros']
[0.198s] Level 1:colcon.colcon_core.package_identification:_identify(src/rte/msg/ad_msgs) by extension 'ros'
[0.198s] DEBUG:colcon.colcon_core.package_identification:Package 'src/rte/msg/ad_msgs' with type 'ros.ament_cmake' and name 'ad_msgs'
[0.199s] Level 1:colcon.colcon_core.package_discovery:discover_packages(recursive) using defaults
[0.199s] Level 1:colcon.colcon_core.package_discovery:discover_packages(ignore) discover
[0.199s] Level 1:colcon.colcon_core.package_discovery:discover_packages(ignore) using defaults
[0.199s] Level 1:colcon.colcon_core.package_discovery:discover_packages(path) discover
[0.199s] Level 1:colcon.colcon_core.package_discovery:discover_packages(path) using defaults
[0.216s] Level 1:colcon.colcon_core.package_discovery:discover_packages(prefix_path) check parameters
[0.216s] Level 1:colcon.colcon_core.package_discovery:discover_packages(prefix_path) discover
[0.217s] DEBUG:colcon.colcon_installed_package_information.package_discovery:Found 5 installed packages in /home/seok/automotive_software_mid-term/install
[0.217s] DEBUG:colcon.colcon_installed_package_information.package_discovery:Found 4 installed packages in /home/seok/ros2_ws/install
[0.218s] DEBUG:colcon.colcon_installed_package_information.package_discovery:Found 296 installed packages in /opt/ros/humble
[0.219s] Level 1:colcon.colcon_core.package_discovery:discover_packages(prefix_path) using defaults
[0.824s] Level 5:colcon.colcon_core.verb:set package 'ad_msgs' build argument 'cmake_args' from command line to 'None'
[0.824s] Level 5:colcon.colcon_core.verb:set package 'ad_msgs' build argument 'cmake_target' from command line to 'None'
[0.824s] Level 5:colcon.colcon_core.verb:set package 'ad_msgs' build argument 'cmake_target_skip_unavailable' from command line to 'False'
[0.824s] Level 5:colcon.colcon_core.verb:set package 'ad_msgs' build argument 'cmake_clean_cache' from command line to 'False'
[0.824s] Level 5:colcon.colcon_core.verb:set package 'ad_msgs' build argument 'cmake_clean_first' from command line to 'False'
[0.824s] Level 5:colcon.colcon_core.verb:set package 'ad_msgs' build argument 'cmake_force_configure' from command line to 'False'
[0.824s] Level 5:colcon.colcon_core.verb:set package 'ad_msgs' build argument 'ament_cmake_args' from command line to 'None'
[0.824s] Level 5:colcon.colcon_core.verb:set package 'ad_msgs' build argument 'catkin_cmake_args' from command line to 'None'
[0.824s] Level 5:colcon.colcon_core.verb:set package 'ad_msgs' build argument 'catkin_skip_building_tests' from command line to 'False'
[0.824s] DEBUG:colcon.colcon_core.verb:Building package 'ad_msgs' with the following arguments: {'ament_cmake_args': None, 'build_base': '/home/seok/automotive_software_mid-term/build/ad_msgs', 'catkin_cmake_args': None, 'catkin_skip_building_tests': False, 'cmake_args': None, 'cmake_clean_cache': False, 'cmake_clean_first': False, 'cmake_force_configure': False, 'cmake_target': None, 'cmake_target_skip_unavailable': False, 'install_base': '/home/seok/automotive_software_mid-term/install/ad_msgs', 'merge_install': False, 'path': '/home/seok/automotive_software_mid-term/src/rte/msg/ad_msgs', 'symlink_install': False, 'test_result_base': None}
[0.825s] Level 5:colcon.colcon_core.verb:set package 'autonomous_driving' build argument 'cmake_args' from command line to 'None'
[0.825s] Level 5:colcon.colcon_core.verb:set package 'autonomous_driving' build argument 'cmake_target' from command line to 'None'
[0.825s] Level 5:colcon.colcon_core.verb:set package 'autonomous_driving' build argument 'cmake_target_skip_unavailable' from command line to 'False'
[0.825s] Level 5:colcon.colcon_core.verb:set package 'autonomous_driving' build argument 'cmake_clean_cache' from command line to 'False'
[0.825s] Level 5:colcon.colcon_core.verb:set package 'autonomous_driving' build argument 'cmake_clean_first' from command line to 'False'
[0.825s] Level 5:colcon.colcon_core.verb:set package 'autonomous_driving' build argument 'cmake_force_configure' from command line to 'False'
[0.825s] Level 5:colcon.colcon_core.verb:set package 'autonomous_driving' build argument 'ament_cmake_args' from command line to 'None'
[0.825s] Level 5:colcon.colcon_core.verb:set package 'autonomous_driving' build argument 'catkin_cmake_args' from command line to 'None'
[0.825s] Level 5:colcon.colcon_core.verb:set package 'autonomous_driving' build argument 'catkin_skip_building_tests' from command line to 'False'
[0.825s] DEBUG:colcon.colcon_core.verb:Building package 'autonomous_driving' with the following arguments: {'ament_cmake_args': None, 'build_base': '/home/seok/automotive_software_mid-term/build/autonomous_driving', 'catkin_cmake_args': None, 'catkin_skip_building_tests': False, 'cmake_args': None, 'cmake_clean_cache': False, 'cmake_clean_first': False, 'cmake_force_configure': False, 'cmake_target': None, 'cmake_target_skip_unavailable': False, 'install_base': '/home/seok/automotive_software_mid-term/install/autonomous_driving', 'merge_install': False, 'path': '/home/seok/automotive_software_mid-term/src/app/autonomous_driving', 'symlink_install': False, 'test_result_base': None}
[0.825s] Level 5:colcon.colcon_core.verb:set package 'evaluation' build argument 'cmake_args' from command line to 'None'
[0.825s] Level 5:colcon.colcon_core.verb:set package 'evaluation' build argument 'cmake_target' from command line to 'None'
[0.825s] Level 5:colcon.colcon_core.verb:set package 'evaluation' build argument 'cmake_target_skip_unavailable' from command line to 'False'
[0.825s] Level 5:colcon.colcon_core.verb:set package 'evaluation' build argument 'cmake_clean_cache' from command line to 'False'
[0.825s] Level 5:colcon.colcon_core.verb:set package 'evaluation' build argument 'cmake_clean_first' from command line to 'False'
[0.825s] Level 5:colcon.colcon_core.verb:set package 'evaluation' build argument 'cmake_force_configure' from command line to 'False'
[0.825s] Level 5:colcon.colcon_core.verb:set package 'evaluation' build argument 'ament_cmake_args' from command line to 'None'
[0.825s] Level 5:colcon.colcon_core.verb:set package 'evaluation' build argument 'catkin_cmake_args' from command line to 'None'
[0.825s] Level 5:colcon.colcon_core.verb:set package 'evaluation' build argument 'catkin_skip_building_tests' from command line to 'False'
[0.825s] DEBUG:colcon.colcon_core.verb:Building package 'evaluation' with the following arguments: {'ament_cmake_args': None, 'build_base': '/home/seok/automotive_software_mid-term/build/evaluation', 'catkin_cmake_args': None, 'catkin_skip_building_tests': False, 'cmake_args': None, 'cmake_clean_cache': False, 'cmake_clean_first': False, 'cmake_force_configure': False, 'cmake_target': None, 'cmake_target_skip_unavailable': False, 'install_base': '/home/seok/automotive_software_mid-term/install/evaluation', 'merge_install': False, 'path': '/home/seok/automotive_software_mid-term/src/app/evaluation', 'symlink_install': False, 'test_result_base': None}
[0.825s] Level 5:colcon.colcon_core.verb:set package 'scenario_runner' build argument 'cmake_args' from command line to 'None'
[0.825s] Level 5:colcon.colcon_core.verb:set package 'scenario_runner' build argument 'cmake_target' from command line to 'None'
[0.825s] Level 5:colcon.colcon_core.verb:set package 'scenario_runner' build argument 'cmake_target_skip_unavailable' from command line to 'False'
[0.825s] Level 5:colcon.colcon_core.verb:set package 'scenario_runner' build argument 'cmake_clean_cache' from command line to 'False'
[0.825s] Level 5:colcon.colcon_core.verb:set package 'scenario_runner' build argument 'cmake_clean_first' from command line to 'False'
[0.825s] Level 5:colcon.colcon_core.verb:set package 'scenario_runner' build argument 'cmake_force_configure' from command line to 'False'
[0.825s] Level 5:colcon.colcon_core.verb:set package 'scenario_runner' build argument 'ament_cmake_args' from command line to 'None'
[0.825s] Level 5:colcon.colcon_core.verb:set package 'scenario_runner' build argument 'catkin_cmake_args' from command line to 'None'
[0.825s] Level 5:colcon.colcon_core.verb:set package 'scenario_runner' build argument 'catkin_skip_building_tests' from command line to 'False'
[0.825s] DEBUG:colcon.colcon_core.verb:Building package 'scenario_runner' with the following arguments: {'ament_cmake_args': None, 'build_base': '/home/seok/automotive_software_mid-term/build/scenario_runner', 'catkin_cmake_args': None, 'catkin_skip_building_tests': False, 'cmake_args': None, 'cmake_clean_cache': False, 'cmake_clean_first': False, 'cmake_force_configure': False, 'cmake_target': None, 'cmake_target_skip_unavailable': False, 'install_base': '/home/seok/automotive_software_mid-term/install/scenario_runner', 'merge_install': False, 'path': '/home/seok/automotive_software_mid-term/src/app/scenario_runner', 'symlink_install': False, 'test_result_base': None}
[0.825s] Level 5:colcon.colcon_core.verb:set package 'simulator' build argument 'cmake_args' from command line to 'None'
[0.825s] Level 5:colcon.colcon_core.verb:set package 'simulator' build argument 'cmake_target' from command line to 'None'
[0.825s] Level 5:colcon.colcon_core.verb:set package 'simulator' build argument 'cmake_target_skip_unavailable' from command line to 'False'
[0.826s] Level 5:colcon.colcon_core.verb:set package 'simulator' build argument 'cmake_clean_cache' from command line to 'False'
[0.826s] Level 5:colcon.colcon_core.verb:set package 'simulator' build argument 'cmake_clean_first' from command line to 'False'
[0.826s] Level 5:colcon.colcon_core.verb:set package 'simulator' build argument 'cmake_force_configure' from command line to 'False'
[0.826s] Level 5:colcon.colcon_core.verb:set package 'simulator' build argument 'ament_cmake_args' from command line to 'None'
[0.826s] Level 5:colcon.colcon_core.verb:set package 'simulator' build argument 'catkin_cmake_args' from command line to 'None'
[0.826s] Level 5:colcon.colcon_core.verb:set package 'simulator' build argument 'catkin_skip_building_tests' from command line to 'False'
[0.826s] DEBUG:colcon.colcon_core.verb:Building package 'simulator' with the following arguments: {'ament_cmake_args': None, 'build_base': '/home/seok/automotive_software_mid-term/build/simulator', 'catkin_cmake_args': None, 'catkin_skip_building_tests': False, 'cmake_args': None, 'cmake_clean_cache': False, 'cmake_clean_first': False, 'cmake_force_configure': False, 'cmake_target': None, 'cmake_target_skip_unavailable': False, 'install_base': '/home/seok/automotive_software_mid-term/install/simulator', 'merge_install': False, 'path': '/home/seok/automotive_software_mid-term/src/app/simulator', 'symlink_install': False, 'test_result_base': None}
[0.826s] INFO:colcon.colcon_core.executor:Executing jobs using 'parallel' executor
[0.826s] DEBUG:colcon.colcon_parallel_executor.executor.parallel:run_until_complete
[0.826s] INFO:colcon.colcon_ros.task.ament_cmake.build:Building ROS package in '/home/seok/automotive_software_mid-term/src/rte/msg/ad_msgs' with build type 'ament_cmake'
[0.827s] INFO:colcon.colcon_cmake.task.cmake.build:Building CMake package in '/home/seok/automotive_software_mid-term/src/rte/msg/ad_msgs'
[0.828s] INFO:colcon.colcon_core.plugin_system:Skipping extension 'colcon_core.shell.bat': Not used on non-Windows systems
[0.828s] INFO:colcon.colcon_core.shell:Skip shell extension 'powershell' for command environment: Not usable outside of PowerShell
[0.828s] DEBUG:colcon.colcon_core.shell:Skip shell extension 'dsv' for command environment
[0.834s] DEBUG:colcon.colcon_core.event_handler.log_command:Invoking command in '/home/seok/automotive_software_mid-term/build/ad_msgs': CMAKE_PREFIX_PATH=${CMAKE_PREFIX_PATH}:/opt/ros/humble /usr/bin/cmake --build /home/seok/automotive_software_mid-term/build/ad_msgs -- -j16 -l16
[1.030s] DEBUG:colcon.colcon_core.event_handler.log_command:Invoked command in '/home/seok/automotive_software_mid-term/build/ad_msgs' returned '0': CMAKE_PREFIX_PATH=${CMAKE_PREFIX_PATH}:/opt/ros/humble /usr/bin/cmake --build /home/seok/automotive_software_mid-term/build/ad_msgs -- -j16 -l16
[1.115s] DEBUG:colcon.colcon_core.event_handler.log_command:Invoking command in '/home/seok/automotive_software_mid-term/build/ad_msgs': CMAKE_PREFIX_PATH=${CMAKE_PREFIX_PATH}:/opt/ros/humble /usr/bin/cmake --install /home/seok/automotive_software_mid-term/build/ad_msgs
[1.148s] Level 1:colcon.colcon_core.environment:create_environment_scripts_only(ad_msgs)
[1.149s] DEBUG:colcon.colcon_core.event_handler.log_command:Invoked command in '/home/seok/automotive_software_mid-term/build/ad_msgs' returned '0': CMAKE_PREFIX_PATH=${CMAKE_PREFIX_PATH}:/opt/ros/humble /usr/bin/cmake --install /home/seok/automotive_software_mid-term/build/ad_msgs
[1.150s] Level 1:colcon.colcon_core.environment:checking '/home/seok/automotive_software_mid-term/install/ad_msgs' for CMake module files
[1.150s] Level 1:colcon.colcon_core.environment:checking '/home/seok/automotive_software_mid-term/install/ad_msgs' for CMake config files
[1.150s] Level 1:colcon.colcon_core.shell:create_environment_hook('ad_msgs', 'cmake_prefix_path')
[1.150s] INFO:colcon.colcon_core.shell:Creating environment hook '/home/seok/automotive_software_mid-term/install/ad_msgs/share/ad_msgs/hook/cmake_prefix_path.ps1'
[1.151s] INFO:colcon.colcon_core.shell:Creating environment descriptor '/home/seok/automotive_software_mid-term/install/ad_msgs/share/ad_msgs/hook/cmake_prefix_path.dsv'
[1.151s] INFO:colcon.colcon_core.shell:Creating environment hook '/home/seok/automotive_software_mid-term/install/ad_msgs/share/ad_msgs/hook/cmake_prefix_path.sh'
[1.151s] Level 1:colcon.colcon_core.environment:checking '/home/seok/automotive_software_mid-term/install/ad_msgs/lib'
[1.152s] Level 1:colcon.colcon_core.shell:create_environment_hook('ad_msgs', 'ld_library_path_lib')
[1.152s] INFO:colcon.colcon_core.shell:Creating environment hook '/home/seok/automotive_software_mid-term/install/ad_msgs/share/ad_msgs/hook/ld_library_path_lib.ps1'
[1.152s] INFO:colcon.colcon_core.shell:Creating environment descriptor '/home/seok/automotive_software_mid-term/install/ad_msgs/share/ad_msgs/hook/ld_library_path_lib.dsv'
[1.152s] INFO:colcon.colcon_core.shell:Creating environment hook '/home/seok/automotive_software_mid-term/install/ad_msgs/share/ad_msgs/hook/ld_library_path_lib.sh'
[1.152s] Level 1:colcon.colcon_core.environment:checking '/home/seok/automotive_software_mid-term/install/ad_msgs/bin'
[1.152s] Level 1:colcon.colcon_core.environment:checking '/home/seok/automotive_software_mid-term/install/ad_msgs/lib/pkgconfig/ad_msgs.pc'
[1.152s] Level 1:colcon.colcon_core.environment:checking '/home/seok/automotive_software_mid-term/install/ad_msgs/lib/python3.10/site-packages'
[1.153s] Level 1:colcon.colcon_core.environment:checking '/home/seok/automotive_software_mid-term/install/ad_msgs/bin'
[1.153s] INFO:colcon.colcon_core.shell:Creating package script '/home/seok/automotive_software_mid-term/install/ad_msgs/share/ad_msgs/package.ps1'
[1.153s] INFO:colcon.colcon_core.shell:Creating package descriptor '/home/seok/automotive_software_mid-term/install/ad_msgs/share/ad_msgs/package.dsv'
[1.153s] INFO:colcon.colcon_core.shell:Creating package script '/home/seok/automotive_software_mid-term/install/ad_msgs/share/ad_msgs/package.sh'
[1.154s] INFO:colcon.colcon_core.shell:Creating package script '/home/seok/automotive_software_mid-term/install/ad_msgs/share/ad_msgs/package.bash'
[1.154s] INFO:colcon.colcon_core.shell:Creating package script '/home/seok/automotive_software_mid-term/install/ad_msgs/share/ad_msgs/package.zsh'
[1.154s] Level 1:colcon.colcon_core.environment:create_file_with_runtime_dependencies(/home/seok/automotive_software_mid-term/install/ad_msgs/share/colcon-core/packages/ad_msgs)
[1.234s] Level 1:colcon.colcon_core.environment:create_environment_scripts_only(ad_msgs)
[1.234s] Level 1:colcon.colcon_core.environment:checking '/home/seok/automotive_software_mid-term/install/ad_msgs' for CMake module files
[1.234s] Level 1:colcon.colcon_core.environment:checking '/home/seok/automotive_software_mid-term/install/ad_msgs' for CMake config files
[1.234s] Level 1:colcon.colcon_core.shell:create_environment_hook('ad_msgs', 'cmake_prefix_path')
[1.234s] INFO:colcon.colcon_core.shell:Creating environment hook '/home/seok/automotive_software_mid-term/install/ad_msgs/share/ad_msgs/hook/cmake_prefix_path.ps1'
[1.235s] INFO:colcon.colcon_core.shell:Creating environment descriptor '/home/seok/automotive_software_mid-term/install/ad_msgs/share/ad_msgs/hook/cmake_prefix_path.dsv'
[1.235s] INFO:colcon.colcon_core.shell:Creating environment hook '/home/seok/automotive_software_mid-term/install/ad_msgs/share/ad_msgs/hook/cmake_prefix_path.sh'
[1.235s] Level 1:colcon.colcon_core.environment:checking '/home/seok/automotive_software_mid-term/install/ad_msgs/lib'
[1.235s] Level 1:colcon.colcon_core.shell:create_environment_hook('ad_msgs', 'ld_library_path_lib')
[1.235s] INFO:colcon.colcon_core.shell:Creating environment hook '/home/seok/automotive_software_mid-term/install/ad_msgs/share/ad_msgs/hook/ld_library_path_lib.ps1'
[1.236s] INFO:colcon.colcon_core.shell:Creating environment descriptor '/home/seok/automotive_software_mid-term/install/ad_msgs/share/ad_msgs/hook/ld_library_path_lib.dsv'
[1.236s] INFO:colcon.colcon_core.shell:Creating environment hook '/home/seok/automotive_software_mid-term/install/ad_msgs/share/ad_msgs/hook/ld_library_path_lib.sh'
[1.236s] Level 1:colcon.colcon_core.environment:checking '/home/seok/automotive_software_mid-term/install/ad_msgs/bin'
[1.236s] Level 1:colcon.colcon_core.environment:checking '/home/seok/automotive_software_mid-term/install/ad_msgs/lib/pkgconfig/ad_msgs.pc'
[1.236s] Level 1:colcon.colcon_core.environment:checking '/home/seok/automotive_software_mid-term/install/ad_msgs/lib/python3.10/site-packages'
[1.236s] Level 1:colcon.colcon_core.environment:checking '/home/seok/automotive_software_mid-term/install/ad_msgs/bin'
[1.236s] INFO:colcon.colcon_core.shell:Creating package script '/home/seok/automotive_software_mid-term/install/ad_msgs/share/ad_msgs/package.ps1'
[1.237s] INFO:colcon.colcon_core.shell:Creating package descriptor '/home/seok/automotive_software_mid-term/install/ad_msgs/share/ad_msgs/package.dsv'
[1.237s] INFO:colcon.colcon_core.shell:Creating package script '/home/seok/automotive_software_mid-term/install/ad_msgs/share/ad_msgs/package.sh'
[1.237s] INFO:colcon.colcon_core.shell:Creating package script '/home/seok/automotive_software_mid-term/install/ad_msgs/share/ad_msgs/package.bash'
[1.237s] INFO:colcon.colcon_core.shell:Creating package script '/home/seok/automotive_software_mid-term/install/ad_msgs/share/ad_msgs/package.zsh'
[1.237s] Level 1:colcon.colcon_core.environment:create_file_with_runtime_dependencies(/home/seok/automotive_software_mid-term/install/ad_msgs/share/colcon-core/packages/ad_msgs)
[1.238s] INFO:colcon.colcon_ros.task.ament_cmake.build:Building ROS package in '/home/seok/automotive_software_mid-term/src/app/autonomous_driving' with build type 'ament_cmake'
[1.238s] INFO:colcon.colcon_cmake.task.cmake.build:Building CMake package in '/home/seok/automotive_software_mid-term/src/app/autonomous_driving'
[1.238s] INFO:colcon.colcon_core.shell:Skip shell extension 'powershell' for command environment: Not usable outside of PowerShell
[1.238s] DEBUG:colcon.colcon_core.shell:Skip shell extension 'dsv' for command environment
[1.240s] INFO:colcon.colcon_ros.task.ament_cmake.build:Building ROS package in '/home/seok/automotive_software_mid-term/src/app/evaluation' with build type 'ament_cmake'
[1.241s] INFO:colcon.colcon_cmake.task.cmake.build:Building CMake package in '/home/seok/automotive_software_mid-term/src/app/evaluation'
[1.241s] INFO:colcon.colcon_core.shell:Skip shell extension 'powershell' for command environment: Not usable outside of PowerShell
[1.241s] DEBUG:colcon.colcon_core.shell:Skip shell extension 'dsv' for command environment
[1.243s] INFO:colcon.colcon_ros.task.ament_cmake.build:Building ROS package in '/home/seok/automotive_software_mid-term/src/app/scenario_runner' with build type 'ament_cmake'
[1.243s] INFO:colcon.colcon_cmake.task.cmake.build:Building CMake package in '/home/seok/automotive_software_mid-term/src/app/scenario_runner'
[1.243s] INFO:colcon.colcon_core.shell:Skip shell extension 'powershell' for command environment: Not usable outside of PowerShell
[1.243s] DEBUG:colcon.colcon_core.shell:Skip shell extension 'dsv' for command environment
[1.245s] INFO:colcon.colcon_ros.task.ament_cmake.build:Building ROS package in '/home/seok/automotive_software_mid-term/src/app/simulator' with build type 'ament_cmake'
[1.245s] INFO:colcon.colcon_cmake.task.cmake.build:Building CMake package in '/home/seok/automotive_software_mid-term/src/app/simulator'
[1.246s] INFO:colcon.colcon_core.shell:Skip shell extension 'powershell' for command environment: Not usable outside of PowerShell
[1.246s] DEBUG:colcon.colcon_core.shell:Skip shell extension 'dsv' for command environment
[1.268s] DEBUG:colcon.colcon_core.event_handler.log_command:Invoking command in '/home/seok/automotive_software_mid-term/build/autonomous_driving': CMAKE_PREFIX_PATH=/home/seok/automotive_software_mid-term/install/ad_msgs:/home/seok/automotive_software_mid-term/install/simulator:/home/seok/automotive_software_mid-term/install/scenario_runner:/home/seok/automotive_software_mid-term/install/evaluation:/home/seok/automotive_software_mid-term/install/autonomous_driving:/home/seok/ros2_ws/install/simulator:/home/seok/ros2_ws/install/evaluation:/home/seok/ros2_ws/install/autonomous_driving:/home/seok/ros2_ws/install/ad_msgs:/opt/ros/humble /usr/bin/cmake --build /home/seok/automotive_software_mid-term/build/autonomous_driving -- -j16 -l16
[1.272s] DEBUG:colcon.colcon_core.event_handler.log_command:Invoking command in '/home/seok/automotive_software_mid-term/build/evaluation': CMAKE_PREFIX_PATH=/home/seok/automotive_software_mid-term/install/ad_msgs:/home/seok/automotive_software_mid-term/install/simulator:/home/seok/automotive_software_mid-term/install/scenario_runner:/home/seok/automotive_software_mid-term/install/evaluation:/home/seok/automotive_software_mid-term/install/autonomous_driving:/home/seok/ros2_ws/install/simulator:/home/seok/ros2_ws/install/evaluation:/home/seok/ros2_ws/install/autonomous_driving:/home/seok/ros2_ws/install/ad_msgs:/opt/ros/humble /usr/bin/cmake --build /home/seok/automotive_software_mid-term/build/evaluation -- -j16 -l16
[1.275s] DEBUG:colcon.colcon_core.event_handler.log_command:Invoking command in '/home/seok/automotive_software_mid-term/build/scenario_runner': CMAKE_PREFIX_PATH=/home/seok/automotive_software_mid-term/install/ad_msgs:/home/seok/automotive_software_mid-term/install/simulator:/home/seok/automotive_software_mid-term/install/scenario_runner:/home/seok/automotive_software_mid-term/install/evaluation:/home/seok/automotive_software_mid-term/install/autonomous_driving:/home/seok/ros2_ws/install/simulator:/home/seok/ros2_ws/install/evaluation:/home/seok/ros2_ws/install/autonomous_driving:/home/seok/ros2_ws/install/ad_msgs:/opt/ros/humble /usr/bin/cmake --build /home/seok/automotive_software_mid-term/build/scenario_runner -- -j16 -l16
[1.277s] DEBUG:colcon.colcon_core.event_handler.log_command:Invoking command in '/home/seok/automotive_software_mid-term/build/simulator': CMAKE_PREFIX_PATH=/home/seok/automotive_software_mid-term/install/ad_msgs:/home/seok/automotive_software_mid-term/install/simulator:/home/seok/automotive_software_mid-term/install/scenario_runner:/home/seok/automotive_software_mid-term/install/evaluation:/home/seok/automotive_software_mid-term/install/autonomous_driving:/home/seok/ros2_ws/install/simulator:/home/seok/ros2_ws/install/evaluation:/home/seok/ros2_ws/install/autonomous_driving:/home/seok/ros2_ws/install/ad_msgs:/opt/ros/humble /usr/bin/cmake --build /home/seok/automotive_software_mid-term/build/simulator -- -j16 -l16
[1.310s] DEBUG:colcon.colcon_core.event_handler.log_command:Invoked command in '/home/seok/automotive_software_mid-term/build/evaluation' returned '0': CMAKE_PREFIX_PATH=/home/seok/automotive_software_mid-term/install/ad_msgs:/home/seok/automotive_software_mid-term/install/simulator:/home/seok/automotive_software_mid-term/install/scenario_runner:/home/seok/automotive_software_mid-term/install/evaluation:/home/seok/automotive_software_mid-term/install/autonomous_driving:/home/seok/ros2_ws/install/simulator:/home/seok/ros2_ws/install/evaluation:/home/seok/ros2_ws/install/autonomous_driving:/home/seok/ros2_ws/install/ad_msgs:/opt/ros/humble /usr/bin/cmake --build /home/seok/automotive_software_mid-term/build/evaluation -- -j16 -l16
[1.312s] DEBUG:colcon.colcon_core.event_handler.log_command:Invoked command in '/home/seok/automotive_software_mid-term/build/scenario_runner' returned '0': CMAKE_PREFIX_PATH=/home/seok/automotive_software_mid-term/install/ad_msgs:/home/seok/automotive_software_mid-term/install/simulator:/home/seok/automotive_software_mid-term/install/scenario_runner:/home/seok/automotive_software_mid-term/install/evaluation:/home/seok/automotive_software_mid-term/install/autonomous_driving:/home/seok/ros2_ws/install/simulator:/home/seok/ros2_ws/install/evaluation:/home/seok/ros2_ws/install/autonomous_driving:/home/seok/ros2_ws/install/ad_msgs:/opt/ros/humble /usr/bin/cmake --build /home/seok/automotive_software_mid-term/build/scenario_runner -- -j16 -l16
[1.317s] DEBUG:colcon.colcon_core.event_handler.log_command:Invoked command in '/home/seok/automotive_software_mid-term/build/simulator' returned '0': CMAKE_PREFIX_PATH=/home/seok/automotive_software_mid-term/install/ad_msgs:/home/seok/automotive_software_mid-term/install/simulator:/home/seok/automotive_software_mid-term/install/scenario_runner:/home/seok/automotive_software_mid-term/install/evaluation:/home/seok/automotive_software_mid-term/install/autonomous_driving:/home/seok/ros2_ws/install/simulator:/home/seok/ros2_ws/install/evaluation:/home/seok/ros2_ws/install/autonomous_driving:/home/seok/ros2_ws/install/ad_msgs:/opt/ros/humble /usr/bin/cmake --build /home/seok/automotive_software_mid-term/build/simulator -- -j16 -l16
[1.327s] DEBUG:colcon.colcon_core.event_handler.log_command:Invoking command in '/home/seok/automotive_software_mid-term/build/evaluation': CMAKE_PREFIX_PATH=/home/seok/automotive_software_mid-term/install/ad_msgs:/home/seok/automotive_software_mid-term/install/simulator:/home/seok/automotive_software_mid-term/install/scenario_runner:/home/seok/automotive_software_mid-term/install/evaluation:/home/seok/automotive_software_mid-term/install/autonomous_driving:/home/seok/ros2_ws/install/simulator:/home/seok/ros2_ws/install/evaluation:/home/seok/ros2_ws/install/autonomous_driving:/home/seok/ros2_ws/install/ad_msgs:/opt/ros/humble /usr/bin/cmake --install /home/seok/automotive_software_mid-term/build/evaluation
[1.330s] DEBUG:colcon.colcon_core.event_handler.log_command:Invoking command in '/home/seok/automotive_software_mid-term/build/scenario_runner': CMAKE_PREFIX_PATH=/home/seok/automotive_software_mid-term/install/ad_msgs:/home/seok/automotive_software_mid-term/install/simulator:/home/seok/automotive_software_mid-term/install/scenario_runner:/home/seok/automotive_software_mid-term/install/evaluation:/home/seok/automotive_software_mid-term/install/autonomous_driving:/home/seok/ros2_ws/install/simulator:/home/seok/ros2_ws/install/evaluation:/home/seok/ros2_ws/install/autonomous_driving:/home/seok/ros2_ws/install/ad_msgs:/opt/ros/humble /usr/bin/cmake --install /home/seok/automotive_software_mid-term/build/scenario_runner
[1.337s] Level 1:colcon.colcon_core.environment:create_environment_scripts_only(evaluation)
[1.337s] Level 1:colcon.colcon_core.environment:checking '/home/seok/automotive_software_mid-term/install/evaluation' for CMake module files
[1.337s] DEBUG:colcon.colcon_core.event_handler.log_command:Invoked command in '/home/seok/automotive_software_mid-term/build/evaluation' returned '0': CMAKE_PREFIX_PATH=/home/seok/automotive_software_mid-term/install/ad_msgs:/home/seok/automotive_software_mid-term/install/simulator:/home/seok/automotive_software_mid-term/install/scenario_runner:/home/seok/automotive_software_mid-term/install/evaluation:/home/seok/automotive_software_mid-term/install/autonomous_driving:/home/seok/ros2_ws/install/simulator:/home/seok/ros2_ws/install/evaluation:/home/seok/ros2_ws/install/autonomous_driving:/home/seok/ros2_ws/install/ad_msgs:/opt/ros/humble /usr/bin/cmake --install /home/seok/automotive_software_mid-term/build/evaluation
[1.338s] Level 1:colcon.colcon_core.environment:checking '/home/seok/automotive_software_mid-term/install/evaluation' for CMake config files
[1.338s] Level 1:colcon.colcon_core.shell:create_environment_hook('evaluation', 'cmake_prefix_path')
[1.338s] INFO:colcon.colcon_core.shell:Creating environment hook '/home/seok/automotive_software_mid-term/install/evaluation/share/evaluation/hook/cmake_prefix_path.ps1'
[1.338s] INFO:colcon.colcon_core.shell:Creating environment descriptor '/home/seok/automotive_software_mid-term/install/evaluation/share/evaluation/hook/cmake_prefix_path.dsv'
[1.338s] INFO:colcon.colcon_core.shell:Creating environment hook '/home/seok/automotive_software_mid-term/install/evaluation/share/evaluation/hook/cmake_prefix_path.sh'
[1.339s] Level 1:colcon.colcon_core.environment:checking '/home/seok/automotive_software_mid-term/install/evaluation/lib'
[1.339s] Level 1:colcon.colcon_core.environment:checking '/home/seok/automotive_software_mid-term/install/evaluation/bin'
[1.339s] Level 1:colcon.colcon_core.environment:checking '/home/seok/automotive_software_mid-term/install/evaluation/lib/pkgconfig/evaluation.pc'
[1.339s] Level 1:colcon.colcon_core.environment:checking '/home/seok/automotive_software_mid-term/install/evaluation/lib/python3.10/site-packages'
[1.339s] Level 1:colcon.colcon_core.environment:checking '/home/seok/automotive_software_mid-term/install/evaluation/bin'
[1.339s] INFO:colcon.colcon_core.shell:Creating package script '/home/seok/automotive_software_mid-term/install/evaluation/share/evaluation/package.ps1'
[1.340s] INFO:colcon.colcon_core.shell:Creating package descriptor '/home/seok/automotive_software_mid-term/install/evaluation/share/evaluation/package.dsv'
[1.340s] INFO:colcon.colcon_core.shell:Creating package script '/home/seok/automotive_software_mid-term/install/evaluation/share/evaluation/package.sh'
[1.340s] INFO:colcon.colcon_core.shell:Creating package script '/home/seok/automotive_software_mid-term/install/evaluation/share/evaluation/package.bash'
[1.340s] INFO:colcon.colcon_core.shell:Creating package script '/home/seok/automotive_software_mid-term/install/evaluation/share/evaluation/package.zsh'
[1.340s] Level 1:colcon.colcon_core.environment:create_file_with_runtime_dependencies(/home/seok/automotive_software_mid-term/install/evaluation/share/colcon-core/packages/evaluation)
[1.341s] Level 1:colcon.colcon_core.environment:create_environment_scripts_only(scenario_runner)
[1.341s] Level 1:colcon.colcon_core.environment:checking '/home/seok/automotive_software_mid-term/install/scenario_runner' for CMake module files
[1.342s] DEBUG:colcon.colcon_core.event_handler.log_command:Invoked command in '/home/seok/automotive_software_mid-term/build/scenario_runner' returned '0': CMAKE_PREFIX_PATH=/home/seok/automotive_software_mid-term/install/ad_msgs:/home/seok/automotive_software_mid-term/install/simulator:/home/seok/automotive_software_mid-term/install/scenario_runner:/home/seok/automotive_software_mid-term/install/evaluation:/home/seok/automotive_software_mid-term/install/autonomous_driving:/home/seok/ros2_ws/install/simulator:/home/seok/ros2_ws/install/evaluation:/home/seok/ros2_ws/install/autonomous_driving:/home/seok/ros2_ws/install/ad_msgs:/opt/ros/humble /usr/bin/cmake --install /home/seok/automotive_software_mid-term/build/scenario_runner
[1.342s] Level 1:colcon.colcon_core.environment:checking '/home/seok/automotive_software_mid-term/install/scenario_runner' for CMake config files
[1.342s] Level 1:colcon.colcon_core.shell:create_environment_hook('scenario_runner', 'cmake_prefix_path')
[1.342s] INFO:colcon.colcon_core.shell:Creating environment hook '/home/seok/automotive_software_mid-term/install/scenario_runner/share/scenario_runner/hook/cmake_prefix_path.ps1'
[1.342s] INFO:colcon.colcon_core.shell:Creating environment descriptor '/home/seok/automotive_software_mid-term/install/scenario_runner/share/scenario_runner/hook/cmake_prefix_path.dsv'
[1.342s] INFO:colcon.colcon_core.shell:Creating environment hook '/home/seok/automotive_software_mid-term/install/scenario_runner/share/scenario_runner/hook/cmake_prefix_path.sh'
[1.343s] Level 1:colcon.colcon_core.environment:checking '/home/seok/automotive_software_mid-term/install/scenario_runner/lib'
[1.343s] Level 1:colcon.colcon_core.environment:checking '/home/seok/automotive_software_mid-term/install/scenario_runner/bin'
[1.343s] Level 1:colcon.colcon_core.environment:checking '/home/seok/automotive_software_mid-term/install/scenario_runner/lib/pkgconfig/scenario_runner.pc'
[1.343s] Level 1:colcon.colcon_core.environment:checking '/home/seok/automotive_software_mid-term/install/scenario_runner/lib/python3.10/site-packages'
[1.343s] Level 1:colcon.colcon_core.environment:checking '/home/seok/automotive_software_mid-term/install/scenario_runner/bin'
[1.343s] INFO:colcon.colcon_core.shell:Creating package script '/home/seok/automotive_software_mid-term/install/scenario_runner/share/scenario_runner/package.ps1'
[1.343s] INFO:colcon.colcon_core.shell:Creating package descriptor '/home/seok/automotive_software_mid-term/install/scenario_runner/share/scenario_runner/package.dsv'
[1.344s] INFO:colcon.colcon_core.shell:Creating package script '/home/seok/automotive_software_mid-term/install/scenario_runner/share/scenario_runner/package.sh'
[1.344s] INFO:colcon.colcon_core.shell:Creating package script '/home/seok/automotive_software_mid-term/install/scenario_runner/share/scenario_runner/package.bash'
[1.344s] INFO:colcon.colcon_core.shell:Creating package script '/home/seok/automotive_software_mid-term/install/scenario_runner/share/scenario_runner/package.zsh'
[1.344s] Level 1:colcon.colcon_core.environment:create_file_with_runtime_dependencies(/home/seok/automotive_software_mid-term/install/scenario_runner/share/colcon-core/packages/scenario_runner)
[1.347s] DEBUG:colcon.colcon_core.event_handler.log_command:Invoking command in '/home/seok/automotive_software_mid-term/build/simulator': CMAKE_PREFIX_PATH=/home/seok/automotive_software_mid-term/install/ad_msgs:/home/seok/automotive_software_mid-term/install/simulator:/home/seok/automotive_software_mid-term/install/scenario_runner:/home/seok/automotive_software_mid-term/install/evaluation:/home/seok/automotive_software_mid-term/install/autonomous_driving:/home/seok/ros2_ws/install/simulator:/home/seok/ros2_ws/install/evaluation:/home/seok/ros2_ws/install/autonomous_driving:/home/seok/ros2_ws/install/ad_msgs:/opt/ros/humble /usr/bin/cmake --install /home/seok/automotive_software_mid-term/build/simulator
[1.354s] Level 1:colcon.colcon_core.environment:create_environment_scripts_only(simulator)
[1.354s] DEBUG:colcon.colcon_core.event_handler.log_command:Invoked command in '/home/seok/automotive_software_mid-term/build/simulator' returned '0': CMAKE_PREFIX_PATH=/home/seok/automotive_software_mid-term/install/ad_msgs:/home/seok/automotive_software_mid-term/install/simulator:/home/seok/automotive_software_mid-term/install/scenario_runner:/home/seok/automotive_software_mid-term/install/evaluation:/home/seok/automotive_software_mid-term/install/autonomous_driving:/home/seok/ros2_ws/install/simulator:/home/seok/ros2_ws/install/evaluation:/home/seok/ros2_ws/install/autonomous_driving:/home/seok/ros2_ws/install/ad_msgs:/opt/ros/humble /usr/bin/cmake --install /home/seok/automotive_software_mid-term/build/simulator
[1.354s] Level 1:colcon.colcon_core.environment:checking '/home/seok/automotive_software_mid-term/install/simulator' for CMake module files
[1.355s] Level 1:colcon.colcon_core.environment:checking '/home/seok/automotive_software_mid-term/install/simulator' for CMake config files
[1.355s] Level 1:colcon.colcon_core.shell:create_environment_hook('simulator', 'cmake_prefix_path')
[1.355s] INFO:colcon.colcon_core.shell:Creating environment hook '/home/seok/automotive_software_mid-term/install/simulator/share/simulator/hook/cmake_prefix_path.ps1'
[1.355s] INFO:colcon.colcon_core.shell:Creating environment descriptor '/home/seok/automotive_software_mid-term/install/simulator/share/simulator/hook/cmake_prefix_path.dsv'
[1.355s] INFO:colcon.colcon_core.shell:Creating environment hook '/home/seok/automotive_software_mid-term/install/simulator/share/simulator/hook/cmake_prefix_path.sh'
[1.356s] Level 1:colcon.colcon_core.environment:checking '/home/seok/automotive_software_mid-term/install/simulator/lib'
[1.356s] Level 1:colcon.colcon_core.environment:checking '/home/seok/automotive_software_mid-term/install/simulator/bin'
[1.356s] Level 1:colcon.colcon_core.environment:checking '/home/seok/automotive_software_mid-term/install/simulator/lib/pkgconfig/simulator.pc'
[1.356s] Level 1:colcon.colcon_core.environment:checking '/home/seok/automotive_software_mid-term/install/simulator/lib/python3.10/site-packages'
[1.356s] Level 1:colcon.colcon_core.environment:checking '/home/seok/automotive_software_mid-term/install/simulator/bin'
[1.356s] INFO:colcon.colcon_core.shell:Creating package script '/home/seok/automotive_software_mid-term/install/simulator/share/simulator/package.ps1'
[1.357s] INFO:colcon.colcon_core.shell:Creating package descriptor '/home/seok/automotive_software_mid-term/install/simulator/share/simulator/package.dsv'
[1.357s] INFO:colcon.colcon_core.shell:Creating package script '/home/seok/automotive_software_mid-term/install/simulator/share/simulator/package.sh'
[1.357s] INFO:colcon.colcon_core.shell:Creating package script '/home/seok/automotive_software_mid-term/install/simulator/share/simulator/package.bash'
[1.357s] INFO:colcon.colcon_core.shell:Creating package script '/home/seok/automotive_software_mid-term/install/simulator/share/simulator/package.zsh'
[1.358s] Level 1:colcon.colcon_core.environment:create_file_with_runtime_dependencies(/home/seok/automotive_software_mid-term/install/simulator/share/colcon-core/packages/simulator)
[1.359s] Level 1:colcon.colcon_core.environment:create_environment_scripts_only(evaluation)
[1.359s] Level 1:colcon.colcon_core.environment:checking '/home/seok/automotive_software_mid-term/install/evaluation' for CMake module files
[1.359s] Level 1:colcon.colcon_core.environment:checking '/home/seok/automotive_software_mid-term/install/evaluation' for CMake config files
[1.359s] Level 1:colcon.colcon_core.shell:create_environment_hook('evaluation', 'cmake_prefix_path')
[1.359s] INFO:colcon.colcon_core.shell:Creating environment hook '/home/seok/automotive_software_mid-term/install/evaluation/share/evaluation/hook/cmake_prefix_path.ps1'
[1.360s] INFO:colcon.colcon_core.shell:Creating environment descriptor '/home/seok/automotive_software_mid-term/install/evaluation/share/evaluation/hook/cmake_prefix_path.dsv'
[1.360s] INFO:colcon.colcon_core.shell:Creating environment hook '/home/seok/automotive_software_mid-term/install/evaluation/share/evaluation/hook/cmake_prefix_path.sh'
[1.360s] Level 1:colcon.colcon_core.environment:checking '/home/seok/automotive_software_mid-term/install/evaluation/lib'
[1.360s] Level 1:colcon.colcon_core.environment:checking '/home/seok/automotive_software_mid-term/install/evaluation/bin'
[1.360s] Level 1:colcon.colcon_core.environment:checking '/home/seok/automotive_software_mid-term/install/evaluation/lib/pkgconfig/evaluation.pc'
[1.360s] Level 1:colcon.colcon_core.environment:checking '/home/seok/automotive_software_mid-term/install/evaluation/lib/python3.10/site-packages'
[1.361s] Level 1:colcon.colcon_core.environment:checking '/home/seok/automotive_software_mid-term/install/evaluation/bin'
[1.361s] INFO:colcon.colcon_core.shell:Creating package script '/home/seok/automotive_software_mid-term/install/evaluation/share/evaluation/package.ps1'
[1.361s] INFO:colcon.colcon_core.shell:Creating package descriptor '/home/seok/automotive_software_mid-term/install/evaluation/share/evaluation/package.dsv'
[1.361s] INFO:colcon.colcon_core.shell:Creating package script '/home/seok/automotive_software_mid-term/install/evaluation/share/evaluation/package.sh'
[1.362s] INFO:colcon.colcon_core.shell:Creating package script '/home/seok/automotive_software_mid-term/install/evaluation/share/evaluation/package.bash'
[1.362s] INFO:colcon.colcon_core.shell:Creating package script '/home/seok/automotive_software_mid-term/install/evaluation/share/evaluation/package.zsh'
[1.362s] Level 1:colcon.colcon_core.environment:create_file_with_runtime_dependencies(/home/seok/automotive_software_mid-term/install/evaluation/share/colcon-core/packages/evaluation)
[1.363s] Level 1:colcon.colcon_core.environment:create_environment_scripts_only(scenario_runner)
[1.363s] Level 1:colcon.colcon_core.environment:checking '/home/seok/automotive_software_mid-term/install/scenario_runner' for CMake module files
[1.364s] Level 1:colcon.colcon_core.environment:checking '/home/seok/automotive_software_mid-term/install/scenario_runner' for CMake config files
[1.364s] Level 1:colcon.colcon_core.shell:create_environment_hook('scenario_runner', 'cmake_prefix_path')
[1.365s] INFO:colcon.colcon_core.shell:Creating environment hook '/home/seok/automotive_software_mid-term/install/scenario_runner/share/scenario_runner/hook/cmake_prefix_path.ps1'
[1.365s] INFO:colcon.colcon_core.shell:Creating environment descriptor '/home/seok/automotive_software_mid-term/install/scenario_runner/share/scenario_runner/hook/cmake_prefix_path.dsv'
[1.365s] INFO:colcon.colcon_core.shell:Creating environment hook '/home/seok/automotive_software_mid-term/install/scenario_runner/share/scenario_runner/hook/cmake_prefix_path.sh'
[1.365s] Level 1:colcon.colcon_core.environment:checking '/home/seok/automotive_software_mid-term/install/scenario_runner/lib'
[1.365s] Level 1:colcon.colcon_core.environment:checking '/home/seok/automotive_software_mid-term/install/scenario_runner/bin'
[1.365s] Level 1:colcon.colcon_core.environment:checking '/home/seok/automotive_software_mid-term/install/scenario_runner/lib/pkgconfig/scenario_runner.pc'
[1.366s] Level 1:colcon.colcon_core.environment:checking '/home/seok/automotive_software_mid-term/install/scenario_runner/lib/python3.10/site-packages'
[1.366s] Level 1:colcon.colcon_core.environment:checking '/home/seok/automotive_software_mid-term/install/scenario_runner/bin'
[1.366s] INFO:colcon.colcon_core.shell:Creating package script '/home/seok/automotive_software_mid-term/install/scenario_runner/share/scenario_runner/package.ps1'
[1.366s] INFO:colcon.colcon_core.shell:Creating package descriptor '/home/seok/automotive_software_mid-term/install/scenario_runner/share/scenario_runner/package.dsv'
[1.367s] INFO:colcon.colcon_core.shell:Creating package script '/home/seok/automotive_software_mid-term/install/scenario_runner/share/scenario_runner/package.sh'
[1.367s] INFO:colcon.colcon_core.shell:Creating package script '/home/seok/automotive_software_mid-term/install/scenario_runner/share/scenario_runner/package.bash'
[1.367s] INFO:colcon.colcon_core.shell:Creating package script '/home/seok/automotive_software_mid-term/install/scenario_runner/share/scenario_runner/package.zsh'
[1.367s] Level 1:colcon.colcon_core.environment:create_file_with_runtime_dependencies(/home/seok/automotive_software_mid-term/install/scenario_runner/share/colcon-core/packages/scenario_runner)
[1.378s] Level 1:colcon.colcon_core.environment:create_environment_scripts_only(simulator)
[1.378s] Level 1:colcon.colcon_core.environment:checking '/home/seok/automotive_software_mid-term/install/simulator' for CMake module files
[1.378s] Level 1:colcon.colcon_core.environment:checking '/home/seok/automotive_software_mid-term/install/simulator' for CMake config files
[1.378s] Level 1:colcon.colcon_core.shell:create_environment_hook('simulator', 'cmake_prefix_path')
[1.378s] INFO:colcon.colcon_core.shell:Creating environment hook '/home/seok/automotive_software_mid-term/install/simulator/share/simulator/hook/cmake_prefix_path.ps1'
[1.379s] INFO:colcon.colcon_core.shell:Creating environment descriptor '/home/seok/automotive_software_mid-term/install/simulator/share/simulator/hook/cmake_prefix_path.dsv'
[1.379s] INFO:colcon.colcon_core.shell:Creating environment hook '/home/seok/automotive_software_mid-term/install/simulator/share/simulator/hook/cmake_prefix_path.sh'
[1.379s] Level 1:colcon.colcon_core.environment:checking '/home/seok/automotive_software_mid-term/install/simulator/lib'
[1.379s] Level 1:colcon.colcon_core.environment:checking '/home/seok/automotive_software_mid-term/install/simulator/bin'
[1.379s] Level 1:colcon.colcon_core.environment:checking '/home/seok/automotive_software_mid-term/install/simulator/lib/pkgconfig/simulator.pc'
[1.380s] Level 1:colcon.colcon_core.environment:checking '/home/seok/automotive_software_mid-term/install/simulator/lib/python3.10/site-packages'
[1.380s] Level 1:colcon.colcon_core.environment:checking '/home/seok/automotive_software_mid-term/install/simulator/bin'
[1.380s] INFO:colcon.colcon_core.shell:Creating package script '/home/seok/automotive_software_mid-term/install/simulator/share/simulator/package.ps1'
[1.380s] INFO:colcon.colcon_core.shell:Creating package descriptor '/home/seok/automotive_software_mid-term/install/simulator/share/simulator/package.dsv'
[1.380s] INFO:colcon.colcon_core.shell:Creating package script '/home/seok/automotive_software_mid-term/install/simulator/share/simulator/package.sh'
[1.381s] INFO:colcon.colcon_core.shell:Creating package script '/home/seok/automotive_software_mid-term/install/simulator/share/simulator/package.bash'
[1.381s] INFO:colcon.colcon_core.shell:Creating package script '/home/seok/automotive_software_mid-term/install/simulator/share/simulator/package.zsh'
[1.381s] Level 1:colcon.colcon_core.environment:create_file_with_runtime_dependencies(/home/seok/automotive_software_mid-term/install/simulator/share/colcon-core/packages/simulator)
[27.345s] DEBUG:colcon.colcon_core.event_handler.log_command:Invoked command in '/home/seok/automotive_software_mid-term/build/autonomous_driving' returned '0': CMAKE_PREFIX_PATH=/home/seok/automotive_software_mid-term/install/ad_msgs:/home/seok/automotive_software_mid-term/install/simulator:/home/seok/automotive_software_mid-term/install/scenario_runner:/home/seok/automotive_software_mid-term/install/evaluation:/home/seok/automotive_software_mid-term/install/autonomous_driving:/home/seok/ros2_ws/install/simulator:/home/seok/ros2_ws/install/evaluation:/home/seok/ros2_ws/install/autonomous_driving:/home/seok/ros2_ws/install/ad_msgs:/opt/ros/humble /usr/bin/cmake --build /home/seok/automotive_software_mid-term/build/autonomous_driving -- -j16 -l16
[27.358s] DEBUG:colcon.colcon_core.event_handler.log_command:Invoking command in '/home/seok/automotive_software_mid-term/build/autonomous_driving': CMAKE_PREFIX_PATH=/home/seok/automotive_software_mid-term/install/ad_msgs:/home/seok/automotive_software_mid-term/install/simulator:/home/seok/automotive_software_mid-term/install/scenario_runner:/home/seok/automotive_software_mid-term/install/evaluation:/home/seok/automotive_software_mid-term/install/autonomous_driving:/home/seok/ros2_ws/install/simulator:/home/seok/ros2_ws/install/evaluation:/home/seok/ros2_ws/install/autonomous_driving:/home/seok/ros2_ws/install/ad_msgs:/opt/ros/humble /usr/bin/cmake --install /home/seok/automotive_software_mid-term/build/autonomous_driving
[27.373s] Level 1:colcon.colcon_core.environment:create_environment_scripts_only(autonomous_driving)
[27.374s] Level 1:colcon.colcon_core.environment:checking '/home/seok/automotive_software_mid-term/install/autonomous_driving' for CMake module files
[27.374s] DEBUG:colcon.colcon_core.event_handler.log_command:Invoked command in '/home/seok/automotive_software_mid-term/build/autonomous_driving' returned '0': CMAKE_PREFIX_PATH=/home/seok/automotive_software_mid-term/install/ad_msgs:/home/seok/automotive_software_mid-term/install/simulator:/home/seok/automotive_software_mid-term/install/scenario_runner:/home/seok/automotive_software_mid-term/install/evaluation:/home/seok/automotive_software_mid-term/install/autonomous_driving:/home/seok/ros2_ws/install/simulator:/home/seok/ros2_ws/install/evaluation:/home/seok/ros2_ws/install/autonomous_driving:/home/seok/ros2_ws/install/ad_msgs:/opt/ros/humble /usr/bin/cmake --install /home/seok/automotive_software_mid-term/build/autonomous_driving
[27.374s] Level 1:colcon.colcon_core.environment:checking '/home/seok/automotive_software_mid-term/install/autonomous_driving' for CMake config files
[27.374s] Level 1:colcon.colcon_core.shell:create_environment_hook('autonomous_driving', 'cmake_prefix_path')
[27.375s] INFO:colcon.colcon_core.shell:Creating environment hook '/home/seok/automotive_software_mid-term/install/autonomous_driving/share/autonomous_driving/hook/cmake_prefix_path.ps1'
[27.375s] INFO:colcon.colcon_core.shell:Creating environment descriptor '/home/seok/automotive_software_mid-term/install/autonomous_driving/share/autonomous_driving/hook/cmake_prefix_path.dsv'
[27.375s] INFO:colcon.colcon_core.shell:Creating environment hook '/home/seok/automotive_software_mid-term/install/autonomous_driving/share/autonomous_driving/hook/cmake_prefix_path.sh'
[27.375s] Level 1:colcon.colcon_core.environment:checking '/home/seok/automotive_software_mid-term/install/autonomous_driving/lib'
[27.375s] Level 1:colcon.colcon_core.environment:checking '/home/seok/automotive_software_mid-term/install/autonomous_driving/bin'
[27.375s] Level 1:colcon.colcon_core.environment:checking '/home/seok/automotive_software_mid-term/install/autonomous_driving/lib/pkgconfig/autonomous_driving.pc'
[27.376s] Level 1:colcon.colcon_core.environment:checking '/home/seok/automotive_software_mid-term/install/autonomous_driving/lib/python3.10/site-packages'
[27.376s] Level 1:colcon.colcon_core.environment:checking '/home/seok/automotive_software_mid-term/install/autonomous_driving/bin'
[27.376s] INFO:colcon.colcon_core.shell:Creating package script '/home/seok/automotive_software_mid-term/install/autonomous_driving/share/autonomous_driving/package.ps1'
[27.376s] INFO:colcon.colcon_core.shell:Creating package descriptor '/home/seok/automotive_software_mid-term/install/autonomous_driving/share/autonomous_driving/package.dsv'
[27.376s] INFO:colcon.colcon_core.shell:Creating package script '/home/seok/automotive_software_mid-term/install/autonomous_driving/share/autonomous_driving/package.sh'
[27.377s] INFO:colcon.colcon_core.shell:Creating package script '/home/seok/automotive_software_mid-term/install/autonomous_driving/share/autonomous_driving/package.bash'
[27.377s] INFO:colcon.colcon_core.shell:Creating package script '/home/seok/automotive_software_mid-term/install/autonomous_driving/share/autonomous_driving/package.zsh'
[27.377s] Level 1:colcon.colcon_core.environment:create_file_with_runtime_dependencies(/home/seok/automotive_software_mid-term/install/autonomous_driving/share/colcon-core/packages/autonomous_driving)
[27.388s] Level 1:colcon.colcon_core.environment:create_environment_scripts_only(autonomous_driving)
[27.389s] Level 1:colcon.colcon_core.environment:checking '/home/seok/automotive_software_mid-term/install/autonomous_driving' for CMake module files
[27.389s] Level 1:colcon.colcon_core.environment:checking '/home/seok/automotive_software_mid-term/install/autonomous_driving' for CMake config files
[27.389s] Level 1:colcon.colcon_core.shell:create_environment_hook('autonomous_driving', 'cmake_prefix_path')
[27.389s] INFO:colcon.colcon_core.shell:Creating environment hook '/home/seok/automotive_software_mid-term/install/autonomous_driving/share/autonomous_driving/hook/cmake_prefix_path.ps1'
[27.389s] INFO:colcon.colcon_core.shell:Creating environment descriptor '/home/seok/automotive_software_mid-term/install/autonomous_driving/share/autonomous_driving/hook/cmake_prefix_path.dsv'
[27.389s] INFO:colcon.colcon_core.shell:Creating environment hook '/home/seok/automotive_software_mid-term/install/autonomous_driving/share/autonomous_driving/hook/cmake_prefix_path.sh'
[27.390s] Level 1:colcon.colcon_core.environment:checking '/home/seok/automotive_software_mid-term/install/autonomous_driving/lib'
[27.390s] Level 1:colcon.colcon_core.environment:checking '/home/seok/automotive_software_mid-term/install/autonomous_driving/bin'
[27.390s] Level 1:colcon.colcon_core.environment:checking '/home/seok/automotive_software_mid-term/install/autonomous_driving/lib/pkgconfig/autonomous_driving.pc'
[27.390s] Level 1:colcon.colcon_core.environment:checking '/home/seok/automotive_software_mid-term/install/autonomous_driving/lib/python3.10/site-packages'
[27.390s] Level 1:colcon.colcon_core.environment:checking '/home/seok/automotive_software_mid-term/install/autonomous_driving/bin'
[27.390s] INFO:colcon.colcon_core.shell:Creating package script '/home/seok/automotive_software_mid-term/install/autonomous_driving/share/autonomous_driving/package.ps1'
[27.391s] INFO:colcon.colcon_core.shell:Creating package descriptor '/home/seok/automotive_software_mid-term/install/autonomous_driving/share/autonomous_driving/package.dsv'
[27.391s] INFO:colcon.colcon_core.shell:Creating package script '/home/seok/automotive_software_mid-term/install/autonomous_driving/share/autonomous_driving/package.sh'
[27.391s] INFO:colcon.colcon_core.shell:Creating package script '/home/seok/automotive_software_mid-term/install/autonomous_driving/share/autonomous_driving/package.bash'
[27.391s] INFO:colcon.colcon_core.shell:Creating package script '/home/seok/automotive_software_mid-term/install/autonomous_driving/share/autonomous_driving/package.zsh'
[27.391s] Level 1:colcon.colcon_core.environment:create_file_with_runtime_dependencies(/home/seok/automotive_software_mid-term/install/autonomous_driving/share/colcon-core/packages/autonomous_driving)
[27.392s] DEBUG:colcon.colcon_parallel_executor.executor.parallel:closing loop
[27.392s] DEBUG:colcon.colcon_parallel_executor.executor.parallel:loop closed
[27.392s] DEBUG:colcon.colcon_parallel_executor.executor.parallel:run_until_complete finished with '0'
[27.392s] DEBUG:colcon.colcon_core.event_reactor:joining thread
[27.403s] INFO:colcon.colcon_core.plugin_system:Skipping extension 'colcon_notification.desktop_notification.notify_send': Could not find 'notify-send'
[27.403s] INFO:colcon.colcon_core.plugin_system:Skipping extension 'colcon_notification.desktop_notification.terminal_notifier': Not used on non-Darwin systems
[27.403s] INFO:colcon.colcon_core.plugin_system:Skipping extension 'colcon_notification.desktop_notification.win32': Not used on non-Windows systems
[27.403s] INFO:colcon.colcon_notification.desktop_notification:Sending desktop notification using 'notify2'
[27.404s] DEBUG:colcon.colcon_notification.desktop_notification.notify2:Failed to initialize notify2: org.freedesktop.DBus.Error.ServiceUnknown: The name org.freedesktop.Notifications was not provided by any .service files
[27.404s] DEBUG:colcon.colcon_core.event_reactor:joined thread
[27.404s] INFO:colcon.colcon_core.shell:Creating prefix script '/home/seok/automotive_software_mid-term/install/local_setup.ps1'
[27.405s] INFO:colcon.colcon_core.shell:Creating prefix util module '/home/seok/automotive_software_mid-term/install/_local_setup_util_ps1.py'
[27.405s] INFO:colcon.colcon_core.shell:Creating prefix chain script '/home/seok/automotive_software_mid-term/install/setup.ps1'
[27.406s] INFO:colcon.colcon_core.shell:Creating prefix script '/home/seok/automotive_software_mid-term/install/local_setup.sh'
[27.406s] INFO:colcon.colcon_core.shell:Creating prefix util module '/home/seok/automotive_software_mid-term/install/_local_setup_util_sh.py'
[27.407s] INFO:colcon.colcon_core.shell:Creating prefix chain script '/home/seok/automotive_software_mid-term/install/setup.sh'
[27.407s] INFO:colcon.colcon_core.shell:Creating prefix script '/home/seok/automotive_software_mid-term/install/local_setup.bash'
[27.408s] INFO:colcon.colcon_core.shell:Creating prefix chain script '/home/seok/automotive_software_mid-term/install/setup.bash'
[27.409s] INFO:colcon.colcon_core.shell:Creating prefix script '/home/seok/automotive_software_mid-term/install/local_setup.zsh'
[27.409s] INFO:colcon.colcon_core.shell:Creating prefix chain script '/home/seok/automotive_software_mid-term/install/setup.zsh'
