[0.093s] DEBUG:colcon:Command line arguments: ['/usr/bin/colcon', 'build']
[0.093s] DEBUG:colcon:Parsed command line arguments: Namespace(log_base=None, log_level=None, verb_name='build', build_base='build', install_base='install', merge_install=False, symlink_install=False, test_result_base=None, continue_on_error=False, executor='parallel', parallel_workers=16, event_handlers=None, ignore_user_meta=False, metas=['./colcon.meta'], base_paths=['.'], packages_ignore=None, packages_ignore_regex=None, paths=None, packages_up_to=None, packages_up_to_regex=None, packages_above=None, packages_above_and_dependencies=None, packages_above_depth=None, packages_select_by_dep=None, packages_skip_by_dep=None, packages_skip_up_to=None, packages_select_build_failed=False, packages_skip_build_finished=False, packages_select_test_failures=False, packages_skip_test_passed=False, packages_select=None, packages_skip=None, packages_select_regex=None, packages_skip_regex=None, packages_start=None, packages_end=None, allow_overriding=[], cmake_args=None, cmake_target=None, cmake_target_skip_unavailable=False, cmake_clean_cache=False, cmake_clean_first=False, cmake_force_configure=False, ament_cmake_args=None, catkin_cmake_args=None, catkin_skip_building_tests=False, mixin_files=None, mixin=None, verb_parser=<colcon_mixin.mixin.mixin_argument.MixinArgumentDecorator object at 0x7f8c2c71e770>, verb_extension=<colcon_core.verb.build.BuildVerb object at 0x7f8c2c71e1a0>, main=<bound method BuildVerb.main of <colcon_core.verb.build.BuildVerb object at 0x7f8c2c71e1a0>>, mixin_verb=('build',))
[0.192s] Level 1:colcon.colcon_core.package_discovery:discover_packages(colcon_meta) check parameters
[0.192s] Level 1:colcon.colcon_core.package_discovery:discover_packages(recursive) check parameters
[0.192s] Level 1:colcon.colcon_core.package_discovery:discover_packages(ignore) check parameters
[0.192s] Level 1:colcon.colcon_core.package_discovery:discover_packages(path) check parameters
[0.192s] Level 1:colcon.colcon_core.package_discovery:discover_packages(colcon_meta) discover
[0.193s] Level 1:colcon.colcon_core.package_discovery:discover_packages(recursive) discover
[0.193s] INFO:colcon.colcon_core.package_discovery:Crawling recursively for packages in '/home/seok/automotive_software_mid-term'
[0.193s] Level 1:colcon.colcon_core.package_identification:_identify(.) by extensions ['ignore', 'ignore_ament_install']
[0.193s] Level 1:colcon.colcon_core.package_identification:_identify(.) by extension 'ignore'
[0.193s] Level 1:colcon.colcon_core.package_identification:_identify(.) by extension 'ignore_ament_install'
[0.193s] Level 1:colcon.colcon_core.package_identification:_identify(.) by extensions ['colcon_pkg']
[0.193s] Level 1:colcon.colcon_core.package_identification:_identify(.) by extension 'colcon_pkg'
[0.193s] Level 1:colcon.colcon_core.package_identification:_identify(.) by extensions ['colcon_meta']
[0.193s] Level 1:colcon.colcon_core.package_identification:_identify(.) by extension 'colcon_meta'
[0.193s] Level 1:colcon.colcon_core.package_identification:_identify(.) by extensions ['ros']
[0.193s] Level 1:colcon.colcon_core.package_identification:_identify(.) by extension 'ros'
[0.201s] Level 1:colcon.colcon_core.package_identification:_identify(.) by extensions ['cmake', 'python']
[0.201s] Level 1:colcon.colcon_core.package_identification:_identify(.) by extension 'cmake'
[0.201s] Level 1:colcon.colcon_core.package_identification:_identify(.) by extension 'python'
[0.201s] Level 1:colcon.colcon_core.package_identification:_identify(.) by extensions ['python_setup_py']
[0.201s] Level 1:colcon.colcon_core.package_identification:_identify(.) by extension 'python_setup_py'
[0.201s] Level 1:colcon.colcon_core.package_identification:_identify(build) by extensions ['ignore', 'ignore_ament_install']
[0.201s] Level 1:colcon.colcon_core.package_identification:_identify(build) by extension 'ignore'
[0.201s] Level 1:colcon.colcon_core.package_identification:_identify(build) ignored
[0.201s] Level 1:colcon.colcon_core.package_identification:_identify(install) by extensions ['ignore', 'ignore_ament_install']
[0.201s] Level 1:colcon.colcon_core.package_identification:_identify(install) by extension 'ignore'
[0.201s] Level 1:colcon.colcon_core.package_identification:_identify(install) ignored
[0.201s] Level 1:colcon.colcon_core.package_identification:_identify(log) by extensions ['ignore', 'ignore_ament_install']
[0.201s] Level 1:colcon.colcon_core.package_identification:_identify(log) by extension 'ignore'
[0.201s] Level 1:colcon.colcon_core.package_identification:_identify(log) ignored
[0.201s] Level 1:colcon.colcon_core.package_identification:_identify(resources) by extensions ['ignore', 'ignore_ament_install']
[0.202s] Level 1:colcon.colcon_core.package_identification:_identify(resources) by extension 'ignore'
[0.202s] Level 1:colcon.colcon_core.package_identification:_identify(resources) by extension 'ignore_ament_install'
[0.202s] Level 1:colcon.colcon_core.package_identification:_identify(resources) by extensions ['colcon_pkg']
[0.202s] Level 1:colcon.colcon_core.package_identification:_identify(resources) by extension 'colcon_pkg'
[0.202s] Level 1:colcon.colcon_core.package_identification:_identify(resources) by extensions ['colcon_meta']
[0.202s] Level 1:colcon.colcon_core.package_identification:_identify(resources) by extension 'colcon_meta'
[0.202s] Level 1:colcon.colcon_core.package_identification:_identify(resources) by extensions ['ros']
[0.202s] Level 1:colcon.colcon_core.package_identification:_identify(resources) by extension 'ros'
[0.202s] Level 1:colcon.colcon_core.package_identification:_identify(resources) by extensions ['cmake', 'python']
[0.202s] Level 1:colcon.colcon_core.package_identification:_identify(resources) by extension 'cmake'
[0.202s] Level 1:colcon.colcon_core.package_identification:_identify(resources) by extension 'python'
[0.202s] Level 1:colcon.colcon_core.package_identification:_identify(resources) by extensions ['python_setup_py']
[0.202s] Level 1:colcon.colcon_core.package_identification:_identify(resources) by extension 'python_setup_py'
[0.202s] Level 1:colcon.colcon_core.package_identification:_identify(resources/csv) by extensions ['ignore', 'ignore_ament_install']
[0.202s] Level 1:colcon.colcon_core.package_identification:_identify(resources/csv) by extension 'ignore'
[0.202s] Level 1:colcon.colcon_core.package_identification:_identify(resources/csv) by extension 'ignore_ament_install'
[0.202s] Level 1:colcon.colcon_core.package_identification:_identify(resources/csv) by extensions ['colcon_pkg']
[0.202s] Level 1:colcon.colcon_core.package_identification:_identify(resources/csv) by extension 'colcon_pkg'
[0.202s] Level 1:colcon.colcon_core.package_identification:_identify(resources/csv) by extensions ['colcon_meta']
[0.202s] Level 1:colcon.colcon_core.package_identification:_identify(resources/csv) by extension 'colcon_meta'
[0.202s] Level 1:colcon.colcon_core.package_identification:_identify(resources/csv) by extensions ['ros']
[0.202s] Level 1:colcon.colcon_core.package_identification:_identify(resources/csv) by extension 'ros'
[0.202s] Level 1:colcon.colcon_core.package_identification:_identify(resources/csv) by extensions ['cmake', 'python']
[0.202s] Level 1:colcon.colcon_core.package_identification:_identify(resources/csv) by extension 'cmake'
[0.202s] Level 1:colcon.colcon_core.package_identification:_identify(resources/csv) by extension 'python'
[0.202s] Level 1:colcon.colcon_core.package_identification:_identify(resources/csv) by extensions ['python_setup_py']
[0.202s] Level 1:colcon.colcon_core.package_identification:_identify(resources/csv) by extension 'python_setup_py'
[0.202s] Level 1:colcon.colcon_core.package_identification:_identify(resources/csv/evaluation_lane) by extensions ['ignore', 'ignore_ament_install']
[0.202s] Level 1:colcon.colcon_core.package_identification:_identify(resources/csv/evaluation_lane) by extension 'ignore'
[0.202s] Level 1:colcon.colcon_core.package_identification:_identify(resources/csv/evaluation_lane) by extension 'ignore_ament_install'
[0.202s] Level 1:colcon.colcon_core.package_identification:_identify(resources/csv/evaluation_lane) by extensions ['colcon_pkg']
[0.202s] Level 1:colcon.colcon_core.package_identification:_identify(resources/csv/evaluation_lane) by extension 'colcon_pkg'
[0.202s] Level 1:colcon.colcon_core.package_identification:_identify(resources/csv/evaluation_lane) by extensions ['colcon_meta']
[0.202s] Level 1:colcon.colcon_core.package_identification:_identify(resources/csv/evaluation_lane) by extension 'colcon_meta'
[0.202s] Level 1:colcon.colcon_core.package_identification:_identify(resources/csv/evaluation_lane) by extensions ['ros']
[0.202s] Level 1:colcon.colcon_core.package_identification:_identify(resources/csv/evaluation_lane) by extension 'ros'
[0.202s] Level 1:colcon.colcon_core.package_identification:_identify(resources/csv/evaluation_lane) by extensions ['cmake', 'python']
[0.202s] Level 1:colcon.colcon_core.package_identification:_identify(resources/csv/evaluation_lane) by extension 'cmake'
[0.202s] Level 1:colcon.colcon_core.package_identification:_identify(resources/csv/evaluation_lane) by extension 'python'
[0.203s] Level 1:colcon.colcon_core.package_identification:_identify(resources/csv/evaluation_lane) by extensions ['python_setup_py']
[0.203s] Level 1:colcon.colcon_core.package_identification:_identify(resources/csv/evaluation_lane) by extension 'python_setup_py'
[0.203s] Level 1:colcon.colcon_core.package_identification:_identify(resources/csv/simulation_lane) by extensions ['ignore', 'ignore_ament_install']
[0.203s] Level 1:colcon.colcon_core.package_identification:_identify(resources/csv/simulation_lane) by extension 'ignore'
[0.203s] Level 1:colcon.colcon_core.package_identification:_identify(resources/csv/simulation_lane) by extension 'ignore_ament_install'
[0.203s] Level 1:colcon.colcon_core.package_identification:_identify(resources/csv/simulation_lane) by extensions ['colcon_pkg']
[0.203s] Level 1:colcon.colcon_core.package_identification:_identify(resources/csv/simulation_lane) by extension 'colcon_pkg'
[0.203s] Level 1:colcon.colcon_core.package_identification:_identify(resources/csv/simulation_lane) by extensions ['colcon_meta']
[0.203s] Level 1:colcon.colcon_core.package_identification:_identify(resources/csv/simulation_lane) by extension 'colcon_meta'
[0.203s] Level 1:colcon.colcon_core.package_identification:_identify(resources/csv/simulation_lane) by extensions ['ros']
[0.203s] Level 1:colcon.colcon_core.package_identification:_identify(resources/csv/simulation_lane) by extension 'ros'
[0.203s] Level 1:colcon.colcon_core.package_identification:_identify(resources/csv/simulation_lane) by extensions ['cmake', 'python']
[0.203s] Level 1:colcon.colcon_core.package_identification:_identify(resources/csv/simulation_lane) by extension 'cmake'
[0.203s] Level 1:colcon.colcon_core.package_identification:_identify(resources/csv/simulation_lane) by extension 'python'
[0.203s] Level 1:colcon.colcon_core.package_identification:_identify(resources/csv/simulation_lane) by extensions ['python_setup_py']
[0.203s] Level 1:colcon.colcon_core.package_identification:_identify(resources/csv/simulation_lane) by extension 'python_setup_py'
[0.203s] Level 1:colcon.colcon_core.package_identification:_identify(resources/meshes) by extensions ['ignore', 'ignore_ament_install']
[0.203s] Level 1:colcon.colcon_core.package_identification:_identify(resources/meshes) by extension 'ignore'
[0.203s] Level 1:colcon.colcon_core.package_identification:_identify(resources/meshes) by extension 'ignore_ament_install'
[0.203s] Level 1:colcon.colcon_core.package_identification:_identify(resources/meshes) by extensions ['colcon_pkg']
[0.203s] Level 1:colcon.colcon_core.package_identification:_identify(resources/meshes) by extension 'colcon_pkg'
[0.203s] Level 1:colcon.colcon_core.package_identification:_identify(resources/meshes) by extensions ['colcon_meta']
[0.203s] Level 1:colcon.colcon_core.package_identification:_identify(resources/meshes) by extension 'colcon_meta'
[0.203s] Level 1:colcon.colcon_core.package_identification:_identify(resources/meshes) by extensions ['ros']
[0.203s] Level 1:colcon.colcon_core.package_identification:_identify(resources/meshes) by extension 'ros'
[0.203s] Level 1:colcon.colcon_core.package_identification:_identify(resources/meshes) by extensions ['cmake', 'python']
[0.203s] Level 1:colcon.colcon_core.package_identification:_identify(resources/meshes) by extension 'cmake'
[0.203s] Level 1:colcon.colcon_core.package_identification:_identify(resources/meshes) by extension 'python'
[0.203s] Level 1:colcon.colcon_core.package_identification:_identify(resources/meshes) by extensions ['python_setup_py']
[0.203s] Level 1:colcon.colcon_core.package_identification:_identify(resources/meshes) by extension 'python_setup_py'
[0.203s] Level 1:colcon.colcon_core.package_identification:_identify(resources/rviz) by extensions ['ignore', 'ignore_ament_install']
[0.203s] Level 1:colcon.colcon_core.package_identification:_identify(resources/rviz) by extension 'ignore'
[0.203s] Level 1:colcon.colcon_core.package_identification:_identify(resources/rviz) by extension 'ignore_ament_install'
[0.203s] Level 1:colcon.colcon_core.package_identification:_identify(resources/rviz) by extensions ['colcon_pkg']
[0.203s] Level 1:colcon.colcon_core.package_identification:_identify(resources/rviz) by extension 'colcon_pkg'
[0.203s] Level 1:colcon.colcon_core.package_identification:_identify(resources/rviz) by extensions ['colcon_meta']
[0.203s] Level 1:colcon.colcon_core.package_identification:_identify(resources/rviz) by extension 'colcon_meta'
[0.203s] Level 1:colcon.colcon_core.package_identification:_identify(resources/rviz) by extensions ['ros']
[0.203s] Level 1:colcon.colcon_core.package_identification:_identify(resources/rviz) by extension 'ros'
[0.204s] Level 1:colcon.colcon_core.package_identification:_identify(resources/rviz) by extensions ['cmake', 'python']
[0.204s] Level 1:colcon.colcon_core.package_identification:_identify(resources/rviz) by extension 'cmake'
[0.204s] Level 1:colcon.colcon_core.package_identification:_identify(resources/rviz) by extension 'python'
[0.204s] Level 1:colcon.colcon_core.package_identification:_identify(resources/rviz) by extensions ['python_setup_py']
[0.204s] Level 1:colcon.colcon_core.package_identification:_identify(resources/rviz) by extension 'python_setup_py'
[0.204s] Level 1:colcon.colcon_core.package_identification:_identify(src) by extensions ['ignore', 'ignore_ament_install']
[0.204s] Level 1:colcon.colcon_core.package_identification:_identify(src) by extension 'ignore'
[0.204s] Level 1:colcon.colcon_core.package_identification:_identify(src) by extension 'ignore_ament_install'
[0.204s] Level 1:colcon.colcon_core.package_identification:_identify(src) by extensions ['colcon_pkg']
[0.204s] Level 1:colcon.colcon_core.package_identification:_identify(src) by extension 'colcon_pkg'
[0.204s] Level 1:colcon.colcon_core.package_identification:_identify(src) by extensions ['colcon_meta']
[0.204s] Level 1:colcon.colcon_core.package_identification:_identify(src) by extension 'colcon_meta'
[0.204s] Level 1:colcon.colcon_core.package_identification:_identify(src) by extensions ['ros']
[0.204s] Level 1:colcon.colcon_core.package_identification:_identify(src) by extension 'ros'
[0.204s] Level 1:colcon.colcon_core.package_identification:_identify(src) by extensions ['cmake', 'python']
[0.204s] Level 1:colcon.colcon_core.package_identification:_identify(src) by extension 'cmake'
[0.204s] Level 1:colcon.colcon_core.package_identification:_identify(src) by extension 'python'
[0.204s] Level 1:colcon.colcon_core.package_identification:_identify(src) by extensions ['python_setup_py']
[0.204s] Level 1:colcon.colcon_core.package_identification:_identify(src) by extension 'python_setup_py'
[0.204s] Level 1:colcon.colcon_core.package_identification:_identify(src/app) by extensions ['ignore', 'ignore_ament_install']
[0.204s] Level 1:colcon.colcon_core.package_identification:_identify(src/app) by extension 'ignore'
[0.204s] Level 1:colcon.colcon_core.package_identification:_identify(src/app) by extension 'ignore_ament_install'
[0.204s] Level 1:colcon.colcon_core.package_identification:_identify(src/app) by extensions ['colcon_pkg']
[0.204s] Level 1:colcon.colcon_core.package_identification:_identify(src/app) by extension 'colcon_pkg'
[0.204s] Level 1:colcon.colcon_core.package_identification:_identify(src/app) by extensions ['colcon_meta']
[0.204s] Level 1:colcon.colcon_core.package_identification:_identify(src/app) by extension 'colcon_meta'
[0.204s] Level 1:colcon.colcon_core.package_identification:_identify(src/app) by extensions ['ros']
[0.204s] Level 1:colcon.colcon_core.package_identification:_identify(src/app) by extension 'ros'
[0.204s] Level 1:colcon.colcon_core.package_identification:_identify(src/app) by extensions ['cmake', 'python']
[0.204s] Level 1:colcon.colcon_core.package_identification:_identify(src/app) by extension 'cmake'
[0.204s] Level 1:colcon.colcon_core.package_identification:_identify(src/app) by extension 'python'
[0.204s] Level 1:colcon.colcon_core.package_identification:_identify(src/app) by extensions ['python_setup_py']
[0.204s] Level 1:colcon.colcon_core.package_identification:_identify(src/app) by extension 'python_setup_py'
[0.204s] Level 1:colcon.colcon_core.package_identification:_identify(src/app/autonomous_driving) by extensions ['ignore', 'ignore_ament_install']
[0.204s] Level 1:colcon.colcon_core.package_identification:_identify(src/app/autonomous_driving) by extension 'ignore'
[0.204s] Level 1:colcon.colcon_core.package_identification:_identify(src/app/autonomous_driving) by extension 'ignore_ament_install'
[0.204s] Level 1:colcon.colcon_core.package_identification:_identify(src/app/autonomous_driving) by extensions ['colcon_pkg']
[0.204s] Level 1:colcon.colcon_core.package_identification:_identify(src/app/autonomous_driving) by extension 'colcon_pkg'
[0.204s] Level 1:colcon.colcon_core.package_identification:_identify(src/app/autonomous_driving) by extensions ['colcon_meta']
[0.204s] Level 1:colcon.colcon_core.package_identification:_identify(src/app/autonomous_driving) by extension 'colcon_meta'
[0.204s] Level 1:colcon.colcon_core.package_identification:_identify(src/app/autonomous_driving) by extensions ['ros']
[0.204s] Level 1:colcon.colcon_core.package_identification:_identify(src/app/autonomous_driving) by extension 'ros'
[0.206s] DEBUG:colcon.colcon_core.package_identification:Package 'src/app/autonomous_driving' with type 'ros.ament_cmake' and name 'autonomous_driving'
[0.207s] Level 1:colcon.colcon_core.package_identification:_identify(src/app/evaluation) by extensions ['ignore', 'ignore_ament_install']
[0.207s] Level 1:colcon.colcon_core.package_identification:_identify(src/app/evaluation) by extension 'ignore'
[0.207s] Level 1:colcon.colcon_core.package_identification:_identify(src/app/evaluation) by extension 'ignore_ament_install'
[0.207s] Level 1:colcon.colcon_core.package_identification:_identify(src/app/evaluation) by extensions ['colcon_pkg']
[0.207s] Level 1:colcon.colcon_core.package_identification:_identify(src/app/evaluation) by extension 'colcon_pkg'
[0.207s] Level 1:colcon.colcon_core.package_identification:_identify(src/app/evaluation) by extensions ['colcon_meta']
[0.207s] Level 1:colcon.colcon_core.package_identification:_identify(src/app/evaluation) by extension 'colcon_meta'
[0.207s] Level 1:colcon.colcon_core.package_identification:_identify(src/app/evaluation) by extensions ['ros']
[0.207s] Level 1:colcon.colcon_core.package_identification:_identify(src/app/evaluation) by extension 'ros'
[0.207s] DEBUG:colcon.colcon_core.package_identification:Package 'src/app/evaluation' with type 'ros.ament_cmake' and name 'evaluation'
[0.207s] Level 1:colcon.colcon_core.package_identification:_identify(src/app/scenario_runner) by extensions ['ignore', 'ignore_ament_install']
[0.208s] Level 1:colcon.colcon_core.package_identification:_identify(src/app/scenario_runner) by extension 'ignore'
[0.208s] Level 1:colcon.colcon_core.package_identification:_identify(src/app/scenario_runner) by extension 'ignore_ament_install'
[0.208s] Level 1:colcon.colcon_core.package_identification:_identify(src/app/scenario_runner) by extensions ['colcon_pkg']
[0.208s] Level 1:colcon.colcon_core.package_identification:_identify(src/app/scenario_runner) by extension 'colcon_pkg'
[0.208s] Level 1:colcon.colcon_core.package_identification:_identify(src/app/scenario_runner) by extensions ['colcon_meta']
[0.208s] Level 1:colcon.colcon_core.package_identification:_identify(src/app/scenario_runner) by extension 'colcon_meta'
[0.208s] Level 1:colcon.colcon_core.package_identification:_identify(src/app/scenario_runner) by extensions ['ros']
[0.208s] Level 1:colcon.colcon_core.package_identification:_identify(src/app/scenario_runner) by extension 'ros'
[0.208s] DEBUG:colcon.colcon_core.package_identification:Package 'src/app/scenario_runner' with type 'ros.ament_cmake' and name 'scenario_runner'
[0.208s] Level 1:colcon.colcon_core.package_identification:_identify(src/app/simulator) by extensions ['ignore', 'ignore_ament_install']
[0.208s] Level 1:colcon.colcon_core.package_identification:_identify(src/app/simulator) by extension 'ignore'
[0.208s] Level 1:colcon.colcon_core.package_identification:_identify(src/app/simulator) by extension 'ignore_ament_install'
[0.208s] Level 1:colcon.colcon_core.package_identification:_identify(src/app/simulator) by extensions ['colcon_pkg']
[0.208s] Level 1:colcon.colcon_core.package_identification:_identify(src/app/simulator) by extension 'colcon_pkg'
[0.208s] Level 1:colcon.colcon_core.package_identification:_identify(src/app/simulator) by extensions ['colcon_meta']
[0.208s] Level 1:colcon.colcon_core.package_identification:_identify(src/app/simulator) by extension 'colcon_meta'
[0.208s] Level 1:colcon.colcon_core.package_identification:_identify(src/app/simulator) by extensions ['ros']
[0.208s] Level 1:colcon.colcon_core.package_identification:_identify(src/app/simulator) by extension 'ros'
[0.209s] DEBUG:colcon.colcon_core.package_identification:Package 'src/app/simulator' with type 'ros.ament_cmake' and name 'simulator'
[0.209s] Level 1:colcon.colcon_core.package_identification:_identify(src/bsw) by extensions ['ignore', 'ignore_ament_install']
[0.209s] Level 1:colcon.colcon_core.package_identification:_identify(src/bsw) by extension 'ignore'
[0.209s] Level 1:colcon.colcon_core.package_identification:_identify(src/bsw) by extension 'ignore_ament_install'
[0.209s] Level 1:colcon.colcon_core.package_identification:_identify(src/bsw) by extensions ['colcon_pkg']
[0.209s] Level 1:colcon.colcon_core.package_identification:_identify(src/bsw) by extension 'colcon_pkg'
[0.209s] Level 1:colcon.colcon_core.package_identification:_identify(src/bsw) by extensions ['colcon_meta']
[0.209s] Level 1:colcon.colcon_core.package_identification:_identify(src/bsw) by extension 'colcon_meta'
[0.209s] Level 1:colcon.colcon_core.package_identification:_identify(src/bsw) by extensions ['ros']
[0.209s] Level 1:colcon.colcon_core.package_identification:_identify(src/bsw) by extension 'ros'
[0.209s] Level 1:colcon.colcon_core.package_identification:_identify(src/bsw) by extensions ['cmake', 'python']
[0.209s] Level 1:colcon.colcon_core.package_identification:_identify(src/bsw) by extension 'cmake'
[0.209s] Level 1:colcon.colcon_core.package_identification:_identify(src/bsw) by extension 'python'
[0.209s] Level 1:colcon.colcon_core.package_identification:_identify(src/bsw) by extensions ['python_setup_py']
[0.209s] Level 1:colcon.colcon_core.package_identification:_identify(src/bsw) by extension 'python_setup_py'
[0.209s] Level 1:colcon.colcon_core.package_identification:_identify(src/bsw/system) by extensions ['ignore', 'ignore_ament_install']
[0.209s] Level 1:colcon.colcon_core.package_identification:_identify(src/bsw/system) by extension 'ignore'
[0.209s] Level 1:colcon.colcon_core.package_identification:_identify(src/bsw/system) by extension 'ignore_ament_install'
[0.209s] Level 1:colcon.colcon_core.package_identification:_identify(src/bsw/system) by extensions ['colcon_pkg']
[0.209s] Level 1:colcon.colcon_core.package_identification:_identify(src/bsw/system) by extension 'colcon_pkg'
[0.209s] Level 1:colcon.colcon_core.package_identification:_identify(src/bsw/system) by extensions ['colcon_meta']
[0.209s] Level 1:colcon.colcon_core.package_identification:_identify(src/bsw/system) by extension 'colcon_meta'
[0.209s] Level 1:colcon.colcon_core.package_identification:_identify(src/bsw/system) by extensions ['ros']
[0.209s] Level 1:colcon.colcon_core.package_identification:_identify(src/bsw/system) by extension 'ros'
[0.210s] Level 1:colcon.colcon_core.package_identification:_identify(src/bsw/system) by extensions ['cmake', 'python']
[0.210s] Level 1:colcon.colcon_core.package_identification:_identify(src/bsw/system) by extension 'cmake'
[0.210s] Level 1:colcon.colcon_core.package_identification:_identify(src/bsw/system) by extension 'python'
[0.210s] Level 1:colcon.colcon_core.package_identification:_identify(src/bsw/system) by extensions ['python_setup_py']
[0.210s] Level 1:colcon.colcon_core.package_identification:_identify(src/bsw/system) by extension 'python_setup_py'
[0.210s] Level 1:colcon.colcon_core.package_identification:_identify(src/bsw/system/interface) by extensions ['ignore', 'ignore_ament_install']
[0.210s] Level 1:colcon.colcon_core.package_identification:_identify(src/bsw/system/interface) by extension 'ignore'
[0.210s] Level 1:colcon.colcon_core.package_identification:_identify(src/bsw/system/interface) by extension 'ignore_ament_install'
[0.210s] Level 1:colcon.colcon_core.package_identification:_identify(src/bsw/system/interface) by extensions ['colcon_pkg']
[0.210s] Level 1:colcon.colcon_core.package_identification:_identify(src/bsw/system/interface) by extension 'colcon_pkg'
[0.210s] Level 1:colcon.colcon_core.package_identification:_identify(src/bsw/system/interface) by extensions ['colcon_meta']
[0.210s] Level 1:colcon.colcon_core.package_identification:_identify(src/bsw/system/interface) by extension 'colcon_meta'
[0.210s] Level 1:colcon.colcon_core.package_identification:_identify(src/bsw/system/interface) by extensions ['ros']
[0.210s] Level 1:colcon.colcon_core.package_identification:_identify(src/bsw/system/interface) by extension 'ros'
[0.210s] Level 1:colcon.colcon_core.package_identification:_identify(src/bsw/system/interface) by extensions ['cmake', 'python']
[0.210s] Level 1:colcon.colcon_core.package_identification:_identify(src/bsw/system/interface) by extension 'cmake'
[0.210s] Level 1:colcon.colcon_core.package_identification:_identify(src/bsw/system/interface) by extension 'python'
[0.210s] Level 1:colcon.colcon_core.package_identification:_identify(src/bsw/system/interface) by extensions ['python_setup_py']
[0.210s] Level 1:colcon.colcon_core.package_identification:_identify(src/bsw/system/interface) by extension 'python_setup_py'
[0.210s] Level 1:colcon.colcon_core.package_identification:_identify(src/rte) by extensions ['ignore', 'ignore_ament_install']
[0.210s] Level 1:colcon.colcon_core.package_identification:_identify(src/rte) by extension 'ignore'
[0.210s] Level 1:colcon.colcon_core.package_identification:_identify(src/rte) by extension 'ignore_ament_install'
[0.210s] Level 1:colcon.colcon_core.package_identification:_identify(src/rte) by extensions ['colcon_pkg']
[0.210s] Level 1:colcon.colcon_core.package_identification:_identify(src/rte) by extension 'colcon_pkg'
[0.210s] Level 1:colcon.colcon_core.package_identification:_identify(src/rte) by extensions ['colcon_meta']
[0.210s] Level 1:colcon.colcon_core.package_identification:_identify(src/rte) by extension 'colcon_meta'
[0.210s] Level 1:colcon.colcon_core.package_identification:_identify(src/rte) by extensions ['ros']
[0.210s] Level 1:colcon.colcon_core.package_identification:_identify(src/rte) by extension 'ros'
[0.210s] Level 1:colcon.colcon_core.package_identification:_identify(src/rte) by extensions ['cmake', 'python']
[0.210s] Level 1:colcon.colcon_core.package_identification:_identify(src/rte) by extension 'cmake'
[0.210s] Level 1:colcon.colcon_core.package_identification:_identify(src/rte) by extension 'python'
[0.210s] Level 1:colcon.colcon_core.package_identification:_identify(src/rte) by extensions ['python_setup_py']
[0.210s] Level 1:colcon.colcon_core.package_identification:_identify(src/rte) by extension 'python_setup_py'
[0.210s] Level 1:colcon.colcon_core.package_identification:_identify(src/rte/msg) by extensions ['ignore', 'ignore_ament_install']
[0.210s] Level 1:colcon.colcon_core.package_identification:_identify(src/rte/msg) by extension 'ignore'
[0.210s] Level 1:colcon.colcon_core.package_identification:_identify(src/rte/msg) by extension 'ignore_ament_install'
[0.211s] Level 1:colcon.colcon_core.package_identification:_identify(src/rte/msg) by extensions ['colcon_pkg']
[0.211s] Level 1:colcon.colcon_core.package_identification:_identify(src/rte/msg) by extension 'colcon_pkg'
[0.211s] Level 1:colcon.colcon_core.package_identification:_identify(src/rte/msg) by extensions ['colcon_meta']
[0.211s] Level 1:colcon.colcon_core.package_identification:_identify(src/rte/msg) by extension 'colcon_meta'
[0.211s] Level 1:colcon.colcon_core.package_identification:_identify(src/rte/msg) by extensions ['ros']
[0.211s] Level 1:colcon.colcon_core.package_identification:_identify(src/rte/msg) by extension 'ros'
[0.211s] Level 1:colcon.colcon_core.package_identification:_identify(src/rte/msg) by extensions ['cmake', 'python']
[0.211s] Level 1:colcon.colcon_core.package_identification:_identify(src/rte/msg) by extension 'cmake'
[0.211s] Level 1:colcon.colcon_core.package_identification:_identify(src/rte/msg) by extension 'python'
[0.211s] Level 1:colcon.colcon_core.package_identification:_identify(src/rte/msg) by extensions ['python_setup_py']
[0.211s] Level 1:colcon.colcon_core.package_identification:_identify(src/rte/msg) by extension 'python_setup_py'
[0.211s] Level 1:colcon.colcon_core.package_identification:_identify(src/rte/msg/ad_msgs) by extensions ['ignore', 'ignore_ament_install']
[0.211s] Level 1:colcon.colcon_core.package_identification:_identify(src/rte/msg/ad_msgs) by extension 'ignore'
[0.211s] Level 1:colcon.colcon_core.package_identification:_identify(src/rte/msg/ad_msgs) by extension 'ignore_ament_install'
[0.211s] Level 1:colcon.colcon_core.package_identification:_identify(src/rte/msg/ad_msgs) by extensions ['colcon_pkg']
[0.211s] Level 1:colcon.colcon_core.package_identification:_identify(src/rte/msg/ad_msgs) by extension 'colcon_pkg'
[0.211s] Level 1:colcon.colcon_core.package_identification:_identify(src/rte/msg/ad_msgs) by extensions ['colcon_meta']
[0.211s] Level 1:colcon.colcon_core.package_identification:_identify(src/rte/msg/ad_msgs) by extension 'colcon_meta'
[0.211s] Level 1:colcon.colcon_core.package_identification:_identify(src/rte/msg/ad_msgs) by extensions ['ros']
[0.211s] Level 1:colcon.colcon_core.package_identification:_identify(src/rte/msg/ad_msgs) by extension 'ros'
[0.211s] DEBUG:colcon.colcon_core.package_identification:Package 'src/rte/msg/ad_msgs' with type 'ros.ament_cmake' and name 'ad_msgs'
[0.212s] Level 1:colcon.colcon_core.package_discovery:discover_packages(recursive) using defaults
[0.212s] Level 1:colcon.colcon_core.package_discovery:discover_packages(ignore) discover
[0.212s] Level 1:colcon.colcon_core.package_discovery:discover_packages(ignore) using defaults
[0.212s] Level 1:colcon.colcon_core.package_discovery:discover_packages(path) discover
[0.212s] Level 1:colcon.colcon_core.package_discovery:discover_packages(path) using defaults
[0.235s] Level 1:colcon.colcon_core.package_discovery:discover_packages(prefix_path) check parameters
[0.235s] Level 1:colcon.colcon_core.package_discovery:discover_packages(prefix_path) discover
[0.236s] DEBUG:colcon.colcon_installed_package_information.package_discovery:Found 5 installed packages in /home/seok/automotive_software_mid-term/install
[0.236s] DEBUG:colcon.colcon_installed_package_information.package_discovery:Found 4 installed packages in /home/seok/ros2_ws/install
[0.237s] DEBUG:colcon.colcon_installed_package_information.package_discovery:Found 296 installed packages in /opt/ros/humble
[0.238s] Level 1:colcon.colcon_core.package_discovery:discover_packages(prefix_path) using defaults
[0.262s] Level 5:colcon.colcon_core.verb:set package 'ad_msgs' build argument 'cmake_args' from command line to 'None'
[0.262s] Level 5:colcon.colcon_core.verb:set package 'ad_msgs' build argument 'cmake_target' from command line to 'None'
[0.263s] Level 5:colcon.colcon_core.verb:set package 'ad_msgs' build argument 'cmake_target_skip_unavailable' from command line to 'False'
[0.263s] Level 5:colcon.colcon_core.verb:set package 'ad_msgs' build argument 'cmake_clean_cache' from command line to 'False'
[0.263s] Level 5:colcon.colcon_core.verb:set package 'ad_msgs' build argument 'cmake_clean_first' from command line to 'False'
[0.263s] Level 5:colcon.colcon_core.verb:set package 'ad_msgs' build argument 'cmake_force_configure' from command line to 'False'
[0.263s] Level 5:colcon.colcon_core.verb:set package 'ad_msgs' build argument 'ament_cmake_args' from command line to 'None'
[0.263s] Level 5:colcon.colcon_core.verb:set package 'ad_msgs' build argument 'catkin_cmake_args' from command line to 'None'
[0.263s] Level 5:colcon.colcon_core.verb:set package 'ad_msgs' build argument 'catkin_skip_building_tests' from command line to 'False'
[0.263s] DEBUG:colcon.colcon_core.verb:Building package 'ad_msgs' with the following arguments: {'ament_cmake_args': None, 'build_base': '/home/seok/automotive_software_mid-term/build/ad_msgs', 'catkin_cmake_args': None, 'catkin_skip_building_tests': False, 'cmake_args': None, 'cmake_clean_cache': False, 'cmake_clean_first': False, 'cmake_force_configure': False, 'cmake_target': None, 'cmake_target_skip_unavailable': False, 'install_base': '/home/seok/automotive_software_mid-term/install/ad_msgs', 'merge_install': False, 'path': '/home/seok/automotive_software_mid-term/src/rte/msg/ad_msgs', 'symlink_install': False, 'test_result_base': None}
[0.263s] Level 5:colcon.colcon_core.verb:set package 'autonomous_driving' build argument 'cmake_args' from command line to 'None'
[0.263s] Level 5:colcon.colcon_core.verb:set package 'autonomous_driving' build argument 'cmake_target' from command line to 'None'
[0.263s] Level 5:colcon.colcon_core.verb:set package 'autonomous_driving' build argument 'cmake_target_skip_unavailable' from command line to 'False'
[0.263s] Level 5:colcon.colcon_core.verb:set package 'autonomous_driving' build argument 'cmake_clean_cache' from command line to 'False'
[0.263s] Level 5:colcon.colcon_core.verb:set package 'autonomous_driving' build argument 'cmake_clean_first' from command line to 'False'
[0.263s] Level 5:colcon.colcon_core.verb:set package 'autonomous_driving' build argument 'cmake_force_configure' from command line to 'False'
[0.263s] Level 5:colcon.colcon_core.verb:set package 'autonomous_driving' build argument 'ament_cmake_args' from command line to 'None'
[0.263s] Level 5:colcon.colcon_core.verb:set package 'autonomous_driving' build argument 'catkin_cmake_args' from command line to 'None'
[0.263s] Level 5:colcon.colcon_core.verb:set package 'autonomous_driving' build argument 'catkin_skip_building_tests' from command line to 'False'
[0.263s] DEBUG:colcon.colcon_core.verb:Building package 'autonomous_driving' with the following arguments: {'ament_cmake_args': None, 'build_base': '/home/seok/automotive_software_mid-term/build/autonomous_driving', 'catkin_cmake_args': None, 'catkin_skip_building_tests': False, 'cmake_args': None, 'cmake_clean_cache': False, 'cmake_clean_first': False, 'cmake_force_configure': False, 'cmake_target': None, 'cmake_target_skip_unavailable': False, 'install_base': '/home/seok/automotive_software_mid-term/install/autonomous_driving', 'merge_install': False, 'path': '/home/seok/automotive_software_mid-term/src/app/autonomous_driving', 'symlink_install': False, 'test_result_base': None}
[0.263s] Level 5:colcon.colcon_core.verb:set package 'evaluation' build argument 'cmake_args' from command line to 'None'
[0.263s] Level 5:colcon.colcon_core.verb:set package 'evaluation' build argument 'cmake_target' from command line to 'None'
[0.263s] Level 5:colcon.colcon_core.verb:set package 'evaluation' build argument 'cmake_target_skip_unavailable' from command line to 'False'
[0.263s] Level 5:colcon.colcon_core.verb:set package 'evaluation' build argument 'cmake_clean_cache' from command line to 'False'
[0.263s] Level 5:colcon.colcon_core.verb:set package 'evaluation' build argument 'cmake_clean_first' from command line to 'False'
[0.263s] Level 5:colcon.colcon_core.verb:set package 'evaluation' build argument 'cmake_force_configure' from command line to 'False'
[0.263s] Level 5:colcon.colcon_core.verb:set package 'evaluation' build argument 'ament_cmake_args' from command line to 'None'
[0.263s] Level 5:colcon.colcon_core.verb:set package 'evaluation' build argument 'catkin_cmake_args' from command line to 'None'
[0.263s] Level 5:colcon.colcon_core.verb:set package 'evaluation' build argument 'catkin_skip_building_tests' from command line to 'False'
[0.263s] DEBUG:colcon.colcon_core.verb:Building package 'evaluation' with the following arguments: {'ament_cmake_args': None, 'build_base': '/home/seok/automotive_software_mid-term/build/evaluation', 'catkin_cmake_args': None, 'catkin_skip_building_tests': False, 'cmake_args': None, 'cmake_clean_cache': False, 'cmake_clean_first': False, 'cmake_force_configure': False, 'cmake_target': None, 'cmake_target_skip_unavailable': False, 'install_base': '/home/seok/automotive_software_mid-term/install/evaluation', 'merge_install': False, 'path': '/home/seok/automotive_software_mid-term/src/app/evaluation', 'symlink_install': False, 'test_result_base': None}
[0.264s] Level 5:colcon.colcon_core.verb:set package 'scenario_runner' build argument 'cmake_args' from command line to 'None'
[0.264s] Level 5:colcon.colcon_core.verb:set package 'scenario_runner' build argument 'cmake_target' from command line to 'None'
[0.264s] Level 5:colcon.colcon_core.verb:set package 'scenario_runner' build argument 'cmake_target_skip_unavailable' from command line to 'False'
[0.264s] Level 5:colcon.colcon_core.verb:set package 'scenario_runner' build argument 'cmake_clean_cache' from command line to 'False'
[0.264s] Level 5:colcon.colcon_core.verb:set package 'scenario_runner' build argument 'cmake_clean_first' from command line to 'False'
[0.264s] Level 5:colcon.colcon_core.verb:set package 'scenario_runner' build argument 'cmake_force_configure' from command line to 'False'
[0.264s] Level 5:colcon.colcon_core.verb:set package 'scenario_runner' build argument 'ament_cmake_args' from command line to 'None'
[0.264s] Level 5:colcon.colcon_core.verb:set package 'scenario_runner' build argument 'catkin_cmake_args' from command line to 'None'
[0.264s] Level 5:colcon.colcon_core.verb:set package 'scenario_runner' build argument 'catkin_skip_building_tests' from command line to 'False'
[0.264s] DEBUG:colcon.colcon_core.verb:Building package 'scenario_runner' with the following arguments: {'ament_cmake_args': None, 'build_base': '/home/seok/automotive_software_mid-term/build/scenario_runner', 'catkin_cmake_args': None, 'catkin_skip_building_tests': False, 'cmake_args': None, 'cmake_clean_cache': False, 'cmake_clean_first': False, 'cmake_force_configure': False, 'cmake_target': None, 'cmake_target_skip_unavailable': False, 'install_base': '/home/seok/automotive_software_mid-term/install/scenario_runner', 'merge_install': False, 'path': '/home/seok/automotive_software_mid-term/src/app/scenario_runner', 'symlink_install': False, 'test_result_base': None}
[0.264s] Level 5:colcon.colcon_core.verb:set package 'simulator' build argument 'cmake_args' from command line to 'None'
[0.264s] Level 5:colcon.colcon_core.verb:set package 'simulator' build argument 'cmake_target' from command line to 'None'
[0.264s] Level 5:colcon.colcon_core.verb:set package 'simulator' build argument 'cmake_target_skip_unavailable' from command line to 'False'
[0.264s] Level 5:colcon.colcon_core.verb:set package 'simulator' build argument 'cmake_clean_cache' from command line to 'False'
[0.264s] Level 5:colcon.colcon_core.verb:set package 'simulator' build argument 'cmake_clean_first' from command line to 'False'
[0.264s] Level 5:colcon.colcon_core.verb:set package 'simulator' build argument 'cmake_force_configure' from command line to 'False'
[0.264s] Level 5:colcon.colcon_core.verb:set package 'simulator' build argument 'ament_cmake_args' from command line to 'None'
[0.264s] Level 5:colcon.colcon_core.verb:set package 'simulator' build argument 'catkin_cmake_args' from command line to 'None'
[0.264s] Level 5:colcon.colcon_core.verb:set package 'simulator' build argument 'catkin_skip_building_tests' from command line to 'False'
[0.264s] DEBUG:colcon.colcon_core.verb:Building package 'simulator' with the following arguments: {'ament_cmake_args': None, 'build_base': '/home/seok/automotive_software_mid-term/build/simulator', 'catkin_cmake_args': None, 'catkin_skip_building_tests': False, 'cmake_args': None, 'cmake_clean_cache': False, 'cmake_clean_first': False, 'cmake_force_configure': False, 'cmake_target': None, 'cmake_target_skip_unavailable': False, 'install_base': '/home/seok/automotive_software_mid-term/install/simulator', 'merge_install': False, 'path': '/home/seok/automotive_software_mid-term/src/app/simulator', 'symlink_install': False, 'test_result_base': None}
[0.264s] INFO:colcon.colcon_core.executor:Executing jobs using 'parallel' executor
[0.265s] DEBUG:colcon.colcon_parallel_executor.executor.parallel:run_until_complete
[0.265s] INFO:colcon.colcon_ros.task.ament_cmake.build:Building ROS package in '/home/seok/automotive_software_mid-term/src/rte/msg/ad_msgs' with build type 'ament_cmake'
[0.265s] INFO:colcon.colcon_cmake.task.cmake.build:Building CMake package in '/home/seok/automotive_software_mid-term/src/rte/msg/ad_msgs'
[0.267s] INFO:colcon.colcon_core.plugin_system:Skipping extension 'colcon_core.shell.bat': Not used on non-Windows systems
[0.267s] INFO:colcon.colcon_core.shell:Skip shell extension 'powershell' for command environment: Not usable outside of PowerShell
[0.267s] DEBUG:colcon.colcon_core.shell:Skip shell extension 'dsv' for command environment
[0.275s] DEBUG:colcon.colcon_core.event_handler.log_command:Invoking command in '/home/seok/automotive_software_mid-term/build/ad_msgs': CMAKE_PREFIX_PATH=${CMAKE_PREFIX_PATH}:/opt/ros/humble /usr/bin/cmake --build /home/seok/automotive_software_mid-term/build/ad_msgs -- -j16 -l16
[0.489s] DEBUG:colcon.colcon_core.event_handler.log_command:Invoked command in '/home/seok/automotive_software_mid-term/build/ad_msgs' returned '0': CMAKE_PREFIX_PATH=${CMAKE_PREFIX_PATH}:/opt/ros/humble /usr/bin/cmake --build /home/seok/automotive_software_mid-term/build/ad_msgs -- -j16 -l16
[0.587s] DEBUG:colcon.colcon_core.event_handler.log_command:Invoking command in '/home/seok/automotive_software_mid-term/build/ad_msgs': CMAKE_PREFIX_PATH=${CMAKE_PREFIX_PATH}:/opt/ros/humble /usr/bin/cmake --install /home/seok/automotive_software_mid-term/build/ad_msgs
[0.634s] Level 1:colcon.colcon_core.environment:create_environment_scripts_only(ad_msgs)
[0.634s] DEBUG:colcon.colcon_core.event_handler.log_command:Invoked command in '/home/seok/automotive_software_mid-term/build/ad_msgs' returned '0': CMAKE_PREFIX_PATH=${CMAKE_PREFIX_PATH}:/opt/ros/humble /usr/bin/cmake --install /home/seok/automotive_software_mid-term/build/ad_msgs
[0.636s] Level 1:colcon.colcon_core.environment:checking '/home/seok/automotive_software_mid-term/install/ad_msgs' for CMake module files
[0.636s] Level 1:colcon.colcon_core.environment:checking '/home/seok/automotive_software_mid-term/install/ad_msgs' for CMake config files
[0.637s] Level 1:colcon.colcon_core.shell:create_environment_hook('ad_msgs', 'cmake_prefix_path')
[0.637s] INFO:colcon.colcon_core.shell:Creating environment hook '/home/seok/automotive_software_mid-term/install/ad_msgs/share/ad_msgs/hook/cmake_prefix_path.ps1'
[0.637s] INFO:colcon.colcon_core.shell:Creating environment descriptor '/home/seok/automotive_software_mid-term/install/ad_msgs/share/ad_msgs/hook/cmake_prefix_path.dsv'
[0.638s] INFO:colcon.colcon_core.shell:Creating environment hook '/home/seok/automotive_software_mid-term/install/ad_msgs/share/ad_msgs/hook/cmake_prefix_path.sh'
[0.638s] Level 1:colcon.colcon_core.environment:checking '/home/seok/automotive_software_mid-term/install/ad_msgs/lib'
[0.638s] Level 1:colcon.colcon_core.shell:create_environment_hook('ad_msgs', 'ld_library_path_lib')
[0.638s] INFO:colcon.colcon_core.shell:Creating environment hook '/home/seok/automotive_software_mid-term/install/ad_msgs/share/ad_msgs/hook/ld_library_path_lib.ps1'
[0.639s] INFO:colcon.colcon_core.shell:Creating environment descriptor '/home/seok/automotive_software_mid-term/install/ad_msgs/share/ad_msgs/hook/ld_library_path_lib.dsv'
[0.639s] INFO:colcon.colcon_core.shell:Creating environment hook '/home/seok/automotive_software_mid-term/install/ad_msgs/share/ad_msgs/hook/ld_library_path_lib.sh'
[0.639s] Level 1:colcon.colcon_core.environment:checking '/home/seok/automotive_software_mid-term/install/ad_msgs/bin'
[0.639s] Level 1:colcon.colcon_core.environment:checking '/home/seok/automotive_software_mid-term/install/ad_msgs/lib/pkgconfig/ad_msgs.pc'
[0.639s] Level 1:colcon.colcon_core.environment:checking '/home/seok/automotive_software_mid-term/install/ad_msgs/lib/python3.10/site-packages'
[0.639s] Level 1:colcon.colcon_core.environment:checking '/home/seok/automotive_software_mid-term/install/ad_msgs/bin'
[0.640s] INFO:colcon.colcon_core.shell:Creating package script '/home/seok/automotive_software_mid-term/install/ad_msgs/share/ad_msgs/package.ps1'
[0.641s] INFO:colcon.colcon_core.shell:Creating package descriptor '/home/seok/automotive_software_mid-term/install/ad_msgs/share/ad_msgs/package.dsv'
[0.641s] INFO:colcon.colcon_core.shell:Creating package script '/home/seok/automotive_software_mid-term/install/ad_msgs/share/ad_msgs/package.sh'
[0.642s] INFO:colcon.colcon_core.shell:Creating package script '/home/seok/automotive_software_mid-term/install/ad_msgs/share/ad_msgs/package.bash'
[0.642s] INFO:colcon.colcon_core.shell:Creating package script '/home/seok/automotive_software_mid-term/install/ad_msgs/share/ad_msgs/package.zsh'
[0.643s] Level 1:colcon.colcon_core.environment:create_file_with_runtime_dependencies(/home/seok/automotive_software_mid-term/install/ad_msgs/share/colcon-core/packages/ad_msgs)
[0.735s] Level 1:colcon.colcon_core.environment:create_environment_scripts_only(ad_msgs)
[0.735s] Level 1:colcon.colcon_core.environment:checking '/home/seok/automotive_software_mid-term/install/ad_msgs' for CMake module files
[0.736s] Level 1:colcon.colcon_core.environment:checking '/home/seok/automotive_software_mid-term/install/ad_msgs' for CMake config files
[0.736s] Level 1:colcon.colcon_core.shell:create_environment_hook('ad_msgs', 'cmake_prefix_path')
[0.736s] INFO:colcon.colcon_core.shell:Creating environment hook '/home/seok/automotive_software_mid-term/install/ad_msgs/share/ad_msgs/hook/cmake_prefix_path.ps1'
[0.736s] INFO:colcon.colcon_core.shell:Creating environment descriptor '/home/seok/automotive_software_mid-term/install/ad_msgs/share/ad_msgs/hook/cmake_prefix_path.dsv'
[0.737s] INFO:colcon.colcon_core.shell:Creating environment hook '/home/seok/automotive_software_mid-term/install/ad_msgs/share/ad_msgs/hook/cmake_prefix_path.sh'
[0.737s] Level 1:colcon.colcon_core.environment:checking '/home/seok/automotive_software_mid-term/install/ad_msgs/lib'
[0.737s] Level 1:colcon.colcon_core.shell:create_environment_hook('ad_msgs', 'ld_library_path_lib')
[0.737s] INFO:colcon.colcon_core.shell:Creating environment hook '/home/seok/automotive_software_mid-term/install/ad_msgs/share/ad_msgs/hook/ld_library_path_lib.ps1'
[0.738s] INFO:colcon.colcon_core.shell:Creating environment descriptor '/home/seok/automotive_software_mid-term/install/ad_msgs/share/ad_msgs/hook/ld_library_path_lib.dsv'
[0.738s] INFO:colcon.colcon_core.shell:Creating environment hook '/home/seok/automotive_software_mid-term/install/ad_msgs/share/ad_msgs/hook/ld_library_path_lib.sh'
[0.738s] Level 1:colcon.colcon_core.environment:checking '/home/seok/automotive_software_mid-term/install/ad_msgs/bin'
[0.738s] Level 1:colcon.colcon_core.environment:checking '/home/seok/automotive_software_mid-term/install/ad_msgs/lib/pkgconfig/ad_msgs.pc'
[0.738s] Level 1:colcon.colcon_core.environment:checking '/home/seok/automotive_software_mid-term/install/ad_msgs/lib/python3.10/site-packages'
[0.738s] Level 1:colcon.colcon_core.environment:checking '/home/seok/automotive_software_mid-term/install/ad_msgs/bin'
[0.738s] INFO:colcon.colcon_core.shell:Creating package script '/home/seok/automotive_software_mid-term/install/ad_msgs/share/ad_msgs/package.ps1'
[0.739s] INFO:colcon.colcon_core.shell:Creating package descriptor '/home/seok/automotive_software_mid-term/install/ad_msgs/share/ad_msgs/package.dsv'
[0.739s] INFO:colcon.colcon_core.shell:Creating package script '/home/seok/automotive_software_mid-term/install/ad_msgs/share/ad_msgs/package.sh'
[0.739s] INFO:colcon.colcon_core.shell:Creating package script '/home/seok/automotive_software_mid-term/install/ad_msgs/share/ad_msgs/package.bash'
[0.740s] INFO:colcon.colcon_core.shell:Creating package script '/home/seok/automotive_software_mid-term/install/ad_msgs/share/ad_msgs/package.zsh'
[0.740s] Level 1:colcon.colcon_core.environment:create_file_with_runtime_dependencies(/home/seok/automotive_software_mid-term/install/ad_msgs/share/colcon-core/packages/ad_msgs)
[0.740s] INFO:colcon.colcon_ros.task.ament_cmake.build:Building ROS package in '/home/seok/automotive_software_mid-term/src/app/autonomous_driving' with build type 'ament_cmake'
[0.740s] INFO:colcon.colcon_cmake.task.cmake.build:Building CMake package in '/home/seok/automotive_software_mid-term/src/app/autonomous_driving'
[0.741s] INFO:colcon.colcon_core.shell:Skip shell extension 'powershell' for command environment: Not usable outside of PowerShell
[0.741s] DEBUG:colcon.colcon_core.shell:Skip shell extension 'dsv' for command environment
[0.743s] INFO:colcon.colcon_ros.task.ament_cmake.build:Building ROS package in '/home/seok/automotive_software_mid-term/src/app/evaluation' with build type 'ament_cmake'
[0.744s] INFO:colcon.colcon_cmake.task.cmake.build:Building CMake package in '/home/seok/automotive_software_mid-term/src/app/evaluation'
[0.744s] INFO:colcon.colcon_core.shell:Skip shell extension 'powershell' for command environment: Not usable outside of PowerShell
[0.744s] DEBUG:colcon.colcon_core.shell:Skip shell extension 'dsv' for command environment
[0.746s] INFO:colcon.colcon_ros.task.ament_cmake.build:Building ROS package in '/home/seok/automotive_software_mid-term/src/app/scenario_runner' with build type 'ament_cmake'
[0.746s] INFO:colcon.colcon_cmake.task.cmake.build:Building CMake package in '/home/seok/automotive_software_mid-term/src/app/scenario_runner'
[0.747s] INFO:colcon.colcon_core.shell:Skip shell extension 'powershell' for command environment: Not usable outside of PowerShell
[0.747s] DEBUG:colcon.colcon_core.shell:Skip shell extension 'dsv' for command environment
[0.749s] INFO:colcon.colcon_ros.task.ament_cmake.build:Building ROS package in '/home/seok/automotive_software_mid-term/src/app/simulator' with build type 'ament_cmake'
[0.750s] INFO:colcon.colcon_cmake.task.cmake.build:Building CMake package in '/home/seok/automotive_software_mid-term/src/app/simulator'
[0.750s] INFO:colcon.colcon_core.shell:Skip shell extension 'powershell' for command environment: Not usable outside of PowerShell
[0.750s] DEBUG:colcon.colcon_core.shell:Skip shell extension 'dsv' for command environment
[0.772s] DEBUG:colcon.colcon_core.event_handler.log_command:Invoking command in '/home/seok/automotive_software_mid-term/build/autonomous_driving': CMAKE_PREFIX_PATH=/home/seok/automotive_software_mid-term/install/ad_msgs:/home/seok/automotive_software_mid-term/install/simulator:/home/seok/automotive_software_mid-term/install/scenario_runner:/home/seok/automotive_software_mid-term/install/evaluation:/home/seok/automotive_software_mid-term/install/autonomous_driving:/home/seok/ros2_ws/install/simulator:/home/seok/ros2_ws/install/evaluation:/home/seok/ros2_ws/install/autonomous_driving:/home/seok/ros2_ws/install/ad_msgs:/opt/ros/humble /usr/bin/cmake --build /home/seok/automotive_software_mid-term/build/autonomous_driving -- -j16 -l16
[0.775s] DEBUG:colcon.colcon_core.event_handler.log_command:Invoking command in '/home/seok/automotive_software_mid-term/build/evaluation': CMAKE_PREFIX_PATH=/home/seok/automotive_software_mid-term/install/ad_msgs:/home/seok/automotive_software_mid-term/install/simulator:/home/seok/automotive_software_mid-term/install/scenario_runner:/home/seok/automotive_software_mid-term/install/evaluation:/home/seok/automotive_software_mid-term/install/autonomous_driving:/home/seok/ros2_ws/install/simulator:/home/seok/ros2_ws/install/evaluation:/home/seok/ros2_ws/install/autonomous_driving:/home/seok/ros2_ws/install/ad_msgs:/opt/ros/humble /usr/bin/cmake --build /home/seok/automotive_software_mid-term/build/evaluation -- -j16 -l16
[0.779s] DEBUG:colcon.colcon_core.event_handler.log_command:Invoking command in '/home/seok/automotive_software_mid-term/build/scenario_runner': CMAKE_PREFIX_PATH=/home/seok/automotive_software_mid-term/install/ad_msgs:/home/seok/automotive_software_mid-term/install/simulator:/home/seok/automotive_software_mid-term/install/scenario_runner:/home/seok/automotive_software_mid-term/install/evaluation:/home/seok/automotive_software_mid-term/install/autonomous_driving:/home/seok/ros2_ws/install/simulator:/home/seok/ros2_ws/install/evaluation:/home/seok/ros2_ws/install/autonomous_driving:/home/seok/ros2_ws/install/ad_msgs:/opt/ros/humble /usr/bin/cmake --build /home/seok/automotive_software_mid-term/build/scenario_runner -- -j16 -l16
[0.783s] DEBUG:colcon.colcon_core.event_handler.log_command:Invoking command in '/home/seok/automotive_software_mid-term/build/simulator': CMAKE_PREFIX_PATH=/home/seok/automotive_software_mid-term/install/ad_msgs:/home/seok/automotive_software_mid-term/install/simulator:/home/seok/automotive_software_mid-term/install/scenario_runner:/home/seok/automotive_software_mid-term/install/evaluation:/home/seok/automotive_software_mid-term/install/autonomous_driving:/home/seok/ros2_ws/install/simulator:/home/seok/ros2_ws/install/evaluation:/home/seok/ros2_ws/install/autonomous_driving:/home/seok/ros2_ws/install/ad_msgs:/opt/ros/humble /usr/bin/cmake --build /home/seok/automotive_software_mid-term/build/simulator -- -j16 -l16
[0.823s] DEBUG:colcon.colcon_core.event_handler.log_command:Invoked command in '/home/seok/automotive_software_mid-term/build/evaluation' returned '0': CMAKE_PREFIX_PATH=/home/seok/automotive_software_mid-term/install/ad_msgs:/home/seok/automotive_software_mid-term/install/simulator:/home/seok/automotive_software_mid-term/install/scenario_runner:/home/seok/automotive_software_mid-term/install/evaluation:/home/seok/automotive_software_mid-term/install/autonomous_driving:/home/seok/ros2_ws/install/simulator:/home/seok/ros2_ws/install/evaluation:/home/seok/ros2_ws/install/autonomous_driving:/home/seok/ros2_ws/install/ad_msgs:/opt/ros/humble /usr/bin/cmake --build /home/seok/automotive_software_mid-term/build/evaluation -- -j16 -l16
[0.830s] DEBUG:colcon.colcon_core.event_handler.log_command:Invoked command in '/home/seok/automotive_software_mid-term/build/simulator' returned '0': CMAKE_PREFIX_PATH=/home/seok/automotive_software_mid-term/install/ad_msgs:/home/seok/automotive_software_mid-term/install/simulator:/home/seok/automotive_software_mid-term/install/scenario_runner:/home/seok/automotive_software_mid-term/install/evaluation:/home/seok/automotive_software_mid-term/install/autonomous_driving:/home/seok/ros2_ws/install/simulator:/home/seok/ros2_ws/install/evaluation:/home/seok/ros2_ws/install/autonomous_driving:/home/seok/ros2_ws/install/ad_msgs:/opt/ros/humble /usr/bin/cmake --build /home/seok/automotive_software_mid-term/build/simulator -- -j16 -l16
[0.832s] DEBUG:colcon.colcon_core.event_handler.log_command:Invoked command in '/home/seok/automotive_software_mid-term/build/scenario_runner' returned '0': CMAKE_PREFIX_PATH=/home/seok/automotive_software_mid-term/install/ad_msgs:/home/seok/automotive_software_mid-term/install/simulator:/home/seok/automotive_software_mid-term/install/scenario_runner:/home/seok/automotive_software_mid-term/install/evaluation:/home/seok/automotive_software_mid-term/install/autonomous_driving:/home/seok/ros2_ws/install/simulator:/home/seok/ros2_ws/install/evaluation:/home/seok/ros2_ws/install/autonomous_driving:/home/seok/ros2_ws/install/ad_msgs:/opt/ros/humble /usr/bin/cmake --build /home/seok/automotive_software_mid-term/build/scenario_runner -- -j16 -l16
[0.847s] DEBUG:colcon.colcon_core.event_handler.log_command:Invoking command in '/home/seok/automotive_software_mid-term/build/evaluation': CMAKE_PREFIX_PATH=/home/seok/automotive_software_mid-term/install/ad_msgs:/home/seok/automotive_software_mid-term/install/simulator:/home/seok/automotive_software_mid-term/install/scenario_runner:/home/seok/automotive_software_mid-term/install/evaluation:/home/seok/automotive_software_mid-term/install/autonomous_driving:/home/seok/ros2_ws/install/simulator:/home/seok/ros2_ws/install/evaluation:/home/seok/ros2_ws/install/autonomous_driving:/home/seok/ros2_ws/install/ad_msgs:/opt/ros/humble /usr/bin/cmake --install /home/seok/automotive_software_mid-term/build/evaluation
[0.853s] DEBUG:colcon.colcon_core.event_handler.log_command:Invoking command in '/home/seok/automotive_software_mid-term/build/simulator': CMAKE_PREFIX_PATH=/home/seok/automotive_software_mid-term/install/ad_msgs:/home/seok/automotive_software_mid-term/install/simulator:/home/seok/automotive_software_mid-term/install/scenario_runner:/home/seok/automotive_software_mid-term/install/evaluation:/home/seok/automotive_software_mid-term/install/autonomous_driving:/home/seok/ros2_ws/install/simulator:/home/seok/ros2_ws/install/evaluation:/home/seok/ros2_ws/install/autonomous_driving:/home/seok/ros2_ws/install/ad_msgs:/opt/ros/humble /usr/bin/cmake --install /home/seok/automotive_software_mid-term/build/simulator
[0.858s] DEBUG:colcon.colcon_core.event_handler.log_command:Invoking command in '/home/seok/automotive_software_mid-term/build/scenario_runner': CMAKE_PREFIX_PATH=/home/seok/automotive_software_mid-term/install/ad_msgs:/home/seok/automotive_software_mid-term/install/simulator:/home/seok/automotive_software_mid-term/install/scenario_runner:/home/seok/automotive_software_mid-term/install/evaluation:/home/seok/automotive_software_mid-term/install/autonomous_driving:/home/seok/ros2_ws/install/simulator:/home/seok/ros2_ws/install/evaluation:/home/seok/ros2_ws/install/autonomous_driving:/home/seok/ros2_ws/install/ad_msgs:/opt/ros/humble /usr/bin/cmake --install /home/seok/automotive_software_mid-term/build/scenario_runner
[0.859s] Level 1:colcon.colcon_core.environment:create_environment_scripts_only(evaluation)
[0.860s] DEBUG:colcon.colcon_core.event_handler.log_command:Invoked command in '/home/seok/automotive_software_mid-term/build/evaluation' returned '0': CMAKE_PREFIX_PATH=/home/seok/automotive_software_mid-term/install/ad_msgs:/home/seok/automotive_software_mid-term/install/simulator:/home/seok/automotive_software_mid-term/install/scenario_runner:/home/seok/automotive_software_mid-term/install/evaluation:/home/seok/automotive_software_mid-term/install/autonomous_driving:/home/seok/ros2_ws/install/simulator:/home/seok/ros2_ws/install/evaluation:/home/seok/ros2_ws/install/autonomous_driving:/home/seok/ros2_ws/install/ad_msgs:/opt/ros/humble /usr/bin/cmake --install /home/seok/automotive_software_mid-term/build/evaluation
[0.861s] Level 1:colcon.colcon_core.environment:checking '/home/seok/automotive_software_mid-term/install/evaluation' for CMake module files
[0.861s] Level 1:colcon.colcon_core.environment:checking '/home/seok/automotive_software_mid-term/install/evaluation' for CMake config files
[0.864s] Level 1:colcon.colcon_core.shell:create_environment_hook('evaluation', 'cmake_prefix_path')
[0.864s] INFO:colcon.colcon_core.shell:Creating environment hook '/home/seok/automotive_software_mid-term/install/evaluation/share/evaluation/hook/cmake_prefix_path.ps1'
[0.865s] INFO:colcon.colcon_core.shell:Creating environment descriptor '/home/seok/automotive_software_mid-term/install/evaluation/share/evaluation/hook/cmake_prefix_path.dsv'
[0.865s] INFO:colcon.colcon_core.shell:Creating environment hook '/home/seok/automotive_software_mid-term/install/evaluation/share/evaluation/hook/cmake_prefix_path.sh'
[0.865s] Level 1:colcon.colcon_core.environment:checking '/home/seok/automotive_software_mid-term/install/evaluation/lib'
[0.865s] Level 1:colcon.colcon_core.environment:checking '/home/seok/automotive_software_mid-term/install/evaluation/bin'
[0.865s] Level 1:colcon.colcon_core.environment:checking '/home/seok/automotive_software_mid-term/install/evaluation/lib/pkgconfig/evaluation.pc'
[0.865s] Level 1:colcon.colcon_core.environment:checking '/home/seok/automotive_software_mid-term/install/evaluation/lib/python3.10/site-packages'
[0.866s] Level 1:colcon.colcon_core.environment:checking '/home/seok/automotive_software_mid-term/install/evaluation/bin'
[0.866s] INFO:colcon.colcon_core.shell:Creating package script '/home/seok/automotive_software_mid-term/install/evaluation/share/evaluation/package.ps1'
[0.866s] INFO:colcon.colcon_core.shell:Creating package descriptor '/home/seok/automotive_software_mid-term/install/evaluation/share/evaluation/package.dsv'
[0.867s] INFO:colcon.colcon_core.shell:Creating package script '/home/seok/automotive_software_mid-term/install/evaluation/share/evaluation/package.sh'
[0.867s] INFO:colcon.colcon_core.shell:Creating package script '/home/seok/automotive_software_mid-term/install/evaluation/share/evaluation/package.bash'
[0.867s] INFO:colcon.colcon_core.shell:Creating package script '/home/seok/automotive_software_mid-term/install/evaluation/share/evaluation/package.zsh'
[0.867s] Level 1:colcon.colcon_core.environment:create_file_with_runtime_dependencies(/home/seok/automotive_software_mid-term/install/evaluation/share/colcon-core/packages/evaluation)
[0.869s] Level 1:colcon.colcon_core.environment:create_environment_scripts_only(simulator)
[0.869s] Level 1:colcon.colcon_core.environment:checking '/home/seok/automotive_software_mid-term/install/simulator' for CMake module files
[0.870s] DEBUG:colcon.colcon_core.event_handler.log_command:Invoked command in '/home/seok/automotive_software_mid-term/build/simulator' returned '0': CMAKE_PREFIX_PATH=/home/seok/automotive_software_mid-term/install/ad_msgs:/home/seok/automotive_software_mid-term/install/simulator:/home/seok/automotive_software_mid-term/install/scenario_runner:/home/seok/automotive_software_mid-term/install/evaluation:/home/seok/automotive_software_mid-term/install/autonomous_driving:/home/seok/ros2_ws/install/simulator:/home/seok/ros2_ws/install/evaluation:/home/seok/ros2_ws/install/autonomous_driving:/home/seok/ros2_ws/install/ad_msgs:/opt/ros/humble /usr/bin/cmake --install /home/seok/automotive_software_mid-term/build/simulator
[0.870s] Level 1:colcon.colcon_core.environment:checking '/home/seok/automotive_software_mid-term/install/simulator' for CMake config files
[0.870s] Level 1:colcon.colcon_core.shell:create_environment_hook('simulator', 'cmake_prefix_path')
[0.870s] INFO:colcon.colcon_core.shell:Creating environment hook '/home/seok/automotive_software_mid-term/install/simulator/share/simulator/hook/cmake_prefix_path.ps1'
[0.871s] INFO:colcon.colcon_core.shell:Creating environment descriptor '/home/seok/automotive_software_mid-term/install/simulator/share/simulator/hook/cmake_prefix_path.dsv'
[0.871s] INFO:colcon.colcon_core.shell:Creating environment hook '/home/seok/automotive_software_mid-term/install/simulator/share/simulator/hook/cmake_prefix_path.sh'
[0.871s] Level 1:colcon.colcon_core.environment:checking '/home/seok/automotive_software_mid-term/install/simulator/lib'
[0.871s] Level 1:colcon.colcon_core.environment:checking '/home/seok/automotive_software_mid-term/install/simulator/bin'
[0.871s] Level 1:colcon.colcon_core.environment:checking '/home/seok/automotive_software_mid-term/install/simulator/lib/pkgconfig/simulator.pc'
[0.872s] Level 1:colcon.colcon_core.environment:checking '/home/seok/automotive_software_mid-term/install/simulator/lib/python3.10/site-packages'
[0.872s] Level 1:colcon.colcon_core.environment:checking '/home/seok/automotive_software_mid-term/install/simulator/bin'
[0.872s] INFO:colcon.colcon_core.shell:Creating package script '/home/seok/automotive_software_mid-term/install/simulator/share/simulator/package.ps1'
[0.872s] INFO:colcon.colcon_core.shell:Creating package descriptor '/home/seok/automotive_software_mid-term/install/simulator/share/simulator/package.dsv'
[0.872s] INFO:colcon.colcon_core.shell:Creating package script '/home/seok/automotive_software_mid-term/install/simulator/share/simulator/package.sh'
[0.873s] INFO:colcon.colcon_core.shell:Creating package script '/home/seok/automotive_software_mid-term/install/simulator/share/simulator/package.bash'
[0.873s] INFO:colcon.colcon_core.shell:Creating package script '/home/seok/automotive_software_mid-term/install/simulator/share/simulator/package.zsh'
[0.873s] Level 1:colcon.colcon_core.environment:create_file_with_runtime_dependencies(/home/seok/automotive_software_mid-term/install/simulator/share/colcon-core/packages/simulator)
[0.874s] Level 1:colcon.colcon_core.environment:create_environment_scripts_only(scenario_runner)
[0.875s] DEBUG:colcon.colcon_core.event_handler.log_command:Invoked command in '/home/seok/automotive_software_mid-term/build/scenario_runner' returned '0': CMAKE_PREFIX_PATH=/home/seok/automotive_software_mid-term/install/ad_msgs:/home/seok/automotive_software_mid-term/install/simulator:/home/seok/automotive_software_mid-term/install/scenario_runner:/home/seok/automotive_software_mid-term/install/evaluation:/home/seok/automotive_software_mid-term/install/autonomous_driving:/home/seok/ros2_ws/install/simulator:/home/seok/ros2_ws/install/evaluation:/home/seok/ros2_ws/install/autonomous_driving:/home/seok/ros2_ws/install/ad_msgs:/opt/ros/humble /usr/bin/cmake --install /home/seok/automotive_software_mid-term/build/scenario_runner
[0.875s] Level 1:colcon.colcon_core.environment:checking '/home/seok/automotive_software_mid-term/install/scenario_runner' for CMake module files
[0.875s] Level 1:colcon.colcon_core.environment:checking '/home/seok/automotive_software_mid-term/install/scenario_runner' for CMake config files
[0.875s] Level 1:colcon.colcon_core.shell:create_environment_hook('scenario_runner', 'cmake_prefix_path')
[0.876s] INFO:colcon.colcon_core.shell:Creating environment hook '/home/seok/automotive_software_mid-term/install/scenario_runner/share/scenario_runner/hook/cmake_prefix_path.ps1'
[0.876s] INFO:colcon.colcon_core.shell:Creating environment descriptor '/home/seok/automotive_software_mid-term/install/scenario_runner/share/scenario_runner/hook/cmake_prefix_path.dsv'
[0.876s] INFO:colcon.colcon_core.shell:Creating environment hook '/home/seok/automotive_software_mid-term/install/scenario_runner/share/scenario_runner/hook/cmake_prefix_path.sh'
[0.876s] Level 1:colcon.colcon_core.environment:checking '/home/seok/automotive_software_mid-term/install/scenario_runner/lib'
[0.876s] Level 1:colcon.colcon_core.environment:checking '/home/seok/automotive_software_mid-term/install/scenario_runner/bin'
[0.877s] Level 1:colcon.colcon_core.environment:checking '/home/seok/automotive_software_mid-term/install/scenario_runner/lib/pkgconfig/scenario_runner.pc'
[0.877s] Level 1:colcon.colcon_core.environment:checking '/home/seok/automotive_software_mid-term/install/scenario_runner/lib/python3.10/site-packages'
[0.877s] Level 1:colcon.colcon_core.environment:checking '/home/seok/automotive_software_mid-term/install/scenario_runner/bin'
[0.877s] INFO:colcon.colcon_core.shell:Creating package script '/home/seok/automotive_software_mid-term/install/scenario_runner/share/scenario_runner/package.ps1'
[0.877s] INFO:colcon.colcon_core.shell:Creating package descriptor '/home/seok/automotive_software_mid-term/install/scenario_runner/share/scenario_runner/package.dsv'
[0.878s] INFO:colcon.colcon_core.shell:Creating package script '/home/seok/automotive_software_mid-term/install/scenario_runner/share/scenario_runner/package.sh'
[0.878s] INFO:colcon.colcon_core.shell:Creating package script '/home/seok/automotive_software_mid-term/install/scenario_runner/share/scenario_runner/package.bash'
[0.878s] INFO:colcon.colcon_core.shell:Creating package script '/home/seok/automotive_software_mid-term/install/scenario_runner/share/scenario_runner/package.zsh'
[0.878s] Level 1:colcon.colcon_core.environment:create_file_with_runtime_dependencies(/home/seok/automotive_software_mid-term/install/scenario_runner/share/colcon-core/packages/scenario_runner)
[0.886s] Level 1:colcon.colcon_core.environment:create_environment_scripts_only(evaluation)
[0.887s] Level 1:colcon.colcon_core.environment:checking '/home/seok/automotive_software_mid-term/install/evaluation' for CMake module files
[0.888s] Level 1:colcon.colcon_core.environment:checking '/home/seok/automotive_software_mid-term/install/evaluation' for CMake config files
[0.888s] Level 1:colcon.colcon_core.shell:create_environment_hook('evaluation', 'cmake_prefix_path')
[0.888s] INFO:colcon.colcon_core.shell:Creating environment hook '/home/seok/automotive_software_mid-term/install/evaluation/share/evaluation/hook/cmake_prefix_path.ps1'
[0.889s] INFO:colcon.colcon_core.shell:Creating environment descriptor '/home/seok/automotive_software_mid-term/install/evaluation/share/evaluation/hook/cmake_prefix_path.dsv'
[0.889s] INFO:colcon.colcon_core.shell:Creating environment hook '/home/seok/automotive_software_mid-term/install/evaluation/share/evaluation/hook/cmake_prefix_path.sh'
[0.890s] Level 1:colcon.colcon_core.environment:checking '/home/seok/automotive_software_mid-term/install/evaluation/lib'
[0.891s] Level 1:colcon.colcon_core.environment:checking '/home/seok/automotive_software_mid-term/install/evaluation/bin'
[0.891s] Level 1:colcon.colcon_core.environment:checking '/home/seok/automotive_software_mid-term/install/evaluation/lib/pkgconfig/evaluation.pc'
[0.891s] Level 1:colcon.colcon_core.environment:checking '/home/seok/automotive_software_mid-term/install/evaluation/lib/python3.10/site-packages'
[0.891s] Level 1:colcon.colcon_core.environment:checking '/home/seok/automotive_software_mid-term/install/evaluation/bin'
[0.892s] INFO:colcon.colcon_core.shell:Creating package script '/home/seok/automotive_software_mid-term/install/evaluation/share/evaluation/package.ps1'
[0.893s] INFO:colcon.colcon_core.shell:Creating package descriptor '/home/seok/automotive_software_mid-term/install/evaluation/share/evaluation/package.dsv'
[0.893s] INFO:colcon.colcon_core.shell:Creating package script '/home/seok/automotive_software_mid-term/install/evaluation/share/evaluation/package.sh'
[0.894s] INFO:colcon.colcon_core.shell:Creating package script '/home/seok/automotive_software_mid-term/install/evaluation/share/evaluation/package.bash'
[0.894s] INFO:colcon.colcon_core.shell:Creating package script '/home/seok/automotive_software_mid-term/install/evaluation/share/evaluation/package.zsh'
[0.895s] Level 1:colcon.colcon_core.environment:create_file_with_runtime_dependencies(/home/seok/automotive_software_mid-term/install/evaluation/share/colcon-core/packages/evaluation)
[0.895s] Level 1:colcon.colcon_core.environment:create_environment_scripts_only(scenario_runner)
[0.896s] Level 1:colcon.colcon_core.environment:checking '/home/seok/automotive_software_mid-term/install/scenario_runner' for CMake module files
[0.897s] Level 1:colcon.colcon_core.environment:checking '/home/seok/automotive_software_mid-term/install/scenario_runner' for CMake config files
[0.898s] Level 1:colcon.colcon_core.shell:create_environment_hook('scenario_runner', 'cmake_prefix_path')
[0.898s] INFO:colcon.colcon_core.shell:Creating environment hook '/home/seok/automotive_software_mid-term/install/scenario_runner/share/scenario_runner/hook/cmake_prefix_path.ps1'
[0.898s] INFO:colcon.colcon_core.shell:Creating environment descriptor '/home/seok/automotive_software_mid-term/install/scenario_runner/share/scenario_runner/hook/cmake_prefix_path.dsv'
[0.898s] INFO:colcon.colcon_core.shell:Creating environment hook '/home/seok/automotive_software_mid-term/install/scenario_runner/share/scenario_runner/hook/cmake_prefix_path.sh'
[0.899s] Level 1:colcon.colcon_core.environment:checking '/home/seok/automotive_software_mid-term/install/scenario_runner/lib'
[0.899s] Level 1:colcon.colcon_core.environment:checking '/home/seok/automotive_software_mid-term/install/scenario_runner/bin'
[0.899s] Level 1:colcon.colcon_core.environment:checking '/home/seok/automotive_software_mid-term/install/scenario_runner/lib/pkgconfig/scenario_runner.pc'
[0.899s] Level 1:colcon.colcon_core.environment:checking '/home/seok/automotive_software_mid-term/install/scenario_runner/lib/python3.10/site-packages'
[0.899s] Level 1:colcon.colcon_core.environment:checking '/home/seok/automotive_software_mid-term/install/scenario_runner/bin'
[0.900s] INFO:colcon.colcon_core.shell:Creating package script '/home/seok/automotive_software_mid-term/install/scenario_runner/share/scenario_runner/package.ps1'
[0.900s] INFO:colcon.colcon_core.shell:Creating package descriptor '/home/seok/automotive_software_mid-term/install/scenario_runner/share/scenario_runner/package.dsv'
[0.900s] INFO:colcon.colcon_core.shell:Creating package script '/home/seok/automotive_software_mid-term/install/scenario_runner/share/scenario_runner/package.sh'
[0.901s] INFO:colcon.colcon_core.shell:Creating package script '/home/seok/automotive_software_mid-term/install/scenario_runner/share/scenario_runner/package.bash'
[0.901s] INFO:colcon.colcon_core.shell:Creating package script '/home/seok/automotive_software_mid-term/install/scenario_runner/share/scenario_runner/package.zsh'
[0.901s] Level 1:colcon.colcon_core.environment:create_file_with_runtime_dependencies(/home/seok/automotive_software_mid-term/install/scenario_runner/share/colcon-core/packages/scenario_runner)
[0.902s] Level 1:colcon.colcon_core.environment:create_environment_scripts_only(simulator)
[0.903s] Level 1:colcon.colcon_core.environment:checking '/home/seok/automotive_software_mid-term/install/simulator' for CMake module files
[0.904s] Level 1:colcon.colcon_core.environment:checking '/home/seok/automotive_software_mid-term/install/simulator' for CMake config files
[0.904s] Level 1:colcon.colcon_core.shell:create_environment_hook('simulator', 'cmake_prefix_path')
[0.904s] INFO:colcon.colcon_core.shell:Creating environment hook '/home/seok/automotive_software_mid-term/install/simulator/share/simulator/hook/cmake_prefix_path.ps1'
[0.904s] INFO:colcon.colcon_core.shell:Creating environment descriptor '/home/seok/automotive_software_mid-term/install/simulator/share/simulator/hook/cmake_prefix_path.dsv'
[0.905s] INFO:colcon.colcon_core.shell:Creating environment hook '/home/seok/automotive_software_mid-term/install/simulator/share/simulator/hook/cmake_prefix_path.sh'
[0.905s] Level 1:colcon.colcon_core.environment:checking '/home/seok/automotive_software_mid-term/install/simulator/lib'
[0.905s] Level 1:colcon.colcon_core.environment:checking '/home/seok/automotive_software_mid-term/install/simulator/bin'
[0.905s] Level 1:colcon.colcon_core.environment:checking '/home/seok/automotive_software_mid-term/install/simulator/lib/pkgconfig/simulator.pc'
[0.905s] Level 1:colcon.colcon_core.environment:checking '/home/seok/automotive_software_mid-term/install/simulator/lib/python3.10/site-packages'
[0.905s] Level 1:colcon.colcon_core.environment:checking '/home/seok/automotive_software_mid-term/install/simulator/bin'
[0.906s] INFO:colcon.colcon_core.shell:Creating package script '/home/seok/automotive_software_mid-term/install/simulator/share/simulator/package.ps1'
[0.906s] INFO:colcon.colcon_core.shell:Creating package descriptor '/home/seok/automotive_software_mid-term/install/simulator/share/simulator/package.dsv'
[0.906s] INFO:colcon.colcon_core.shell:Creating package script '/home/seok/automotive_software_mid-term/install/simulator/share/simulator/package.sh'
[0.907s] INFO:colcon.colcon_core.shell:Creating package script '/home/seok/automotive_software_mid-term/install/simulator/share/simulator/package.bash'
[0.907s] INFO:colcon.colcon_core.shell:Creating package script '/home/seok/automotive_software_mid-term/install/simulator/share/simulator/package.zsh'
[0.907s] Level 1:colcon.colcon_core.environment:create_file_with_runtime_dependencies(/home/seok/automotive_software_mid-term/install/simulator/share/colcon-core/packages/simulator)
[16.717s] DEBUG:colcon.colcon_core.event_handler.log_command:Invoked command in '/home/seok/automotive_software_mid-term/build/autonomous_driving' returned '2': CMAKE_PREFIX_PATH=/home/seok/automotive_software_mid-term/install/ad_msgs:/home/seok/automotive_software_mid-term/install/simulator:/home/seok/automotive_software_mid-term/install/scenario_runner:/home/seok/automotive_software_mid-term/install/evaluation:/home/seok/automotive_software_mid-term/install/autonomous_driving:/home/seok/ros2_ws/install/simulator:/home/seok/ros2_ws/install/evaluation:/home/seok/ros2_ws/install/autonomous_driving:/home/seok/ros2_ws/install/ad_msgs:/opt/ros/humble /usr/bin/cmake --build /home/seok/automotive_software_mid-term/build/autonomous_driving -- -j16 -l16
[16.728s] Level 1:colcon.colcon_core.environment:create_environment_scripts_only(autonomous_driving)
[16.728s] Level 1:colcon.colcon_core.environment:checking '/home/seok/automotive_software_mid-term/install/autonomous_driving' for CMake module files
[16.728s] Level 1:colcon.colcon_core.environment:checking '/home/seok/automotive_software_mid-term/install/autonomous_driving' for CMake config files
[16.729s] Level 1:colcon.colcon_core.shell:create_environment_hook('autonomous_driving', 'cmake_prefix_path')
[16.729s] INFO:colcon.colcon_core.shell:Creating environment hook '/home/seok/automotive_software_mid-term/install/autonomous_driving/share/autonomous_driving/hook/cmake_prefix_path.ps1'
[16.729s] INFO:colcon.colcon_core.shell:Creating environment descriptor '/home/seok/automotive_software_mid-term/install/autonomous_driving/share/autonomous_driving/hook/cmake_prefix_path.dsv'
[16.729s] INFO:colcon.colcon_core.shell:Creating environment hook '/home/seok/automotive_software_mid-term/install/autonomous_driving/share/autonomous_driving/hook/cmake_prefix_path.sh'
[16.730s] Level 1:colcon.colcon_core.environment:checking '/home/seok/automotive_software_mid-term/install/autonomous_driving/lib'
[16.730s] Level 1:colcon.colcon_core.environment:checking '/home/seok/automotive_software_mid-term/install/autonomous_driving/bin'
[16.730s] Level 1:colcon.colcon_core.environment:checking '/home/seok/automotive_software_mid-term/install/autonomous_driving/lib/pkgconfig/autonomous_driving.pc'
[16.730s] Level 1:colcon.colcon_core.environment:checking '/home/seok/automotive_software_mid-term/install/autonomous_driving/lib/python3.10/site-packages'
[16.730s] Level 1:colcon.colcon_core.environment:checking '/home/seok/automotive_software_mid-term/install/autonomous_driving/bin'
[16.730s] INFO:colcon.colcon_core.shell:Creating package script '/home/seok/automotive_software_mid-term/install/autonomous_driving/share/autonomous_driving/package.ps1'
[16.731s] INFO:colcon.colcon_core.shell:Creating package descriptor '/home/seok/automotive_software_mid-term/install/autonomous_driving/share/autonomous_driving/package.dsv'
[16.731s] INFO:colcon.colcon_core.shell:Creating package script '/home/seok/automotive_software_mid-term/install/autonomous_driving/share/autonomous_driving/package.sh'
[16.731s] INFO:colcon.colcon_core.shell:Creating package script '/home/seok/automotive_software_mid-term/install/autonomous_driving/share/autonomous_driving/package.bash'
[16.732s] INFO:colcon.colcon_core.shell:Creating package script '/home/seok/automotive_software_mid-term/install/autonomous_driving/share/autonomous_driving/package.zsh'
[16.732s] Level 1:colcon.colcon_core.environment:create_file_with_runtime_dependencies(/home/seok/automotive_software_mid-term/install/autonomous_driving/share/colcon-core/packages/autonomous_driving)
[16.742s] DEBUG:colcon.colcon_parallel_executor.executor.parallel:closing loop
[16.742s] DEBUG:colcon.colcon_parallel_executor.executor.parallel:loop closed
[16.743s] DEBUG:colcon.colcon_parallel_executor.executor.parallel:run_until_complete finished with '2'
[16.743s] DEBUG:colcon.colcon_core.event_reactor:joining thread
[16.754s] INFO:colcon.colcon_core.plugin_system:Skipping extension 'colcon_notification.desktop_notification.notify_send': Could not find 'notify-send'
[16.754s] INFO:colcon.colcon_core.plugin_system:Skipping extension 'colcon_notification.desktop_notification.terminal_notifier': Not used on non-Darwin systems
[16.754s] INFO:colcon.colcon_core.plugin_system:Skipping extension 'colcon_notification.desktop_notification.win32': Not used on non-Windows systems
[16.754s] INFO:colcon.colcon_notification.desktop_notification:Sending desktop notification using 'notify2'
[16.755s] DEBUG:colcon.colcon_notification.desktop_notification.notify2:Failed to initialize notify2: org.freedesktop.DBus.Error.ServiceUnknown: The name org.freedesktop.Notifications was not provided by any .service files
[16.755s] DEBUG:colcon.colcon_core.event_reactor:joined thread
[16.755s] INFO:colcon.colcon_core.shell:Creating prefix script '/home/seok/automotive_software_mid-term/install/local_setup.ps1'
[16.756s] INFO:colcon.colcon_core.shell:Creating prefix util module '/home/seok/automotive_software_mid-term/install/_local_setup_util_ps1.py'
[16.756s] INFO:colcon.colcon_core.shell:Creating prefix chain script '/home/seok/automotive_software_mid-term/install/setup.ps1'
[16.757s] INFO:colcon.colcon_core.shell:Creating prefix script '/home/seok/automotive_software_mid-term/install/local_setup.sh'
[16.758s] INFO:colcon.colcon_core.shell:Creating prefix util module '/home/seok/automotive_software_mid-term/install/_local_setup_util_sh.py'
[16.758s] INFO:colcon.colcon_core.shell:Creating prefix chain script '/home/seok/automotive_software_mid-term/install/setup.sh'
[16.759s] INFO:colcon.colcon_core.shell:Creating prefix script '/home/seok/automotive_software_mid-term/install/local_setup.bash'
[16.759s] INFO:colcon.colcon_core.shell:Creating prefix chain script '/home/seok/automotive_software_mid-term/install/setup.bash'
[16.760s] INFO:colcon.colcon_core.shell:Creating prefix script '/home/seok/automotive_software_mid-term/install/local_setup.zsh'
[16.761s] INFO:colcon.colcon_core.shell:Creating prefix chain script '/home/seok/automotive_software_mid-term/install/setup.zsh'
