[0.170s] DEBUG:colcon:Command line arguments: ['/usr/bin/colcon', 'build']
[0.170s] DEBUG:colcon:Parsed command line arguments: Namespace(log_base=None, log_level=None, verb_name='build', build_base='build', install_base='install', merge_install=False, symlink_install=False, test_result_base=None, continue_on_error=False, executor='parallel', parallel_workers=16, event_handlers=None, ignore_user_meta=False, metas=['./colcon.meta'], base_paths=['.'], packages_ignore=None, packages_ignore_regex=None, paths=None, packages_up_to=None, packages_up_to_regex=None, packages_above=None, packages_above_and_dependencies=None, packages_above_depth=None, packages_select_by_dep=None, packages_skip_by_dep=None, packages_skip_up_to=None, packages_select_build_failed=False, packages_skip_build_finished=False, packages_select_test_failures=False, packages_skip_test_passed=False, packages_select=None, packages_skip=None, packages_select_regex=None, packages_skip_regex=None, packages_start=None, packages_end=None, allow_overriding=[], cmake_args=None, cmake_target=None, cmake_target_skip_unavailable=False, cmake_clean_cache=False, cmake_clean_first=False, cmake_force_configure=False, ament_cmake_args=None, catkin_cmake_args=None, catkin_skip_building_tests=False, mixin_files=None, mixin=None, verb_parser=<colcon_mixin.mixin.mixin_argument.MixinArgumentDecorator object at 0x7fa4c4052470>, verb_extension=<colcon_core.verb.build.BuildVerb object at 0x7fa4c4051ea0>, main=<bound method BuildVerb.main of <colcon_core.verb.build.BuildVerb object at 0x7fa4c4051ea0>>, mixin_verb=('build',))
[0.411s] Level 1:colcon.colcon_core.package_discovery:discover_packages(colcon_meta) check parameters
[0.411s] Level 1:colcon.colcon_core.package_discovery:discover_packages(recursive) check parameters
[0.411s] Level 1:colcon.colcon_core.package_discovery:discover_packages(ignore) check parameters
[0.411s] Level 1:colcon.colcon_core.package_discovery:discover_packages(path) check parameters
[0.411s] Level 1:colcon.colcon_core.package_discovery:discover_packages(colcon_meta) discover
[0.411s] Level 1:colcon.colcon_core.package_discovery:discover_packages(recursive) discover
[0.411s] INFO:colcon.colcon_core.package_discovery:Crawling recursively for packages in '/home/seok/automotive_software_mid-term'
[0.411s] Level 1:colcon.colcon_core.package_identification:_identify(.) by extensions ['ignore', 'ignore_ament_install']
[0.411s] Level 1:colcon.colcon_core.package_identification:_identify(.) by extension 'ignore'
[0.411s] Level 1:colcon.colcon_core.package_identification:_identify(.) by extension 'ignore_ament_install'
[0.411s] Level 1:colcon.colcon_core.package_identification:_identify(.) by extensions ['colcon_pkg']
[0.411s] Level 1:colcon.colcon_core.package_identification:_identify(.) by extension 'colcon_pkg'
[0.411s] Level 1:colcon.colcon_core.package_identification:_identify(.) by extensions ['colcon_meta']
[0.411s] Level 1:colcon.colcon_core.package_identification:_identify(.) by extension 'colcon_meta'
[0.411s] Level 1:colcon.colcon_core.package_identification:_identify(.) by extensions ['ros']
[0.411s] Level 1:colcon.colcon_core.package_identification:_identify(.) by extension 'ros'
[0.422s] Level 1:colcon.colcon_core.package_identification:_identify(.) by extensions ['cmake', 'python']
[0.422s] Level 1:colcon.colcon_core.package_identification:_identify(.) by extension 'cmake'
[0.422s] Level 1:colcon.colcon_core.package_identification:_identify(.) by extension 'python'
[0.422s] Level 1:colcon.colcon_core.package_identification:_identify(.) by extensions ['python_setup_py']
[0.422s] Level 1:colcon.colcon_core.package_identification:_identify(.) by extension 'python_setup_py'
[0.422s] Level 1:colcon.colcon_core.package_identification:_identify(build) by extensions ['ignore', 'ignore_ament_install']
[0.422s] Level 1:colcon.colcon_core.package_identification:_identify(build) by extension 'ignore'
[0.422s] Level 1:colcon.colcon_core.package_identification:_identify(build) ignored
[0.422s] Level 1:colcon.colcon_core.package_identification:_identify(install) by extensions ['ignore', 'ignore_ament_install']
[0.422s] Level 1:colcon.colcon_core.package_identification:_identify(install) by extension 'ignore'
[0.422s] Level 1:colcon.colcon_core.package_identification:_identify(install) ignored
[0.423s] Level 1:colcon.colcon_core.package_identification:_identify(log) by extensions ['ignore', 'ignore_ament_install']
[0.423s] Level 1:colcon.colcon_core.package_identification:_identify(log) by extension 'ignore'
[0.423s] Level 1:colcon.colcon_core.package_identification:_identify(log) ignored
[0.423s] Level 1:colcon.colcon_core.package_identification:_identify(resources) by extensions ['ignore', 'ignore_ament_install']
[0.423s] Level 1:colcon.colcon_core.package_identification:_identify(resources) by extension 'ignore'
[0.423s] Level 1:colcon.colcon_core.package_identification:_identify(resources) by extension 'ignore_ament_install'
[0.423s] Level 1:colcon.colcon_core.package_identification:_identify(resources) by extensions ['colcon_pkg']
[0.423s] Level 1:colcon.colcon_core.package_identification:_identify(resources) by extension 'colcon_pkg'
[0.423s] Level 1:colcon.colcon_core.package_identification:_identify(resources) by extensions ['colcon_meta']
[0.423s] Level 1:colcon.colcon_core.package_identification:_identify(resources) by extension 'colcon_meta'
[0.423s] Level 1:colcon.colcon_core.package_identification:_identify(resources) by extensions ['ros']
[0.423s] Level 1:colcon.colcon_core.package_identification:_identify(resources) by extension 'ros'
[0.423s] Level 1:colcon.colcon_core.package_identification:_identify(resources) by extensions ['cmake', 'python']
[0.423s] Level 1:colcon.colcon_core.package_identification:_identify(resources) by extension 'cmake'
[0.423s] Level 1:colcon.colcon_core.package_identification:_identify(resources) by extension 'python'
[0.423s] Level 1:colcon.colcon_core.package_identification:_identify(resources) by extensions ['python_setup_py']
[0.423s] Level 1:colcon.colcon_core.package_identification:_identify(resources) by extension 'python_setup_py'
[0.424s] Level 1:colcon.colcon_core.package_identification:_identify(resources/csv) by extensions ['ignore', 'ignore_ament_install']
[0.424s] Level 1:colcon.colcon_core.package_identification:_identify(resources/csv) by extension 'ignore'
[0.424s] Level 1:colcon.colcon_core.package_identification:_identify(resources/csv) by extension 'ignore_ament_install'
[0.424s] Level 1:colcon.colcon_core.package_identification:_identify(resources/csv) by extensions ['colcon_pkg']
[0.424s] Level 1:colcon.colcon_core.package_identification:_identify(resources/csv) by extension 'colcon_pkg'
[0.424s] Level 1:colcon.colcon_core.package_identification:_identify(resources/csv) by extensions ['colcon_meta']
[0.424s] Level 1:colcon.colcon_core.package_identification:_identify(resources/csv) by extension 'colcon_meta'
[0.424s] Level 1:colcon.colcon_core.package_identification:_identify(resources/csv) by extensions ['ros']
[0.424s] Level 1:colcon.colcon_core.package_identification:_identify(resources/csv) by extension 'ros'
[0.424s] Level 1:colcon.colcon_core.package_identification:_identify(resources/csv) by extensions ['cmake', 'python']
[0.424s] Level 1:colcon.colcon_core.package_identification:_identify(resources/csv) by extension 'cmake'
[0.424s] Level 1:colcon.colcon_core.package_identification:_identify(resources/csv) by extension 'python'
[0.424s] Level 1:colcon.colcon_core.package_identification:_identify(resources/csv) by extensions ['python_setup_py']
[0.424s] Level 1:colcon.colcon_core.package_identification:_identify(resources/csv) by extension 'python_setup_py'
[0.424s] Level 1:colcon.colcon_core.package_identification:_identify(resources/csv/evaluation_lane) by extensions ['ignore', 'ignore_ament_install']
[0.424s] Level 1:colcon.colcon_core.package_identification:_identify(resources/csv/evaluation_lane) by extension 'ignore'
[0.425s] Level 1:colcon.colcon_core.package_identification:_identify(resources/csv/evaluation_lane) by extension 'ignore_ament_install'
[0.425s] Level 1:colcon.colcon_core.package_identification:_identify(resources/csv/evaluation_lane) by extensions ['colcon_pkg']
[0.425s] Level 1:colcon.colcon_core.package_identification:_identify(resources/csv/evaluation_lane) by extension 'colcon_pkg'
[0.425s] Level 1:colcon.colcon_core.package_identification:_identify(resources/csv/evaluation_lane) by extensions ['colcon_meta']
[0.425s] Level 1:colcon.colcon_core.package_identification:_identify(resources/csv/evaluation_lane) by extension 'colcon_meta'
[0.425s] Level 1:colcon.colcon_core.package_identification:_identify(resources/csv/evaluation_lane) by extensions ['ros']
[0.425s] Level 1:colcon.colcon_core.package_identification:_identify(resources/csv/evaluation_lane) by extension 'ros'
[0.425s] Level 1:colcon.colcon_core.package_identification:_identify(resources/csv/evaluation_lane) by extensions ['cmake', 'python']
[0.425s] Level 1:colcon.colcon_core.package_identification:_identify(resources/csv/evaluation_lane) by extension 'cmake'
[0.425s] Level 1:colcon.colcon_core.package_identification:_identify(resources/csv/evaluation_lane) by extension 'python'
[0.425s] Level 1:colcon.colcon_core.package_identification:_identify(resources/csv/evaluation_lane) by extensions ['python_setup_py']
[0.425s] Level 1:colcon.colcon_core.package_identification:_identify(resources/csv/evaluation_lane) by extension 'python_setup_py'
[0.425s] Level 1:colcon.colcon_core.package_identification:_identify(resources/csv/simulation_lane) by extensions ['ignore', 'ignore_ament_install']
[0.425s] Level 1:colcon.colcon_core.package_identification:_identify(resources/csv/simulation_lane) by extension 'ignore'
[0.425s] Level 1:colcon.colcon_core.package_identification:_identify(resources/csv/simulation_lane) by extension 'ignore_ament_install'
[0.425s] Level 1:colcon.colcon_core.package_identification:_identify(resources/csv/simulation_lane) by extensions ['colcon_pkg']
[0.425s] Level 1:colcon.colcon_core.package_identification:_identify(resources/csv/simulation_lane) by extension 'colcon_pkg'
[0.425s] Level 1:colcon.colcon_core.package_identification:_identify(resources/csv/simulation_lane) by extensions ['colcon_meta']
[0.425s] Level 1:colcon.colcon_core.package_identification:_identify(resources/csv/simulation_lane) by extension 'colcon_meta'
[0.425s] Level 1:colcon.colcon_core.package_identification:_identify(resources/csv/simulation_lane) by extensions ['ros']
[0.425s] Level 1:colcon.colcon_core.package_identification:_identify(resources/csv/simulation_lane) by extension 'ros'
[0.425s] Level 1:colcon.colcon_core.package_identification:_identify(resources/csv/simulation_lane) by extensions ['cmake', 'python']
[0.425s] Level 1:colcon.colcon_core.package_identification:_identify(resources/csv/simulation_lane) by extension 'cmake'
[0.425s] Level 1:colcon.colcon_core.package_identification:_identify(resources/csv/simulation_lane) by extension 'python'
[0.425s] Level 1:colcon.colcon_core.package_identification:_identify(resources/csv/simulation_lane) by extensions ['python_setup_py']
[0.425s] Level 1:colcon.colcon_core.package_identification:_identify(resources/csv/simulation_lane) by extension 'python_setup_py'
[0.426s] Level 1:colcon.colcon_core.package_identification:_identify(resources/meshes) by extensions ['ignore', 'ignore_ament_install']
[0.426s] Level 1:colcon.colcon_core.package_identification:_identify(resources/meshes) by extension 'ignore'
[0.426s] Level 1:colcon.colcon_core.package_identification:_identify(resources/meshes) by extension 'ignore_ament_install'
[0.426s] Level 1:colcon.colcon_core.package_identification:_identify(resources/meshes) by extensions ['colcon_pkg']
[0.426s] Level 1:colcon.colcon_core.package_identification:_identify(resources/meshes) by extension 'colcon_pkg'
[0.426s] Level 1:colcon.colcon_core.package_identification:_identify(resources/meshes) by extensions ['colcon_meta']
[0.426s] Level 1:colcon.colcon_core.package_identification:_identify(resources/meshes) by extension 'colcon_meta'
[0.426s] Level 1:colcon.colcon_core.package_identification:_identify(resources/meshes) by extensions ['ros']
[0.426s] Level 1:colcon.colcon_core.package_identification:_identify(resources/meshes) by extension 'ros'
[0.426s] Level 1:colcon.colcon_core.package_identification:_identify(resources/meshes) by extensions ['cmake', 'python']
[0.426s] Level 1:colcon.colcon_core.package_identification:_identify(resources/meshes) by extension 'cmake'
[0.426s] Level 1:colcon.colcon_core.package_identification:_identify(resources/meshes) by extension 'python'
[0.426s] Level 1:colcon.colcon_core.package_identification:_identify(resources/meshes) by extensions ['python_setup_py']
[0.426s] Level 1:colcon.colcon_core.package_identification:_identify(resources/meshes) by extension 'python_setup_py'
[0.426s] Level 1:colcon.colcon_core.package_identification:_identify(resources/rviz) by extensions ['ignore', 'ignore_ament_install']
[0.426s] Level 1:colcon.colcon_core.package_identification:_identify(resources/rviz) by extension 'ignore'
[0.426s] Level 1:colcon.colcon_core.package_identification:_identify(resources/rviz) by extension 'ignore_ament_install'
[0.426s] Level 1:colcon.colcon_core.package_identification:_identify(resources/rviz) by extensions ['colcon_pkg']
[0.426s] Level 1:colcon.colcon_core.package_identification:_identify(resources/rviz) by extension 'colcon_pkg'
[0.426s] Level 1:colcon.colcon_core.package_identification:_identify(resources/rviz) by extensions ['colcon_meta']
[0.426s] Level 1:colcon.colcon_core.package_identification:_identify(resources/rviz) by extension 'colcon_meta'
[0.426s] Level 1:colcon.colcon_core.package_identification:_identify(resources/rviz) by extensions ['ros']
[0.426s] Level 1:colcon.colcon_core.package_identification:_identify(resources/rviz) by extension 'ros'
[0.427s] Level 1:colcon.colcon_core.package_identification:_identify(resources/rviz) by extensions ['cmake', 'python']
[0.427s] Level 1:colcon.colcon_core.package_identification:_identify(resources/rviz) by extension 'cmake'
[0.427s] Level 1:colcon.colcon_core.package_identification:_identify(resources/rviz) by extension 'python'
[0.427s] Level 1:colcon.colcon_core.package_identification:_identify(resources/rviz) by extensions ['python_setup_py']
[0.427s] Level 1:colcon.colcon_core.package_identification:_identify(resources/rviz) by extension 'python_setup_py'
[0.427s] Level 1:colcon.colcon_core.package_identification:_identify(src) by extensions ['ignore', 'ignore_ament_install']
[0.427s] Level 1:colcon.colcon_core.package_identification:_identify(src) by extension 'ignore'
[0.427s] Level 1:colcon.colcon_core.package_identification:_identify(src) by extension 'ignore_ament_install'
[0.427s] Level 1:colcon.colcon_core.package_identification:_identify(src) by extensions ['colcon_pkg']
[0.427s] Level 1:colcon.colcon_core.package_identification:_identify(src) by extension 'colcon_pkg'
[0.427s] Level 1:colcon.colcon_core.package_identification:_identify(src) by extensions ['colcon_meta']
[0.427s] Level 1:colcon.colcon_core.package_identification:_identify(src) by extension 'colcon_meta'
[0.427s] Level 1:colcon.colcon_core.package_identification:_identify(src) by extensions ['ros']
[0.427s] Level 1:colcon.colcon_core.package_identification:_identify(src) by extension 'ros'
[0.427s] Level 1:colcon.colcon_core.package_identification:_identify(src) by extensions ['cmake', 'python']
[0.427s] Level 1:colcon.colcon_core.package_identification:_identify(src) by extension 'cmake'
[0.427s] Level 1:colcon.colcon_core.package_identification:_identify(src) by extension 'python'
[0.427s] Level 1:colcon.colcon_core.package_identification:_identify(src) by extensions ['python_setup_py']
[0.427s] Level 1:colcon.colcon_core.package_identification:_identify(src) by extension 'python_setup_py'
[0.427s] Level 1:colcon.colcon_core.package_identification:_identify(src/app) by extensions ['ignore', 'ignore_ament_install']
[0.427s] Level 1:colcon.colcon_core.package_identification:_identify(src/app) by extension 'ignore'
[0.427s] Level 1:colcon.colcon_core.package_identification:_identify(src/app) by extension 'ignore_ament_install'
[0.427s] Level 1:colcon.colcon_core.package_identification:_identify(src/app) by extensions ['colcon_pkg']
[0.427s] Level 1:colcon.colcon_core.package_identification:_identify(src/app) by extension 'colcon_pkg'
[0.427s] Level 1:colcon.colcon_core.package_identification:_identify(src/app) by extensions ['colcon_meta']
[0.427s] Level 1:colcon.colcon_core.package_identification:_identify(src/app) by extension 'colcon_meta'
[0.427s] Level 1:colcon.colcon_core.package_identification:_identify(src/app) by extensions ['ros']
[0.427s] Level 1:colcon.colcon_core.package_identification:_identify(src/app) by extension 'ros'
[0.427s] Level 1:colcon.colcon_core.package_identification:_identify(src/app) by extensions ['cmake', 'python']
[0.427s] Level 1:colcon.colcon_core.package_identification:_identify(src/app) by extension 'cmake'
[0.427s] Level 1:colcon.colcon_core.package_identification:_identify(src/app) by extension 'python'
[0.427s] Level 1:colcon.colcon_core.package_identification:_identify(src/app) by extensions ['python_setup_py']
[0.427s] Level 1:colcon.colcon_core.package_identification:_identify(src/app) by extension 'python_setup_py'
[0.427s] Level 1:colcon.colcon_core.package_identification:_identify(src/app/autonomous_driving) by extensions ['ignore', 'ignore_ament_install']
[0.427s] Level 1:colcon.colcon_core.package_identification:_identify(src/app/autonomous_driving) by extension 'ignore'
[0.428s] Level 1:colcon.colcon_core.package_identification:_identify(src/app/autonomous_driving) by extension 'ignore_ament_install'
[0.428s] Level 1:colcon.colcon_core.package_identification:_identify(src/app/autonomous_driving) by extensions ['colcon_pkg']
[0.428s] Level 1:colcon.colcon_core.package_identification:_identify(src/app/autonomous_driving) by extension 'colcon_pkg'
[0.428s] Level 1:colcon.colcon_core.package_identification:_identify(src/app/autonomous_driving) by extensions ['colcon_meta']
[0.428s] Level 1:colcon.colcon_core.package_identification:_identify(src/app/autonomous_driving) by extension 'colcon_meta'
[0.428s] Level 1:colcon.colcon_core.package_identification:_identify(src/app/autonomous_driving) by extensions ['ros']
[0.428s] Level 1:colcon.colcon_core.package_identification:_identify(src/app/autonomous_driving) by extension 'ros'
[0.430s] DEBUG:colcon.colcon_core.package_identification:Package 'src/app/autonomous_driving' with type 'ros.ament_cmake' and name 'autonomous_driving'
[0.430s] Level 1:colcon.colcon_core.package_identification:_identify(src/app/evaluation) by extensions ['ignore', 'ignore_ament_install']
[0.430s] Level 1:colcon.colcon_core.package_identification:_identify(src/app/evaluation) by extension 'ignore'
[0.430s] Level 1:colcon.colcon_core.package_identification:_identify(src/app/evaluation) by extension 'ignore_ament_install'
[0.430s] Level 1:colcon.colcon_core.package_identification:_identify(src/app/evaluation) by extensions ['colcon_pkg']
[0.430s] Level 1:colcon.colcon_core.package_identification:_identify(src/app/evaluation) by extension 'colcon_pkg'
[0.430s] Level 1:colcon.colcon_core.package_identification:_identify(src/app/evaluation) by extensions ['colcon_meta']
[0.430s] Level 1:colcon.colcon_core.package_identification:_identify(src/app/evaluation) by extension 'colcon_meta'
[0.430s] Level 1:colcon.colcon_core.package_identification:_identify(src/app/evaluation) by extensions ['ros']
[0.430s] Level 1:colcon.colcon_core.package_identification:_identify(src/app/evaluation) by extension 'ros'
[0.431s] DEBUG:colcon.colcon_core.package_identification:Package 'src/app/evaluation' with type 'ros.ament_cmake' and name 'evaluation'
[0.431s] Level 1:colcon.colcon_core.package_identification:_identify(src/app/scenario_runner) by extensions ['ignore', 'ignore_ament_install']
[0.431s] Level 1:colcon.colcon_core.package_identification:_identify(src/app/scenario_runner) by extension 'ignore'
[0.432s] Level 1:colcon.colcon_core.package_identification:_identify(src/app/scenario_runner) by extension 'ignore_ament_install'
[0.432s] Level 1:colcon.colcon_core.package_identification:_identify(src/app/scenario_runner) by extensions ['colcon_pkg']
[0.432s] Level 1:colcon.colcon_core.package_identification:_identify(src/app/scenario_runner) by extension 'colcon_pkg'
[0.432s] Level 1:colcon.colcon_core.package_identification:_identify(src/app/scenario_runner) by extensions ['colcon_meta']
[0.432s] Level 1:colcon.colcon_core.package_identification:_identify(src/app/scenario_runner) by extension 'colcon_meta'
[0.432s] Level 1:colcon.colcon_core.package_identification:_identify(src/app/scenario_runner) by extensions ['ros']
[0.432s] Level 1:colcon.colcon_core.package_identification:_identify(src/app/scenario_runner) by extension 'ros'
[0.432s] DEBUG:colcon.colcon_core.package_identification:Package 'src/app/scenario_runner' with type 'ros.ament_cmake' and name 'scenario_runner'
[0.433s] Level 1:colcon.colcon_core.package_identification:_identify(src/app/simulator) by extensions ['ignore', 'ignore_ament_install']
[0.433s] Level 1:colcon.colcon_core.package_identification:_identify(src/app/simulator) by extension 'ignore'
[0.433s] Level 1:colcon.colcon_core.package_identification:_identify(src/app/simulator) by extension 'ignore_ament_install'
[0.433s] Level 1:colcon.colcon_core.package_identification:_identify(src/app/simulator) by extensions ['colcon_pkg']
[0.433s] Level 1:colcon.colcon_core.package_identification:_identify(src/app/simulator) by extension 'colcon_pkg'
[0.433s] Level 1:colcon.colcon_core.package_identification:_identify(src/app/simulator) by extensions ['colcon_meta']
[0.433s] Level 1:colcon.colcon_core.package_identification:_identify(src/app/simulator) by extension 'colcon_meta'
[0.433s] Level 1:colcon.colcon_core.package_identification:_identify(src/app/simulator) by extensions ['ros']
[0.433s] Level 1:colcon.colcon_core.package_identification:_identify(src/app/simulator) by extension 'ros'
[0.433s] DEBUG:colcon.colcon_core.package_identification:Package 'src/app/simulator' with type 'ros.ament_cmake' and name 'simulator'
[0.434s] Level 1:colcon.colcon_core.package_identification:_identify(src/bsw) by extensions ['ignore', 'ignore_ament_install']
[0.434s] Level 1:colcon.colcon_core.package_identification:_identify(src/bsw) by extension 'ignore'
[0.434s] Level 1:colcon.colcon_core.package_identification:_identify(src/bsw) by extension 'ignore_ament_install'
[0.434s] Level 1:colcon.colcon_core.package_identification:_identify(src/bsw) by extensions ['colcon_pkg']
[0.434s] Level 1:colcon.colcon_core.package_identification:_identify(src/bsw) by extension 'colcon_pkg'
[0.434s] Level 1:colcon.colcon_core.package_identification:_identify(src/bsw) by extensions ['colcon_meta']
[0.434s] Level 1:colcon.colcon_core.package_identification:_identify(src/bsw) by extension 'colcon_meta'
[0.434s] Level 1:colcon.colcon_core.package_identification:_identify(src/bsw) by extensions ['ros']
[0.434s] Level 1:colcon.colcon_core.package_identification:_identify(src/bsw) by extension 'ros'
[0.434s] Level 1:colcon.colcon_core.package_identification:_identify(src/bsw) by extensions ['cmake', 'python']
[0.434s] Level 1:colcon.colcon_core.package_identification:_identify(src/bsw) by extension 'cmake'
[0.434s] Level 1:colcon.colcon_core.package_identification:_identify(src/bsw) by extension 'python'
[0.434s] Level 1:colcon.colcon_core.package_identification:_identify(src/bsw) by extensions ['python_setup_py']
[0.434s] Level 1:colcon.colcon_core.package_identification:_identify(src/bsw) by extension 'python_setup_py'
[0.435s] Level 1:colcon.colcon_core.package_identification:_identify(src/bsw/system) by extensions ['ignore', 'ignore_ament_install']
[0.435s] Level 1:colcon.colcon_core.package_identification:_identify(src/bsw/system) by extension 'ignore'
[0.435s] Level 1:colcon.colcon_core.package_identification:_identify(src/bsw/system) by extension 'ignore_ament_install'
[0.435s] Level 1:colcon.colcon_core.package_identification:_identify(src/bsw/system) by extensions ['colcon_pkg']
[0.435s] Level 1:colcon.colcon_core.package_identification:_identify(src/bsw/system) by extension 'colcon_pkg'
[0.435s] Level 1:colcon.colcon_core.package_identification:_identify(src/bsw/system) by extensions ['colcon_meta']
[0.435s] Level 1:colcon.colcon_core.package_identification:_identify(src/bsw/system) by extension 'colcon_meta'
[0.435s] Level 1:colcon.colcon_core.package_identification:_identify(src/bsw/system) by extensions ['ros']
[0.435s] Level 1:colcon.colcon_core.package_identification:_identify(src/bsw/system) by extension 'ros'
[0.435s] Level 1:colcon.colcon_core.package_identification:_identify(src/bsw/system) by extensions ['cmake', 'python']
[0.435s] Level 1:colcon.colcon_core.package_identification:_identify(src/bsw/system) by extension 'cmake'
[0.435s] Level 1:colcon.colcon_core.package_identification:_identify(src/bsw/system) by extension 'python'
[0.435s] Level 1:colcon.colcon_core.package_identification:_identify(src/bsw/system) by extensions ['python_setup_py']
[0.435s] Level 1:colcon.colcon_core.package_identification:_identify(src/bsw/system) by extension 'python_setup_py'
[0.435s] Level 1:colcon.colcon_core.package_identification:_identify(src/bsw/system/interface) by extensions ['ignore', 'ignore_ament_install']
[0.435s] Level 1:colcon.colcon_core.package_identification:_identify(src/bsw/system/interface) by extension 'ignore'
[0.435s] Level 1:colcon.colcon_core.package_identification:_identify(src/bsw/system/interface) by extension 'ignore_ament_install'
[0.435s] Level 1:colcon.colcon_core.package_identification:_identify(src/bsw/system/interface) by extensions ['colcon_pkg']
[0.435s] Level 1:colcon.colcon_core.package_identification:_identify(src/bsw/system/interface) by extension 'colcon_pkg'
[0.435s] Level 1:colcon.colcon_core.package_identification:_identify(src/bsw/system/interface) by extensions ['colcon_meta']
[0.435s] Level 1:colcon.colcon_core.package_identification:_identify(src/bsw/system/interface) by extension 'colcon_meta'
[0.435s] Level 1:colcon.colcon_core.package_identification:_identify(src/bsw/system/interface) by extensions ['ros']
[0.435s] Level 1:colcon.colcon_core.package_identification:_identify(src/bsw/system/interface) by extension 'ros'
[0.435s] Level 1:colcon.colcon_core.package_identification:_identify(src/bsw/system/interface) by extensions ['cmake', 'python']
[0.435s] Level 1:colcon.colcon_core.package_identification:_identify(src/bsw/system/interface) by extension 'cmake'
[0.436s] Level 1:colcon.colcon_core.package_identification:_identify(src/bsw/system/interface) by extension 'python'
[0.436s] Level 1:colcon.colcon_core.package_identification:_identify(src/bsw/system/interface) by extensions ['python_setup_py']
[0.436s] Level 1:colcon.colcon_core.package_identification:_identify(src/bsw/system/interface) by extension 'python_setup_py'
[0.436s] Level 1:colcon.colcon_core.package_identification:_identify(src/rte) by extensions ['ignore', 'ignore_ament_install']
[0.436s] Level 1:colcon.colcon_core.package_identification:_identify(src/rte) by extension 'ignore'
[0.436s] Level 1:colcon.colcon_core.package_identification:_identify(src/rte) by extension 'ignore_ament_install'
[0.436s] Level 1:colcon.colcon_core.package_identification:_identify(src/rte) by extensions ['colcon_pkg']
[0.436s] Level 1:colcon.colcon_core.package_identification:_identify(src/rte) by extension 'colcon_pkg'
[0.436s] Level 1:colcon.colcon_core.package_identification:_identify(src/rte) by extensions ['colcon_meta']
[0.436s] Level 1:colcon.colcon_core.package_identification:_identify(src/rte) by extension 'colcon_meta'
[0.436s] Level 1:colcon.colcon_core.package_identification:_identify(src/rte) by extensions ['ros']
[0.436s] Level 1:colcon.colcon_core.package_identification:_identify(src/rte) by extension 'ros'
[0.436s] Level 1:colcon.colcon_core.package_identification:_identify(src/rte) by extensions ['cmake', 'python']
[0.436s] Level 1:colcon.colcon_core.package_identification:_identify(src/rte) by extension 'cmake'
[0.436s] Level 1:colcon.colcon_core.package_identification:_identify(src/rte) by extension 'python'
[0.436s] Level 1:colcon.colcon_core.package_identification:_identify(src/rte) by extensions ['python_setup_py']
[0.436s] Level 1:colcon.colcon_core.package_identification:_identify(src/rte) by extension 'python_setup_py'
[0.436s] Level 1:colcon.colcon_core.package_identification:_identify(src/rte/msg) by extensions ['ignore', 'ignore_ament_install']
[0.436s] Level 1:colcon.colcon_core.package_identification:_identify(src/rte/msg) by extension 'ignore'
[0.436s] Level 1:colcon.colcon_core.package_identification:_identify(src/rte/msg) by extension 'ignore_ament_install'
[0.437s] Level 1:colcon.colcon_core.package_identification:_identify(src/rte/msg) by extensions ['colcon_pkg']
[0.437s] Level 1:colcon.colcon_core.package_identification:_identify(src/rte/msg) by extension 'colcon_pkg'
[0.437s] Level 1:colcon.colcon_core.package_identification:_identify(src/rte/msg) by extensions ['colcon_meta']
[0.437s] Level 1:colcon.colcon_core.package_identification:_identify(src/rte/msg) by extension 'colcon_meta'
[0.437s] Level 1:colcon.colcon_core.package_identification:_identify(src/rte/msg) by extensions ['ros']
[0.437s] Level 1:colcon.colcon_core.package_identification:_identify(src/rte/msg) by extension 'ros'
[0.437s] Level 1:colcon.colcon_core.package_identification:_identify(src/rte/msg) by extensions ['cmake', 'python']
[0.437s] Level 1:colcon.colcon_core.package_identification:_identify(src/rte/msg) by extension 'cmake'
[0.437s] Level 1:colcon.colcon_core.package_identification:_identify(src/rte/msg) by extension 'python'
[0.437s] Level 1:colcon.colcon_core.package_identification:_identify(src/rte/msg) by extensions ['python_setup_py']
[0.437s] Level 1:colcon.colcon_core.package_identification:_identify(src/rte/msg) by extension 'python_setup_py'
[0.437s] Level 1:colcon.colcon_core.package_identification:_identify(src/rte/msg/ad_msgs) by extensions ['ignore', 'ignore_ament_install']
[0.437s] Level 1:colcon.colcon_core.package_identification:_identify(src/rte/msg/ad_msgs) by extension 'ignore'
[0.437s] Level 1:colcon.colcon_core.package_identification:_identify(src/rte/msg/ad_msgs) by extension 'ignore_ament_install'
[0.437s] Level 1:colcon.colcon_core.package_identification:_identify(src/rte/msg/ad_msgs) by extensions ['colcon_pkg']
[0.437s] Level 1:colcon.colcon_core.package_identification:_identify(src/rte/msg/ad_msgs) by extension 'colcon_pkg'
[0.437s] Level 1:colcon.colcon_core.package_identification:_identify(src/rte/msg/ad_msgs) by extensions ['colcon_meta']
[0.437s] Level 1:colcon.colcon_core.package_identification:_identify(src/rte/msg/ad_msgs) by extension 'colcon_meta'
[0.437s] Level 1:colcon.colcon_core.package_identification:_identify(src/rte/msg/ad_msgs) by extensions ['ros']
[0.437s] Level 1:colcon.colcon_core.package_identification:_identify(src/rte/msg/ad_msgs) by extension 'ros'
[0.438s] DEBUG:colcon.colcon_core.package_identification:Package 'src/rte/msg/ad_msgs' with type 'ros.ament_cmake' and name 'ad_msgs'
[0.438s] Level 1:colcon.colcon_core.package_discovery:discover_packages(recursive) using defaults
[0.438s] Level 1:colcon.colcon_core.package_discovery:discover_packages(ignore) discover
[0.438s] Level 1:colcon.colcon_core.package_discovery:discover_packages(ignore) using defaults
[0.438s] Level 1:colcon.colcon_core.package_discovery:discover_packages(path) discover
[0.438s] Level 1:colcon.colcon_core.package_discovery:discover_packages(path) using defaults
[0.465s] Level 1:colcon.colcon_core.package_discovery:discover_packages(prefix_path) check parameters
[0.465s] Level 1:colcon.colcon_core.package_discovery:discover_packages(prefix_path) discover
[0.468s] DEBUG:colcon.colcon_installed_package_information.package_discovery:Found 4 installed packages in /home/seok/ros2_ws/install
[0.470s] DEBUG:colcon.colcon_installed_package_information.package_discovery:Found 296 installed packages in /opt/ros/humble
[0.471s] Level 1:colcon.colcon_core.package_discovery:discover_packages(prefix_path) using defaults
[0.532s] Level 5:colcon.colcon_core.verb:set package 'ad_msgs' build argument 'cmake_args' from command line to 'None'
[0.532s] Level 5:colcon.colcon_core.verb:set package 'ad_msgs' build argument 'cmake_target' from command line to 'None'
[0.533s] Level 5:colcon.colcon_core.verb:set package 'ad_msgs' build argument 'cmake_target_skip_unavailable' from command line to 'False'
[0.533s] Level 5:colcon.colcon_core.verb:set package 'ad_msgs' build argument 'cmake_clean_cache' from command line to 'False'
[0.533s] Level 5:colcon.colcon_core.verb:set package 'ad_msgs' build argument 'cmake_clean_first' from command line to 'False'
[0.533s] Level 5:colcon.colcon_core.verb:set package 'ad_msgs' build argument 'cmake_force_configure' from command line to 'False'
[0.533s] Level 5:colcon.colcon_core.verb:set package 'ad_msgs' build argument 'ament_cmake_args' from command line to 'None'
[0.533s] Level 5:colcon.colcon_core.verb:set package 'ad_msgs' build argument 'catkin_cmake_args' from command line to 'None'
[0.533s] Level 5:colcon.colcon_core.verb:set package 'ad_msgs' build argument 'catkin_skip_building_tests' from command line to 'False'
[0.533s] DEBUG:colcon.colcon_core.verb:Building package 'ad_msgs' with the following arguments: {'ament_cmake_args': None, 'build_base': '/home/seok/automotive_software_mid-term/build/ad_msgs', 'catkin_cmake_args': None, 'catkin_skip_building_tests': False, 'cmake_args': None, 'cmake_clean_cache': False, 'cmake_clean_first': False, 'cmake_force_configure': False, 'cmake_target': None, 'cmake_target_skip_unavailable': False, 'install_base': '/home/seok/automotive_software_mid-term/install/ad_msgs', 'merge_install': False, 'path': '/home/seok/automotive_software_mid-term/src/rte/msg/ad_msgs', 'symlink_install': False, 'test_result_base': None}
[0.533s] Level 5:colcon.colcon_core.verb:set package 'autonomous_driving' build argument 'cmake_args' from command line to 'None'
[0.533s] Level 5:colcon.colcon_core.verb:set package 'autonomous_driving' build argument 'cmake_target' from command line to 'None'
[0.533s] Level 5:colcon.colcon_core.verb:set package 'autonomous_driving' build argument 'cmake_target_skip_unavailable' from command line to 'False'
[0.533s] Level 5:colcon.colcon_core.verb:set package 'autonomous_driving' build argument 'cmake_clean_cache' from command line to 'False'
[0.533s] Level 5:colcon.colcon_core.verb:set package 'autonomous_driving' build argument 'cmake_clean_first' from command line to 'False'
[0.533s] Level 5:colcon.colcon_core.verb:set package 'autonomous_driving' build argument 'cmake_force_configure' from command line to 'False'
[0.533s] Level 5:colcon.colcon_core.verb:set package 'autonomous_driving' build argument 'ament_cmake_args' from command line to 'None'
[0.533s] Level 5:colcon.colcon_core.verb:set package 'autonomous_driving' build argument 'catkin_cmake_args' from command line to 'None'
[0.533s] Level 5:colcon.colcon_core.verb:set package 'autonomous_driving' build argument 'catkin_skip_building_tests' from command line to 'False'
[0.533s] DEBUG:colcon.colcon_core.verb:Building package 'autonomous_driving' with the following arguments: {'ament_cmake_args': None, 'build_base': '/home/seok/automotive_software_mid-term/build/autonomous_driving', 'catkin_cmake_args': None, 'catkin_skip_building_tests': False, 'cmake_args': None, 'cmake_clean_cache': False, 'cmake_clean_first': False, 'cmake_force_configure': False, 'cmake_target': None, 'cmake_target_skip_unavailable': False, 'install_base': '/home/seok/automotive_software_mid-term/install/autonomous_driving', 'merge_install': False, 'path': '/home/seok/automotive_software_mid-term/src/app/autonomous_driving', 'symlink_install': False, 'test_result_base': None}
[0.533s] Level 5:colcon.colcon_core.verb:set package 'evaluation' build argument 'cmake_args' from command line to 'None'
[0.533s] Level 5:colcon.colcon_core.verb:set package 'evaluation' build argument 'cmake_target' from command line to 'None'
[0.533s] Level 5:colcon.colcon_core.verb:set package 'evaluation' build argument 'cmake_target_skip_unavailable' from command line to 'False'
[0.533s] Level 5:colcon.colcon_core.verb:set package 'evaluation' build argument 'cmake_clean_cache' from command line to 'False'
[0.533s] Level 5:colcon.colcon_core.verb:set package 'evaluation' build argument 'cmake_clean_first' from command line to 'False'
[0.533s] Level 5:colcon.colcon_core.verb:set package 'evaluation' build argument 'cmake_force_configure' from command line to 'False'
[0.533s] Level 5:colcon.colcon_core.verb:set package 'evaluation' build argument 'ament_cmake_args' from command line to 'None'
[0.533s] Level 5:colcon.colcon_core.verb:set package 'evaluation' build argument 'catkin_cmake_args' from command line to 'None'
[0.533s] Level 5:colcon.colcon_core.verb:set package 'evaluation' build argument 'catkin_skip_building_tests' from command line to 'False'
[0.533s] DEBUG:colcon.colcon_core.verb:Building package 'evaluation' with the following arguments: {'ament_cmake_args': None, 'build_base': '/home/seok/automotive_software_mid-term/build/evaluation', 'catkin_cmake_args': None, 'catkin_skip_building_tests': False, 'cmake_args': None, 'cmake_clean_cache': False, 'cmake_clean_first': False, 'cmake_force_configure': False, 'cmake_target': None, 'cmake_target_skip_unavailable': False, 'install_base': '/home/seok/automotive_software_mid-term/install/evaluation', 'merge_install': False, 'path': '/home/seok/automotive_software_mid-term/src/app/evaluation', 'symlink_install': False, 'test_result_base': None}
[0.534s] Level 5:colcon.colcon_core.verb:set package 'scenario_runner' build argument 'cmake_args' from command line to 'None'
[0.534s] Level 5:colcon.colcon_core.verb:set package 'scenario_runner' build argument 'cmake_target' from command line to 'None'
[0.534s] Level 5:colcon.colcon_core.verb:set package 'scenario_runner' build argument 'cmake_target_skip_unavailable' from command line to 'False'
[0.534s] Level 5:colcon.colcon_core.verb:set package 'scenario_runner' build argument 'cmake_clean_cache' from command line to 'False'
[0.534s] Level 5:colcon.colcon_core.verb:set package 'scenario_runner' build argument 'cmake_clean_first' from command line to 'False'
[0.534s] Level 5:colcon.colcon_core.verb:set package 'scenario_runner' build argument 'cmake_force_configure' from command line to 'False'
[0.534s] Level 5:colcon.colcon_core.verb:set package 'scenario_runner' build argument 'ament_cmake_args' from command line to 'None'
[0.534s] Level 5:colcon.colcon_core.verb:set package 'scenario_runner' build argument 'catkin_cmake_args' from command line to 'None'
[0.534s] Level 5:colcon.colcon_core.verb:set package 'scenario_runner' build argument 'catkin_skip_building_tests' from command line to 'False'
[0.534s] DEBUG:colcon.colcon_core.verb:Building package 'scenario_runner' with the following arguments: {'ament_cmake_args': None, 'build_base': '/home/seok/automotive_software_mid-term/build/scenario_runner', 'catkin_cmake_args': None, 'catkin_skip_building_tests': False, 'cmake_args': None, 'cmake_clean_cache': False, 'cmake_clean_first': False, 'cmake_force_configure': False, 'cmake_target': None, 'cmake_target_skip_unavailable': False, 'install_base': '/home/seok/automotive_software_mid-term/install/scenario_runner', 'merge_install': False, 'path': '/home/seok/automotive_software_mid-term/src/app/scenario_runner', 'symlink_install': False, 'test_result_base': None}
[0.534s] Level 5:colcon.colcon_core.verb:set package 'simulator' build argument 'cmake_args' from command line to 'None'
[0.534s] Level 5:colcon.colcon_core.verb:set package 'simulator' build argument 'cmake_target' from command line to 'None'
[0.534s] Level 5:colcon.colcon_core.verb:set package 'simulator' build argument 'cmake_target_skip_unavailable' from command line to 'False'
[0.534s] Level 5:colcon.colcon_core.verb:set package 'simulator' build argument 'cmake_clean_cache' from command line to 'False'
[0.534s] Level 5:colcon.colcon_core.verb:set package 'simulator' build argument 'cmake_clean_first' from command line to 'False'
[0.534s] Level 5:colcon.colcon_core.verb:set package 'simulator' build argument 'cmake_force_configure' from command line to 'False'
[0.534s] Level 5:colcon.colcon_core.verb:set package 'simulator' build argument 'ament_cmake_args' from command line to 'None'
[0.534s] Level 5:colcon.colcon_core.verb:set package 'simulator' build argument 'catkin_cmake_args' from command line to 'None'
[0.534s] Level 5:colcon.colcon_core.verb:set package 'simulator' build argument 'catkin_skip_building_tests' from command line to 'False'
[0.534s] DEBUG:colcon.colcon_core.verb:Building package 'simulator' with the following arguments: {'ament_cmake_args': None, 'build_base': '/home/seok/automotive_software_mid-term/build/simulator', 'catkin_cmake_args': None, 'catkin_skip_building_tests': False, 'cmake_args': None, 'cmake_clean_cache': False, 'cmake_clean_first': False, 'cmake_force_configure': False, 'cmake_target': None, 'cmake_target_skip_unavailable': False, 'install_base': '/home/seok/automotive_software_mid-term/install/simulator', 'merge_install': False, 'path': '/home/seok/automotive_software_mid-term/src/app/simulator', 'symlink_install': False, 'test_result_base': None}
[0.534s] INFO:colcon.colcon_core.executor:Executing jobs using 'parallel' executor
[0.535s] DEBUG:colcon.colcon_parallel_executor.executor.parallel:run_until_complete
[0.535s] INFO:colcon.colcon_ros.task.ament_cmake.build:Building ROS package in '/home/seok/automotive_software_mid-term/src/rte/msg/ad_msgs' with build type 'ament_cmake'
[0.535s] INFO:colcon.colcon_cmake.task.cmake.build:Building CMake package in '/home/seok/automotive_software_mid-term/src/rte/msg/ad_msgs'
[0.539s] INFO:colcon.colcon_core.plugin_system:Skipping extension 'colcon_core.shell.bat': Not used on non-Windows systems
[0.539s] INFO:colcon.colcon_core.shell:Skip shell extension 'powershell' for command environment: Not usable outside of PowerShell
[0.539s] DEBUG:colcon.colcon_core.shell:Skip shell extension 'dsv' for command environment
[0.544s] DEBUG:colcon.colcon_core.event_handler.log_command:Invoking command in '/home/seok/automotive_software_mid-term/build/ad_msgs': CMAKE_PREFIX_PATH=${CMAKE_PREFIX_PATH}:/opt/ros/humble /usr/bin/cmake /home/seok/automotive_software_mid-term/src/rte/msg/ad_msgs -DCMAKE_INSTALL_PREFIX=/home/seok/automotive_software_mid-term/install/ad_msgs
[2.513s] DEBUG:colcon.colcon_core.event_handler.log_command:Invoked command in '/home/seok/automotive_software_mid-term/build/ad_msgs' returned '0': CMAKE_PREFIX_PATH=${CMAKE_PREFIX_PATH}:/opt/ros/humble /usr/bin/cmake /home/seok/automotive_software_mid-term/src/rte/msg/ad_msgs -DCMAKE_INSTALL_PREFIX=/home/seok/automotive_software_mid-term/install/ad_msgs
[2.515s] DEBUG:colcon.colcon_core.event_handler.log_command:Invoking command in '/home/seok/automotive_software_mid-term/build/ad_msgs': CMAKE_PREFIX_PATH=${CMAKE_PREFIX_PATH}:/opt/ros/humble /usr/bin/cmake --build /home/seok/automotive_software_mid-term/build/ad_msgs -- -j16 -l16
[5.111s] DEBUG:colcon.colcon_core.event_handler.log_command:Invoked command in '/home/seok/automotive_software_mid-term/build/ad_msgs' returned '0': CMAKE_PREFIX_PATH=${CMAKE_PREFIX_PATH}:/opt/ros/humble /usr/bin/cmake --build /home/seok/automotive_software_mid-term/build/ad_msgs -- -j16 -l16
[5.197s] DEBUG:colcon.colcon_core.event_handler.log_command:Invoking command in '/home/seok/automotive_software_mid-term/build/ad_msgs': CMAKE_PREFIX_PATH=${CMAKE_PREFIX_PATH}:/opt/ros/humble /usr/bin/cmake --install /home/seok/automotive_software_mid-term/build/ad_msgs
[5.247s] Level 1:colcon.colcon_core.environment:create_environment_scripts_only(ad_msgs)
[5.247s] DEBUG:colcon.colcon_core.event_handler.log_command:Invoked command in '/home/seok/automotive_software_mid-term/build/ad_msgs' returned '0': CMAKE_PREFIX_PATH=${CMAKE_PREFIX_PATH}:/opt/ros/humble /usr/bin/cmake --install /home/seok/automotive_software_mid-term/build/ad_msgs
[5.253s] Level 1:colcon.colcon_core.environment:checking '/home/seok/automotive_software_mid-term/install/ad_msgs' for CMake module files
[5.254s] Level 1:colcon.colcon_core.environment:checking '/home/seok/automotive_software_mid-term/install/ad_msgs' for CMake config files
[5.254s] Level 1:colcon.colcon_core.shell:create_environment_hook('ad_msgs', 'cmake_prefix_path')
[5.254s] INFO:colcon.colcon_core.shell:Creating environment hook '/home/seok/automotive_software_mid-term/install/ad_msgs/share/ad_msgs/hook/cmake_prefix_path.ps1'
[5.255s] INFO:colcon.colcon_core.shell:Creating environment descriptor '/home/seok/automotive_software_mid-term/install/ad_msgs/share/ad_msgs/hook/cmake_prefix_path.dsv'
[5.255s] INFO:colcon.colcon_core.shell:Creating environment hook '/home/seok/automotive_software_mid-term/install/ad_msgs/share/ad_msgs/hook/cmake_prefix_path.sh'
[5.256s] Level 1:colcon.colcon_core.environment:checking '/home/seok/automotive_software_mid-term/install/ad_msgs/lib'
[5.256s] Level 1:colcon.colcon_core.shell:create_environment_hook('ad_msgs', 'ld_library_path_lib')
[5.257s] INFO:colcon.colcon_core.shell:Creating environment hook '/home/seok/automotive_software_mid-term/install/ad_msgs/share/ad_msgs/hook/ld_library_path_lib.ps1'
[5.257s] INFO:colcon.colcon_core.shell:Creating environment descriptor '/home/seok/automotive_software_mid-term/install/ad_msgs/share/ad_msgs/hook/ld_library_path_lib.dsv'
[5.257s] INFO:colcon.colcon_core.shell:Creating environment hook '/home/seok/automotive_software_mid-term/install/ad_msgs/share/ad_msgs/hook/ld_library_path_lib.sh'
[5.257s] Level 1:colcon.colcon_core.environment:checking '/home/seok/automotive_software_mid-term/install/ad_msgs/bin'
[5.257s] Level 1:colcon.colcon_core.environment:checking '/home/seok/automotive_software_mid-term/install/ad_msgs/lib/pkgconfig/ad_msgs.pc'
[5.258s] Level 1:colcon.colcon_core.environment:checking '/home/seok/automotive_software_mid-term/install/ad_msgs/lib/python3.10/site-packages'
[5.258s] Level 1:colcon.colcon_core.environment:checking '/home/seok/automotive_software_mid-term/install/ad_msgs/bin'
[5.258s] INFO:colcon.colcon_core.shell:Creating package script '/home/seok/automotive_software_mid-term/install/ad_msgs/share/ad_msgs/package.ps1'
[5.259s] INFO:colcon.colcon_core.shell:Creating package descriptor '/home/seok/automotive_software_mid-term/install/ad_msgs/share/ad_msgs/package.dsv'
[5.259s] INFO:colcon.colcon_core.shell:Creating package script '/home/seok/automotive_software_mid-term/install/ad_msgs/share/ad_msgs/package.sh'
[5.260s] INFO:colcon.colcon_core.shell:Creating package script '/home/seok/automotive_software_mid-term/install/ad_msgs/share/ad_msgs/package.bash'
[5.261s] INFO:colcon.colcon_core.shell:Creating package script '/home/seok/automotive_software_mid-term/install/ad_msgs/share/ad_msgs/package.zsh'
[5.261s] Level 1:colcon.colcon_core.environment:create_file_with_runtime_dependencies(/home/seok/automotive_software_mid-term/install/ad_msgs/share/colcon-core/packages/ad_msgs)
[5.344s] Level 1:colcon.colcon_core.environment:create_environment_scripts_only(ad_msgs)
[5.344s] Level 1:colcon.colcon_core.environment:checking '/home/seok/automotive_software_mid-term/install/ad_msgs' for CMake module files
[5.344s] Level 1:colcon.colcon_core.environment:checking '/home/seok/automotive_software_mid-term/install/ad_msgs' for CMake config files
[5.345s] Level 1:colcon.colcon_core.shell:create_environment_hook('ad_msgs', 'cmake_prefix_path')
[5.345s] INFO:colcon.colcon_core.shell:Creating environment hook '/home/seok/automotive_software_mid-term/install/ad_msgs/share/ad_msgs/hook/cmake_prefix_path.ps1'
[5.345s] INFO:colcon.colcon_core.shell:Creating environment descriptor '/home/seok/automotive_software_mid-term/install/ad_msgs/share/ad_msgs/hook/cmake_prefix_path.dsv'
[5.345s] INFO:colcon.colcon_core.shell:Creating environment hook '/home/seok/automotive_software_mid-term/install/ad_msgs/share/ad_msgs/hook/cmake_prefix_path.sh'
[5.346s] Level 1:colcon.colcon_core.environment:checking '/home/seok/automotive_software_mid-term/install/ad_msgs/lib'
[5.346s] Level 1:colcon.colcon_core.shell:create_environment_hook('ad_msgs', 'ld_library_path_lib')
[5.346s] INFO:colcon.colcon_core.shell:Creating environment hook '/home/seok/automotive_software_mid-term/install/ad_msgs/share/ad_msgs/hook/ld_library_path_lib.ps1'
[5.346s] INFO:colcon.colcon_core.shell:Creating environment descriptor '/home/seok/automotive_software_mid-term/install/ad_msgs/share/ad_msgs/hook/ld_library_path_lib.dsv'
[5.346s] INFO:colcon.colcon_core.shell:Creating environment hook '/home/seok/automotive_software_mid-term/install/ad_msgs/share/ad_msgs/hook/ld_library_path_lib.sh'
[5.347s] Level 1:colcon.colcon_core.environment:checking '/home/seok/automotive_software_mid-term/install/ad_msgs/bin'
[5.347s] Level 1:colcon.colcon_core.environment:checking '/home/seok/automotive_software_mid-term/install/ad_msgs/lib/pkgconfig/ad_msgs.pc'
[5.347s] Level 1:colcon.colcon_core.environment:checking '/home/seok/automotive_software_mid-term/install/ad_msgs/lib/python3.10/site-packages'
[5.347s] Level 1:colcon.colcon_core.environment:checking '/home/seok/automotive_software_mid-term/install/ad_msgs/bin'
[5.347s] INFO:colcon.colcon_core.shell:Creating package script '/home/seok/automotive_software_mid-term/install/ad_msgs/share/ad_msgs/package.ps1'
[5.348s] INFO:colcon.colcon_core.shell:Creating package descriptor '/home/seok/automotive_software_mid-term/install/ad_msgs/share/ad_msgs/package.dsv'
[5.348s] INFO:colcon.colcon_core.shell:Creating package script '/home/seok/automotive_software_mid-term/install/ad_msgs/share/ad_msgs/package.sh'
[5.348s] INFO:colcon.colcon_core.shell:Creating package script '/home/seok/automotive_software_mid-term/install/ad_msgs/share/ad_msgs/package.bash'
[5.348s] INFO:colcon.colcon_core.shell:Creating package script '/home/seok/automotive_software_mid-term/install/ad_msgs/share/ad_msgs/package.zsh'
[5.349s] Level 1:colcon.colcon_core.environment:create_file_with_runtime_dependencies(/home/seok/automotive_software_mid-term/install/ad_msgs/share/colcon-core/packages/ad_msgs)
[5.349s] INFO:colcon.colcon_ros.task.ament_cmake.build:Building ROS package in '/home/seok/automotive_software_mid-term/src/app/autonomous_driving' with build type 'ament_cmake'
[5.349s] INFO:colcon.colcon_cmake.task.cmake.build:Building CMake package in '/home/seok/automotive_software_mid-term/src/app/autonomous_driving'
[5.349s] INFO:colcon.colcon_core.shell:Skip shell extension 'powershell' for command environment: Not usable outside of PowerShell
[5.350s] DEBUG:colcon.colcon_core.shell:Skip shell extension 'dsv' for command environment
[5.352s] INFO:colcon.colcon_ros.task.ament_cmake.build:Building ROS package in '/home/seok/automotive_software_mid-term/src/app/evaluation' with build type 'ament_cmake'
[5.352s] INFO:colcon.colcon_cmake.task.cmake.build:Building CMake package in '/home/seok/automotive_software_mid-term/src/app/evaluation'
[5.353s] INFO:colcon.colcon_core.shell:Skip shell extension 'powershell' for command environment: Not usable outside of PowerShell
[5.353s] DEBUG:colcon.colcon_core.shell:Skip shell extension 'dsv' for command environment
[5.355s] INFO:colcon.colcon_ros.task.ament_cmake.build:Building ROS package in '/home/seok/automotive_software_mid-term/src/app/scenario_runner' with build type 'ament_cmake'
[5.355s] INFO:colcon.colcon_cmake.task.cmake.build:Building CMake package in '/home/seok/automotive_software_mid-term/src/app/scenario_runner'
[5.356s] INFO:colcon.colcon_core.shell:Skip shell extension 'powershell' for command environment: Not usable outside of PowerShell
[5.356s] DEBUG:colcon.colcon_core.shell:Skip shell extension 'dsv' for command environment
[5.358s] INFO:colcon.colcon_ros.task.ament_cmake.build:Building ROS package in '/home/seok/automotive_software_mid-term/src/app/simulator' with build type 'ament_cmake'
[5.358s] INFO:colcon.colcon_cmake.task.cmake.build:Building CMake package in '/home/seok/automotive_software_mid-term/src/app/simulator'
[5.358s] INFO:colcon.colcon_core.shell:Skip shell extension 'powershell' for command environment: Not usable outside of PowerShell
[5.358s] DEBUG:colcon.colcon_core.shell:Skip shell extension 'dsv' for command environment
[5.382s] DEBUG:colcon.colcon_core.event_handler.log_command:Invoking command in '/home/seok/automotive_software_mid-term/build/autonomous_driving': AMENT_PREFIX_PATH=/home/seok/automotive_software_mid-term/install/ad_msgs:${AMENT_PREFIX_PATH} CMAKE_PREFIX_PATH=/home/seok/automotive_software_mid-term/install/ad_msgs:/home/seok/ros2_ws/install/simulator:/home/seok/ros2_ws/install/evaluation:/home/seok/ros2_ws/install/autonomous_driving:/home/seok/ros2_ws/install/ad_msgs:/opt/ros/humble LD_LIBRARY_PATH=/home/seok/automotive_software_mid-term/install/ad_msgs/lib:${LD_LIBRARY_PATH} PYTHONPATH=/home/seok/automotive_software_mid-term/install/ad_msgs/local/lib/python3.10/dist-packages:${PYTHONPATH} /usr/bin/cmake /home/seok/automotive_software_mid-term/src/app/autonomous_driving -DCMAKE_INSTALL_PREFIX=/home/seok/automotive_software_mid-term/install/autonomous_driving
[5.385s] DEBUG:colcon.colcon_core.event_handler.log_command:Invoking command in '/home/seok/automotive_software_mid-term/build/evaluation': AMENT_PREFIX_PATH=/home/seok/automotive_software_mid-term/install/ad_msgs:${AMENT_PREFIX_PATH} CMAKE_PREFIX_PATH=/home/seok/automotive_software_mid-term/install/ad_msgs:/home/seok/ros2_ws/install/simulator:/home/seok/ros2_ws/install/evaluation:/home/seok/ros2_ws/install/autonomous_driving:/home/seok/ros2_ws/install/ad_msgs:/opt/ros/humble LD_LIBRARY_PATH=/home/seok/automotive_software_mid-term/install/ad_msgs/lib:${LD_LIBRARY_PATH} PYTHONPATH=/home/seok/automotive_software_mid-term/install/ad_msgs/local/lib/python3.10/dist-packages:${PYTHONPATH} /usr/bin/cmake /home/seok/automotive_software_mid-term/src/app/evaluation -DCMAKE_INSTALL_PREFIX=/home/seok/automotive_software_mid-term/install/evaluation
[5.387s] DEBUG:colcon.colcon_core.event_handler.log_command:Invoking command in '/home/seok/automotive_software_mid-term/build/scenario_runner': AMENT_PREFIX_PATH=/home/seok/automotive_software_mid-term/install/ad_msgs:${AMENT_PREFIX_PATH} CMAKE_PREFIX_PATH=/home/seok/automotive_software_mid-term/install/ad_msgs:/home/seok/ros2_ws/install/simulator:/home/seok/ros2_ws/install/evaluation:/home/seok/ros2_ws/install/autonomous_driving:/home/seok/ros2_ws/install/ad_msgs:/opt/ros/humble LD_LIBRARY_PATH=/home/seok/automotive_software_mid-term/install/ad_msgs/lib:${LD_LIBRARY_PATH} PYTHONPATH=/home/seok/automotive_software_mid-term/install/ad_msgs/local/lib/python3.10/dist-packages:${PYTHONPATH} /usr/bin/cmake /home/seok/automotive_software_mid-term/src/app/scenario_runner -DCMAKE_INSTALL_PREFIX=/home/seok/automotive_software_mid-term/install/scenario_runner
[5.387s] DEBUG:colcon.colcon_core.event_handler.log_command:Invoking command in '/home/seok/automotive_software_mid-term/build/simulator': AMENT_PREFIX_PATH=/home/seok/automotive_software_mid-term/install/ad_msgs:${AMENT_PREFIX_PATH} CMAKE_PREFIX_PATH=/home/seok/automotive_software_mid-term/install/ad_msgs:/home/seok/ros2_ws/install/simulator:/home/seok/ros2_ws/install/evaluation:/home/seok/ros2_ws/install/autonomous_driving:/home/seok/ros2_ws/install/ad_msgs:/opt/ros/humble LD_LIBRARY_PATH=/home/seok/automotive_software_mid-term/install/ad_msgs/lib:${LD_LIBRARY_PATH} PYTHONPATH=/home/seok/automotive_software_mid-term/install/ad_msgs/local/lib/python3.10/dist-packages:${PYTHONPATH} /usr/bin/cmake /home/seok/automotive_software_mid-term/src/app/simulator -DCMAKE_INSTALL_PREFIX=/home/seok/automotive_software_mid-term/install/simulator
[9.038s] DEBUG:colcon.colcon_core.event_handler.log_command:Invoked command in '/home/seok/automotive_software_mid-term/build/autonomous_driving' returned '0': AMENT_PREFIX_PATH=/home/seok/automotive_software_mid-term/install/ad_msgs:${AMENT_PREFIX_PATH} CMAKE_PREFIX_PATH=/home/seok/automotive_software_mid-term/install/ad_msgs:/home/seok/ros2_ws/install/simulator:/home/seok/ros2_ws/install/evaluation:/home/seok/ros2_ws/install/autonomous_driving:/home/seok/ros2_ws/install/ad_msgs:/opt/ros/humble LD_LIBRARY_PATH=/home/seok/automotive_software_mid-term/install/ad_msgs/lib:${LD_LIBRARY_PATH} PYTHONPATH=/home/seok/automotive_software_mid-term/install/ad_msgs/local/lib/python3.10/dist-packages:${PYTHONPATH} /usr/bin/cmake /home/seok/automotive_software_mid-term/src/app/autonomous_driving -DCMAKE_INSTALL_PREFIX=/home/seok/automotive_software_mid-term/install/autonomous_driving
[9.039s] DEBUG:colcon.colcon_core.event_handler.log_command:Invoking command in '/home/seok/automotive_software_mid-term/build/autonomous_driving': AMENT_PREFIX_PATH=/home/seok/automotive_software_mid-term/install/ad_msgs:${AMENT_PREFIX_PATH} CMAKE_PREFIX_PATH=/home/seok/automotive_software_mid-term/install/ad_msgs:/home/seok/ros2_ws/install/simulator:/home/seok/ros2_ws/install/evaluation:/home/seok/ros2_ws/install/autonomous_driving:/home/seok/ros2_ws/install/ad_msgs:/opt/ros/humble LD_LIBRARY_PATH=/home/seok/automotive_software_mid-term/install/ad_msgs/lib:${LD_LIBRARY_PATH} PYTHONPATH=/home/seok/automotive_software_mid-term/install/ad_msgs/local/lib/python3.10/dist-packages:${PYTHONPATH} /usr/bin/cmake --build /home/seok/automotive_software_mid-term/build/autonomous_driving -- -j16 -l16
[9.145s] DEBUG:colcon.colcon_core.event_handler.log_command:Invoked command in '/home/seok/automotive_software_mid-term/build/scenario_runner' returned '0': AMENT_PREFIX_PATH=/home/seok/automotive_software_mid-term/install/ad_msgs:${AMENT_PREFIX_PATH} CMAKE_PREFIX_PATH=/home/seok/automotive_software_mid-term/install/ad_msgs:/home/seok/ros2_ws/install/simulator:/home/seok/ros2_ws/install/evaluation:/home/seok/ros2_ws/install/autonomous_driving:/home/seok/ros2_ws/install/ad_msgs:/opt/ros/humble LD_LIBRARY_PATH=/home/seok/automotive_software_mid-term/install/ad_msgs/lib:${LD_LIBRARY_PATH} PYTHONPATH=/home/seok/automotive_software_mid-term/install/ad_msgs/local/lib/python3.10/dist-packages:${PYTHONPATH} /usr/bin/cmake /home/seok/automotive_software_mid-term/src/app/scenario_runner -DCMAKE_INSTALL_PREFIX=/home/seok/automotive_software_mid-term/install/scenario_runner
[9.146s] DEBUG:colcon.colcon_core.event_handler.log_command:Invoking command in '/home/seok/automotive_software_mid-term/build/scenario_runner': AMENT_PREFIX_PATH=/home/seok/automotive_software_mid-term/install/ad_msgs:${AMENT_PREFIX_PATH} CMAKE_PREFIX_PATH=/home/seok/automotive_software_mid-term/install/ad_msgs:/home/seok/ros2_ws/install/simulator:/home/seok/ros2_ws/install/evaluation:/home/seok/ros2_ws/install/autonomous_driving:/home/seok/ros2_ws/install/ad_msgs:/opt/ros/humble LD_LIBRARY_PATH=/home/seok/automotive_software_mid-term/install/ad_msgs/lib:${LD_LIBRARY_PATH} PYTHONPATH=/home/seok/automotive_software_mid-term/install/ad_msgs/local/lib/python3.10/dist-packages:${PYTHONPATH} /usr/bin/cmake --build /home/seok/automotive_software_mid-term/build/scenario_runner -- -j16 -l16
[9.193s] DEBUG:colcon.colcon_core.event_handler.log_command:Invoked command in '/home/seok/automotive_software_mid-term/build/simulator' returned '0': AMENT_PREFIX_PATH=/home/seok/automotive_software_mid-term/install/ad_msgs:${AMENT_PREFIX_PATH} CMAKE_PREFIX_PATH=/home/seok/automotive_software_mid-term/install/ad_msgs:/home/seok/ros2_ws/install/simulator:/home/seok/ros2_ws/install/evaluation:/home/seok/ros2_ws/install/autonomous_driving:/home/seok/ros2_ws/install/ad_msgs:/opt/ros/humble LD_LIBRARY_PATH=/home/seok/automotive_software_mid-term/install/ad_msgs/lib:${LD_LIBRARY_PATH} PYTHONPATH=/home/seok/automotive_software_mid-term/install/ad_msgs/local/lib/python3.10/dist-packages:${PYTHONPATH} /usr/bin/cmake /home/seok/automotive_software_mid-term/src/app/simulator -DCMAKE_INSTALL_PREFIX=/home/seok/automotive_software_mid-term/install/simulator
[9.195s] DEBUG:colcon.colcon_core.event_handler.log_command:Invoking command in '/home/seok/automotive_software_mid-term/build/simulator': AMENT_PREFIX_PATH=/home/seok/automotive_software_mid-term/install/ad_msgs:${AMENT_PREFIX_PATH} CMAKE_PREFIX_PATH=/home/seok/automotive_software_mid-term/install/ad_msgs:/home/seok/ros2_ws/install/simulator:/home/seok/ros2_ws/install/evaluation:/home/seok/ros2_ws/install/autonomous_driving:/home/seok/ros2_ws/install/ad_msgs:/opt/ros/humble LD_LIBRARY_PATH=/home/seok/automotive_software_mid-term/install/ad_msgs/lib:${LD_LIBRARY_PATH} PYTHONPATH=/home/seok/automotive_software_mid-term/install/ad_msgs/local/lib/python3.10/dist-packages:${PYTHONPATH} /usr/bin/cmake --build /home/seok/automotive_software_mid-term/build/simulator -- -j16 -l16
[9.250s] DEBUG:colcon.colcon_core.event_handler.log_command:Invoked command in '/home/seok/automotive_software_mid-term/build/evaluation' returned '0': AMENT_PREFIX_PATH=/home/seok/automotive_software_mid-term/install/ad_msgs:${AMENT_PREFIX_PATH} CMAKE_PREFIX_PATH=/home/seok/automotive_software_mid-term/install/ad_msgs:/home/seok/ros2_ws/install/simulator:/home/seok/ros2_ws/install/evaluation:/home/seok/ros2_ws/install/autonomous_driving:/home/seok/ros2_ws/install/ad_msgs:/opt/ros/humble LD_LIBRARY_PATH=/home/seok/automotive_software_mid-term/install/ad_msgs/lib:${LD_LIBRARY_PATH} PYTHONPATH=/home/seok/automotive_software_mid-term/install/ad_msgs/local/lib/python3.10/dist-packages:${PYTHONPATH} /usr/bin/cmake /home/seok/automotive_software_mid-term/src/app/evaluation -DCMAKE_INSTALL_PREFIX=/home/seok/automotive_software_mid-term/install/evaluation
[9.252s] DEBUG:colcon.colcon_core.event_handler.log_command:Invoking command in '/home/seok/automotive_software_mid-term/build/evaluation': AMENT_PREFIX_PATH=/home/seok/automotive_software_mid-term/install/ad_msgs:${AMENT_PREFIX_PATH} CMAKE_PREFIX_PATH=/home/seok/automotive_software_mid-term/install/ad_msgs:/home/seok/ros2_ws/install/simulator:/home/seok/ros2_ws/install/evaluation:/home/seok/ros2_ws/install/autonomous_driving:/home/seok/ros2_ws/install/ad_msgs:/opt/ros/humble LD_LIBRARY_PATH=/home/seok/automotive_software_mid-term/install/ad_msgs/lib:${LD_LIBRARY_PATH} PYTHONPATH=/home/seok/automotive_software_mid-term/install/ad_msgs/local/lib/python3.10/dist-packages:${PYTHONPATH} /usr/bin/cmake --build /home/seok/automotive_software_mid-term/build/evaluation -- -j16 -l16
[18.957s] DEBUG:colcon.colcon_core.event_handler.log_command:Invoked command in '/home/seok/automotive_software_mid-term/build/scenario_runner' returned '0': AMENT_PREFIX_PATH=/home/seok/automotive_software_mid-term/install/ad_msgs:${AMENT_PREFIX_PATH} CMAKE_PREFIX_PATH=/home/seok/automotive_software_mid-term/install/ad_msgs:/home/seok/ros2_ws/install/simulator:/home/seok/ros2_ws/install/evaluation:/home/seok/ros2_ws/install/autonomous_driving:/home/seok/ros2_ws/install/ad_msgs:/opt/ros/humble LD_LIBRARY_PATH=/home/seok/automotive_software_mid-term/install/ad_msgs/lib:${LD_LIBRARY_PATH} PYTHONPATH=/home/seok/automotive_software_mid-term/install/ad_msgs/local/lib/python3.10/dist-packages:${PYTHONPATH} /usr/bin/cmake --build /home/seok/automotive_software_mid-term/build/scenario_runner -- -j16 -l16
[18.976s] DEBUG:colcon.colcon_core.event_handler.log_command:Invoking command in '/home/seok/automotive_software_mid-term/build/scenario_runner': AMENT_PREFIX_PATH=/home/seok/automotive_software_mid-term/install/ad_msgs:${AMENT_PREFIX_PATH} CMAKE_PREFIX_PATH=/home/seok/automotive_software_mid-term/install/ad_msgs:/home/seok/ros2_ws/install/simulator:/home/seok/ros2_ws/install/evaluation:/home/seok/ros2_ws/install/autonomous_driving:/home/seok/ros2_ws/install/ad_msgs:/opt/ros/humble LD_LIBRARY_PATH=/home/seok/automotive_software_mid-term/install/ad_msgs/lib:${LD_LIBRARY_PATH} PYTHONPATH=/home/seok/automotive_software_mid-term/install/ad_msgs/local/lib/python3.10/dist-packages:${PYTHONPATH} /usr/bin/cmake --install /home/seok/automotive_software_mid-term/build/scenario_runner
[18.989s] Level 1:colcon.colcon_core.environment:create_environment_scripts_only(scenario_runner)
[18.990s] DEBUG:colcon.colcon_core.event_handler.log_command:Invoked command in '/home/seok/automotive_software_mid-term/build/scenario_runner' returned '0': AMENT_PREFIX_PATH=/home/seok/automotive_software_mid-term/install/ad_msgs:${AMENT_PREFIX_PATH} CMAKE_PREFIX_PATH=/home/seok/automotive_software_mid-term/install/ad_msgs:/home/seok/ros2_ws/install/simulator:/home/seok/ros2_ws/install/evaluation:/home/seok/ros2_ws/install/autonomous_driving:/home/seok/ros2_ws/install/ad_msgs:/opt/ros/humble LD_LIBRARY_PATH=/home/seok/automotive_software_mid-term/install/ad_msgs/lib:${LD_LIBRARY_PATH} PYTHONPATH=/home/seok/automotive_software_mid-term/install/ad_msgs/local/lib/python3.10/dist-packages:${PYTHONPATH} /usr/bin/cmake --install /home/seok/automotive_software_mid-term/build/scenario_runner
[18.991s] Level 1:colcon.colcon_core.environment:checking '/home/seok/automotive_software_mid-term/install/scenario_runner' for CMake module files
[18.991s] Level 1:colcon.colcon_core.environment:checking '/home/seok/automotive_software_mid-term/install/scenario_runner' for CMake config files
[18.992s] Level 1:colcon.colcon_core.shell:create_environment_hook('scenario_runner', 'cmake_prefix_path')
[18.992s] INFO:colcon.colcon_core.shell:Creating environment hook '/home/seok/automotive_software_mid-term/install/scenario_runner/share/scenario_runner/hook/cmake_prefix_path.ps1'
[18.993s] INFO:colcon.colcon_core.shell:Creating environment descriptor '/home/seok/automotive_software_mid-term/install/scenario_runner/share/scenario_runner/hook/cmake_prefix_path.dsv'
[18.994s] INFO:colcon.colcon_core.shell:Creating environment hook '/home/seok/automotive_software_mid-term/install/scenario_runner/share/scenario_runner/hook/cmake_prefix_path.sh'
[18.994s] Level 1:colcon.colcon_core.environment:checking '/home/seok/automotive_software_mid-term/install/scenario_runner/lib'
[18.994s] Level 1:colcon.colcon_core.environment:checking '/home/seok/automotive_software_mid-term/install/scenario_runner/bin'
[18.994s] Level 1:colcon.colcon_core.environment:checking '/home/seok/automotive_software_mid-term/install/scenario_runner/lib/pkgconfig/scenario_runner.pc'
[18.995s] Level 1:colcon.colcon_core.environment:checking '/home/seok/automotive_software_mid-term/install/scenario_runner/lib/python3.10/site-packages'
[18.995s] Level 1:colcon.colcon_core.environment:checking '/home/seok/automotive_software_mid-term/install/scenario_runner/bin'
[18.995s] INFO:colcon.colcon_core.shell:Creating package script '/home/seok/automotive_software_mid-term/install/scenario_runner/share/scenario_runner/package.ps1'
[18.996s] INFO:colcon.colcon_core.shell:Creating package descriptor '/home/seok/automotive_software_mid-term/install/scenario_runner/share/scenario_runner/package.dsv'
[18.996s] INFO:colcon.colcon_core.shell:Creating package script '/home/seok/automotive_software_mid-term/install/scenario_runner/share/scenario_runner/package.sh'
[18.996s] INFO:colcon.colcon_core.shell:Creating package script '/home/seok/automotive_software_mid-term/install/scenario_runner/share/scenario_runner/package.bash'
[18.997s] INFO:colcon.colcon_core.shell:Creating package script '/home/seok/automotive_software_mid-term/install/scenario_runner/share/scenario_runner/package.zsh'
[18.997s] Level 1:colcon.colcon_core.environment:create_file_with_runtime_dependencies(/home/seok/automotive_software_mid-term/install/scenario_runner/share/colcon-core/packages/scenario_runner)
[19.017s] Level 1:colcon.colcon_core.environment:create_environment_scripts_only(scenario_runner)
[19.017s] Level 1:colcon.colcon_core.environment:checking '/home/seok/automotive_software_mid-term/install/scenario_runner' for CMake module files
[19.017s] Level 1:colcon.colcon_core.environment:checking '/home/seok/automotive_software_mid-term/install/scenario_runner' for CMake config files
[19.017s] Level 1:colcon.colcon_core.shell:create_environment_hook('scenario_runner', 'cmake_prefix_path')
[19.017s] INFO:colcon.colcon_core.shell:Creating environment hook '/home/seok/automotive_software_mid-term/install/scenario_runner/share/scenario_runner/hook/cmake_prefix_path.ps1'
[19.018s] INFO:colcon.colcon_core.shell:Creating environment descriptor '/home/seok/automotive_software_mid-term/install/scenario_runner/share/scenario_runner/hook/cmake_prefix_path.dsv'
[19.018s] INFO:colcon.colcon_core.shell:Creating environment hook '/home/seok/automotive_software_mid-term/install/scenario_runner/share/scenario_runner/hook/cmake_prefix_path.sh'
[19.019s] Level 1:colcon.colcon_core.environment:checking '/home/seok/automotive_software_mid-term/install/scenario_runner/lib'
[19.019s] Level 1:colcon.colcon_core.environment:checking '/home/seok/automotive_software_mid-term/install/scenario_runner/bin'
[19.019s] Level 1:colcon.colcon_core.environment:checking '/home/seok/automotive_software_mid-term/install/scenario_runner/lib/pkgconfig/scenario_runner.pc'
[19.019s] Level 1:colcon.colcon_core.environment:checking '/home/seok/automotive_software_mid-term/install/scenario_runner/lib/python3.10/site-packages'
[19.019s] Level 1:colcon.colcon_core.environment:checking '/home/seok/automotive_software_mid-term/install/scenario_runner/bin'
[19.019s] INFO:colcon.colcon_core.shell:Creating package script '/home/seok/automotive_software_mid-term/install/scenario_runner/share/scenario_runner/package.ps1'
[19.020s] INFO:colcon.colcon_core.shell:Creating package descriptor '/home/seok/automotive_software_mid-term/install/scenario_runner/share/scenario_runner/package.dsv'
[19.020s] INFO:colcon.colcon_core.shell:Creating package script '/home/seok/automotive_software_mid-term/install/scenario_runner/share/scenario_runner/package.sh'
[19.020s] INFO:colcon.colcon_core.shell:Creating package script '/home/seok/automotive_software_mid-term/install/scenario_runner/share/scenario_runner/package.bash'
[19.021s] INFO:colcon.colcon_core.shell:Creating package script '/home/seok/automotive_software_mid-term/install/scenario_runner/share/scenario_runner/package.zsh'
[19.021s] Level 1:colcon.colcon_core.environment:create_file_with_runtime_dependencies(/home/seok/automotive_software_mid-term/install/scenario_runner/share/colcon-core/packages/scenario_runner)
[22.734s] DEBUG:colcon.colcon_core.event_handler.log_command:Invoked command in '/home/seok/automotive_software_mid-term/build/evaluation' returned '0': AMENT_PREFIX_PATH=/home/seok/automotive_software_mid-term/install/ad_msgs:${AMENT_PREFIX_PATH} CMAKE_PREFIX_PATH=/home/seok/automotive_software_mid-term/install/ad_msgs:/home/seok/ros2_ws/install/simulator:/home/seok/ros2_ws/install/evaluation:/home/seok/ros2_ws/install/autonomous_driving:/home/seok/ros2_ws/install/ad_msgs:/opt/ros/humble LD_LIBRARY_PATH=/home/seok/automotive_software_mid-term/install/ad_msgs/lib:${LD_LIBRARY_PATH} PYTHONPATH=/home/seok/automotive_software_mid-term/install/ad_msgs/local/lib/python3.10/dist-packages:${PYTHONPATH} /usr/bin/cmake --build /home/seok/automotive_software_mid-term/build/evaluation -- -j16 -l16
[22.751s] DEBUG:colcon.colcon_core.event_handler.log_command:Invoking command in '/home/seok/automotive_software_mid-term/build/evaluation': AMENT_PREFIX_PATH=/home/seok/automotive_software_mid-term/install/ad_msgs:${AMENT_PREFIX_PATH} CMAKE_PREFIX_PATH=/home/seok/automotive_software_mid-term/install/ad_msgs:/home/seok/ros2_ws/install/simulator:/home/seok/ros2_ws/install/evaluation:/home/seok/ros2_ws/install/autonomous_driving:/home/seok/ros2_ws/install/ad_msgs:/opt/ros/humble LD_LIBRARY_PATH=/home/seok/automotive_software_mid-term/install/ad_msgs/lib:${LD_LIBRARY_PATH} PYTHONPATH=/home/seok/automotive_software_mid-term/install/ad_msgs/local/lib/python3.10/dist-packages:${PYTHONPATH} /usr/bin/cmake --install /home/seok/automotive_software_mid-term/build/evaluation
[22.767s] Level 1:colcon.colcon_core.environment:create_environment_scripts_only(evaluation)
[22.767s] Level 1:colcon.colcon_core.environment:checking '/home/seok/automotive_software_mid-term/install/evaluation' for CMake module files
[22.767s] DEBUG:colcon.colcon_core.event_handler.log_command:Invoked command in '/home/seok/automotive_software_mid-term/build/evaluation' returned '0': AMENT_PREFIX_PATH=/home/seok/automotive_software_mid-term/install/ad_msgs:${AMENT_PREFIX_PATH} CMAKE_PREFIX_PATH=/home/seok/automotive_software_mid-term/install/ad_msgs:/home/seok/ros2_ws/install/simulator:/home/seok/ros2_ws/install/evaluation:/home/seok/ros2_ws/install/autonomous_driving:/home/seok/ros2_ws/install/ad_msgs:/opt/ros/humble LD_LIBRARY_PATH=/home/seok/automotive_software_mid-term/install/ad_msgs/lib:${LD_LIBRARY_PATH} PYTHONPATH=/home/seok/automotive_software_mid-term/install/ad_msgs/local/lib/python3.10/dist-packages:${PYTHONPATH} /usr/bin/cmake --install /home/seok/automotive_software_mid-term/build/evaluation
[22.768s] Level 1:colcon.colcon_core.environment:checking '/home/seok/automotive_software_mid-term/install/evaluation' for CMake config files
[22.768s] Level 1:colcon.colcon_core.shell:create_environment_hook('evaluation', 'cmake_prefix_path')
[22.768s] INFO:colcon.colcon_core.shell:Creating environment hook '/home/seok/automotive_software_mid-term/install/evaluation/share/evaluation/hook/cmake_prefix_path.ps1'
[22.768s] INFO:colcon.colcon_core.shell:Creating environment descriptor '/home/seok/automotive_software_mid-term/install/evaluation/share/evaluation/hook/cmake_prefix_path.dsv'
[22.769s] INFO:colcon.colcon_core.shell:Creating environment hook '/home/seok/automotive_software_mid-term/install/evaluation/share/evaluation/hook/cmake_prefix_path.sh'
[22.769s] Level 1:colcon.colcon_core.environment:checking '/home/seok/automotive_software_mid-term/install/evaluation/lib'
[22.769s] Level 1:colcon.colcon_core.environment:checking '/home/seok/automotive_software_mid-term/install/evaluation/bin'
[22.769s] Level 1:colcon.colcon_core.environment:checking '/home/seok/automotive_software_mid-term/install/evaluation/lib/pkgconfig/evaluation.pc'
[22.769s] Level 1:colcon.colcon_core.environment:checking '/home/seok/automotive_software_mid-term/install/evaluation/lib/python3.10/site-packages'
[22.769s] Level 1:colcon.colcon_core.environment:checking '/home/seok/automotive_software_mid-term/install/evaluation/bin'
[22.770s] INFO:colcon.colcon_core.shell:Creating package script '/home/seok/automotive_software_mid-term/install/evaluation/share/evaluation/package.ps1'
[22.770s] INFO:colcon.colcon_core.shell:Creating package descriptor '/home/seok/automotive_software_mid-term/install/evaluation/share/evaluation/package.dsv'
[22.770s] INFO:colcon.colcon_core.shell:Creating package script '/home/seok/automotive_software_mid-term/install/evaluation/share/evaluation/package.sh'
[22.770s] INFO:colcon.colcon_core.shell:Creating package script '/home/seok/automotive_software_mid-term/install/evaluation/share/evaluation/package.bash'
[22.771s] INFO:colcon.colcon_core.shell:Creating package script '/home/seok/automotive_software_mid-term/install/evaluation/share/evaluation/package.zsh'
[22.771s] Level 1:colcon.colcon_core.environment:create_file_with_runtime_dependencies(/home/seok/automotive_software_mid-term/install/evaluation/share/colcon-core/packages/evaluation)
[22.786s] Level 1:colcon.colcon_core.environment:create_environment_scripts_only(evaluation)
[22.787s] Level 1:colcon.colcon_core.environment:checking '/home/seok/automotive_software_mid-term/install/evaluation' for CMake module files
[22.787s] Level 1:colcon.colcon_core.environment:checking '/home/seok/automotive_software_mid-term/install/evaluation' for CMake config files
[22.787s] Level 1:colcon.colcon_core.shell:create_environment_hook('evaluation', 'cmake_prefix_path')
[22.787s] INFO:colcon.colcon_core.shell:Creating environment hook '/home/seok/automotive_software_mid-term/install/evaluation/share/evaluation/hook/cmake_prefix_path.ps1'
[22.787s] INFO:colcon.colcon_core.shell:Creating environment descriptor '/home/seok/automotive_software_mid-term/install/evaluation/share/evaluation/hook/cmake_prefix_path.dsv'
[22.788s] INFO:colcon.colcon_core.shell:Creating environment hook '/home/seok/automotive_software_mid-term/install/evaluation/share/evaluation/hook/cmake_prefix_path.sh'
[22.788s] Level 1:colcon.colcon_core.environment:checking '/home/seok/automotive_software_mid-term/install/evaluation/lib'
[22.788s] Level 1:colcon.colcon_core.environment:checking '/home/seok/automotive_software_mid-term/install/evaluation/bin'
[22.788s] Level 1:colcon.colcon_core.environment:checking '/home/seok/automotive_software_mid-term/install/evaluation/lib/pkgconfig/evaluation.pc'
[22.788s] Level 1:colcon.colcon_core.environment:checking '/home/seok/automotive_software_mid-term/install/evaluation/lib/python3.10/site-packages'
[22.789s] Level 1:colcon.colcon_core.environment:checking '/home/seok/automotive_software_mid-term/install/evaluation/bin'
[22.789s] INFO:colcon.colcon_core.shell:Creating package script '/home/seok/automotive_software_mid-term/install/evaluation/share/evaluation/package.ps1'
[22.789s] INFO:colcon.colcon_core.shell:Creating package descriptor '/home/seok/automotive_software_mid-term/install/evaluation/share/evaluation/package.dsv'
[22.789s] INFO:colcon.colcon_core.shell:Creating package script '/home/seok/automotive_software_mid-term/install/evaluation/share/evaluation/package.sh'
[22.790s] INFO:colcon.colcon_core.shell:Creating package script '/home/seok/automotive_software_mid-term/install/evaluation/share/evaluation/package.bash'
[22.790s] INFO:colcon.colcon_core.shell:Creating package script '/home/seok/automotive_software_mid-term/install/evaluation/share/evaluation/package.zsh'
[22.790s] Level 1:colcon.colcon_core.environment:create_file_with_runtime_dependencies(/home/seok/automotive_software_mid-term/install/evaluation/share/colcon-core/packages/evaluation)
[27.458s] DEBUG:colcon.colcon_core.event_handler.log_command:Invoked command in '/home/seok/automotive_software_mid-term/build/autonomous_driving' returned '0': AMENT_PREFIX_PATH=/home/seok/automotive_software_mid-term/install/ad_msgs:${AMENT_PREFIX_PATH} CMAKE_PREFIX_PATH=/home/seok/automotive_software_mid-term/install/ad_msgs:/home/seok/ros2_ws/install/simulator:/home/seok/ros2_ws/install/evaluation:/home/seok/ros2_ws/install/autonomous_driving:/home/seok/ros2_ws/install/ad_msgs:/opt/ros/humble LD_LIBRARY_PATH=/home/seok/automotive_software_mid-term/install/ad_msgs/lib:${LD_LIBRARY_PATH} PYTHONPATH=/home/seok/automotive_software_mid-term/install/ad_msgs/local/lib/python3.10/dist-packages:${PYTHONPATH} /usr/bin/cmake --build /home/seok/automotive_software_mid-term/build/autonomous_driving -- -j16 -l16
[27.473s] DEBUG:colcon.colcon_core.event_handler.log_command:Invoking command in '/home/seok/automotive_software_mid-term/build/autonomous_driving': AMENT_PREFIX_PATH=/home/seok/automotive_software_mid-term/install/ad_msgs:${AMENT_PREFIX_PATH} CMAKE_PREFIX_PATH=/home/seok/automotive_software_mid-term/install/ad_msgs:/home/seok/ros2_ws/install/simulator:/home/seok/ros2_ws/install/evaluation:/home/seok/ros2_ws/install/autonomous_driving:/home/seok/ros2_ws/install/ad_msgs:/opt/ros/humble LD_LIBRARY_PATH=/home/seok/automotive_software_mid-term/install/ad_msgs/lib:${LD_LIBRARY_PATH} PYTHONPATH=/home/seok/automotive_software_mid-term/install/ad_msgs/local/lib/python3.10/dist-packages:${PYTHONPATH} /usr/bin/cmake --install /home/seok/automotive_software_mid-term/build/autonomous_driving
[27.490s] Level 1:colcon.colcon_core.environment:create_environment_scripts_only(autonomous_driving)
[27.490s] Level 1:colcon.colcon_core.environment:checking '/home/seok/automotive_software_mid-term/install/autonomous_driving' for CMake module files
[27.491s] DEBUG:colcon.colcon_core.event_handler.log_command:Invoked command in '/home/seok/automotive_software_mid-term/build/autonomous_driving' returned '0': AMENT_PREFIX_PATH=/home/seok/automotive_software_mid-term/install/ad_msgs:${AMENT_PREFIX_PATH} CMAKE_PREFIX_PATH=/home/seok/automotive_software_mid-term/install/ad_msgs:/home/seok/ros2_ws/install/simulator:/home/seok/ros2_ws/install/evaluation:/home/seok/ros2_ws/install/autonomous_driving:/home/seok/ros2_ws/install/ad_msgs:/opt/ros/humble LD_LIBRARY_PATH=/home/seok/automotive_software_mid-term/install/ad_msgs/lib:${LD_LIBRARY_PATH} PYTHONPATH=/home/seok/automotive_software_mid-term/install/ad_msgs/local/lib/python3.10/dist-packages:${PYTHONPATH} /usr/bin/cmake --install /home/seok/automotive_software_mid-term/build/autonomous_driving
[27.491s] Level 1:colcon.colcon_core.environment:checking '/home/seok/automotive_software_mid-term/install/autonomous_driving' for CMake config files
[27.491s] Level 1:colcon.colcon_core.shell:create_environment_hook('autonomous_driving', 'cmake_prefix_path')
[27.491s] INFO:colcon.colcon_core.shell:Creating environment hook '/home/seok/automotive_software_mid-term/install/autonomous_driving/share/autonomous_driving/hook/cmake_prefix_path.ps1'
[27.492s] INFO:colcon.colcon_core.shell:Creating environment descriptor '/home/seok/automotive_software_mid-term/install/autonomous_driving/share/autonomous_driving/hook/cmake_prefix_path.dsv'
[27.492s] INFO:colcon.colcon_core.shell:Creating environment hook '/home/seok/automotive_software_mid-term/install/autonomous_driving/share/autonomous_driving/hook/cmake_prefix_path.sh'
[27.492s] Level 1:colcon.colcon_core.environment:checking '/home/seok/automotive_software_mid-term/install/autonomous_driving/lib'
[27.492s] Level 1:colcon.colcon_core.environment:checking '/home/seok/automotive_software_mid-term/install/autonomous_driving/bin'
[27.492s] Level 1:colcon.colcon_core.environment:checking '/home/seok/automotive_software_mid-term/install/autonomous_driving/lib/pkgconfig/autonomous_driving.pc'
[27.493s] Level 1:colcon.colcon_core.environment:checking '/home/seok/automotive_software_mid-term/install/autonomous_driving/lib/python3.10/site-packages'
[27.493s] Level 1:colcon.colcon_core.environment:checking '/home/seok/automotive_software_mid-term/install/autonomous_driving/bin'
[27.493s] INFO:colcon.colcon_core.shell:Creating package script '/home/seok/automotive_software_mid-term/install/autonomous_driving/share/autonomous_driving/package.ps1'
[27.493s] INFO:colcon.colcon_core.shell:Creating package descriptor '/home/seok/automotive_software_mid-term/install/autonomous_driving/share/autonomous_driving/package.dsv'
[27.494s] INFO:colcon.colcon_core.shell:Creating package script '/home/seok/automotive_software_mid-term/install/autonomous_driving/share/autonomous_driving/package.sh'
[27.494s] INFO:colcon.colcon_core.shell:Creating package script '/home/seok/automotive_software_mid-term/install/autonomous_driving/share/autonomous_driving/package.bash'
[27.494s] INFO:colcon.colcon_core.shell:Creating package script '/home/seok/automotive_software_mid-term/install/autonomous_driving/share/autonomous_driving/package.zsh'
[27.494s] Level 1:colcon.colcon_core.environment:create_file_with_runtime_dependencies(/home/seok/automotive_software_mid-term/install/autonomous_driving/share/colcon-core/packages/autonomous_driving)
[27.508s] Level 1:colcon.colcon_core.environment:create_environment_scripts_only(autonomous_driving)
[27.509s] Level 1:colcon.colcon_core.environment:checking '/home/seok/automotive_software_mid-term/install/autonomous_driving' for CMake module files
[27.509s] Level 1:colcon.colcon_core.environment:checking '/home/seok/automotive_software_mid-term/install/autonomous_driving' for CMake config files
[27.509s] Level 1:colcon.colcon_core.shell:create_environment_hook('autonomous_driving', 'cmake_prefix_path')
[27.509s] INFO:colcon.colcon_core.shell:Creating environment hook '/home/seok/automotive_software_mid-term/install/autonomous_driving/share/autonomous_driving/hook/cmake_prefix_path.ps1'
[27.509s] INFO:colcon.colcon_core.shell:Creating environment descriptor '/home/seok/automotive_software_mid-term/install/autonomous_driving/share/autonomous_driving/hook/cmake_prefix_path.dsv'
[27.510s] INFO:colcon.colcon_core.shell:Creating environment hook '/home/seok/automotive_software_mid-term/install/autonomous_driving/share/autonomous_driving/hook/cmake_prefix_path.sh'
[27.510s] Level 1:colcon.colcon_core.environment:checking '/home/seok/automotive_software_mid-term/install/autonomous_driving/lib'
[27.510s] Level 1:colcon.colcon_core.environment:checking '/home/seok/automotive_software_mid-term/install/autonomous_driving/bin'
[27.510s] Level 1:colcon.colcon_core.environment:checking '/home/seok/automotive_software_mid-term/install/autonomous_driving/lib/pkgconfig/autonomous_driving.pc'
[27.510s] Level 1:colcon.colcon_core.environment:checking '/home/seok/automotive_software_mid-term/install/autonomous_driving/lib/python3.10/site-packages'
[27.510s] Level 1:colcon.colcon_core.environment:checking '/home/seok/automotive_software_mid-term/install/autonomous_driving/bin'
[27.511s] INFO:colcon.colcon_core.shell:Creating package script '/home/seok/automotive_software_mid-term/install/autonomous_driving/share/autonomous_driving/package.ps1'
[27.511s] INFO:colcon.colcon_core.shell:Creating package descriptor '/home/seok/automotive_software_mid-term/install/autonomous_driving/share/autonomous_driving/package.dsv'
[27.511s] INFO:colcon.colcon_core.shell:Creating package script '/home/seok/automotive_software_mid-term/install/autonomous_driving/share/autonomous_driving/package.sh'
[27.512s] INFO:colcon.colcon_core.shell:Creating package script '/home/seok/automotive_software_mid-term/install/autonomous_driving/share/autonomous_driving/package.bash'
[27.512s] INFO:colcon.colcon_core.shell:Creating package script '/home/seok/automotive_software_mid-term/install/autonomous_driving/share/autonomous_driving/package.zsh'
[27.512s] Level 1:colcon.colcon_core.environment:create_file_with_runtime_dependencies(/home/seok/automotive_software_mid-term/install/autonomous_driving/share/colcon-core/packages/autonomous_driving)
[29.526s] DEBUG:colcon.colcon_core.event_handler.log_command:Invoked command in '/home/seok/automotive_software_mid-term/build/simulator' returned '0': AMENT_PREFIX_PATH=/home/seok/automotive_software_mid-term/install/ad_msgs:${AMENT_PREFIX_PATH} CMAKE_PREFIX_PATH=/home/seok/automotive_software_mid-term/install/ad_msgs:/home/seok/ros2_ws/install/simulator:/home/seok/ros2_ws/install/evaluation:/home/seok/ros2_ws/install/autonomous_driving:/home/seok/ros2_ws/install/ad_msgs:/opt/ros/humble LD_LIBRARY_PATH=/home/seok/automotive_software_mid-term/install/ad_msgs/lib:${LD_LIBRARY_PATH} PYTHONPATH=/home/seok/automotive_software_mid-term/install/ad_msgs/local/lib/python3.10/dist-packages:${PYTHONPATH} /usr/bin/cmake --build /home/seok/automotive_software_mid-term/build/simulator -- -j16 -l16
[29.542s] DEBUG:colcon.colcon_core.event_handler.log_command:Invoking command in '/home/seok/automotive_software_mid-term/build/simulator': AMENT_PREFIX_PATH=/home/seok/automotive_software_mid-term/install/ad_msgs:${AMENT_PREFIX_PATH} CMAKE_PREFIX_PATH=/home/seok/automotive_software_mid-term/install/ad_msgs:/home/seok/ros2_ws/install/simulator:/home/seok/ros2_ws/install/evaluation:/home/seok/ros2_ws/install/autonomous_driving:/home/seok/ros2_ws/install/ad_msgs:/opt/ros/humble LD_LIBRARY_PATH=/home/seok/automotive_software_mid-term/install/ad_msgs/lib:${LD_LIBRARY_PATH} PYTHONPATH=/home/seok/automotive_software_mid-term/install/ad_msgs/local/lib/python3.10/dist-packages:${PYTHONPATH} /usr/bin/cmake --install /home/seok/automotive_software_mid-term/build/simulator
[29.563s] Level 1:colcon.colcon_core.environment:create_environment_scripts_only(simulator)
[29.563s] DEBUG:colcon.colcon_core.event_handler.log_command:Invoked command in '/home/seok/automotive_software_mid-term/build/simulator' returned '0': AMENT_PREFIX_PATH=/home/seok/automotive_software_mid-term/install/ad_msgs:${AMENT_PREFIX_PATH} CMAKE_PREFIX_PATH=/home/seok/automotive_software_mid-term/install/ad_msgs:/home/seok/ros2_ws/install/simulator:/home/seok/ros2_ws/install/evaluation:/home/seok/ros2_ws/install/autonomous_driving:/home/seok/ros2_ws/install/ad_msgs:/opt/ros/humble LD_LIBRARY_PATH=/home/seok/automotive_software_mid-term/install/ad_msgs/lib:${LD_LIBRARY_PATH} PYTHONPATH=/home/seok/automotive_software_mid-term/install/ad_msgs/local/lib/python3.10/dist-packages:${PYTHONPATH} /usr/bin/cmake --install /home/seok/automotive_software_mid-term/build/simulator
[29.563s] Level 1:colcon.colcon_core.environment:checking '/home/seok/automotive_software_mid-term/install/simulator' for CMake module files
[29.563s] Level 1:colcon.colcon_core.environment:checking '/home/seok/automotive_software_mid-term/install/simulator' for CMake config files
[29.563s] Level 1:colcon.colcon_core.shell:create_environment_hook('simulator', 'cmake_prefix_path')
[29.564s] INFO:colcon.colcon_core.shell:Creating environment hook '/home/seok/automotive_software_mid-term/install/simulator/share/simulator/hook/cmake_prefix_path.ps1'
[29.564s] INFO:colcon.colcon_core.shell:Creating environment descriptor '/home/seok/automotive_software_mid-term/install/simulator/share/simulator/hook/cmake_prefix_path.dsv'
[29.564s] INFO:colcon.colcon_core.shell:Creating environment hook '/home/seok/automotive_software_mid-term/install/simulator/share/simulator/hook/cmake_prefix_path.sh'
[29.565s] Level 1:colcon.colcon_core.environment:checking '/home/seok/automotive_software_mid-term/install/simulator/lib'
[29.565s] Level 1:colcon.colcon_core.environment:checking '/home/seok/automotive_software_mid-term/install/simulator/bin'
[29.565s] Level 1:colcon.colcon_core.environment:checking '/home/seok/automotive_software_mid-term/install/simulator/lib/pkgconfig/simulator.pc'
[29.565s] Level 1:colcon.colcon_core.environment:checking '/home/seok/automotive_software_mid-term/install/simulator/lib/python3.10/site-packages'
[29.565s] Level 1:colcon.colcon_core.environment:checking '/home/seok/automotive_software_mid-term/install/simulator/bin'
[29.565s] INFO:colcon.colcon_core.shell:Creating package script '/home/seok/automotive_software_mid-term/install/simulator/share/simulator/package.ps1'
[29.565s] INFO:colcon.colcon_core.shell:Creating package descriptor '/home/seok/automotive_software_mid-term/install/simulator/share/simulator/package.dsv'
[29.566s] INFO:colcon.colcon_core.shell:Creating package script '/home/seok/automotive_software_mid-term/install/simulator/share/simulator/package.sh'
[29.566s] INFO:colcon.colcon_core.shell:Creating package script '/home/seok/automotive_software_mid-term/install/simulator/share/simulator/package.bash'
[29.566s] INFO:colcon.colcon_core.shell:Creating package script '/home/seok/automotive_software_mid-term/install/simulator/share/simulator/package.zsh'
[29.566s] Level 1:colcon.colcon_core.environment:create_file_with_runtime_dependencies(/home/seok/automotive_software_mid-term/install/simulator/share/colcon-core/packages/simulator)
[29.583s] Level 1:colcon.colcon_core.environment:create_environment_scripts_only(simulator)
[29.584s] Level 1:colcon.colcon_core.environment:checking '/home/seok/automotive_software_mid-term/install/simulator' for CMake module files
[29.584s] Level 1:colcon.colcon_core.environment:checking '/home/seok/automotive_software_mid-term/install/simulator' for CMake config files
[29.584s] Level 1:colcon.colcon_core.shell:create_environment_hook('simulator', 'cmake_prefix_path')
[29.584s] INFO:colcon.colcon_core.shell:Creating environment hook '/home/seok/automotive_software_mid-term/install/simulator/share/simulator/hook/cmake_prefix_path.ps1'
[29.585s] INFO:colcon.colcon_core.shell:Creating environment descriptor '/home/seok/automotive_software_mid-term/install/simulator/share/simulator/hook/cmake_prefix_path.dsv'
[29.585s] INFO:colcon.colcon_core.shell:Creating environment hook '/home/seok/automotive_software_mid-term/install/simulator/share/simulator/hook/cmake_prefix_path.sh'
[29.585s] Level 1:colcon.colcon_core.environment:checking '/home/seok/automotive_software_mid-term/install/simulator/lib'
[29.585s] Level 1:colcon.colcon_core.environment:checking '/home/seok/automotive_software_mid-term/install/simulator/bin'
[29.585s] Level 1:colcon.colcon_core.environment:checking '/home/seok/automotive_software_mid-term/install/simulator/lib/pkgconfig/simulator.pc'
[29.585s] Level 1:colcon.colcon_core.environment:checking '/home/seok/automotive_software_mid-term/install/simulator/lib/python3.10/site-packages'
[29.586s] Level 1:colcon.colcon_core.environment:checking '/home/seok/automotive_software_mid-term/install/simulator/bin'
[29.586s] INFO:colcon.colcon_core.shell:Creating package script '/home/seok/automotive_software_mid-term/install/simulator/share/simulator/package.ps1'
[29.586s] INFO:colcon.colcon_core.shell:Creating package descriptor '/home/seok/automotive_software_mid-term/install/simulator/share/simulator/package.dsv'
[29.586s] INFO:colcon.colcon_core.shell:Creating package script '/home/seok/automotive_software_mid-term/install/simulator/share/simulator/package.sh'
[29.587s] INFO:colcon.colcon_core.shell:Creating package script '/home/seok/automotive_software_mid-term/install/simulator/share/simulator/package.bash'
[29.587s] INFO:colcon.colcon_core.shell:Creating package script '/home/seok/automotive_software_mid-term/install/simulator/share/simulator/package.zsh'
[29.587s] Level 1:colcon.colcon_core.environment:create_file_with_runtime_dependencies(/home/seok/automotive_software_mid-term/install/simulator/share/colcon-core/packages/simulator)
[29.587s] DEBUG:colcon.colcon_parallel_executor.executor.parallel:closing loop
[29.588s] DEBUG:colcon.colcon_parallel_executor.executor.parallel:loop closed
[29.588s] DEBUG:colcon.colcon_parallel_executor.executor.parallel:run_until_complete finished with '0'
[29.588s] DEBUG:colcon.colcon_core.event_reactor:joining thread
[29.610s] INFO:colcon.colcon_core.plugin_system:Skipping extension 'colcon_notification.desktop_notification.notify_send': Could not find 'notify-send'
[29.610s] INFO:colcon.colcon_core.plugin_system:Skipping extension 'colcon_notification.desktop_notification.terminal_notifier': Not used on non-Darwin systems
[29.610s] INFO:colcon.colcon_core.plugin_system:Skipping extension 'colcon_notification.desktop_notification.win32': Not used on non-Windows systems
[29.610s] INFO:colcon.colcon_notification.desktop_notification:Sending desktop notification using 'notify2'
[29.611s] DEBUG:colcon.colcon_notification.desktop_notification.notify2:Failed to initialize notify2: org.freedesktop.DBus.Error.ServiceUnknown: The name org.freedesktop.Notifications was not provided by any .service files
[29.611s] DEBUG:colcon.colcon_core.event_reactor:joined thread
[29.612s] INFO:colcon.colcon_core.shell:Creating prefix script '/home/seok/automotive_software_mid-term/install/local_setup.ps1'
[29.612s] INFO:colcon.colcon_core.shell:Creating prefix util module '/home/seok/automotive_software_mid-term/install/_local_setup_util_ps1.py'
[29.613s] INFO:colcon.colcon_core.shell:Creating prefix chain script '/home/seok/automotive_software_mid-term/install/setup.ps1'
[29.614s] INFO:colcon.colcon_core.shell:Creating prefix script '/home/seok/automotive_software_mid-term/install/local_setup.sh'
[29.614s] INFO:colcon.colcon_core.shell:Creating prefix util module '/home/seok/automotive_software_mid-term/install/_local_setup_util_sh.py'
[29.615s] INFO:colcon.colcon_core.shell:Creating prefix chain script '/home/seok/automotive_software_mid-term/install/setup.sh'
[29.616s] INFO:colcon.colcon_core.shell:Creating prefix script '/home/seok/automotive_software_mid-term/install/local_setup.bash'
[29.616s] INFO:colcon.colcon_core.shell:Creating prefix chain script '/home/seok/automotive_software_mid-term/install/setup.bash'
[29.617s] INFO:colcon.colcon_core.shell:Creating prefix script '/home/seok/automotive_software_mid-term/install/local_setup.zsh'
[29.618s] INFO:colcon.colcon_core.shell:Creating prefix chain script '/home/seok/automotive_software_mid-term/install/setup.zsh'
