[0.030s] Invoking command in '/home/seok/automotive_software_mid-term/build/autonomous_driving': CMAKE_PREFIX_PATH=/home/seok/automotive_software_mid-term/install/ad_msgs:/home/seok/automotive_software_mid-term/install/simulator:/home/seok/automotive_software_mid-term/install/scenario_runner:/home/seok/automotive_software_mid-term/install/evaluation:/home/seok/automotive_software_mid-term/install/autonomous_driving:/home/seok/ros2_ws/install/simulator:/home/seok/ros2_ws/install/evaluation:/home/seok/ros2_ws/install/autonomous_driving:/home/seok/ros2_ws/install/ad_msgs:/opt/ros/humble /usr/bin/cmake --build /home/seok/automotive_software_mid-term/build/autonomous_driving -- -j16 -l16
[0.059s] [35m[1mConsolidate compiler generated dependencies of target autonomous_driving[0m
[0.073s] [ 50%] [32mBuilding CXX object CMakeFiles/autonomous_driving.dir/src/autonomous_driving.cpp.o[0m
[2.212s] [01m[K/home/seok/automotive_software_mid-term/src/app/autonomous_driving/src/autonomous_driving.cpp:[m[K In member function ‘[01m[Kvoid AutonomousDriving::Init(const rclcpp::Time&)[m[K’:
[2.212s] [01m[K/home/seok/automotive_software_mid-term/src/app/autonomous_driving/src/autonomous_driving.cpp:138:50:[m[K [01;35m[Kwarning: [m[Kunused parameter ‘[01m[Kcurrent_time[m[K’ [[01;35m[K]8;;https://gcc.gnu.org/onlinedocs/gcc/Warning-Options.html#index-Wunused-parameter-Wunused-parameter]8;;[m[K]
[2.212s]   138 | void AutonomousDriving::Init([01;35m[Kconst rclcpp::Time &current_time[m[K) {
[2.212s]       |                              [01;35m[K~~~~~~~~~~~~~~~~~~~~^~~~~~~~~~~~[m[K
[2.256s] [01m[K/home/seok/automotive_software_mid-term/src/app/autonomous_driving/src/autonomous_driving.cpp:[m[K In member function ‘[01m[Kvoid AutonomousDriving::Publish(const rclcpp::Time&)[m[K’:
[2.256s] [01m[K/home/seok/automotive_software_mid-term/src/app/autonomous_driving/src/autonomous_driving.cpp:516:53:[m[K [01;35m[Kwarning: [m[Kunused parameter ‘[01m[Kcurrent_time[m[K’ [[01;35m[K]8;;https://gcc.gnu.org/onlinedocs/gcc/Warning-Options.html#index-Wunused-parameter-Wunused-parameter]8;;[m[K]
[2.256s]   516 | void AutonomousDriving::Publish([01;35m[Kconst rclcpp::Time &current_time[m[K) {
[2.256s]       |                                 [01;35m[K~~~~~~~~~~~~~~~~~~~~^~~~~~~~~~~~[m[K
[25.363s] [100%] [32m[1mLinking CXX executable autonomous_driving[0m
[26.440s] [100%] Built target autonomous_driving
[26.446s] Invoked command in '/home/seok/automotive_software_mid-term/build/autonomous_driving' returned '0': CMAKE_PREFIX_PATH=/home/seok/automotive_software_mid-term/install/ad_msgs:/home/seok/automotive_software_mid-term/install/simulator:/home/seok/automotive_software_mid-term/install/scenario_runner:/home/seok/automotive_software_mid-term/install/evaluation:/home/seok/automotive_software_mid-term/install/autonomous_driving:/home/seok/ros2_ws/install/simulator:/home/seok/ros2_ws/install/evaluation:/home/seok/ros2_ws/install/autonomous_driving:/home/seok/ros2_ws/install/ad_msgs:/opt/ros/humble /usr/bin/cmake --build /home/seok/automotive_software_mid-term/build/autonomous_driving -- -j16 -l16
[26.459s] Invoking command in '/home/seok/automotive_software_mid-term/build/autonomous_driving': CMAKE_PREFIX_PATH=/home/seok/automotive_software_mid-term/install/ad_msgs:/home/seok/automotive_software_mid-term/install/simulator:/home/seok/automotive_software_mid-term/install/scenario_runner:/home/seok/automotive_software_mid-term/install/evaluation:/home/seok/automotive_software_mid-term/install/autonomous_driving:/home/seok/ros2_ws/install/simulator:/home/seok/ros2_ws/install/evaluation:/home/seok/ros2_ws/install/autonomous_driving:/home/seok/ros2_ws/install/ad_msgs:/opt/ros/humble /usr/bin/cmake --install /home/seok/automotive_software_mid-term/build/autonomous_driving
[26.462s] -- Install configuration: ""
[26.462s] -- Installing: /home/seok/automotive_software_mid-term/install/autonomous_driving/lib/autonomous_driving/autonomous_driving
[26.482s] -- Set runtime path of "/home/seok/automotive_software_mid-term/install/autonomous_driving/lib/autonomous_driving/autonomous_driving" to ""
[26.482s] -- Up-to-date: /home/seok/automotive_software_mid-term/install/autonomous_driving/share/autonomous_driving/launch
[26.482s] -- Up-to-date: /home/seok/automotive_software_mid-term/install/autonomous_driving/share/autonomous_driving/launch/manual_driving.launch.xml
[26.482s] -- Up-to-date: /home/seok/automotive_software_mid-term/install/autonomous_driving/share/autonomous_driving/launch/autonomous_driving.launch.xml
[26.482s] -- Up-to-date: /home/seok/automotive_software_mid-term/install/autonomous_driving/lib/autonomous_driving/simultaneous_inputs.py
[26.482s] -- Up-to-date: /home/seok/automotive_software_mid-term/install/autonomous_driving/share/ament_index/resource_index/package_run_dependencies/autonomous_driving
[26.483s] -- Up-to-date: /home/seok/automotive_software_mid-term/install/autonomous_driving/share/ament_index/resource_index/parent_prefix_path/autonomous_driving
[26.483s] -- Up-to-date: /home/seok/automotive_software_mid-term/install/autonomous_driving/share/autonomous_driving/environment/ament_prefix_path.sh
[26.483s] -- Up-to-date: /home/seok/automotive_software_mid-term/install/autonomous_driving/share/autonomous_driving/environment/ament_prefix_path.dsv
[26.483s] -- Up-to-date: /home/seok/automotive_software_mid-term/install/autonomous_driving/share/autonomous_driving/environment/path.sh
[26.483s] -- Up-to-date: /home/seok/automotive_software_mid-term/install/autonomous_driving/share/autonomous_driving/environment/path.dsv
[26.483s] -- Up-to-date: /home/seok/automotive_software_mid-term/install/autonomous_driving/share/autonomous_driving/local_setup.bash
[26.483s] -- Up-to-date: /home/seok/automotive_software_mid-term/install/autonomous_driving/share/autonomous_driving/local_setup.sh
[26.483s] -- Up-to-date: /home/seok/automotive_software_mid-term/install/autonomous_driving/share/autonomous_driving/local_setup.zsh
[26.483s] -- Up-to-date: /home/seok/automotive_software_mid-term/install/autonomous_driving/share/autonomous_driving/local_setup.dsv
[26.484s] -- Installing: /home/seok/automotive_software_mid-term/install/autonomous_driving/share/autonomous_driving/package.dsv
[26.484s] -- Up-to-date: /home/seok/automotive_software_mid-term/install/autonomous_driving/share/ament_index/resource_index/packages/autonomous_driving
[26.484s] -- Up-to-date: /home/seok/automotive_software_mid-term/install/autonomous_driving/share/autonomous_driving/cmake/autonomous_drivingConfig.cmake
[26.484s] -- Up-to-date: /home/seok/automotive_software_mid-term/install/autonomous_driving/share/autonomous_driving/cmake/autonomous_drivingConfig-version.cmake
[26.484s] -- Up-to-date: /home/seok/automotive_software_mid-term/install/autonomous_driving/share/autonomous_driving/package.xml
[26.485s] Invoked command in '/home/seok/automotive_software_mid-term/build/autonomous_driving' returned '0': CMAKE_PREFIX_PATH=/home/seok/automotive_software_mid-term/install/ad_msgs:/home/seok/automotive_software_mid-term/install/simulator:/home/seok/automotive_software_mid-term/install/scenario_runner:/home/seok/automotive_software_mid-term/install/evaluation:/home/seok/automotive_software_mid-term/install/autonomous_driving:/home/seok/ros2_ws/install/simulator:/home/seok/ros2_ws/install/evaluation:/home/seok/ros2_ws/install/autonomous_driving:/home/seok/ros2_ws/install/ad_msgs:/opt/ros/humble /usr/bin/cmake --install /home/seok/automotive_software_mid-term/build/autonomous_driving
