[0.036s] Invoking command in '/home/seok/automotive_software_mid-term/build/simulator': AMENT_PREFIX_PATH=/home/seok/automotive_software_mid-term/install/ad_msgs:${AMENT_PREFIX_PATH} CMAKE_PREFIX_PATH=/home/seok/automotive_software_mid-term/install/ad_msgs:/home/seok/ros2_ws/install/simulator:/home/seok/ros2_ws/install/evaluation:/home/seok/ros2_ws/install/autonomous_driving:/home/seok/ros2_ws/install/ad_msgs:/opt/ros/humble LD_LIBRARY_PATH=/home/seok/automotive_software_mid-term/install/ad_msgs/lib:${LD_LIBRARY_PATH} PYTHONPATH=/home/seok/automotive_software_mid-term/install/ad_msgs/local/lib/python3.10/dist-packages:${PYTHONPATH} /usr/bin/cmake --build /home/seok/automotive_software_mid-term/build/simulator -- -j16 -l16
[0.060s] [35m[1mConsolidate compiler generated dependencies of target vehicle[0m
[0.060s] [35m[1mConsolidate compiler generated dependencies of target display[0m
[0.065s] [35m[1mConsolidate compiler generated dependencies of target lane_detection[0m
[0.072s] [ 25%] Built target display
[0.074s] [ 50%] Built target vehicle
[0.088s] [100%] Built target lane_detection
[0.095s] Invoked command in '/home/seok/automotive_software_mid-term/build/simulator' returned '0': AMENT_PREFIX_PATH=/home/seok/automotive_software_mid-term/install/ad_msgs:${AMENT_PREFIX_PATH} CMAKE_PREFIX_PATH=/home/seok/automotive_software_mid-term/install/ad_msgs:/home/seok/ros2_ws/install/simulator:/home/seok/ros2_ws/install/evaluation:/home/seok/ros2_ws/install/autonomous_driving:/home/seok/ros2_ws/install/ad_msgs:/opt/ros/humble LD_LIBRARY_PATH=/home/seok/automotive_software_mid-term/install/ad_msgs/lib:${LD_LIBRARY_PATH} PYTHONPATH=/home/seok/automotive_software_mid-term/install/ad_msgs/local/lib/python3.10/dist-packages:${PYTHONPATH} /usr/bin/cmake --build /home/seok/automotive_software_mid-term/build/simulator -- -j16 -l16
[0.123s] Invoking command in '/home/seok/automotive_software_mid-term/build/simulator': AMENT_PREFIX_PATH=/home/seok/automotive_software_mid-term/install/ad_msgs:${AMENT_PREFIX_PATH} CMAKE_PREFIX_PATH=/home/seok/automotive_software_mid-term/install/ad_msgs:/home/seok/ros2_ws/install/simulator:/home/seok/ros2_ws/install/evaluation:/home/seok/ros2_ws/install/autonomous_driving:/home/seok/ros2_ws/install/ad_msgs:/opt/ros/humble LD_LIBRARY_PATH=/home/seok/automotive_software_mid-term/install/ad_msgs/lib:${LD_LIBRARY_PATH} PYTHONPATH=/home/seok/automotive_software_mid-term/install/ad_msgs/local/lib/python3.10/dist-packages:${PYTHONPATH} /usr/bin/cmake --install /home/seok/automotive_software_mid-term/build/simulator
[0.125s] -- Install configuration: ""
[0.126s] -- Up-to-date: /home/seok/automotive_software_mid-term/install/simulator/lib/simulator/vehicle
[0.126s] -- Up-to-date: /home/seok/automotive_software_mid-term/install/simulator/lib/simulator/lane_detection
[0.126s] -- Up-to-date: /home/seok/automotive_software_mid-term/install/simulator/lib/simulator/display
[0.127s] -- Up-to-date: /home/seok/automotive_software_mid-term/install/simulator/share/simulator/launch
[0.127s] -- Up-to-date: /home/seok/automotive_software_mid-term/install/simulator/share/simulator/launch/simulation.launch.xml
[0.127s] -- Up-to-date: /home/seok/automotive_software_mid-term/install/simulator/share/ament_index/resource_index/package_run_dependencies/simulator
[0.127s] -- Up-to-date: /home/seok/automotive_software_mid-term/install/simulator/share/ament_index/resource_index/parent_prefix_path/simulator
[0.127s] -- Up-to-date: /home/seok/automotive_software_mid-term/install/simulator/share/simulator/environment/ament_prefix_path.sh
[0.127s] -- Up-to-date: /home/seok/automotive_software_mid-term/install/simulator/share/simulator/environment/ament_prefix_path.dsv
[0.127s] -- Up-to-date: /home/seok/automotive_software_mid-term/install/simulator/share/simulator/environment/path.sh
[0.127s] -- Up-to-date: /home/seok/automotive_software_mid-term/install/simulator/share/simulator/environment/path.dsv
[0.128s] -- Up-to-date: /home/seok/automotive_software_mid-term/install/simulator/share/simulator/local_setup.bash
[0.128s] -- Up-to-date: /home/seok/automotive_software_mid-term/install/simulator/share/simulator/local_setup.sh
[0.128s] -- Up-to-date: /home/seok/automotive_software_mid-term/install/simulator/share/simulator/local_setup.zsh
[0.128s] -- Up-to-date: /home/seok/automotive_software_mid-term/install/simulator/share/simulator/local_setup.dsv
[0.128s] -- Installing: /home/seok/automotive_software_mid-term/install/simulator/share/simulator/package.dsv
[0.128s] -- Up-to-date: /home/seok/automotive_software_mid-term/install/simulator/share/ament_index/resource_index/packages/simulator
[0.128s] -- Up-to-date: /home/seok/automotive_software_mid-term/install/simulator/share/simulator/cmake/simulatorConfig.cmake
[0.128s] -- Up-to-date: /home/seok/automotive_software_mid-term/install/simulator/share/simulator/cmake/simulatorConfig-version.cmake
[0.128s] -- Up-to-date: /home/seok/automotive_software_mid-term/install/simulator/share/simulator/package.xml
[0.129s] Invoked command in '/home/seok/automotive_software_mid-term/build/simulator' returned '0': AMENT_PREFIX_PATH=/home/seok/automotive_software_mid-term/install/ad_msgs:${AMENT_PREFIX_PATH} CMAKE_PREFIX_PATH=/home/seok/automotive_software_mid-term/install/ad_msgs:/home/seok/ros2_ws/install/simulator:/home/seok/ros2_ws/install/evaluation:/home/seok/ros2_ws/install/autonomous_driving:/home/seok/ros2_ws/install/ad_msgs:/opt/ros/humble LD_LIBRARY_PATH=/home/seok/automotive_software_mid-term/install/ad_msgs/lib:${LD_LIBRARY_PATH} PYTHONPATH=/home/seok/automotive_software_mid-term/install/ad_msgs/local/lib/python3.10/dist-packages:${PYTHONPATH} /usr/bin/cmake --install /home/seok/automotive_software_mid-term/build/simulator
