[100%] Built target scenario_runner
-- Install configuration: ""
-- Up-to-date: /home/seok/automotive_software_mid-term/install/scenario_runner/lib/scenario_runner/scenario_runner
-- Up-to-date: /home/seok/automotive_software_mid-term/install/scenario_runner/share/scenario_runner/launch
-- Up-to-date: /home/seok/automotive_software_mid-term/install/scenario_runner/share/scenario_runner/launch/scenario_runner.launch.xml
-- Up-to-date: /home/seok/automotive_software_mid-term/install/scenario_runner/share/ament_index/resource_index/package_run_dependencies/scenario_runner
-- Up-to-date: /home/seok/automotive_software_mid-term/install/scenario_runner/share/ament_index/resource_index/parent_prefix_path/scenario_runner
-- Up-to-date: /home/seok/automotive_software_mid-term/install/scenario_runner/share/scenario_runner/environment/ament_prefix_path.sh
-- Up-to-date: /home/seok/automotive_software_mid-term/install/scenario_runner/share/scenario_runner/environment/ament_prefix_path.dsv
-- Up-to-date: /home/seok/automotive_software_mid-term/install/scenario_runner/share/scenario_runner/environment/path.sh
-- Up-to-date: /home/seok/automotive_software_mid-term/install/scenario_runner/share/scenario_runner/environment/path.dsv
-- Up-to-date: /home/seok/automotive_software_mid-term/install/scenario_runner/share/scenario_runner/local_setup.bash
-- Up-to-date: /home/seok/automotive_software_mid-term/install/scenario_runner/share/scenario_runner/local_setup.sh
-- Up-to-date: /home/seok/automotive_software_mid-term/install/scenario_runner/share/scenario_runner/local_setup.zsh
-- Up-to-date: /home/seok/automotive_software_mid-term/install/scenario_runner/share/scenario_runner/local_setup.dsv
-- Installing: /home/seok/automotive_software_mid-term/install/scenario_runner/share/scenario_runner/package.dsv
-- Up-to-date: /home/seok/automotive_software_mid-term/install/scenario_runner/share/ament_index/resource_index/packages/scenario_runner
-- Up-to-date: /home/seok/automotive_software_mid-term/install/scenario_runner/share/scenario_runner/cmake/scenario_runnerConfig.cmake
-- Up-to-date: /home/seok/automotive_software_mid-term/install/scenario_runner/share/scenario_runner/cmake/scenario_runnerConfig-version.cmake
-- Up-to-date: /home/seok/automotive_software_mid-term/install/scenario_runner/share/scenario_runner/package.xml
