[  1%] Built target ad_msgs__cpp
[ 12%] Built target ad_msgs__rosidl_generator_c
[ 12%] Built target ament_cmake_python_copy_ad_msgs
[ 26%] Built target ad_msgs__rosidl_typesupport_introspection_c
[ 49%] Built target ad_msgs__rosidl_typesupport_c
[ 53%] Built target ad_msgs__rosidl_typesupport_cpp
[ 58%] Built target ad_msgs__rosidl_typesupport_introspection_cpp
[ 69%] Built target ad_msgs__rosidl_typesupport_fastrtps_cpp
[ 81%] Built target ad_msgs__rosidl_typesupport_fastrtps_c
[ 81%] Built target ad_msgs
[ 82%] Built target ad_msgs__py
[ 92%] Built target ad_msgs__rosidl_generator_py
[ 94%] Built target ad_msgs__rosidl_typesupport_fastrtps_c__pyext
[ 97%] Built target ad_msgs__rosidl_typesupport_c__pyext
[100%] Built target ad_msgs__rosidl_typesupport_introspection_c__pyext
running egg_info
writing ad_msgs.egg-info/PKG-INFO
writing dependency_links to ad_msgs.egg-info/dependency_links.txt
writing top-level names to ad_msgs.egg-info/top_level.txt
reading manifest file 'ad_msgs.egg-info/SOURCES.txt'
writing manifest file 'ad_msgs.egg-info/SOURCES.txt'
[100%] Built target ament_cmake_python_build_ad_msgs_egg
-- Install configuration: ""
-- Up-to-date: /home/seok/automotive_software_mid-term/install/ad_msgs/share/ament_index/resource_index/rosidl_interfaces/ad_msgs
-- Up-to-date: /home/seok/automotive_software_mid-term/install/ad_msgs/include/ad_msgs/ad_msgs
-- Up-to-date: /home/seok/automotive_software_mid-term/install/ad_msgs/include/ad_msgs/ad_msgs/msg
-- Up-to-date: /home/seok/automotive_software_mid-term/install/ad_msgs/include/ad_msgs/ad_msgs/msg/detail
-- Up-to-date: /home/seok/automotive_software_mid-term/install/ad_msgs/include/ad_msgs/ad_msgs/msg/detail/polyfit_lane_data__struct.h
-- Up-to-date: /home/seok/automotive_software_mid-term/install/ad_msgs/include/ad_msgs/ad_msgs/msg/detail/obstacles__functions.c
-- Up-to-date: /home/seok/automotive_software_mid-term/install/ad_msgs/include/ad_msgs/ad_msgs/msg/detail/obstacles__struct.h
-- Up-to-date: /home/seok/automotive_software_mid-term/install/ad_msgs/include/ad_msgs/ad_msgs/msg/detail/vehicle_input__functions.c
-- Up-to-date: /home/seok/automotive_software_mid-term/install/ad_msgs/include/ad_msgs/ad_msgs/msg/detail/vehicle_output__struct.h
-- Up-to-date: /home/seok/automotive_software_mid-term/install/ad_msgs/include/ad_msgs/ad_msgs/msg/detail/vehicle_output__functions.c
-- Up-to-date: /home/seok/automotive_software_mid-term/install/ad_msgs/include/ad_msgs/ad_msgs/msg/detail/vehicle_output__type_support.h
-- Up-to-date: /home/seok/automotive_software_mid-term/install/ad_msgs/include/ad_msgs/ad_msgs/msg/detail/polyfit_lane_data__type_support.h
-- Up-to-date: /home/seok/automotive_software_mid-term/install/ad_msgs/include/ad_msgs/ad_msgs/msg/detail/lane_point_data_array__type_support.h
-- Up-to-date: /home/seok/automotive_software_mid-term/install/ad_msgs/include/ad_msgs/ad_msgs/msg/detail/polyfit_lane_data_array__functions.c
-- Up-to-date: /home/seok/automotive_software_mid-term/install/ad_msgs/include/ad_msgs/ad_msgs/msg/detail/polyfit_lane_data__functions.h
-- Up-to-date: /home/seok/automotive_software_mid-term/install/ad_msgs/include/ad_msgs/ad_msgs/msg/detail/obstacles__functions.h
-- Up-to-date: /home/seok/automotive_software_mid-term/install/ad_msgs/include/ad_msgs/ad_msgs/msg/detail/lane_point_data__struct.h
-- Up-to-date: /home/seok/automotive_software_mid-term/install/ad_msgs/include/ad_msgs/ad_msgs/msg/detail/polyfit_lane_data_array__struct.h
-- Up-to-date: /home/seok/automotive_software_mid-term/install/ad_msgs/include/ad_msgs/ad_msgs/msg/detail/lane_point_data_array__functions.h
-- Up-to-date: /home/seok/automotive_software_mid-term/install/ad_msgs/include/ad_msgs/ad_msgs/msg/detail/lane_point_data__type_support.h
-- Up-to-date: /home/seok/automotive_software_mid-term/install/ad_msgs/include/ad_msgs/ad_msgs/msg/detail/polyfit_lane_data_array__type_support.h
-- Up-to-date: /home/seok/automotive_software_mid-term/install/ad_msgs/include/ad_msgs/ad_msgs/msg/detail/vehicle_input__struct.h
-- Up-to-date: /home/seok/automotive_software_mid-term/install/ad_msgs/include/ad_msgs/ad_msgs/msg/detail/polyfit_lane_data__functions.c
-- Up-to-date: /home/seok/automotive_software_mid-term/install/ad_msgs/include/ad_msgs/ad_msgs/msg/detail/lane_point_data__functions.c
-- Up-to-date: /home/seok/automotive_software_mid-term/install/ad_msgs/include/ad_msgs/ad_msgs/msg/detail/vehicle_input__type_support.h
-- Up-to-date: /home/seok/automotive_software_mid-term/install/ad_msgs/include/ad_msgs/ad_msgs/msg/detail/vehicle_output__functions.h
-- Up-to-date: /home/seok/automotive_software_mid-term/install/ad_msgs/include/ad_msgs/ad_msgs/msg/detail/polyfit_lane_data_array__functions.h
-- Up-to-date: /home/seok/automotive_software_mid-term/install/ad_msgs/include/ad_msgs/ad_msgs/msg/detail/lane_point_data_array__struct.h
-- Up-to-date: /home/seok/automotive_software_mid-term/install/ad_msgs/include/ad_msgs/ad_msgs/msg/detail/lane_point_data__functions.h
-- Up-to-date: /home/seok/automotive_software_mid-term/install/ad_msgs/include/ad_msgs/ad_msgs/msg/detail/obstacles__type_support.h
-- Up-to-date: /home/seok/automotive_software_mid-term/install/ad_msgs/include/ad_msgs/ad_msgs/msg/detail/vehicle_input__functions.h
-- Up-to-date: /home/seok/automotive_software_mid-term/install/ad_msgs/include/ad_msgs/ad_msgs/msg/detail/lane_point_data_array__functions.c
-- Up-to-date: /home/seok/automotive_software_mid-term/install/ad_msgs/include/ad_msgs/ad_msgs/msg/vehicle_input.h
-- Up-to-date: /home/seok/automotive_software_mid-term/install/ad_msgs/include/ad_msgs/ad_msgs/msg/lane_point_data.h
-- Up-to-date: /home/seok/automotive_software_mid-term/install/ad_msgs/include/ad_msgs/ad_msgs/msg/rosidl_generator_c__visibility_control.h
-- Up-to-date: /home/seok/automotive_software_mid-term/install/ad_msgs/include/ad_msgs/ad_msgs/msg/lane_point_data_array.h
-- Up-to-date: /home/seok/automotive_software_mid-term/install/ad_msgs/include/ad_msgs/ad_msgs/msg/obstacles.h
-- Up-to-date: /home/seok/automotive_software_mid-term/install/ad_msgs/include/ad_msgs/ad_msgs/msg/vehicle_output.h
-- Up-to-date: /home/seok/automotive_software_mid-term/install/ad_msgs/include/ad_msgs/ad_msgs/msg/polyfit_lane_data_array.h
-- Up-to-date: /home/seok/automotive_software_mid-term/install/ad_msgs/include/ad_msgs/ad_msgs/msg/polyfit_lane_data.h
-- Up-to-date: /home/seok/automotive_software_mid-term/install/ad_msgs/share/ad_msgs/environment/library_path.sh
-- Up-to-date: /home/seok/automotive_software_mid-term/install/ad_msgs/share/ad_msgs/environment/library_path.dsv
-- Up-to-date: /home/seok/automotive_software_mid-term/install/ad_msgs/lib/libad_msgs__rosidl_generator_c.so
-- Up-to-date: /home/seok/automotive_software_mid-term/install/ad_msgs/include/ad_msgs/ad_msgs
-- Up-to-date: /home/seok/automotive_software_mid-term/install/ad_msgs/include/ad_msgs/ad_msgs/msg
-- Up-to-date: /home/seok/automotive_software_mid-term/install/ad_msgs/include/ad_msgs/ad_msgs/msg/detail
-- Up-to-date: /home/seok/automotive_software_mid-term/install/ad_msgs/include/ad_msgs/ad_msgs/msg/detail/lane_point_data_array__rosidl_typesupport_fastrtps_c.h
-- Up-to-date: /home/seok/automotive_software_mid-term/install/ad_msgs/include/ad_msgs/ad_msgs/msg/detail/vehicle_output__rosidl_typesupport_fastrtps_c.h
-- Up-to-date: /home/seok/automotive_software_mid-term/install/ad_msgs/include/ad_msgs/ad_msgs/msg/detail/vehicle_input__rosidl_typesupport_fastrtps_c.h
-- Up-to-date: /home/seok/automotive_software_mid-term/install/ad_msgs/include/ad_msgs/ad_msgs/msg/detail/polyfit_lane_data_array__rosidl_typesupport_fastrtps_c.h
-- Up-to-date: /home/seok/automotive_software_mid-term/install/ad_msgs/include/ad_msgs/ad_msgs/msg/detail/obstacles__rosidl_typesupport_fastrtps_c.h
-- Up-to-date: /home/seok/automotive_software_mid-term/install/ad_msgs/include/ad_msgs/ad_msgs/msg/detail/polyfit_lane_data__rosidl_typesupport_fastrtps_c.h
-- Up-to-date: /home/seok/automotive_software_mid-term/install/ad_msgs/include/ad_msgs/ad_msgs/msg/detail/lane_point_data__rosidl_typesupport_fastrtps_c.h
-- Up-to-date: /home/seok/automotive_software_mid-term/install/ad_msgs/include/ad_msgs/ad_msgs/msg/rosidl_typesupport_fastrtps_c__visibility_control.h
-- Up-to-date: /home/seok/automotive_software_mid-term/install/ad_msgs/lib/libad_msgs__rosidl_typesupport_fastrtps_c.so
-- Up-to-date: /home/seok/automotive_software_mid-term/install/ad_msgs/include/ad_msgs/ad_msgs
-- Up-to-date: /home/seok/automotive_software_mid-term/install/ad_msgs/include/ad_msgs/ad_msgs/msg
-- Up-to-date: /home/seok/automotive_software_mid-term/install/ad_msgs/include/ad_msgs/ad_msgs/msg/detail
-- Up-to-date: /home/seok/automotive_software_mid-term/install/ad_msgs/include/ad_msgs/ad_msgs/msg/detail/vehicle_input__type_support.c
-- Up-to-date: /home/seok/automotive_software_mid-term/install/ad_msgs/include/ad_msgs/ad_msgs/msg/detail/vehicle_output__type_support.c
-- Up-to-date: /home/seok/automotive_software_mid-term/install/ad_msgs/include/ad_msgs/ad_msgs/msg/detail/polyfit_lane_data_array__rosidl_typesupport_introspection_c.h
-- Up-to-date: /home/seok/automotive_software_mid-term/install/ad_msgs/include/ad_msgs/ad_msgs/msg/detail/lane_point_data_array__type_support.c
-- Up-to-date: /home/seok/automotive_software_mid-term/install/ad_msgs/include/ad_msgs/ad_msgs/msg/detail/vehicle_input__rosidl_typesupport_introspection_c.h
-- Up-to-date: /home/seok/automotive_software_mid-term/install/ad_msgs/include/ad_msgs/ad_msgs/msg/detail/polyfit_lane_data__type_support.c
-- Up-to-date: /home/seok/automotive_software_mid-term/install/ad_msgs/include/ad_msgs/ad_msgs/msg/detail/obstacles__rosidl_typesupport_introspection_c.h
-- Up-to-date: /home/seok/automotive_software_mid-term/install/ad_msgs/include/ad_msgs/ad_msgs/msg/detail/vehicle_output__rosidl_typesupport_introspection_c.h
-- Up-to-date: /home/seok/automotive_software_mid-term/install/ad_msgs/include/ad_msgs/ad_msgs/msg/detail/lane_point_data__rosidl_typesupport_introspection_c.h
-- Up-to-date: /home/seok/automotive_software_mid-term/install/ad_msgs/include/ad_msgs/ad_msgs/msg/detail/lane_point_data__type_support.c
-- Up-to-date: /home/seok/automotive_software_mid-term/install/ad_msgs/include/ad_msgs/ad_msgs/msg/detail/polyfit_lane_data__rosidl_typesupport_introspection_c.h
-- Up-to-date: /home/seok/automotive_software_mid-term/install/ad_msgs/include/ad_msgs/ad_msgs/msg/detail/polyfit_lane_data_array__type_support.c
-- Up-to-date: /home/seok/automotive_software_mid-term/install/ad_msgs/include/ad_msgs/ad_msgs/msg/detail/lane_point_data_array__rosidl_typesupport_introspection_c.h
-- Up-to-date: /home/seok/automotive_software_mid-term/install/ad_msgs/include/ad_msgs/ad_msgs/msg/detail/obstacles__type_support.c
-- Up-to-date: /home/seok/automotive_software_mid-term/install/ad_msgs/include/ad_msgs/ad_msgs/msg/rosidl_typesupport_introspection_c__visibility_control.h
-- Up-to-date: /home/seok/automotive_software_mid-term/install/ad_msgs/lib/libad_msgs__rosidl_typesupport_introspection_c.so
-- Up-to-date: /home/seok/automotive_software_mid-term/install/ad_msgs/lib/libad_msgs__rosidl_typesupport_c.so
-- Up-to-date: /home/seok/automotive_software_mid-term/install/ad_msgs/include/ad_msgs/ad_msgs
-- Up-to-date: /home/seok/automotive_software_mid-term/install/ad_msgs/include/ad_msgs/ad_msgs/msg
-- Up-to-date: /home/seok/automotive_software_mid-term/install/ad_msgs/include/ad_msgs/ad_msgs/msg/detail
-- Up-to-date: /home/seok/automotive_software_mid-term/install/ad_msgs/include/ad_msgs/ad_msgs/msg/detail/lane_point_data__struct.hpp
-- Up-to-date: /home/seok/automotive_software_mid-term/install/ad_msgs/include/ad_msgs/ad_msgs/msg/detail/vehicle_input__struct.hpp
-- Up-to-date: /home/seok/automotive_software_mid-term/install/ad_msgs/include/ad_msgs/ad_msgs/msg/detail/obstacles__struct.hpp
-- Up-to-date: /home/seok/automotive_software_mid-term/install/ad_msgs/include/ad_msgs/ad_msgs/msg/detail/lane_point_data_array__builder.hpp
-- Up-to-date: /home/seok/automotive_software_mid-term/install/ad_msgs/include/ad_msgs/ad_msgs/msg/detail/vehicle_output__struct.hpp
-- Up-to-date: /home/seok/automotive_software_mid-term/install/ad_msgs/include/ad_msgs/ad_msgs/msg/detail/polyfit_lane_data_array__struct.hpp
-- Up-to-date: /home/seok/automotive_software_mid-term/install/ad_msgs/include/ad_msgs/ad_msgs/msg/detail/lane_point_data_array__traits.hpp
-- Up-to-date: /home/seok/automotive_software_mid-term/install/ad_msgs/include/ad_msgs/ad_msgs/msg/detail/polyfit_lane_data_array__traits.hpp
-- Up-to-date: /home/seok/automotive_software_mid-term/install/ad_msgs/include/ad_msgs/ad_msgs/msg/detail/polyfit_lane_data__builder.hpp
-- Up-to-date: /home/seok/automotive_software_mid-term/install/ad_msgs/include/ad_msgs/ad_msgs/msg/detail/polyfit_lane_data__struct.hpp
-- Up-to-date: /home/seok/automotive_software_mid-term/install/ad_msgs/include/ad_msgs/ad_msgs/msg/detail/lane_point_data__traits.hpp
-- Up-to-date: /home/seok/automotive_software_mid-term/install/ad_msgs/include/ad_msgs/ad_msgs/msg/detail/vehicle_input__traits.hpp
-- Up-to-date: /home/seok/automotive_software_mid-term/install/ad_msgs/include/ad_msgs/ad_msgs/msg/detail/lane_point_data_array__struct.hpp
-- Up-to-date: /home/seok/automotive_software_mid-term/install/ad_msgs/include/ad_msgs/ad_msgs/msg/detail/obstacles__builder.hpp
-- Up-to-date: /home/seok/automotive_software_mid-term/install/ad_msgs/include/ad_msgs/ad_msgs/msg/detail/vehicle_input__builder.hpp
-- Up-to-date: /home/seok/automotive_software_mid-term/install/ad_msgs/include/ad_msgs/ad_msgs/msg/detail/vehicle_output__builder.hpp
-- Up-to-date: /home/seok/automotive_software_mid-term/install/ad_msgs/include/ad_msgs/ad_msgs/msg/detail/lane_point_data__builder.hpp
-- Up-to-date: /home/seok/automotive_software_mid-term/install/ad_msgs/include/ad_msgs/ad_msgs/msg/detail/polyfit_lane_data_array__builder.hpp
-- Up-to-date: /home/seok/automotive_software_mid-term/install/ad_msgs/include/ad_msgs/ad_msgs/msg/detail/vehicle_output__traits.hpp
-- Up-to-date: /home/seok/automotive_software_mid-term/install/ad_msgs/include/ad_msgs/ad_msgs/msg/detail/polyfit_lane_data__traits.hpp
-- Up-to-date: /home/seok/automotive_software_mid-term/install/ad_msgs/include/ad_msgs/ad_msgs/msg/detail/obstacles__traits.hpp
-- Up-to-date: /home/seok/automotive_software_mid-term/install/ad_msgs/include/ad_msgs/ad_msgs/msg/lane_point_data_array.hpp
-- Up-to-date: /home/seok/automotive_software_mid-term/install/ad_msgs/include/ad_msgs/ad_msgs/msg/vehicle_output.hpp
-- Up-to-date: /home/seok/automotive_software_mid-term/install/ad_msgs/include/ad_msgs/ad_msgs/msg/lane_point_data.hpp
-- Up-to-date: /home/seok/automotive_software_mid-term/install/ad_msgs/include/ad_msgs/ad_msgs/msg/vehicle_input.hpp
-- Up-to-date: /home/seok/automotive_software_mid-term/install/ad_msgs/include/ad_msgs/ad_msgs/msg/polyfit_lane_data.hpp
-- Up-to-date: /home/seok/automotive_software_mid-term/install/ad_msgs/include/ad_msgs/ad_msgs/msg/polyfit_lane_data_array.hpp
-- Up-to-date: /home/seok/automotive_software_mid-term/install/ad_msgs/include/ad_msgs/ad_msgs/msg/obstacles.hpp
-- Up-to-date: /home/seok/automotive_software_mid-term/install/ad_msgs/include/ad_msgs/ad_msgs
-- Up-to-date: /home/seok/automotive_software_mid-term/install/ad_msgs/include/ad_msgs/ad_msgs/msg
-- Up-to-date: /home/seok/automotive_software_mid-term/install/ad_msgs/include/ad_msgs/ad_msgs/msg/detail
-- Up-to-date: /home/seok/automotive_software_mid-term/install/ad_msgs/include/ad_msgs/ad_msgs/msg/detail/vehicle_output__rosidl_typesupport_fastrtps_cpp.hpp
-- Up-to-date: /home/seok/automotive_software_mid-term/install/ad_msgs/include/ad_msgs/ad_msgs/msg/detail/lane_point_data__rosidl_typesupport_fastrtps_cpp.hpp
-- Up-to-date: /home/seok/automotive_software_mid-term/install/ad_msgs/include/ad_msgs/ad_msgs/msg/detail/obstacles__rosidl_typesupport_fastrtps_cpp.hpp
-- Up-to-date: /home/seok/automotive_software_mid-term/install/ad_msgs/include/ad_msgs/ad_msgs/msg/detail/dds_fastrtps
-- Up-to-date: /home/seok/automotive_software_mid-term/install/ad_msgs/include/ad_msgs/ad_msgs/msg/detail/vehicle_input__rosidl_typesupport_fastrtps_cpp.hpp
-- Up-to-date: /home/seok/automotive_software_mid-term/install/ad_msgs/include/ad_msgs/ad_msgs/msg/detail/polyfit_lane_data__rosidl_typesupport_fastrtps_cpp.hpp
-- Up-to-date: /home/seok/automotive_software_mid-term/install/ad_msgs/include/ad_msgs/ad_msgs/msg/detail/lane_point_data_array__rosidl_typesupport_fastrtps_cpp.hpp
-- Up-to-date: /home/seok/automotive_software_mid-term/install/ad_msgs/include/ad_msgs/ad_msgs/msg/detail/polyfit_lane_data_array__rosidl_typesupport_fastrtps_cpp.hpp
-- Up-to-date: /home/seok/automotive_software_mid-term/install/ad_msgs/include/ad_msgs/ad_msgs/msg/rosidl_typesupport_fastrtps_cpp__visibility_control.h
-- Up-to-date: /home/seok/automotive_software_mid-term/install/ad_msgs/lib/libad_msgs__rosidl_typesupport_fastrtps_cpp.so
-- Up-to-date: /home/seok/automotive_software_mid-term/install/ad_msgs/include/ad_msgs/ad_msgs
-- Up-to-date: /home/seok/automotive_software_mid-term/install/ad_msgs/include/ad_msgs/ad_msgs/msg
-- Up-to-date: /home/seok/automotive_software_mid-term/install/ad_msgs/include/ad_msgs/ad_msgs/msg/detail
-- Up-to-date: /home/seok/automotive_software_mid-term/install/ad_msgs/include/ad_msgs/ad_msgs/msg/detail/polyfit_lane_data_array__type_support.cpp
-- Up-to-date: /home/seok/automotive_software_mid-term/install/ad_msgs/include/ad_msgs/ad_msgs/msg/detail/lane_point_data_array__rosidl_typesupport_introspection_cpp.hpp
-- Up-to-date: /home/seok/automotive_software_mid-term/install/ad_msgs/include/ad_msgs/ad_msgs/msg/detail/polyfit_lane_data_array__rosidl_typesupport_introspection_cpp.hpp
-- Up-to-date: /home/seok/automotive_software_mid-term/install/ad_msgs/include/ad_msgs/ad_msgs/msg/detail/lane_point_data_array__type_support.cpp
-- Up-to-date: /home/seok/automotive_software_mid-term/install/ad_msgs/include/ad_msgs/ad_msgs/msg/detail/vehicle_output__type_support.cpp
-- Up-to-date: /home/seok/automotive_software_mid-term/install/ad_msgs/include/ad_msgs/ad_msgs/msg/detail/polyfit_lane_data__rosidl_typesupport_introspection_cpp.hpp
-- Up-to-date: /home/seok/automotive_software_mid-term/install/ad_msgs/include/ad_msgs/ad_msgs/msg/detail/vehicle_output__rosidl_typesupport_introspection_cpp.hpp
-- Up-to-date: /home/seok/automotive_software_mid-term/install/ad_msgs/include/ad_msgs/ad_msgs/msg/detail/polyfit_lane_data__type_support.cpp
-- Up-to-date: /home/seok/automotive_software_mid-term/install/ad_msgs/include/ad_msgs/ad_msgs/msg/detail/vehicle_input__type_support.cpp
-- Up-to-date: /home/seok/automotive_software_mid-term/install/ad_msgs/include/ad_msgs/ad_msgs/msg/detail/lane_point_data__rosidl_typesupport_introspection_cpp.hpp
-- Up-to-date: /home/seok/automotive_software_mid-term/install/ad_msgs/include/ad_msgs/ad_msgs/msg/detail/vehicle_input__rosidl_typesupport_introspection_cpp.hpp
-- Up-to-date: /home/seok/automotive_software_mid-term/install/ad_msgs/include/ad_msgs/ad_msgs/msg/detail/lane_point_data__type_support.cpp
-- Up-to-date: /home/seok/automotive_software_mid-term/install/ad_msgs/include/ad_msgs/ad_msgs/msg/detail/obstacles__type_support.cpp
-- Up-to-date: /home/seok/automotive_software_mid-term/install/ad_msgs/include/ad_msgs/ad_msgs/msg/detail/obstacles__rosidl_typesupport_introspection_cpp.hpp
-- Up-to-date: /home/seok/automotive_software_mid-term/install/ad_msgs/lib/libad_msgs__rosidl_typesupport_introspection_cpp.so
-- Up-to-date: /home/seok/automotive_software_mid-term/install/ad_msgs/lib/libad_msgs__rosidl_typesupport_cpp.so
-- Up-to-date: /home/seok/automotive_software_mid-term/install/ad_msgs/share/ad_msgs/environment/pythonpath.sh
-- Up-to-date: /home/seok/automotive_software_mid-term/install/ad_msgs/share/ad_msgs/environment/pythonpath.dsv
-- Up-to-date: /home/seok/automotive_software_mid-term/install/ad_msgs/local/lib/python3.10/dist-packages/ad_msgs-0.0.0-py3.10.egg-info
-- Installing: /home/seok/automotive_software_mid-term/install/ad_msgs/local/lib/python3.10/dist-packages/ad_msgs-0.0.0-py3.10.egg-info/SOURCES.txt
-- Installing: /home/seok/automotive_software_mid-term/install/ad_msgs/local/lib/python3.10/dist-packages/ad_msgs-0.0.0-py3.10.egg-info/PKG-INFO
-- Installing: /home/seok/automotive_software_mid-term/install/ad_msgs/local/lib/python3.10/dist-packages/ad_msgs-0.0.0-py3.10.egg-info/dependency_links.txt
-- Installing: /home/seok/automotive_software_mid-term/install/ad_msgs/local/lib/python3.10/dist-packages/ad_msgs-0.0.0-py3.10.egg-info/top_level.txt
-- Up-to-date: /home/seok/automotive_software_mid-term/install/ad_msgs/local/lib/python3.10/dist-packages/ad_msgs
-- Up-to-date: /home/seok/automotive_software_mid-term/install/ad_msgs/local/lib/python3.10/dist-packages/ad_msgs/_ad_msgs_s.ep.rosidl_typesupport_c.c
-- Up-to-date: /home/seok/automotive_software_mid-term/install/ad_msgs/local/lib/python3.10/dist-packages/ad_msgs/ad_msgs_s__rosidl_typesupport_introspection_c.cpython-310-x86_64-linux-gnu.so
-- Up-to-date: /home/seok/automotive_software_mid-term/install/ad_msgs/local/lib/python3.10/dist-packages/ad_msgs/libad_msgs__rosidl_generator_py.so
-- Up-to-date: /home/seok/automotive_software_mid-term/install/ad_msgs/local/lib/python3.10/dist-packages/ad_msgs/_ad_msgs_s.ep.rosidl_typesupport_fastrtps_c.c
-- Up-to-date: /home/seok/automotive_software_mid-term/install/ad_msgs/local/lib/python3.10/dist-packages/ad_msgs/_ad_msgs_s.ep.rosidl_typesupport_introspection_c.c
-- Up-to-date: /home/seok/automotive_software_mid-term/install/ad_msgs/local/lib/python3.10/dist-packages/ad_msgs/msg
-- Up-to-date: /home/seok/automotive_software_mid-term/install/ad_msgs/local/lib/python3.10/dist-packages/ad_msgs/msg/_lane_point_data_array_s.c
-- Up-to-date: /home/seok/automotive_software_mid-term/install/ad_msgs/local/lib/python3.10/dist-packages/ad_msgs/msg/_vehicle_input.py
-- Up-to-date: /home/seok/automotive_software_mid-term/install/ad_msgs/local/lib/python3.10/dist-packages/ad_msgs/msg/_polyfit_lane_data_array.py
-- Up-to-date: /home/seok/automotive_software_mid-term/install/ad_msgs/local/lib/python3.10/dist-packages/ad_msgs/msg/_lane_point_data.py
-- Up-to-date: /home/seok/automotive_software_mid-term/install/ad_msgs/local/lib/python3.10/dist-packages/ad_msgs/msg/_obstacles.py
-- Up-to-date: /home/seok/automotive_software_mid-term/install/ad_msgs/local/lib/python3.10/dist-packages/ad_msgs/msg/_polyfit_lane_data_s.c
-- Up-to-date: /home/seok/automotive_software_mid-term/install/ad_msgs/local/lib/python3.10/dist-packages/ad_msgs/msg/_vehicle_input_s.c
-- Up-to-date: /home/seok/automotive_software_mid-term/install/ad_msgs/local/lib/python3.10/dist-packages/ad_msgs/msg/_lane_point_data_s.c
-- Up-to-date: /home/seok/automotive_software_mid-term/install/ad_msgs/local/lib/python3.10/dist-packages/ad_msgs/msg/_obstacles_s.c
-- Up-to-date: /home/seok/automotive_software_mid-term/install/ad_msgs/local/lib/python3.10/dist-packages/ad_msgs/msg/__init__.py
-- Up-to-date: /home/seok/automotive_software_mid-term/install/ad_msgs/local/lib/python3.10/dist-packages/ad_msgs/msg/_polyfit_lane_data_array_s.c
-- Up-to-date: /home/seok/automotive_software_mid-term/install/ad_msgs/local/lib/python3.10/dist-packages/ad_msgs/msg/_vehicle_output.py
-- Up-to-date: /home/seok/automotive_software_mid-term/install/ad_msgs/local/lib/python3.10/dist-packages/ad_msgs/msg/_polyfit_lane_data.py
-- Up-to-date: /home/seok/automotive_software_mid-term/install/ad_msgs/local/lib/python3.10/dist-packages/ad_msgs/msg/_vehicle_output_s.c
-- Up-to-date: /home/seok/automotive_software_mid-term/install/ad_msgs/local/lib/python3.10/dist-packages/ad_msgs/msg/_lane_point_data_array.py
-- Up-to-date: /home/seok/automotive_software_mid-term/install/ad_msgs/local/lib/python3.10/dist-packages/ad_msgs/ad_msgs_s__rosidl_typesupport_c.cpython-310-x86_64-linux-gnu.so
-- Up-to-date: /home/seok/automotive_software_mid-term/install/ad_msgs/local/lib/python3.10/dist-packages/ad_msgs/__init__.py
-- Up-to-date: /home/seok/automotive_software_mid-term/install/ad_msgs/local/lib/python3.10/dist-packages/ad_msgs/ad_msgs_s__rosidl_typesupport_fastrtps_c.cpython-310-x86_64-linux-gnu.so
Listing '/home/seok/automotive_software_mid-term/install/ad_msgs/local/lib/python3.10/dist-packages/ad_msgs'...
Listing '/home/seok/automotive_software_mid-term/install/ad_msgs/local/lib/python3.10/dist-packages/ad_msgs/msg'...
-- Up-to-date: /home/seok/automotive_software_mid-term/install/ad_msgs/local/lib/python3.10/dist-packages/ad_msgs/ad_msgs_s__rosidl_typesupport_fastrtps_c.cpython-310-x86_64-linux-gnu.so
-- Up-to-date: /home/seok/automotive_software_mid-term/install/ad_msgs/local/lib/python3.10/dist-packages/ad_msgs/ad_msgs_s__rosidl_typesupport_introspection_c.cpython-310-x86_64-linux-gnu.so
-- Up-to-date: /home/seok/automotive_software_mid-term/install/ad_msgs/local/lib/python3.10/dist-packages/ad_msgs/ad_msgs_s__rosidl_typesupport_c.cpython-310-x86_64-linux-gnu.so
-- Up-to-date: /home/seok/automotive_software_mid-term/install/ad_msgs/lib/libad_msgs__rosidl_generator_py.so
-- Up-to-date: /home/seok/automotive_software_mid-term/install/ad_msgs/share/ad_msgs/msg/VehicleOutput.idl
-- Up-to-date: /home/seok/automotive_software_mid-term/install/ad_msgs/share/ad_msgs/msg/VehicleInput.idl
-- Up-to-date: /home/seok/automotive_software_mid-term/install/ad_msgs/share/ad_msgs/msg/Obstacles.idl
-- Up-to-date: /home/seok/automotive_software_mid-term/install/ad_msgs/share/ad_msgs/msg/PolyfitLaneData.idl
-- Up-to-date: /home/seok/automotive_software_mid-term/install/ad_msgs/share/ad_msgs/msg/LanePointData.idl
-- Up-to-date: /home/seok/automotive_software_mid-term/install/ad_msgs/share/ad_msgs/msg/LanePointDataArray.idl
-- Up-to-date: /home/seok/automotive_software_mid-term/install/ad_msgs/share/ad_msgs/msg/PolyfitLaneDataArray.idl
-- Up-to-date: /home/seok/automotive_software_mid-term/install/ad_msgs/share/ad_msgs/msg/VehicleOutput.msg
-- Up-to-date: /home/seok/automotive_software_mid-term/install/ad_msgs/share/ad_msgs/msg/VehicleInput.msg
-- Up-to-date: /home/seok/automotive_software_mid-term/install/ad_msgs/share/ad_msgs/msg/Obstacles.msg
-- Up-to-date: /home/seok/automotive_software_mid-term/install/ad_msgs/share/ad_msgs/msg/PolyfitLaneData.msg
-- Up-to-date: /home/seok/automotive_software_mid-term/install/ad_msgs/share/ad_msgs/msg/LanePointData.msg
-- Up-to-date: /home/seok/automotive_software_mid-term/install/ad_msgs/share/ad_msgs/msg/LanePointDataArray.msg
-- Up-to-date: /home/seok/automotive_software_mid-term/install/ad_msgs/share/ad_msgs/msg/PolyfitLaneDataArray.msg
-- Up-to-date: /home/seok/automotive_software_mid-term/install/ad_msgs/share/ament_index/resource_index/package_run_dependencies/ad_msgs
-- Up-to-date: /home/seok/automotive_software_mid-term/install/ad_msgs/share/ament_index/resource_index/parent_prefix_path/ad_msgs
-- Up-to-date: /home/seok/automotive_software_mid-term/install/ad_msgs/share/ad_msgs/environment/ament_prefix_path.sh
-- Up-to-date: /home/seok/automotive_software_mid-term/install/ad_msgs/share/ad_msgs/environment/ament_prefix_path.dsv
-- Up-to-date: /home/seok/automotive_software_mid-term/install/ad_msgs/share/ad_msgs/environment/path.sh
-- Up-to-date: /home/seok/automotive_software_mid-term/install/ad_msgs/share/ad_msgs/environment/path.dsv
-- Up-to-date: /home/seok/automotive_software_mid-term/install/ad_msgs/share/ad_msgs/local_setup.bash
-- Up-to-date: /home/seok/automotive_software_mid-term/install/ad_msgs/share/ad_msgs/local_setup.sh
-- Up-to-date: /home/seok/automotive_software_mid-term/install/ad_msgs/share/ad_msgs/local_setup.zsh
-- Up-to-date: /home/seok/automotive_software_mid-term/install/ad_msgs/share/ad_msgs/local_setup.dsv
-- Installing: /home/seok/automotive_software_mid-term/install/ad_msgs/share/ad_msgs/package.dsv
-- Up-to-date: /home/seok/automotive_software_mid-term/install/ad_msgs/share/ament_index/resource_index/packages/ad_msgs
-- Up-to-date: /home/seok/automotive_software_mid-term/install/ad_msgs/share/ad_msgs/cmake/export_ad_msgs__rosidl_generator_cExport.cmake
-- Up-to-date: /home/seok/automotive_software_mid-term/install/ad_msgs/share/ad_msgs/cmake/export_ad_msgs__rosidl_generator_cExport-noconfig.cmake
-- Up-to-date: /home/seok/automotive_software_mid-term/install/ad_msgs/share/ad_msgs/cmake/export_ad_msgs__rosidl_typesupport_fastrtps_cExport.cmake
-- Up-to-date: /home/seok/automotive_software_mid-term/install/ad_msgs/share/ad_msgs/cmake/export_ad_msgs__rosidl_typesupport_fastrtps_cExport-noconfig.cmake
-- Up-to-date: /home/seok/automotive_software_mid-term/install/ad_msgs/share/ad_msgs/cmake/ad_msgs__rosidl_typesupport_introspection_cExport.cmake
-- Up-to-date: /home/seok/automotive_software_mid-term/install/ad_msgs/share/ad_msgs/cmake/ad_msgs__rosidl_typesupport_introspection_cExport-noconfig.cmake
-- Up-to-date: /home/seok/automotive_software_mid-term/install/ad_msgs/share/ad_msgs/cmake/ad_msgs__rosidl_typesupport_cExport.cmake
-- Up-to-date: /home/seok/automotive_software_mid-term/install/ad_msgs/share/ad_msgs/cmake/ad_msgs__rosidl_typesupport_cExport-noconfig.cmake
-- Up-to-date: /home/seok/automotive_software_mid-term/install/ad_msgs/share/ad_msgs/cmake/export_ad_msgs__rosidl_generator_cppExport.cmake
-- Up-to-date: /home/seok/automotive_software_mid-term/install/ad_msgs/share/ad_msgs/cmake/export_ad_msgs__rosidl_typesupport_fastrtps_cppExport.cmake
-- Up-to-date: /home/seok/automotive_software_mid-term/install/ad_msgs/share/ad_msgs/cmake/export_ad_msgs__rosidl_typesupport_fastrtps_cppExport-noconfig.cmake
-- Up-to-date: /home/seok/automotive_software_mid-term/install/ad_msgs/share/ad_msgs/cmake/ad_msgs__rosidl_typesupport_introspection_cppExport.cmake
-- Up-to-date: /home/seok/automotive_software_mid-term/install/ad_msgs/share/ad_msgs/cmake/ad_msgs__rosidl_typesupport_introspection_cppExport-noconfig.cmake
-- Up-to-date: /home/seok/automotive_software_mid-term/install/ad_msgs/share/ad_msgs/cmake/ad_msgs__rosidl_typesupport_cppExport.cmake
-- Up-to-date: /home/seok/automotive_software_mid-term/install/ad_msgs/share/ad_msgs/cmake/ad_msgs__rosidl_typesupport_cppExport-noconfig.cmake
-- Up-to-date: /home/seok/automotive_software_mid-term/install/ad_msgs/share/ad_msgs/cmake/export_ad_msgs__rosidl_generator_pyExport.cmake
-- Up-to-date: /home/seok/automotive_software_mid-term/install/ad_msgs/share/ad_msgs/cmake/export_ad_msgs__rosidl_generator_pyExport-noconfig.cmake
-- Up-to-date: /home/seok/automotive_software_mid-term/install/ad_msgs/share/ad_msgs/cmake/rosidl_cmake-extras.cmake
-- Up-to-date: /home/seok/automotive_software_mid-term/install/ad_msgs/share/ad_msgs/cmake/ament_cmake_export_dependencies-extras.cmake
-- Up-to-date: /home/seok/automotive_software_mid-term/install/ad_msgs/share/ad_msgs/cmake/ament_cmake_export_include_directories-extras.cmake
-- Up-to-date: /home/seok/automotive_software_mid-term/install/ad_msgs/share/ad_msgs/cmake/ament_cmake_export_libraries-extras.cmake
-- Up-to-date: /home/seok/automotive_software_mid-term/install/ad_msgs/share/ad_msgs/cmake/ament_cmake_export_targets-extras.cmake
-- Up-to-date: /home/seok/automotive_software_mid-term/install/ad_msgs/share/ad_msgs/cmake/rosidl_cmake_export_typesupport_targets-extras.cmake
-- Up-to-date: /home/seok/automotive_software_mid-term/install/ad_msgs/share/ad_msgs/cmake/rosidl_cmake_export_typesupport_libraries-extras.cmake
-- Up-to-date: /home/seok/automotive_software_mid-term/install/ad_msgs/share/ad_msgs/cmake/ad_msgsConfig.cmake
-- Up-to-date: /home/seok/automotive_software_mid-term/install/ad_msgs/share/ad_msgs/cmake/ad_msgsConfig-version.cmake
-- Up-to-date: /home/seok/automotive_software_mid-term/install/ad_msgs/share/ad_msgs/package.xml
