[0.081s] DEBUG:colcon:Command line arguments: ['/usr/bin/colcon', 'build']
[0.082s] DEBUG:colcon:Parsed command line arguments: Namespace(log_base=None, log_level=None, verb_name='build', build_base='build', install_base='install', merge_install=False, symlink_install=False, test_result_base=None, continue_on_error=False, executor='parallel', parallel_workers=16, event_handlers=None, ignore_user_meta=False, metas=['./colcon.meta'], base_paths=['.'], packages_ignore=None, packages_ignore_regex=None, paths=None, packages_up_to=None, packages_up_to_regex=None, packages_above=None, packages_above_and_dependencies=None, packages_above_depth=None, packages_select_by_dep=None, packages_skip_by_dep=None, packages_skip_up_to=None, packages_select_build_failed=False, packages_skip_build_finished=False, packages_select_test_failures=False, packages_skip_test_passed=False, packages_select=None, packages_skip=None, packages_select_regex=None, packages_skip_regex=None, packages_start=None, packages_end=None, allow_overriding=[], cmake_args=None, cmake_target=None, cmake_target_skip_unavailable=False, cmake_clean_cache=False, cmake_clean_first=False, cmake_force_configure=False, ament_cmake_args=None, catkin_cmake_args=None, catkin_skip_building_tests=False, mixin_files=None, mixin=None, verb_parser=<colcon_mixin.mixin.mixin_argument.MixinArgumentDecorator object at 0x7f8dbe7826b0>, verb_extension=<colcon_core.verb.build.BuildVerb object at 0x7f8dbe7820e0>, main=<bound method BuildVerb.main of <colcon_core.verb.build.BuildVerb object at 0x7f8dbe7820e0>>, mixin_verb=('build',))
[0.174s] Level 1:colcon.colcon_core.package_discovery:discover_packages(colcon_meta) check parameters
[0.174s] Level 1:colcon.colcon_core.package_discovery:discover_packages(recursive) check parameters
[0.174s] Level 1:colcon.colcon_core.package_discovery:discover_packages(ignore) check parameters
[0.174s] Level 1:colcon.colcon_core.package_discovery:discover_packages(path) check parameters
[0.174s] Level 1:colcon.colcon_core.package_discovery:discover_packages(colcon_meta) discover
[0.174s] Level 1:colcon.colcon_core.package_discovery:discover_packages(recursive) discover
[0.174s] INFO:colcon.colcon_core.package_discovery:Crawling recursively for packages in '/home/seok/automotive_software_mid-term'
[0.174s] Level 1:colcon.colcon_core.package_identification:_identify(.) by extensions ['ignore', 'ignore_ament_install']
[0.174s] Level 1:colcon.colcon_core.package_identification:_identify(.) by extension 'ignore'
[0.175s] Level 1:colcon.colcon_core.package_identification:_identify(.) by extension 'ignore_ament_install'
[0.175s] Level 1:colcon.colcon_core.package_identification:_identify(.) by extensions ['colcon_pkg']
[0.175s] Level 1:colcon.colcon_core.package_identification:_identify(.) by extension 'colcon_pkg'
[0.175s] Level 1:colcon.colcon_core.package_identification:_identify(.) by extensions ['colcon_meta']
[0.175s] Level 1:colcon.colcon_core.package_identification:_identify(.) by extension 'colcon_meta'
[0.175s] Level 1:colcon.colcon_core.package_identification:_identify(.) by extensions ['ros']
[0.175s] Level 1:colcon.colcon_core.package_identification:_identify(.) by extension 'ros'
[0.181s] Level 1:colcon.colcon_core.package_identification:_identify(.) by extensions ['cmake', 'python']
[0.181s] Level 1:colcon.colcon_core.package_identification:_identify(.) by extension 'cmake'
[0.181s] Level 1:colcon.colcon_core.package_identification:_identify(.) by extension 'python'
[0.181s] Level 1:colcon.colcon_core.package_identification:_identify(.) by extensions ['python_setup_py']
[0.181s] Level 1:colcon.colcon_core.package_identification:_identify(.) by extension 'python_setup_py'
[0.181s] Level 1:colcon.colcon_core.package_identification:_identify(build) by extensions ['ignore', 'ignore_ament_install']
[0.181s] Level 1:colcon.colcon_core.package_identification:_identify(build) by extension 'ignore'
[0.181s] Level 1:colcon.colcon_core.package_identification:_identify(build) ignored
[0.181s] Level 1:colcon.colcon_core.package_identification:_identify(install) by extensions ['ignore', 'ignore_ament_install']
[0.181s] Level 1:colcon.colcon_core.package_identification:_identify(install) by extension 'ignore'
[0.181s] Level 1:colcon.colcon_core.package_identification:_identify(install) ignored
[0.182s] Level 1:colcon.colcon_core.package_identification:_identify(log) by extensions ['ignore', 'ignore_ament_install']
[0.182s] Level 1:colcon.colcon_core.package_identification:_identify(log) by extension 'ignore'
[0.182s] Level 1:colcon.colcon_core.package_identification:_identify(log) ignored
[0.182s] Level 1:colcon.colcon_core.package_identification:_identify(resources) by extensions ['ignore', 'ignore_ament_install']
[0.182s] Level 1:colcon.colcon_core.package_identification:_identify(resources) by extension 'ignore'
[0.182s] Level 1:colcon.colcon_core.package_identification:_identify(resources) by extension 'ignore_ament_install'
[0.182s] Level 1:colcon.colcon_core.package_identification:_identify(resources) by extensions ['colcon_pkg']
[0.182s] Level 1:colcon.colcon_core.package_identification:_identify(resources) by extension 'colcon_pkg'
[0.182s] Level 1:colcon.colcon_core.package_identification:_identify(resources) by extensions ['colcon_meta']
[0.182s] Level 1:colcon.colcon_core.package_identification:_identify(resources) by extension 'colcon_meta'
[0.182s] Level 1:colcon.colcon_core.package_identification:_identify(resources) by extensions ['ros']
[0.182s] Level 1:colcon.colcon_core.package_identification:_identify(resources) by extension 'ros'
[0.182s] Level 1:colcon.colcon_core.package_identification:_identify(resources) by extensions ['cmake', 'python']
[0.182s] Level 1:colcon.colcon_core.package_identification:_identify(resources) by extension 'cmake'
[0.182s] Level 1:colcon.colcon_core.package_identification:_identify(resources) by extension 'python'
[0.182s] Level 1:colcon.colcon_core.package_identification:_identify(resources) by extensions ['python_setup_py']
[0.182s] Level 1:colcon.colcon_core.package_identification:_identify(resources) by extension 'python_setup_py'
[0.182s] Level 1:colcon.colcon_core.package_identification:_identify(resources/csv) by extensions ['ignore', 'ignore_ament_install']
[0.182s] Level 1:colcon.colcon_core.package_identification:_identify(resources/csv) by extension 'ignore'
[0.182s] Level 1:colcon.colcon_core.package_identification:_identify(resources/csv) by extension 'ignore_ament_install'
[0.182s] Level 1:colcon.colcon_core.package_identification:_identify(resources/csv) by extensions ['colcon_pkg']
[0.182s] Level 1:colcon.colcon_core.package_identification:_identify(resources/csv) by extension 'colcon_pkg'
[0.182s] Level 1:colcon.colcon_core.package_identification:_identify(resources/csv) by extensions ['colcon_meta']
[0.182s] Level 1:colcon.colcon_core.package_identification:_identify(resources/csv) by extension 'colcon_meta'
[0.182s] Level 1:colcon.colcon_core.package_identification:_identify(resources/csv) by extensions ['ros']
[0.182s] Level 1:colcon.colcon_core.package_identification:_identify(resources/csv) by extension 'ros'
[0.182s] Level 1:colcon.colcon_core.package_identification:_identify(resources/csv) by extensions ['cmake', 'python']
[0.182s] Level 1:colcon.colcon_core.package_identification:_identify(resources/csv) by extension 'cmake'
[0.182s] Level 1:colcon.colcon_core.package_identification:_identify(resources/csv) by extension 'python'
[0.182s] Level 1:colcon.colcon_core.package_identification:_identify(resources/csv) by extensions ['python_setup_py']
[0.182s] Level 1:colcon.colcon_core.package_identification:_identify(resources/csv) by extension 'python_setup_py'
[0.182s] Level 1:colcon.colcon_core.package_identification:_identify(resources/csv/evaluation_lane) by extensions ['ignore', 'ignore_ament_install']
[0.182s] Level 1:colcon.colcon_core.package_identification:_identify(resources/csv/evaluation_lane) by extension 'ignore'
[0.182s] Level 1:colcon.colcon_core.package_identification:_identify(resources/csv/evaluation_lane) by extension 'ignore_ament_install'
[0.182s] Level 1:colcon.colcon_core.package_identification:_identify(resources/csv/evaluation_lane) by extensions ['colcon_pkg']
[0.182s] Level 1:colcon.colcon_core.package_identification:_identify(resources/csv/evaluation_lane) by extension 'colcon_pkg'
[0.182s] Level 1:colcon.colcon_core.package_identification:_identify(resources/csv/evaluation_lane) by extensions ['colcon_meta']
[0.182s] Level 1:colcon.colcon_core.package_identification:_identify(resources/csv/evaluation_lane) by extension 'colcon_meta'
[0.182s] Level 1:colcon.colcon_core.package_identification:_identify(resources/csv/evaluation_lane) by extensions ['ros']
[0.182s] Level 1:colcon.colcon_core.package_identification:_identify(resources/csv/evaluation_lane) by extension 'ros'
[0.182s] Level 1:colcon.colcon_core.package_identification:_identify(resources/csv/evaluation_lane) by extensions ['cmake', 'python']
[0.183s] Level 1:colcon.colcon_core.package_identification:_identify(resources/csv/evaluation_lane) by extension 'cmake'
[0.183s] Level 1:colcon.colcon_core.package_identification:_identify(resources/csv/evaluation_lane) by extension 'python'
[0.183s] Level 1:colcon.colcon_core.package_identification:_identify(resources/csv/evaluation_lane) by extensions ['python_setup_py']
[0.183s] Level 1:colcon.colcon_core.package_identification:_identify(resources/csv/evaluation_lane) by extension 'python_setup_py'
[0.183s] Level 1:colcon.colcon_core.package_identification:_identify(resources/csv/simulation_lane) by extensions ['ignore', 'ignore_ament_install']
[0.183s] Level 1:colcon.colcon_core.package_identification:_identify(resources/csv/simulation_lane) by extension 'ignore'
[0.183s] Level 1:colcon.colcon_core.package_identification:_identify(resources/csv/simulation_lane) by extension 'ignore_ament_install'
[0.183s] Level 1:colcon.colcon_core.package_identification:_identify(resources/csv/simulation_lane) by extensions ['colcon_pkg']
[0.183s] Level 1:colcon.colcon_core.package_identification:_identify(resources/csv/simulation_lane) by extension 'colcon_pkg'
[0.183s] Level 1:colcon.colcon_core.package_identification:_identify(resources/csv/simulation_lane) by extensions ['colcon_meta']
[0.183s] Level 1:colcon.colcon_core.package_identification:_identify(resources/csv/simulation_lane) by extension 'colcon_meta'
[0.183s] Level 1:colcon.colcon_core.package_identification:_identify(resources/csv/simulation_lane) by extensions ['ros']
[0.183s] Level 1:colcon.colcon_core.package_identification:_identify(resources/csv/simulation_lane) by extension 'ros'
[0.183s] Level 1:colcon.colcon_core.package_identification:_identify(resources/csv/simulation_lane) by extensions ['cmake', 'python']
[0.183s] Level 1:colcon.colcon_core.package_identification:_identify(resources/csv/simulation_lane) by extension 'cmake'
[0.183s] Level 1:colcon.colcon_core.package_identification:_identify(resources/csv/simulation_lane) by extension 'python'
[0.183s] Level 1:colcon.colcon_core.package_identification:_identify(resources/csv/simulation_lane) by extensions ['python_setup_py']
[0.183s] Level 1:colcon.colcon_core.package_identification:_identify(resources/csv/simulation_lane) by extension 'python_setup_py'
[0.183s] Level 1:colcon.colcon_core.package_identification:_identify(resources/meshes) by extensions ['ignore', 'ignore_ament_install']
[0.183s] Level 1:colcon.colcon_core.package_identification:_identify(resources/meshes) by extension 'ignore'
[0.183s] Level 1:colcon.colcon_core.package_identification:_identify(resources/meshes) by extension 'ignore_ament_install'
[0.183s] Level 1:colcon.colcon_core.package_identification:_identify(resources/meshes) by extensions ['colcon_pkg']
[0.183s] Level 1:colcon.colcon_core.package_identification:_identify(resources/meshes) by extension 'colcon_pkg'
[0.183s] Level 1:colcon.colcon_core.package_identification:_identify(resources/meshes) by extensions ['colcon_meta']
[0.183s] Level 1:colcon.colcon_core.package_identification:_identify(resources/meshes) by extension 'colcon_meta'
[0.183s] Level 1:colcon.colcon_core.package_identification:_identify(resources/meshes) by extensions ['ros']
[0.183s] Level 1:colcon.colcon_core.package_identification:_identify(resources/meshes) by extension 'ros'
[0.183s] Level 1:colcon.colcon_core.package_identification:_identify(resources/meshes) by extensions ['cmake', 'python']
[0.183s] Level 1:colcon.colcon_core.package_identification:_identify(resources/meshes) by extension 'cmake'
[0.183s] Level 1:colcon.colcon_core.package_identification:_identify(resources/meshes) by extension 'python'
[0.183s] Level 1:colcon.colcon_core.package_identification:_identify(resources/meshes) by extensions ['python_setup_py']
[0.183s] Level 1:colcon.colcon_core.package_identification:_identify(resources/meshes) by extension 'python_setup_py'
[0.183s] Level 1:colcon.colcon_core.package_identification:_identify(resources/rviz) by extensions ['ignore', 'ignore_ament_install']
[0.183s] Level 1:colcon.colcon_core.package_identification:_identify(resources/rviz) by extension 'ignore'
[0.183s] Level 1:colcon.colcon_core.package_identification:_identify(resources/rviz) by extension 'ignore_ament_install'
[0.183s] Level 1:colcon.colcon_core.package_identification:_identify(resources/rviz) by extensions ['colcon_pkg']
[0.183s] Level 1:colcon.colcon_core.package_identification:_identify(resources/rviz) by extension 'colcon_pkg'
[0.183s] Level 1:colcon.colcon_core.package_identification:_identify(resources/rviz) by extensions ['colcon_meta']
[0.183s] Level 1:colcon.colcon_core.package_identification:_identify(resources/rviz) by extension 'colcon_meta'
[0.183s] Level 1:colcon.colcon_core.package_identification:_identify(resources/rviz) by extensions ['ros']
[0.183s] Level 1:colcon.colcon_core.package_identification:_identify(resources/rviz) by extension 'ros'
[0.183s] Level 1:colcon.colcon_core.package_identification:_identify(resources/rviz) by extensions ['cmake', 'python']
[0.183s] Level 1:colcon.colcon_core.package_identification:_identify(resources/rviz) by extension 'cmake'
[0.183s] Level 1:colcon.colcon_core.package_identification:_identify(resources/rviz) by extension 'python'
[0.183s] Level 1:colcon.colcon_core.package_identification:_identify(resources/rviz) by extensions ['python_setup_py']
[0.183s] Level 1:colcon.colcon_core.package_identification:_identify(resources/rviz) by extension 'python_setup_py'
[0.184s] Level 1:colcon.colcon_core.package_identification:_identify(src) by extensions ['ignore', 'ignore_ament_install']
[0.184s] Level 1:colcon.colcon_core.package_identification:_identify(src) by extension 'ignore'
[0.184s] Level 1:colcon.colcon_core.package_identification:_identify(src) by extension 'ignore_ament_install'
[0.184s] Level 1:colcon.colcon_core.package_identification:_identify(src) by extensions ['colcon_pkg']
[0.184s] Level 1:colcon.colcon_core.package_identification:_identify(src) by extension 'colcon_pkg'
[0.184s] Level 1:colcon.colcon_core.package_identification:_identify(src) by extensions ['colcon_meta']
[0.184s] Level 1:colcon.colcon_core.package_identification:_identify(src) by extension 'colcon_meta'
[0.184s] Level 1:colcon.colcon_core.package_identification:_identify(src) by extensions ['ros']
[0.184s] Level 1:colcon.colcon_core.package_identification:_identify(src) by extension 'ros'
[0.184s] Level 1:colcon.colcon_core.package_identification:_identify(src) by extensions ['cmake', 'python']
[0.184s] Level 1:colcon.colcon_core.package_identification:_identify(src) by extension 'cmake'
[0.184s] Level 1:colcon.colcon_core.package_identification:_identify(src) by extension 'python'
[0.184s] Level 1:colcon.colcon_core.package_identification:_identify(src) by extensions ['python_setup_py']
[0.184s] Level 1:colcon.colcon_core.package_identification:_identify(src) by extension 'python_setup_py'
[0.184s] Level 1:colcon.colcon_core.package_identification:_identify(src/app) by extensions ['ignore', 'ignore_ament_install']
[0.184s] Level 1:colcon.colcon_core.package_identification:_identify(src/app) by extension 'ignore'
[0.184s] Level 1:colcon.colcon_core.package_identification:_identify(src/app) by extension 'ignore_ament_install'
[0.184s] Level 1:colcon.colcon_core.package_identification:_identify(src/app) by extensions ['colcon_pkg']
[0.184s] Level 1:colcon.colcon_core.package_identification:_identify(src/app) by extension 'colcon_pkg'
[0.184s] Level 1:colcon.colcon_core.package_identification:_identify(src/app) by extensions ['colcon_meta']
[0.184s] Level 1:colcon.colcon_core.package_identification:_identify(src/app) by extension 'colcon_meta'
[0.184s] Level 1:colcon.colcon_core.package_identification:_identify(src/app) by extensions ['ros']
[0.184s] Level 1:colcon.colcon_core.package_identification:_identify(src/app) by extension 'ros'
[0.184s] Level 1:colcon.colcon_core.package_identification:_identify(src/app) by extensions ['cmake', 'python']
[0.184s] Level 1:colcon.colcon_core.package_identification:_identify(src/app) by extension 'cmake'
[0.184s] Level 1:colcon.colcon_core.package_identification:_identify(src/app) by extension 'python'
[0.184s] Level 1:colcon.colcon_core.package_identification:_identify(src/app) by extensions ['python_setup_py']
[0.184s] Level 1:colcon.colcon_core.package_identification:_identify(src/app) by extension 'python_setup_py'
[0.184s] Level 1:colcon.colcon_core.package_identification:_identify(src/app/autonomous_driving) by extensions ['ignore', 'ignore_ament_install']
[0.184s] Level 1:colcon.colcon_core.package_identification:_identify(src/app/autonomous_driving) by extension 'ignore'
[0.184s] Level 1:colcon.colcon_core.package_identification:_identify(src/app/autonomous_driving) by extension 'ignore_ament_install'
[0.184s] Level 1:colcon.colcon_core.package_identification:_identify(src/app/autonomous_driving) by extensions ['colcon_pkg']
[0.184s] Level 1:colcon.colcon_core.package_identification:_identify(src/app/autonomous_driving) by extension 'colcon_pkg'
[0.184s] Level 1:colcon.colcon_core.package_identification:_identify(src/app/autonomous_driving) by extensions ['colcon_meta']
[0.184s] Level 1:colcon.colcon_core.package_identification:_identify(src/app/autonomous_driving) by extension 'colcon_meta'
[0.184s] Level 1:colcon.colcon_core.package_identification:_identify(src/app/autonomous_driving) by extensions ['ros']
[0.184s] Level 1:colcon.colcon_core.package_identification:_identify(src/app/autonomous_driving) by extension 'ros'
[0.186s] DEBUG:colcon.colcon_core.package_identification:Package 'src/app/autonomous_driving' with type 'ros.ament_cmake' and name 'autonomous_driving'
[0.186s] Level 1:colcon.colcon_core.package_identification:_identify(src/app/evaluation) by extensions ['ignore', 'ignore_ament_install']
[0.186s] Level 1:colcon.colcon_core.package_identification:_identify(src/app/evaluation) by extension 'ignore'
[0.186s] Level 1:colcon.colcon_core.package_identification:_identify(src/app/evaluation) by extension 'ignore_ament_install'
[0.186s] Level 1:colcon.colcon_core.package_identification:_identify(src/app/evaluation) by extensions ['colcon_pkg']
[0.186s] Level 1:colcon.colcon_core.package_identification:_identify(src/app/evaluation) by extension 'colcon_pkg'
[0.186s] Level 1:colcon.colcon_core.package_identification:_identify(src/app/evaluation) by extensions ['colcon_meta']
[0.186s] Level 1:colcon.colcon_core.package_identification:_identify(src/app/evaluation) by extension 'colcon_meta'
[0.186s] Level 1:colcon.colcon_core.package_identification:_identify(src/app/evaluation) by extensions ['ros']
[0.186s] Level 1:colcon.colcon_core.package_identification:_identify(src/app/evaluation) by extension 'ros'
[0.187s] DEBUG:colcon.colcon_core.package_identification:Package 'src/app/evaluation' with type 'ros.ament_cmake' and name 'evaluation'
[0.187s] Level 1:colcon.colcon_core.package_identification:_identify(src/app/scenario_runner) by extensions ['ignore', 'ignore_ament_install']
[0.187s] Level 1:colcon.colcon_core.package_identification:_identify(src/app/scenario_runner) by extension 'ignore'
[0.187s] Level 1:colcon.colcon_core.package_identification:_identify(src/app/scenario_runner) by extension 'ignore_ament_install'
[0.187s] Level 1:colcon.colcon_core.package_identification:_identify(src/app/scenario_runner) by extensions ['colcon_pkg']
[0.187s] Level 1:colcon.colcon_core.package_identification:_identify(src/app/scenario_runner) by extension 'colcon_pkg'
[0.187s] Level 1:colcon.colcon_core.package_identification:_identify(src/app/scenario_runner) by extensions ['colcon_meta']
[0.187s] Level 1:colcon.colcon_core.package_identification:_identify(src/app/scenario_runner) by extension 'colcon_meta'
[0.187s] Level 1:colcon.colcon_core.package_identification:_identify(src/app/scenario_runner) by extensions ['ros']
[0.187s] Level 1:colcon.colcon_core.package_identification:_identify(src/app/scenario_runner) by extension 'ros'
[0.187s] DEBUG:colcon.colcon_core.package_identification:Package 'src/app/scenario_runner' with type 'ros.ament_cmake' and name 'scenario_runner'
[0.187s] Level 1:colcon.colcon_core.package_identification:_identify(src/app/simulator) by extensions ['ignore', 'ignore_ament_install']
[0.187s] Level 1:colcon.colcon_core.package_identification:_identify(src/app/simulator) by extension 'ignore'
[0.187s] Level 1:colcon.colcon_core.package_identification:_identify(src/app/simulator) by extension 'ignore_ament_install'
[0.187s] Level 1:colcon.colcon_core.package_identification:_identify(src/app/simulator) by extensions ['colcon_pkg']
[0.187s] Level 1:colcon.colcon_core.package_identification:_identify(src/app/simulator) by extension 'colcon_pkg'
[0.187s] Level 1:colcon.colcon_core.package_identification:_identify(src/app/simulator) by extensions ['colcon_meta']
[0.187s] Level 1:colcon.colcon_core.package_identification:_identify(src/app/simulator) by extension 'colcon_meta'
[0.188s] Level 1:colcon.colcon_core.package_identification:_identify(src/app/simulator) by extensions ['ros']
[0.188s] Level 1:colcon.colcon_core.package_identification:_identify(src/app/simulator) by extension 'ros'
[0.188s] DEBUG:colcon.colcon_core.package_identification:Package 'src/app/simulator' with type 'ros.ament_cmake' and name 'simulator'
[0.188s] Level 1:colcon.colcon_core.package_identification:_identify(src/bsw) by extensions ['ignore', 'ignore_ament_install']
[0.188s] Level 1:colcon.colcon_core.package_identification:_identify(src/bsw) by extension 'ignore'
[0.188s] Level 1:colcon.colcon_core.package_identification:_identify(src/bsw) by extension 'ignore_ament_install'
[0.188s] Level 1:colcon.colcon_core.package_identification:_identify(src/bsw) by extensions ['colcon_pkg']
[0.188s] Level 1:colcon.colcon_core.package_identification:_identify(src/bsw) by extension 'colcon_pkg'
[0.188s] Level 1:colcon.colcon_core.package_identification:_identify(src/bsw) by extensions ['colcon_meta']
[0.188s] Level 1:colcon.colcon_core.package_identification:_identify(src/bsw) by extension 'colcon_meta'
[0.188s] Level 1:colcon.colcon_core.package_identification:_identify(src/bsw) by extensions ['ros']
[0.188s] Level 1:colcon.colcon_core.package_identification:_identify(src/bsw) by extension 'ros'
[0.188s] Level 1:colcon.colcon_core.package_identification:_identify(src/bsw) by extensions ['cmake', 'python']
[0.188s] Level 1:colcon.colcon_core.package_identification:_identify(src/bsw) by extension 'cmake'
[0.188s] Level 1:colcon.colcon_core.package_identification:_identify(src/bsw) by extension 'python'
[0.188s] Level 1:colcon.colcon_core.package_identification:_identify(src/bsw) by extensions ['python_setup_py']
[0.188s] Level 1:colcon.colcon_core.package_identification:_identify(src/bsw) by extension 'python_setup_py'
[0.188s] Level 1:colcon.colcon_core.package_identification:_identify(src/bsw/system) by extensions ['ignore', 'ignore_ament_install']
[0.188s] Level 1:colcon.colcon_core.package_identification:_identify(src/bsw/system) by extension 'ignore'
[0.188s] Level 1:colcon.colcon_core.package_identification:_identify(src/bsw/system) by extension 'ignore_ament_install'
[0.188s] Level 1:colcon.colcon_core.package_identification:_identify(src/bsw/system) by extensions ['colcon_pkg']
[0.188s] Level 1:colcon.colcon_core.package_identification:_identify(src/bsw/system) by extension 'colcon_pkg'
[0.188s] Level 1:colcon.colcon_core.package_identification:_identify(src/bsw/system) by extensions ['colcon_meta']
[0.188s] Level 1:colcon.colcon_core.package_identification:_identify(src/bsw/system) by extension 'colcon_meta'
[0.188s] Level 1:colcon.colcon_core.package_identification:_identify(src/bsw/system) by extensions ['ros']
[0.188s] Level 1:colcon.colcon_core.package_identification:_identify(src/bsw/system) by extension 'ros'
[0.188s] Level 1:colcon.colcon_core.package_identification:_identify(src/bsw/system) by extensions ['cmake', 'python']
[0.188s] Level 1:colcon.colcon_core.package_identification:_identify(src/bsw/system) by extension 'cmake'
[0.188s] Level 1:colcon.colcon_core.package_identification:_identify(src/bsw/system) by extension 'python'
[0.188s] Level 1:colcon.colcon_core.package_identification:_identify(src/bsw/system) by extensions ['python_setup_py']
[0.188s] Level 1:colcon.colcon_core.package_identification:_identify(src/bsw/system) by extension 'python_setup_py'
[0.189s] Level 1:colcon.colcon_core.package_identification:_identify(src/bsw/system/interface) by extensions ['ignore', 'ignore_ament_install']
[0.189s] Level 1:colcon.colcon_core.package_identification:_identify(src/bsw/system/interface) by extension 'ignore'
[0.189s] Level 1:colcon.colcon_core.package_identification:_identify(src/bsw/system/interface) by extension 'ignore_ament_install'
[0.189s] Level 1:colcon.colcon_core.package_identification:_identify(src/bsw/system/interface) by extensions ['colcon_pkg']
[0.189s] Level 1:colcon.colcon_core.package_identification:_identify(src/bsw/system/interface) by extension 'colcon_pkg'
[0.189s] Level 1:colcon.colcon_core.package_identification:_identify(src/bsw/system/interface) by extensions ['colcon_meta']
[0.189s] Level 1:colcon.colcon_core.package_identification:_identify(src/bsw/system/interface) by extension 'colcon_meta'
[0.189s] Level 1:colcon.colcon_core.package_identification:_identify(src/bsw/system/interface) by extensions ['ros']
[0.189s] Level 1:colcon.colcon_core.package_identification:_identify(src/bsw/system/interface) by extension 'ros'
[0.189s] Level 1:colcon.colcon_core.package_identification:_identify(src/bsw/system/interface) by extensions ['cmake', 'python']
[0.189s] Level 1:colcon.colcon_core.package_identification:_identify(src/bsw/system/interface) by extension 'cmake'
[0.189s] Level 1:colcon.colcon_core.package_identification:_identify(src/bsw/system/interface) by extension 'python'
[0.189s] Level 1:colcon.colcon_core.package_identification:_identify(src/bsw/system/interface) by extensions ['python_setup_py']
[0.189s] Level 1:colcon.colcon_core.package_identification:_identify(src/bsw/system/interface) by extension 'python_setup_py'
[0.189s] Level 1:colcon.colcon_core.package_identification:_identify(src/rte) by extensions ['ignore', 'ignore_ament_install']
[0.189s] Level 1:colcon.colcon_core.package_identification:_identify(src/rte) by extension 'ignore'
[0.189s] Level 1:colcon.colcon_core.package_identification:_identify(src/rte) by extension 'ignore_ament_install'
[0.189s] Level 1:colcon.colcon_core.package_identification:_identify(src/rte) by extensions ['colcon_pkg']
[0.189s] Level 1:colcon.colcon_core.package_identification:_identify(src/rte) by extension 'colcon_pkg'
[0.189s] Level 1:colcon.colcon_core.package_identification:_identify(src/rte) by extensions ['colcon_meta']
[0.189s] Level 1:colcon.colcon_core.package_identification:_identify(src/rte) by extension 'colcon_meta'
[0.189s] Level 1:colcon.colcon_core.package_identification:_identify(src/rte) by extensions ['ros']
[0.189s] Level 1:colcon.colcon_core.package_identification:_identify(src/rte) by extension 'ros'
[0.189s] Level 1:colcon.colcon_core.package_identification:_identify(src/rte) by extensions ['cmake', 'python']
[0.189s] Level 1:colcon.colcon_core.package_identification:_identify(src/rte) by extension 'cmake'
[0.189s] Level 1:colcon.colcon_core.package_identification:_identify(src/rte) by extension 'python'
[0.189s] Level 1:colcon.colcon_core.package_identification:_identify(src/rte) by extensions ['python_setup_py']
[0.189s] Level 1:colcon.colcon_core.package_identification:_identify(src/rte) by extension 'python_setup_py'
[0.189s] Level 1:colcon.colcon_core.package_identification:_identify(src/rte/msg) by extensions ['ignore', 'ignore_ament_install']
[0.189s] Level 1:colcon.colcon_core.package_identification:_identify(src/rte/msg) by extension 'ignore'
[0.189s] Level 1:colcon.colcon_core.package_identification:_identify(src/rte/msg) by extension 'ignore_ament_install'
[0.189s] Level 1:colcon.colcon_core.package_identification:_identify(src/rte/msg) by extensions ['colcon_pkg']
[0.189s] Level 1:colcon.colcon_core.package_identification:_identify(src/rte/msg) by extension 'colcon_pkg'
[0.189s] Level 1:colcon.colcon_core.package_identification:_identify(src/rte/msg) by extensions ['colcon_meta']
[0.189s] Level 1:colcon.colcon_core.package_identification:_identify(src/rte/msg) by extension 'colcon_meta'
[0.189s] Level 1:colcon.colcon_core.package_identification:_identify(src/rte/msg) by extensions ['ros']
[0.189s] Level 1:colcon.colcon_core.package_identification:_identify(src/rte/msg) by extension 'ros'
[0.189s] Level 1:colcon.colcon_core.package_identification:_identify(src/rte/msg) by extensions ['cmake', 'python']
[0.189s] Level 1:colcon.colcon_core.package_identification:_identify(src/rte/msg) by extension 'cmake'
[0.189s] Level 1:colcon.colcon_core.package_identification:_identify(src/rte/msg) by extension 'python'
[0.189s] Level 1:colcon.colcon_core.package_identification:_identify(src/rte/msg) by extensions ['python_setup_py']
[0.189s] Level 1:colcon.colcon_core.package_identification:_identify(src/rte/msg) by extension 'python_setup_py'
[0.189s] Level 1:colcon.colcon_core.package_identification:_identify(src/rte/msg/ad_msgs) by extensions ['ignore', 'ignore_ament_install']
[0.189s] Level 1:colcon.colcon_core.package_identification:_identify(src/rte/msg/ad_msgs) by extension 'ignore'
[0.189s] Level 1:colcon.colcon_core.package_identification:_identify(src/rte/msg/ad_msgs) by extension 'ignore_ament_install'
[0.189s] Level 1:colcon.colcon_core.package_identification:_identify(src/rte/msg/ad_msgs) by extensions ['colcon_pkg']
[0.189s] Level 1:colcon.colcon_core.package_identification:_identify(src/rte/msg/ad_msgs) by extension 'colcon_pkg'
[0.190s] Level 1:colcon.colcon_core.package_identification:_identify(src/rte/msg/ad_msgs) by extensions ['colcon_meta']
[0.190s] Level 1:colcon.colcon_core.package_identification:_identify(src/rte/msg/ad_msgs) by extension 'colcon_meta'
[0.190s] Level 1:colcon.colcon_core.package_identification:_identify(src/rte/msg/ad_msgs) by extensions ['ros']
[0.190s] Level 1:colcon.colcon_core.package_identification:_identify(src/rte/msg/ad_msgs) by extension 'ros'
[0.190s] DEBUG:colcon.colcon_core.package_identification:Package 'src/rte/msg/ad_msgs' with type 'ros.ament_cmake' and name 'ad_msgs'
[0.190s] Level 1:colcon.colcon_core.package_discovery:discover_packages(recursive) using defaults
[0.190s] Level 1:colcon.colcon_core.package_discovery:discover_packages(ignore) discover
[0.190s] Level 1:colcon.colcon_core.package_discovery:discover_packages(ignore) using defaults
[0.190s] Level 1:colcon.colcon_core.package_discovery:discover_packages(path) discover
[0.190s] Level 1:colcon.colcon_core.package_discovery:discover_packages(path) using defaults
[0.209s] Level 1:colcon.colcon_core.package_discovery:discover_packages(prefix_path) check parameters
[0.209s] Level 1:colcon.colcon_core.package_discovery:discover_packages(prefix_path) discover
[0.210s] DEBUG:colcon.colcon_installed_package_information.package_discovery:Found 5 installed packages in /home/seok/automotive_software_mid-term/install
[0.210s] DEBUG:colcon.colcon_installed_package_information.package_discovery:Found 4 installed packages in /home/seok/ros2_ws/install
[0.211s] DEBUG:colcon.colcon_installed_package_information.package_discovery:Found 296 installed packages in /opt/ros/humble
[0.212s] Level 1:colcon.colcon_core.package_discovery:discover_packages(prefix_path) using defaults
[0.232s] Level 5:colcon.colcon_core.verb:set package 'ad_msgs' build argument 'cmake_args' from command line to 'None'
[0.233s] Level 5:colcon.colcon_core.verb:set package 'ad_msgs' build argument 'cmake_target' from command line to 'None'
[0.233s] Level 5:colcon.colcon_core.verb:set package 'ad_msgs' build argument 'cmake_target_skip_unavailable' from command line to 'False'
[0.233s] Level 5:colcon.colcon_core.verb:set package 'ad_msgs' build argument 'cmake_clean_cache' from command line to 'False'
[0.233s] Level 5:colcon.colcon_core.verb:set package 'ad_msgs' build argument 'cmake_clean_first' from command line to 'False'
[0.233s] Level 5:colcon.colcon_core.verb:set package 'ad_msgs' build argument 'cmake_force_configure' from command line to 'False'
[0.233s] Level 5:colcon.colcon_core.verb:set package 'ad_msgs' build argument 'ament_cmake_args' from command line to 'None'
[0.233s] Level 5:colcon.colcon_core.verb:set package 'ad_msgs' build argument 'catkin_cmake_args' from command line to 'None'
[0.233s] Level 5:colcon.colcon_core.verb:set package 'ad_msgs' build argument 'catkin_skip_building_tests' from command line to 'False'
[0.233s] DEBUG:colcon.colcon_core.verb:Building package 'ad_msgs' with the following arguments: {'ament_cmake_args': None, 'build_base': '/home/seok/automotive_software_mid-term/build/ad_msgs', 'catkin_cmake_args': None, 'catkin_skip_building_tests': False, 'cmake_args': None, 'cmake_clean_cache': False, 'cmake_clean_first': False, 'cmake_force_configure': False, 'cmake_target': None, 'cmake_target_skip_unavailable': False, 'install_base': '/home/seok/automotive_software_mid-term/install/ad_msgs', 'merge_install': False, 'path': '/home/seok/automotive_software_mid-term/src/rte/msg/ad_msgs', 'symlink_install': False, 'test_result_base': None}
[0.233s] Level 5:colcon.colcon_core.verb:set package 'autonomous_driving' build argument 'cmake_args' from command line to 'None'
[0.233s] Level 5:colcon.colcon_core.verb:set package 'autonomous_driving' build argument 'cmake_target' from command line to 'None'
[0.233s] Level 5:colcon.colcon_core.verb:set package 'autonomous_driving' build argument 'cmake_target_skip_unavailable' from command line to 'False'
[0.233s] Level 5:colcon.colcon_core.verb:set package 'autonomous_driving' build argument 'cmake_clean_cache' from command line to 'False'
[0.233s] Level 5:colcon.colcon_core.verb:set package 'autonomous_driving' build argument 'cmake_clean_first' from command line to 'False'
[0.233s] Level 5:colcon.colcon_core.verb:set package 'autonomous_driving' build argument 'cmake_force_configure' from command line to 'False'
[0.233s] Level 5:colcon.colcon_core.verb:set package 'autonomous_driving' build argument 'ament_cmake_args' from command line to 'None'
[0.233s] Level 5:colcon.colcon_core.verb:set package 'autonomous_driving' build argument 'catkin_cmake_args' from command line to 'None'
[0.233s] Level 5:colcon.colcon_core.verb:set package 'autonomous_driving' build argument 'catkin_skip_building_tests' from command line to 'False'
[0.233s] DEBUG:colcon.colcon_core.verb:Building package 'autonomous_driving' with the following arguments: {'ament_cmake_args': None, 'build_base': '/home/seok/automotive_software_mid-term/build/autonomous_driving', 'catkin_cmake_args': None, 'catkin_skip_building_tests': False, 'cmake_args': None, 'cmake_clean_cache': False, 'cmake_clean_first': False, 'cmake_force_configure': False, 'cmake_target': None, 'cmake_target_skip_unavailable': False, 'install_base': '/home/seok/automotive_software_mid-term/install/autonomous_driving', 'merge_install': False, 'path': '/home/seok/automotive_software_mid-term/src/app/autonomous_driving', 'symlink_install': False, 'test_result_base': None}
[0.233s] Level 5:colcon.colcon_core.verb:set package 'evaluation' build argument 'cmake_args' from command line to 'None'
[0.233s] Level 5:colcon.colcon_core.verb:set package 'evaluation' build argument 'cmake_target' from command line to 'None'
[0.233s] Level 5:colcon.colcon_core.verb:set package 'evaluation' build argument 'cmake_target_skip_unavailable' from command line to 'False'
[0.233s] Level 5:colcon.colcon_core.verb:set package 'evaluation' build argument 'cmake_clean_cache' from command line to 'False'
[0.233s] Level 5:colcon.colcon_core.verb:set package 'evaluation' build argument 'cmake_clean_first' from command line to 'False'
[0.233s] Level 5:colcon.colcon_core.verb:set package 'evaluation' build argument 'cmake_force_configure' from command line to 'False'
[0.233s] Level 5:colcon.colcon_core.verb:set package 'evaluation' build argument 'ament_cmake_args' from command line to 'None'
[0.233s] Level 5:colcon.colcon_core.verb:set package 'evaluation' build argument 'catkin_cmake_args' from command line to 'None'
[0.233s] Level 5:colcon.colcon_core.verb:set package 'evaluation' build argument 'catkin_skip_building_tests' from command line to 'False'
[0.233s] DEBUG:colcon.colcon_core.verb:Building package 'evaluation' with the following arguments: {'ament_cmake_args': None, 'build_base': '/home/seok/automotive_software_mid-term/build/evaluation', 'catkin_cmake_args': None, 'catkin_skip_building_tests': False, 'cmake_args': None, 'cmake_clean_cache': False, 'cmake_clean_first': False, 'cmake_force_configure': False, 'cmake_target': None, 'cmake_target_skip_unavailable': False, 'install_base': '/home/seok/automotive_software_mid-term/install/evaluation', 'merge_install': False, 'path': '/home/seok/automotive_software_mid-term/src/app/evaluation', 'symlink_install': False, 'test_result_base': None}
[0.233s] Level 5:colcon.colcon_core.verb:set package 'scenario_runner' build argument 'cmake_args' from command line to 'None'
[0.233s] Level 5:colcon.colcon_core.verb:set package 'scenario_runner' build argument 'cmake_target' from command line to 'None'
[0.233s] Level 5:colcon.colcon_core.verb:set package 'scenario_runner' build argument 'cmake_target_skip_unavailable' from command line to 'False'
[0.233s] Level 5:colcon.colcon_core.verb:set package 'scenario_runner' build argument 'cmake_clean_cache' from command line to 'False'
[0.233s] Level 5:colcon.colcon_core.verb:set package 'scenario_runner' build argument 'cmake_clean_first' from command line to 'False'
[0.233s] Level 5:colcon.colcon_core.verb:set package 'scenario_runner' build argument 'cmake_force_configure' from command line to 'False'
[0.233s] Level 5:colcon.colcon_core.verb:set package 'scenario_runner' build argument 'ament_cmake_args' from command line to 'None'
[0.233s] Level 5:colcon.colcon_core.verb:set package 'scenario_runner' build argument 'catkin_cmake_args' from command line to 'None'
[0.233s] Level 5:colcon.colcon_core.verb:set package 'scenario_runner' build argument 'catkin_skip_building_tests' from command line to 'False'
[0.233s] DEBUG:colcon.colcon_core.verb:Building package 'scenario_runner' with the following arguments: {'ament_cmake_args': None, 'build_base': '/home/seok/automotive_software_mid-term/build/scenario_runner', 'catkin_cmake_args': None, 'catkin_skip_building_tests': False, 'cmake_args': None, 'cmake_clean_cache': False, 'cmake_clean_first': False, 'cmake_force_configure': False, 'cmake_target': None, 'cmake_target_skip_unavailable': False, 'install_base': '/home/seok/automotive_software_mid-term/install/scenario_runner', 'merge_install': False, 'path': '/home/seok/automotive_software_mid-term/src/app/scenario_runner', 'symlink_install': False, 'test_result_base': None}
[0.234s] Level 5:colcon.colcon_core.verb:set package 'simulator' build argument 'cmake_args' from command line to 'None'
[0.234s] Level 5:colcon.colcon_core.verb:set package 'simulator' build argument 'cmake_target' from command line to 'None'
[0.234s] Level 5:colcon.colcon_core.verb:set package 'simulator' build argument 'cmake_target_skip_unavailable' from command line to 'False'
[0.234s] Level 5:colcon.colcon_core.verb:set package 'simulator' build argument 'cmake_clean_cache' from command line to 'False'
[0.234s] Level 5:colcon.colcon_core.verb:set package 'simulator' build argument 'cmake_clean_first' from command line to 'False'
[0.234s] Level 5:colcon.colcon_core.verb:set package 'simulator' build argument 'cmake_force_configure' from command line to 'False'
[0.234s] Level 5:colcon.colcon_core.verb:set package 'simulator' build argument 'ament_cmake_args' from command line to 'None'
[0.234s] Level 5:colcon.colcon_core.verb:set package 'simulator' build argument 'catkin_cmake_args' from command line to 'None'
[0.234s] Level 5:colcon.colcon_core.verb:set package 'simulator' build argument 'catkin_skip_building_tests' from command line to 'False'
[0.234s] DEBUG:colcon.colcon_core.verb:Building package 'simulator' with the following arguments: {'ament_cmake_args': None, 'build_base': '/home/seok/automotive_software_mid-term/build/simulator', 'catkin_cmake_args': None, 'catkin_skip_building_tests': False, 'cmake_args': None, 'cmake_clean_cache': False, 'cmake_clean_first': False, 'cmake_force_configure': False, 'cmake_target': None, 'cmake_target_skip_unavailable': False, 'install_base': '/home/seok/automotive_software_mid-term/install/simulator', 'merge_install': False, 'path': '/home/seok/automotive_software_mid-term/src/app/simulator', 'symlink_install': False, 'test_result_base': None}
[0.234s] INFO:colcon.colcon_core.executor:Executing jobs using 'parallel' executor
[0.235s] DEBUG:colcon.colcon_parallel_executor.executor.parallel:run_until_complete
[0.235s] INFO:colcon.colcon_ros.task.ament_cmake.build:Building ROS package in '/home/seok/automotive_software_mid-term/src/rte/msg/ad_msgs' with build type 'ament_cmake'
[0.235s] INFO:colcon.colcon_cmake.task.cmake.build:Building CMake package in '/home/seok/automotive_software_mid-term/src/rte/msg/ad_msgs'
[0.237s] INFO:colcon.colcon_core.plugin_system:Skipping extension 'colcon_core.shell.bat': Not used on non-Windows systems
[0.237s] INFO:colcon.colcon_core.shell:Skip shell extension 'powershell' for command environment: Not usable outside of PowerShell
[0.237s] DEBUG:colcon.colcon_core.shell:Skip shell extension 'dsv' for command environment
[0.243s] DEBUG:colcon.colcon_core.event_handler.log_command:Invoking command in '/home/seok/automotive_software_mid-term/build/ad_msgs': CMAKE_PREFIX_PATH=${CMAKE_PREFIX_PATH}:/opt/ros/humble /usr/bin/cmake --build /home/seok/automotive_software_mid-term/build/ad_msgs -- -j16 -l16
[0.450s] DEBUG:colcon.colcon_core.event_handler.log_command:Invoked command in '/home/seok/automotive_software_mid-term/build/ad_msgs' returned '0': CMAKE_PREFIX_PATH=${CMAKE_PREFIX_PATH}:/opt/ros/humble /usr/bin/cmake --build /home/seok/automotive_software_mid-term/build/ad_msgs -- -j16 -l16
[0.540s] DEBUG:colcon.colcon_core.event_handler.log_command:Invoking command in '/home/seok/automotive_software_mid-term/build/ad_msgs': CMAKE_PREFIX_PATH=${CMAKE_PREFIX_PATH}:/opt/ros/humble /usr/bin/cmake --install /home/seok/automotive_software_mid-term/build/ad_msgs
[0.579s] Level 1:colcon.colcon_core.environment:create_environment_scripts_only(ad_msgs)
[0.579s] DEBUG:colcon.colcon_core.event_handler.log_command:Invoked command in '/home/seok/automotive_software_mid-term/build/ad_msgs' returned '0': CMAKE_PREFIX_PATH=${CMAKE_PREFIX_PATH}:/opt/ros/humble /usr/bin/cmake --install /home/seok/automotive_software_mid-term/build/ad_msgs
[0.581s] Level 1:colcon.colcon_core.environment:checking '/home/seok/automotive_software_mid-term/install/ad_msgs' for CMake module files
[0.581s] Level 1:colcon.colcon_core.environment:checking '/home/seok/automotive_software_mid-term/install/ad_msgs' for CMake config files
[0.582s] Level 1:colcon.colcon_core.shell:create_environment_hook('ad_msgs', 'cmake_prefix_path')
[0.582s] INFO:colcon.colcon_core.shell:Creating environment hook '/home/seok/automotive_software_mid-term/install/ad_msgs/share/ad_msgs/hook/cmake_prefix_path.ps1'
[0.582s] INFO:colcon.colcon_core.shell:Creating environment descriptor '/home/seok/automotive_software_mid-term/install/ad_msgs/share/ad_msgs/hook/cmake_prefix_path.dsv'
[0.583s] INFO:colcon.colcon_core.shell:Creating environment hook '/home/seok/automotive_software_mid-term/install/ad_msgs/share/ad_msgs/hook/cmake_prefix_path.sh'
[0.583s] Level 1:colcon.colcon_core.environment:checking '/home/seok/automotive_software_mid-term/install/ad_msgs/lib'
[0.583s] Level 1:colcon.colcon_core.shell:create_environment_hook('ad_msgs', 'ld_library_path_lib')
[0.584s] INFO:colcon.colcon_core.shell:Creating environment hook '/home/seok/automotive_software_mid-term/install/ad_msgs/share/ad_msgs/hook/ld_library_path_lib.ps1'
[0.584s] INFO:colcon.colcon_core.shell:Creating environment descriptor '/home/seok/automotive_software_mid-term/install/ad_msgs/share/ad_msgs/hook/ld_library_path_lib.dsv'
[0.584s] INFO:colcon.colcon_core.shell:Creating environment hook '/home/seok/automotive_software_mid-term/install/ad_msgs/share/ad_msgs/hook/ld_library_path_lib.sh'
[0.584s] Level 1:colcon.colcon_core.environment:checking '/home/seok/automotive_software_mid-term/install/ad_msgs/bin'
[0.584s] Level 1:colcon.colcon_core.environment:checking '/home/seok/automotive_software_mid-term/install/ad_msgs/lib/pkgconfig/ad_msgs.pc'
[0.584s] Level 1:colcon.colcon_core.environment:checking '/home/seok/automotive_software_mid-term/install/ad_msgs/lib/python3.10/site-packages'
[0.584s] Level 1:colcon.colcon_core.environment:checking '/home/seok/automotive_software_mid-term/install/ad_msgs/bin'
[0.585s] INFO:colcon.colcon_core.shell:Creating package script '/home/seok/automotive_software_mid-term/install/ad_msgs/share/ad_msgs/package.ps1'
[0.585s] INFO:colcon.colcon_core.shell:Creating package descriptor '/home/seok/automotive_software_mid-term/install/ad_msgs/share/ad_msgs/package.dsv'
[0.585s] INFO:colcon.colcon_core.shell:Creating package script '/home/seok/automotive_software_mid-term/install/ad_msgs/share/ad_msgs/package.sh'
[0.586s] INFO:colcon.colcon_core.shell:Creating package script '/home/seok/automotive_software_mid-term/install/ad_msgs/share/ad_msgs/package.bash'
[0.586s] INFO:colcon.colcon_core.shell:Creating package script '/home/seok/automotive_software_mid-term/install/ad_msgs/share/ad_msgs/package.zsh'
[0.587s] Level 1:colcon.colcon_core.environment:create_file_with_runtime_dependencies(/home/seok/automotive_software_mid-term/install/ad_msgs/share/colcon-core/packages/ad_msgs)
[0.671s] Level 1:colcon.colcon_core.environment:create_environment_scripts_only(ad_msgs)
[0.672s] Level 1:colcon.colcon_core.environment:checking '/home/seok/automotive_software_mid-term/install/ad_msgs' for CMake module files
[0.672s] Level 1:colcon.colcon_core.environment:checking '/home/seok/automotive_software_mid-term/install/ad_msgs' for CMake config files
[0.672s] Level 1:colcon.colcon_core.shell:create_environment_hook('ad_msgs', 'cmake_prefix_path')
[0.672s] INFO:colcon.colcon_core.shell:Creating environment hook '/home/seok/automotive_software_mid-term/install/ad_msgs/share/ad_msgs/hook/cmake_prefix_path.ps1'
[0.673s] INFO:colcon.colcon_core.shell:Creating environment descriptor '/home/seok/automotive_software_mid-term/install/ad_msgs/share/ad_msgs/hook/cmake_prefix_path.dsv'
[0.673s] INFO:colcon.colcon_core.shell:Creating environment hook '/home/seok/automotive_software_mid-term/install/ad_msgs/share/ad_msgs/hook/cmake_prefix_path.sh'
[0.673s] Level 1:colcon.colcon_core.environment:checking '/home/seok/automotive_software_mid-term/install/ad_msgs/lib'
[0.673s] Level 1:colcon.colcon_core.shell:create_environment_hook('ad_msgs', 'ld_library_path_lib')
[0.674s] INFO:colcon.colcon_core.shell:Creating environment hook '/home/seok/automotive_software_mid-term/install/ad_msgs/share/ad_msgs/hook/ld_library_path_lib.ps1'
[0.674s] INFO:colcon.colcon_core.shell:Creating environment descriptor '/home/seok/automotive_software_mid-term/install/ad_msgs/share/ad_msgs/hook/ld_library_path_lib.dsv'
[0.674s] INFO:colcon.colcon_core.shell:Creating environment hook '/home/seok/automotive_software_mid-term/install/ad_msgs/share/ad_msgs/hook/ld_library_path_lib.sh'
[0.674s] Level 1:colcon.colcon_core.environment:checking '/home/seok/automotive_software_mid-term/install/ad_msgs/bin'
[0.674s] Level 1:colcon.colcon_core.environment:checking '/home/seok/automotive_software_mid-term/install/ad_msgs/lib/pkgconfig/ad_msgs.pc'
[0.674s] Level 1:colcon.colcon_core.environment:checking '/home/seok/automotive_software_mid-term/install/ad_msgs/lib/python3.10/site-packages'
[0.674s] Level 1:colcon.colcon_core.environment:checking '/home/seok/automotive_software_mid-term/install/ad_msgs/bin'
[0.675s] INFO:colcon.colcon_core.shell:Creating package script '/home/seok/automotive_software_mid-term/install/ad_msgs/share/ad_msgs/package.ps1'
[0.675s] INFO:colcon.colcon_core.shell:Creating package descriptor '/home/seok/automotive_software_mid-term/install/ad_msgs/share/ad_msgs/package.dsv'
[0.675s] INFO:colcon.colcon_core.shell:Creating package script '/home/seok/automotive_software_mid-term/install/ad_msgs/share/ad_msgs/package.sh'
[0.675s] INFO:colcon.colcon_core.shell:Creating package script '/home/seok/automotive_software_mid-term/install/ad_msgs/share/ad_msgs/package.bash'
[0.676s] INFO:colcon.colcon_core.shell:Creating package script '/home/seok/automotive_software_mid-term/install/ad_msgs/share/ad_msgs/package.zsh'
[0.676s] Level 1:colcon.colcon_core.environment:create_file_with_runtime_dependencies(/home/seok/automotive_software_mid-term/install/ad_msgs/share/colcon-core/packages/ad_msgs)
[0.676s] INFO:colcon.colcon_ros.task.ament_cmake.build:Building ROS package in '/home/seok/automotive_software_mid-term/src/app/autonomous_driving' with build type 'ament_cmake'
[0.676s] INFO:colcon.colcon_cmake.task.cmake.build:Building CMake package in '/home/seok/automotive_software_mid-term/src/app/autonomous_driving'
[0.676s] INFO:colcon.colcon_core.shell:Skip shell extension 'powershell' for command environment: Not usable outside of PowerShell
[0.676s] DEBUG:colcon.colcon_core.shell:Skip shell extension 'dsv' for command environment
[0.679s] INFO:colcon.colcon_ros.task.ament_cmake.build:Building ROS package in '/home/seok/automotive_software_mid-term/src/app/evaluation' with build type 'ament_cmake'
[0.679s] INFO:colcon.colcon_cmake.task.cmake.build:Building CMake package in '/home/seok/automotive_software_mid-term/src/app/evaluation'
[0.679s] INFO:colcon.colcon_core.shell:Skip shell extension 'powershell' for command environment: Not usable outside of PowerShell
[0.679s] DEBUG:colcon.colcon_core.shell:Skip shell extension 'dsv' for command environment
[0.682s] INFO:colcon.colcon_ros.task.ament_cmake.build:Building ROS package in '/home/seok/automotive_software_mid-term/src/app/scenario_runner' with build type 'ament_cmake'
[0.682s] INFO:colcon.colcon_cmake.task.cmake.build:Building CMake package in '/home/seok/automotive_software_mid-term/src/app/scenario_runner'
[0.682s] INFO:colcon.colcon_core.shell:Skip shell extension 'powershell' for command environment: Not usable outside of PowerShell
[0.682s] DEBUG:colcon.colcon_core.shell:Skip shell extension 'dsv' for command environment
[0.685s] INFO:colcon.colcon_ros.task.ament_cmake.build:Building ROS package in '/home/seok/automotive_software_mid-term/src/app/simulator' with build type 'ament_cmake'
[0.685s] INFO:colcon.colcon_cmake.task.cmake.build:Building CMake package in '/home/seok/automotive_software_mid-term/src/app/simulator'
[0.685s] INFO:colcon.colcon_core.shell:Skip shell extension 'powershell' for command environment: Not usable outside of PowerShell
[0.685s] DEBUG:colcon.colcon_core.shell:Skip shell extension 'dsv' for command environment
[0.702s] DEBUG:colcon.colcon_core.event_handler.log_command:Invoking command in '/home/seok/automotive_software_mid-term/build/evaluation': CMAKE_PREFIX_PATH=/home/seok/automotive_software_mid-term/install/ad_msgs:/home/seok/automotive_software_mid-term/install/simulator:/home/seok/automotive_software_mid-term/install/scenario_runner:/home/seok/automotive_software_mid-term/install/evaluation:/home/seok/automotive_software_mid-term/install/autonomous_driving:/home/seok/ros2_ws/install/simulator:/home/seok/ros2_ws/install/evaluation:/home/seok/ros2_ws/install/autonomous_driving:/home/seok/ros2_ws/install/ad_msgs:/opt/ros/humble /usr/bin/cmake --build /home/seok/automotive_software_mid-term/build/evaluation -- -j16 -l16
[0.706s] DEBUG:colcon.colcon_core.event_handler.log_command:Invoking command in '/home/seok/automotive_software_mid-term/build/autonomous_driving': CMAKE_PREFIX_PATH=/home/seok/automotive_software_mid-term/install/ad_msgs:/home/seok/automotive_software_mid-term/install/simulator:/home/seok/automotive_software_mid-term/install/scenario_runner:/home/seok/automotive_software_mid-term/install/evaluation:/home/seok/automotive_software_mid-term/install/autonomous_driving:/home/seok/ros2_ws/install/simulator:/home/seok/ros2_ws/install/evaluation:/home/seok/ros2_ws/install/autonomous_driving:/home/seok/ros2_ws/install/ad_msgs:/opt/ros/humble /usr/bin/cmake --build /home/seok/automotive_software_mid-term/build/autonomous_driving -- -j16 -l16
[0.713s] DEBUG:colcon.colcon_core.event_handler.log_command:Invoking command in '/home/seok/automotive_software_mid-term/build/scenario_runner': CMAKE_PREFIX_PATH=/home/seok/automotive_software_mid-term/install/ad_msgs:/home/seok/automotive_software_mid-term/install/simulator:/home/seok/automotive_software_mid-term/install/scenario_runner:/home/seok/automotive_software_mid-term/install/evaluation:/home/seok/automotive_software_mid-term/install/autonomous_driving:/home/seok/ros2_ws/install/simulator:/home/seok/ros2_ws/install/evaluation:/home/seok/ros2_ws/install/autonomous_driving:/home/seok/ros2_ws/install/ad_msgs:/opt/ros/humble /usr/bin/cmake --build /home/seok/automotive_software_mid-term/build/scenario_runner -- -j16 -l16
[0.716s] DEBUG:colcon.colcon_core.event_handler.log_command:Invoking command in '/home/seok/automotive_software_mid-term/build/simulator': CMAKE_PREFIX_PATH=/home/seok/automotive_software_mid-term/install/ad_msgs:/home/seok/automotive_software_mid-term/install/simulator:/home/seok/automotive_software_mid-term/install/scenario_runner:/home/seok/automotive_software_mid-term/install/evaluation:/home/seok/automotive_software_mid-term/install/autonomous_driving:/home/seok/ros2_ws/install/simulator:/home/seok/ros2_ws/install/evaluation:/home/seok/ros2_ws/install/autonomous_driving:/home/seok/ros2_ws/install/ad_msgs:/opt/ros/humble /usr/bin/cmake --build /home/seok/automotive_software_mid-term/build/simulator -- -j16 -l16
[0.742s] DEBUG:colcon.colcon_core.event_handler.log_command:Invoked command in '/home/seok/automotive_software_mid-term/build/evaluation' returned '0': CMAKE_PREFIX_PATH=/home/seok/automotive_software_mid-term/install/ad_msgs:/home/seok/automotive_software_mid-term/install/simulator:/home/seok/automotive_software_mid-term/install/scenario_runner:/home/seok/automotive_software_mid-term/install/evaluation:/home/seok/automotive_software_mid-term/install/autonomous_driving:/home/seok/ros2_ws/install/simulator:/home/seok/ros2_ws/install/evaluation:/home/seok/ros2_ws/install/autonomous_driving:/home/seok/ros2_ws/install/ad_msgs:/opt/ros/humble /usr/bin/cmake --build /home/seok/automotive_software_mid-term/build/evaluation -- -j16 -l16
[0.755s] DEBUG:colcon.colcon_core.event_handler.log_command:Invoked command in '/home/seok/automotive_software_mid-term/build/scenario_runner' returned '0': CMAKE_PREFIX_PATH=/home/seok/automotive_software_mid-term/install/ad_msgs:/home/seok/automotive_software_mid-term/install/simulator:/home/seok/automotive_software_mid-term/install/scenario_runner:/home/seok/automotive_software_mid-term/install/evaluation:/home/seok/automotive_software_mid-term/install/autonomous_driving:/home/seok/ros2_ws/install/simulator:/home/seok/ros2_ws/install/evaluation:/home/seok/ros2_ws/install/autonomous_driving:/home/seok/ros2_ws/install/ad_msgs:/opt/ros/humble /usr/bin/cmake --build /home/seok/automotive_software_mid-term/build/scenario_runner -- -j16 -l16
[0.759s] DEBUG:colcon.colcon_core.event_handler.log_command:Invoked command in '/home/seok/automotive_software_mid-term/build/simulator' returned '0': CMAKE_PREFIX_PATH=/home/seok/automotive_software_mid-term/install/ad_msgs:/home/seok/automotive_software_mid-term/install/simulator:/home/seok/automotive_software_mid-term/install/scenario_runner:/home/seok/automotive_software_mid-term/install/evaluation:/home/seok/automotive_software_mid-term/install/autonomous_driving:/home/seok/ros2_ws/install/simulator:/home/seok/ros2_ws/install/evaluation:/home/seok/ros2_ws/install/autonomous_driving:/home/seok/ros2_ws/install/ad_msgs:/opt/ros/humble /usr/bin/cmake --build /home/seok/automotive_software_mid-term/build/simulator -- -j16 -l16
[0.762s] DEBUG:colcon.colcon_core.event_handler.log_command:Invoking command in '/home/seok/automotive_software_mid-term/build/evaluation': CMAKE_PREFIX_PATH=/home/seok/automotive_software_mid-term/install/ad_msgs:/home/seok/automotive_software_mid-term/install/simulator:/home/seok/automotive_software_mid-term/install/scenario_runner:/home/seok/automotive_software_mid-term/install/evaluation:/home/seok/automotive_software_mid-term/install/autonomous_driving:/home/seok/ros2_ws/install/simulator:/home/seok/ros2_ws/install/evaluation:/home/seok/ros2_ws/install/autonomous_driving:/home/seok/ros2_ws/install/ad_msgs:/opt/ros/humble /usr/bin/cmake --install /home/seok/automotive_software_mid-term/build/evaluation
[0.770s] Level 1:colcon.colcon_core.environment:create_environment_scripts_only(evaluation)
[0.770s] Level 1:colcon.colcon_core.environment:checking '/home/seok/automotive_software_mid-term/install/evaluation' for CMake module files
[0.771s] DEBUG:colcon.colcon_core.event_handler.log_command:Invoked command in '/home/seok/automotive_software_mid-term/build/evaluation' returned '0': CMAKE_PREFIX_PATH=/home/seok/automotive_software_mid-term/install/ad_msgs:/home/seok/automotive_software_mid-term/install/simulator:/home/seok/automotive_software_mid-term/install/scenario_runner:/home/seok/automotive_software_mid-term/install/evaluation:/home/seok/automotive_software_mid-term/install/autonomous_driving:/home/seok/ros2_ws/install/simulator:/home/seok/ros2_ws/install/evaluation:/home/seok/ros2_ws/install/autonomous_driving:/home/seok/ros2_ws/install/ad_msgs:/opt/ros/humble /usr/bin/cmake --install /home/seok/automotive_software_mid-term/build/evaluation
[0.771s] Level 1:colcon.colcon_core.environment:checking '/home/seok/automotive_software_mid-term/install/evaluation' for CMake config files
[0.772s] Level 1:colcon.colcon_core.shell:create_environment_hook('evaluation', 'cmake_prefix_path')
[0.772s] INFO:colcon.colcon_core.shell:Creating environment hook '/home/seok/automotive_software_mid-term/install/evaluation/share/evaluation/hook/cmake_prefix_path.ps1'
[0.772s] INFO:colcon.colcon_core.shell:Creating environment descriptor '/home/seok/automotive_software_mid-term/install/evaluation/share/evaluation/hook/cmake_prefix_path.dsv'
[0.773s] INFO:colcon.colcon_core.shell:Creating environment hook '/home/seok/automotive_software_mid-term/install/evaluation/share/evaluation/hook/cmake_prefix_path.sh'
[0.773s] Level 1:colcon.colcon_core.environment:checking '/home/seok/automotive_software_mid-term/install/evaluation/lib'
[0.773s] Level 1:colcon.colcon_core.environment:checking '/home/seok/automotive_software_mid-term/install/evaluation/bin'
[0.773s] Level 1:colcon.colcon_core.environment:checking '/home/seok/automotive_software_mid-term/install/evaluation/lib/pkgconfig/evaluation.pc'
[0.773s] Level 1:colcon.colcon_core.environment:checking '/home/seok/automotive_software_mid-term/install/evaluation/lib/python3.10/site-packages'
[0.774s] Level 1:colcon.colcon_core.environment:checking '/home/seok/automotive_software_mid-term/install/evaluation/bin'
[0.774s] INFO:colcon.colcon_core.shell:Creating package script '/home/seok/automotive_software_mid-term/install/evaluation/share/evaluation/package.ps1'
[0.774s] INFO:colcon.colcon_core.shell:Creating package descriptor '/home/seok/automotive_software_mid-term/install/evaluation/share/evaluation/package.dsv'
[0.774s] INFO:colcon.colcon_core.shell:Creating package script '/home/seok/automotive_software_mid-term/install/evaluation/share/evaluation/package.sh'
[0.775s] INFO:colcon.colcon_core.shell:Creating package script '/home/seok/automotive_software_mid-term/install/evaluation/share/evaluation/package.bash'
[0.775s] INFO:colcon.colcon_core.shell:Creating package script '/home/seok/automotive_software_mid-term/install/evaluation/share/evaluation/package.zsh'
[0.775s] Level 1:colcon.colcon_core.environment:create_file_with_runtime_dependencies(/home/seok/automotive_software_mid-term/install/evaluation/share/colcon-core/packages/evaluation)
[0.777s] DEBUG:colcon.colcon_core.event_handler.log_command:Invoking command in '/home/seok/automotive_software_mid-term/build/scenario_runner': CMAKE_PREFIX_PATH=/home/seok/automotive_software_mid-term/install/ad_msgs:/home/seok/automotive_software_mid-term/install/simulator:/home/seok/automotive_software_mid-term/install/scenario_runner:/home/seok/automotive_software_mid-term/install/evaluation:/home/seok/automotive_software_mid-term/install/autonomous_driving:/home/seok/ros2_ws/install/simulator:/home/seok/ros2_ws/install/evaluation:/home/seok/ros2_ws/install/autonomous_driving:/home/seok/ros2_ws/install/ad_msgs:/opt/ros/humble /usr/bin/cmake --install /home/seok/automotive_software_mid-term/build/scenario_runner
[0.782s] DEBUG:colcon.colcon_core.event_handler.log_command:Invoking command in '/home/seok/automotive_software_mid-term/build/simulator': CMAKE_PREFIX_PATH=/home/seok/automotive_software_mid-term/install/ad_msgs:/home/seok/automotive_software_mid-term/install/simulator:/home/seok/automotive_software_mid-term/install/scenario_runner:/home/seok/automotive_software_mid-term/install/evaluation:/home/seok/automotive_software_mid-term/install/autonomous_driving:/home/seok/ros2_ws/install/simulator:/home/seok/ros2_ws/install/evaluation:/home/seok/ros2_ws/install/autonomous_driving:/home/seok/ros2_ws/install/ad_msgs:/opt/ros/humble /usr/bin/cmake --install /home/seok/automotive_software_mid-term/build/simulator
[0.787s] Level 1:colcon.colcon_core.environment:create_environment_scripts_only(scenario_runner)
[0.787s] Level 1:colcon.colcon_core.environment:checking '/home/seok/automotive_software_mid-term/install/scenario_runner' for CMake module files
[0.791s] DEBUG:colcon.colcon_core.event_handler.log_command:Invoked command in '/home/seok/automotive_software_mid-term/build/scenario_runner' returned '0': CMAKE_PREFIX_PATH=/home/seok/automotive_software_mid-term/install/ad_msgs:/home/seok/automotive_software_mid-term/install/simulator:/home/seok/automotive_software_mid-term/install/scenario_runner:/home/seok/automotive_software_mid-term/install/evaluation:/home/seok/automotive_software_mid-term/install/autonomous_driving:/home/seok/ros2_ws/install/simulator:/home/seok/ros2_ws/install/evaluation:/home/seok/ros2_ws/install/autonomous_driving:/home/seok/ros2_ws/install/ad_msgs:/opt/ros/humble /usr/bin/cmake --install /home/seok/automotive_software_mid-term/build/scenario_runner
[0.791s] Level 1:colcon.colcon_core.environment:checking '/home/seok/automotive_software_mid-term/install/scenario_runner' for CMake config files
[0.791s] Level 1:colcon.colcon_core.shell:create_environment_hook('scenario_runner', 'cmake_prefix_path')
[0.791s] INFO:colcon.colcon_core.shell:Creating environment hook '/home/seok/automotive_software_mid-term/install/scenario_runner/share/scenario_runner/hook/cmake_prefix_path.ps1'
[0.792s] INFO:colcon.colcon_core.shell:Creating environment descriptor '/home/seok/automotive_software_mid-term/install/scenario_runner/share/scenario_runner/hook/cmake_prefix_path.dsv'
[0.792s] INFO:colcon.colcon_core.shell:Creating environment hook '/home/seok/automotive_software_mid-term/install/scenario_runner/share/scenario_runner/hook/cmake_prefix_path.sh'
[0.792s] Level 1:colcon.colcon_core.environment:checking '/home/seok/automotive_software_mid-term/install/scenario_runner/lib'
[0.792s] Level 1:colcon.colcon_core.environment:checking '/home/seok/automotive_software_mid-term/install/scenario_runner/bin'
[0.792s] Level 1:colcon.colcon_core.environment:checking '/home/seok/automotive_software_mid-term/install/scenario_runner/lib/pkgconfig/scenario_runner.pc'
[0.793s] Level 1:colcon.colcon_core.environment:checking '/home/seok/automotive_software_mid-term/install/scenario_runner/lib/python3.10/site-packages'
[0.793s] Level 1:colcon.colcon_core.environment:checking '/home/seok/automotive_software_mid-term/install/scenario_runner/bin'
[0.793s] INFO:colcon.colcon_core.shell:Creating package script '/home/seok/automotive_software_mid-term/install/scenario_runner/share/scenario_runner/package.ps1'
[0.793s] INFO:colcon.colcon_core.shell:Creating package descriptor '/home/seok/automotive_software_mid-term/install/scenario_runner/share/scenario_runner/package.dsv'
[0.794s] INFO:colcon.colcon_core.shell:Creating package script '/home/seok/automotive_software_mid-term/install/scenario_runner/share/scenario_runner/package.sh'
[0.794s] INFO:colcon.colcon_core.shell:Creating package script '/home/seok/automotive_software_mid-term/install/scenario_runner/share/scenario_runner/package.bash'
[0.794s] INFO:colcon.colcon_core.shell:Creating package script '/home/seok/automotive_software_mid-term/install/scenario_runner/share/scenario_runner/package.zsh'
[0.794s] Level 1:colcon.colcon_core.environment:create_file_with_runtime_dependencies(/home/seok/automotive_software_mid-term/install/scenario_runner/share/colcon-core/packages/scenario_runner)
[0.796s] Level 1:colcon.colcon_core.environment:create_environment_scripts_only(evaluation)
[0.796s] Level 1:colcon.colcon_core.environment:checking '/home/seok/automotive_software_mid-term/install/evaluation' for CMake module files
[0.796s] Level 1:colcon.colcon_core.environment:checking '/home/seok/automotive_software_mid-term/install/evaluation' for CMake config files
[0.796s] Level 1:colcon.colcon_core.shell:create_environment_hook('evaluation', 'cmake_prefix_path')
[0.797s] INFO:colcon.colcon_core.shell:Creating environment hook '/home/seok/automotive_software_mid-term/install/evaluation/share/evaluation/hook/cmake_prefix_path.ps1'
[0.797s] INFO:colcon.colcon_core.shell:Creating environment descriptor '/home/seok/automotive_software_mid-term/install/evaluation/share/evaluation/hook/cmake_prefix_path.dsv'
[0.797s] INFO:colcon.colcon_core.shell:Creating environment hook '/home/seok/automotive_software_mid-term/install/evaluation/share/evaluation/hook/cmake_prefix_path.sh'
[0.797s] Level 1:colcon.colcon_core.environment:checking '/home/seok/automotive_software_mid-term/install/evaluation/lib'
[0.797s] Level 1:colcon.colcon_core.environment:checking '/home/seok/automotive_software_mid-term/install/evaluation/bin'
[0.797s] Level 1:colcon.colcon_core.environment:checking '/home/seok/automotive_software_mid-term/install/evaluation/lib/pkgconfig/evaluation.pc'
[0.798s] Level 1:colcon.colcon_core.environment:checking '/home/seok/automotive_software_mid-term/install/evaluation/lib/python3.10/site-packages'
[0.798s] Level 1:colcon.colcon_core.environment:checking '/home/seok/automotive_software_mid-term/install/evaluation/bin'
[0.798s] INFO:colcon.colcon_core.shell:Creating package script '/home/seok/automotive_software_mid-term/install/evaluation/share/evaluation/package.ps1'
[0.798s] INFO:colcon.colcon_core.shell:Creating package descriptor '/home/seok/automotive_software_mid-term/install/evaluation/share/evaluation/package.dsv'
[0.798s] INFO:colcon.colcon_core.shell:Creating package script '/home/seok/automotive_software_mid-term/install/evaluation/share/evaluation/package.sh'
[0.799s] INFO:colcon.colcon_core.shell:Creating package script '/home/seok/automotive_software_mid-term/install/evaluation/share/evaluation/package.bash'
[0.799s] INFO:colcon.colcon_core.shell:Creating package script '/home/seok/automotive_software_mid-term/install/evaluation/share/evaluation/package.zsh'
[0.799s] Level 1:colcon.colcon_core.environment:create_file_with_runtime_dependencies(/home/seok/automotive_software_mid-term/install/evaluation/share/colcon-core/packages/evaluation)
[0.800s] Level 1:colcon.colcon_core.environment:create_environment_scripts_only(simulator)
[0.800s] Level 1:colcon.colcon_core.environment:checking '/home/seok/automotive_software_mid-term/install/simulator' for CMake module files
[0.801s] Level 1:colcon.colcon_core.environment:checking '/home/seok/automotive_software_mid-term/install/simulator' for CMake config files
[0.801s] DEBUG:colcon.colcon_core.event_handler.log_command:Invoked command in '/home/seok/automotive_software_mid-term/build/simulator' returned '0': CMAKE_PREFIX_PATH=/home/seok/automotive_software_mid-term/install/ad_msgs:/home/seok/automotive_software_mid-term/install/simulator:/home/seok/automotive_software_mid-term/install/scenario_runner:/home/seok/automotive_software_mid-term/install/evaluation:/home/seok/automotive_software_mid-term/install/autonomous_driving:/home/seok/ros2_ws/install/simulator:/home/seok/ros2_ws/install/evaluation:/home/seok/ros2_ws/install/autonomous_driving:/home/seok/ros2_ws/install/ad_msgs:/opt/ros/humble /usr/bin/cmake --install /home/seok/automotive_software_mid-term/build/simulator
[0.801s] Level 1:colcon.colcon_core.shell:create_environment_hook('simulator', 'cmake_prefix_path')
[0.801s] INFO:colcon.colcon_core.shell:Creating environment hook '/home/seok/automotive_software_mid-term/install/simulator/share/simulator/hook/cmake_prefix_path.ps1'
[0.802s] INFO:colcon.colcon_core.shell:Creating environment descriptor '/home/seok/automotive_software_mid-term/install/simulator/share/simulator/hook/cmake_prefix_path.dsv'
[0.802s] INFO:colcon.colcon_core.shell:Creating environment hook '/home/seok/automotive_software_mid-term/install/simulator/share/simulator/hook/cmake_prefix_path.sh'
[0.802s] Level 1:colcon.colcon_core.environment:checking '/home/seok/automotive_software_mid-term/install/simulator/lib'
[0.802s] Level 1:colcon.colcon_core.environment:checking '/home/seok/automotive_software_mid-term/install/simulator/bin'
[0.802s] Level 1:colcon.colcon_core.environment:checking '/home/seok/automotive_software_mid-term/install/simulator/lib/pkgconfig/simulator.pc'
[0.802s] Level 1:colcon.colcon_core.environment:checking '/home/seok/automotive_software_mid-term/install/simulator/lib/python3.10/site-packages'
[0.802s] Level 1:colcon.colcon_core.environment:checking '/home/seok/automotive_software_mid-term/install/simulator/bin'
[0.803s] INFO:colcon.colcon_core.shell:Creating package script '/home/seok/automotive_software_mid-term/install/simulator/share/simulator/package.ps1'
[0.803s] INFO:colcon.colcon_core.shell:Creating package descriptor '/home/seok/automotive_software_mid-term/install/simulator/share/simulator/package.dsv'
[0.803s] INFO:colcon.colcon_core.shell:Creating package script '/home/seok/automotive_software_mid-term/install/simulator/share/simulator/package.sh'
[0.803s] INFO:colcon.colcon_core.shell:Creating package script '/home/seok/automotive_software_mid-term/install/simulator/share/simulator/package.bash'
[0.804s] INFO:colcon.colcon_core.shell:Creating package script '/home/seok/automotive_software_mid-term/install/simulator/share/simulator/package.zsh'
[0.804s] Level 1:colcon.colcon_core.environment:create_file_with_runtime_dependencies(/home/seok/automotive_software_mid-term/install/simulator/share/colcon-core/packages/simulator)
[0.814s] Level 1:colcon.colcon_core.environment:create_environment_scripts_only(scenario_runner)
[0.814s] Level 1:colcon.colcon_core.environment:checking '/home/seok/automotive_software_mid-term/install/scenario_runner' for CMake module files
[0.814s] Level 1:colcon.colcon_core.environment:checking '/home/seok/automotive_software_mid-term/install/scenario_runner' for CMake config files
[0.814s] Level 1:colcon.colcon_core.shell:create_environment_hook('scenario_runner', 'cmake_prefix_path')
[0.815s] INFO:colcon.colcon_core.shell:Creating environment hook '/home/seok/automotive_software_mid-term/install/scenario_runner/share/scenario_runner/hook/cmake_prefix_path.ps1'
[0.815s] INFO:colcon.colcon_core.shell:Creating environment descriptor '/home/seok/automotive_software_mid-term/install/scenario_runner/share/scenario_runner/hook/cmake_prefix_path.dsv'
[0.815s] INFO:colcon.colcon_core.shell:Creating environment hook '/home/seok/automotive_software_mid-term/install/scenario_runner/share/scenario_runner/hook/cmake_prefix_path.sh'
[0.816s] Level 1:colcon.colcon_core.environment:checking '/home/seok/automotive_software_mid-term/install/scenario_runner/lib'
[0.816s] Level 1:colcon.colcon_core.environment:checking '/home/seok/automotive_software_mid-term/install/scenario_runner/bin'
[0.816s] Level 1:colcon.colcon_core.environment:checking '/home/seok/automotive_software_mid-term/install/scenario_runner/lib/pkgconfig/scenario_runner.pc'
[0.816s] Level 1:colcon.colcon_core.environment:checking '/home/seok/automotive_software_mid-term/install/scenario_runner/lib/python3.10/site-packages'
[0.816s] Level 1:colcon.colcon_core.environment:checking '/home/seok/automotive_software_mid-term/install/scenario_runner/bin'
[0.816s] INFO:colcon.colcon_core.shell:Creating package script '/home/seok/automotive_software_mid-term/install/scenario_runner/share/scenario_runner/package.ps1'
[0.817s] INFO:colcon.colcon_core.shell:Creating package descriptor '/home/seok/automotive_software_mid-term/install/scenario_runner/share/scenario_runner/package.dsv'
[0.817s] INFO:colcon.colcon_core.shell:Creating package script '/home/seok/automotive_software_mid-term/install/scenario_runner/share/scenario_runner/package.sh'
[0.817s] INFO:colcon.colcon_core.shell:Creating package script '/home/seok/automotive_software_mid-term/install/scenario_runner/share/scenario_runner/package.bash'
[0.817s] INFO:colcon.colcon_core.shell:Creating package script '/home/seok/automotive_software_mid-term/install/scenario_runner/share/scenario_runner/package.zsh'
[0.818s] Level 1:colcon.colcon_core.environment:create_file_with_runtime_dependencies(/home/seok/automotive_software_mid-term/install/scenario_runner/share/colcon-core/packages/scenario_runner)
[0.825s] Level 1:colcon.colcon_core.environment:create_environment_scripts_only(simulator)
[0.826s] Level 1:colcon.colcon_core.environment:checking '/home/seok/automotive_software_mid-term/install/simulator' for CMake module files
[0.826s] Level 1:colcon.colcon_core.environment:checking '/home/seok/automotive_software_mid-term/install/simulator' for CMake config files
[0.827s] Level 1:colcon.colcon_core.shell:create_environment_hook('simulator', 'cmake_prefix_path')
[0.827s] INFO:colcon.colcon_core.shell:Creating environment hook '/home/seok/automotive_software_mid-term/install/simulator/share/simulator/hook/cmake_prefix_path.ps1'
[0.827s] INFO:colcon.colcon_core.shell:Creating environment descriptor '/home/seok/automotive_software_mid-term/install/simulator/share/simulator/hook/cmake_prefix_path.dsv'
[0.827s] INFO:colcon.colcon_core.shell:Creating environment hook '/home/seok/automotive_software_mid-term/install/simulator/share/simulator/hook/cmake_prefix_path.sh'
[0.828s] Level 1:colcon.colcon_core.environment:checking '/home/seok/automotive_software_mid-term/install/simulator/lib'
[0.828s] Level 1:colcon.colcon_core.environment:checking '/home/seok/automotive_software_mid-term/install/simulator/bin'
[0.828s] Level 1:colcon.colcon_core.environment:checking '/home/seok/automotive_software_mid-term/install/simulator/lib/pkgconfig/simulator.pc'
[0.828s] Level 1:colcon.colcon_core.environment:checking '/home/seok/automotive_software_mid-term/install/simulator/lib/python3.10/site-packages'
[0.828s] Level 1:colcon.colcon_core.environment:checking '/home/seok/automotive_software_mid-term/install/simulator/bin'
[0.828s] INFO:colcon.colcon_core.shell:Creating package script '/home/seok/automotive_software_mid-term/install/simulator/share/simulator/package.ps1'
[0.829s] INFO:colcon.colcon_core.shell:Creating package descriptor '/home/seok/automotive_software_mid-term/install/simulator/share/simulator/package.dsv'
[0.829s] INFO:colcon.colcon_core.shell:Creating package script '/home/seok/automotive_software_mid-term/install/simulator/share/simulator/package.sh'
[0.829s] INFO:colcon.colcon_core.shell:Creating package script '/home/seok/automotive_software_mid-term/install/simulator/share/simulator/package.bash'
[0.829s] INFO:colcon.colcon_core.shell:Creating package script '/home/seok/automotive_software_mid-term/install/simulator/share/simulator/package.zsh'
[0.830s] Level 1:colcon.colcon_core.environment:create_file_with_runtime_dependencies(/home/seok/automotive_software_mid-term/install/simulator/share/colcon-core/packages/simulator)
[16.285s] DEBUG:colcon.colcon_core.event_handler.log_command:Invoked command in '/home/seok/automotive_software_mid-term/build/autonomous_driving' returned '2': CMAKE_PREFIX_PATH=/home/seok/automotive_software_mid-term/install/ad_msgs:/home/seok/automotive_software_mid-term/install/simulator:/home/seok/automotive_software_mid-term/install/scenario_runner:/home/seok/automotive_software_mid-term/install/evaluation:/home/seok/automotive_software_mid-term/install/autonomous_driving:/home/seok/ros2_ws/install/simulator:/home/seok/ros2_ws/install/evaluation:/home/seok/ros2_ws/install/autonomous_driving:/home/seok/ros2_ws/install/ad_msgs:/opt/ros/humble /usr/bin/cmake --build /home/seok/automotive_software_mid-term/build/autonomous_driving -- -j16 -l16
[16.300s] Level 1:colcon.colcon_core.environment:create_environment_scripts_only(autonomous_driving)
[16.300s] Level 1:colcon.colcon_core.environment:checking '/home/seok/automotive_software_mid-term/install/autonomous_driving' for CMake module files
[16.300s] Level 1:colcon.colcon_core.environment:checking '/home/seok/automotive_software_mid-term/install/autonomous_driving' for CMake config files
[16.301s] Level 1:colcon.colcon_core.shell:create_environment_hook('autonomous_driving', 'cmake_prefix_path')
[16.301s] INFO:colcon.colcon_core.shell:Creating environment hook '/home/seok/automotive_software_mid-term/install/autonomous_driving/share/autonomous_driving/hook/cmake_prefix_path.ps1'
[16.301s] INFO:colcon.colcon_core.shell:Creating environment descriptor '/home/seok/automotive_software_mid-term/install/autonomous_driving/share/autonomous_driving/hook/cmake_prefix_path.dsv'
[16.301s] INFO:colcon.colcon_core.shell:Creating environment hook '/home/seok/automotive_software_mid-term/install/autonomous_driving/share/autonomous_driving/hook/cmake_prefix_path.sh'
[16.302s] Level 1:colcon.colcon_core.environment:checking '/home/seok/automotive_software_mid-term/install/autonomous_driving/lib'
[16.302s] Level 1:colcon.colcon_core.environment:checking '/home/seok/automotive_software_mid-term/install/autonomous_driving/bin'
[16.302s] Level 1:colcon.colcon_core.environment:checking '/home/seok/automotive_software_mid-term/install/autonomous_driving/lib/pkgconfig/autonomous_driving.pc'
[16.302s] Level 1:colcon.colcon_core.environment:checking '/home/seok/automotive_software_mid-term/install/autonomous_driving/lib/python3.10/site-packages'
[16.302s] Level 1:colcon.colcon_core.environment:checking '/home/seok/automotive_software_mid-term/install/autonomous_driving/bin'
[16.302s] INFO:colcon.colcon_core.shell:Creating package script '/home/seok/automotive_software_mid-term/install/autonomous_driving/share/autonomous_driving/package.ps1'
[16.303s] INFO:colcon.colcon_core.shell:Creating package descriptor '/home/seok/automotive_software_mid-term/install/autonomous_driving/share/autonomous_driving/package.dsv'
[16.303s] INFO:colcon.colcon_core.shell:Creating package script '/home/seok/automotive_software_mid-term/install/autonomous_driving/share/autonomous_driving/package.sh'
[16.303s] INFO:colcon.colcon_core.shell:Creating package script '/home/seok/automotive_software_mid-term/install/autonomous_driving/share/autonomous_driving/package.bash'
[16.303s] INFO:colcon.colcon_core.shell:Creating package script '/home/seok/automotive_software_mid-term/install/autonomous_driving/share/autonomous_driving/package.zsh'
[16.304s] Level 1:colcon.colcon_core.environment:create_file_with_runtime_dependencies(/home/seok/automotive_software_mid-term/install/autonomous_driving/share/colcon-core/packages/autonomous_driving)
[16.314s] DEBUG:colcon.colcon_parallel_executor.executor.parallel:closing loop
[16.314s] DEBUG:colcon.colcon_parallel_executor.executor.parallel:loop closed
[16.314s] DEBUG:colcon.colcon_parallel_executor.executor.parallel:run_until_complete finished with '2'
[16.314s] DEBUG:colcon.colcon_core.event_reactor:joining thread
[16.348s] INFO:colcon.colcon_core.plugin_system:Skipping extension 'colcon_notification.desktop_notification.notify_send': Could not find 'notify-send'
[16.349s] INFO:colcon.colcon_core.plugin_system:Skipping extension 'colcon_notification.desktop_notification.terminal_notifier': Not used on non-Darwin systems
[16.349s] INFO:colcon.colcon_core.plugin_system:Skipping extension 'colcon_notification.desktop_notification.win32': Not used on non-Windows systems
[16.349s] INFO:colcon.colcon_notification.desktop_notification:Sending desktop notification using 'notify2'
[16.350s] DEBUG:colcon.colcon_notification.desktop_notification.notify2:Failed to initialize notify2: org.freedesktop.DBus.Error.ServiceUnknown: The name org.freedesktop.Notifications was not provided by any .service files
[16.351s] DEBUG:colcon.colcon_core.event_reactor:joined thread
[16.351s] INFO:colcon.colcon_core.shell:Creating prefix script '/home/seok/automotive_software_mid-term/install/local_setup.ps1'
[16.352s] INFO:colcon.colcon_core.shell:Creating prefix util module '/home/seok/automotive_software_mid-term/install/_local_setup_util_ps1.py'
[16.354s] INFO:colcon.colcon_core.shell:Creating prefix chain script '/home/seok/automotive_software_mid-term/install/setup.ps1'
[16.355s] INFO:colcon.colcon_core.shell:Creating prefix script '/home/seok/automotive_software_mid-term/install/local_setup.sh'
[16.356s] INFO:colcon.colcon_core.shell:Creating prefix util module '/home/seok/automotive_software_mid-term/install/_local_setup_util_sh.py'
[16.356s] INFO:colcon.colcon_core.shell:Creating prefix chain script '/home/seok/automotive_software_mid-term/install/setup.sh'
[16.357s] INFO:colcon.colcon_core.shell:Creating prefix script '/home/seok/automotive_software_mid-term/install/local_setup.bash'
[16.357s] INFO:colcon.colcon_core.shell:Creating prefix chain script '/home/seok/automotive_software_mid-term/install/setup.bash'
[16.359s] INFO:colcon.colcon_core.shell:Creating prefix script '/home/seok/automotive_software_mid-term/install/local_setup.zsh'
[16.360s] INFO:colcon.colcon_core.shell:Creating prefix chain script '/home/seok/automotive_software_mid-term/install/setup.zsh'
