[0.038s] Invoking command in '/home/seok/automotive_software_mid-term/build/simulator': CMAKE_PREFIX_PATH=/home/seok/automotive_software_mid-term/install/ad_msgs:/home/seok/automotive_software_mid-term/install/simulator:/home/seok/automotive_software_mid-term/install/scenario_runner:/home/seok/automotive_software_mid-term/install/evaluation:/home/seok/automotive_software_mid-term/install/autonomous_driving:/home/seok/ros2_ws/install/simulator:/home/seok/ros2_ws/install/evaluation:/home/seok/ros2_ws/install/autonomous_driving:/home/seok/ros2_ws/install/ad_msgs:/opt/ros/humble /usr/bin/cmake --build /home/seok/automotive_software_mid-term/build/simulator -- -j16 -l16
[0.076s] [ 25%] Built target display
[0.076s] [ 50%] Built target vehicle
[0.079s] [100%] Built target lane_detection
[0.091s] Invoked command in '/home/seok/automotive_software_mid-term/build/simulator' returned '0': CMAKE_PREFIX_PATH=/home/seok/automotive_software_mid-term/install/ad_msgs:/home/seok/automotive_software_mid-term/install/simulator:/home/seok/automotive_software_mid-term/install/scenario_runner:/home/seok/automotive_software_mid-term/install/evaluation:/home/seok/automotive_software_mid-term/install/autonomous_driving:/home/seok/ros2_ws/install/simulator:/home/seok/ros2_ws/install/evaluation:/home/seok/ros2_ws/install/autonomous_driving:/home/seok/ros2_ws/install/ad_msgs:/opt/ros/humble /usr/bin/cmake --build /home/seok/automotive_software_mid-term/build/simulator -- -j16 -l16
[0.121s] Invoking command in '/home/seok/automotive_software_mid-term/build/simulator': CMAKE_PREFIX_PATH=/home/seok/automotive_software_mid-term/install/ad_msgs:/home/seok/automotive_software_mid-term/install/simulator:/home/seok/automotive_software_mid-term/install/scenario_runner:/home/seok/automotive_software_mid-term/install/evaluation:/home/seok/automotive_software_mid-term/install/autonomous_driving:/home/seok/ros2_ws/install/simulator:/home/seok/ros2_ws/install/evaluation:/home/seok/ros2_ws/install/autonomous_driving:/home/seok/ros2_ws/install/ad_msgs:/opt/ros/humble /usr/bin/cmake --install /home/seok/automotive_software_mid-term/build/simulator
[0.125s] -- Install configuration: ""
[0.125s] -- Up-to-date: /home/seok/automotive_software_mid-term/install/simulator/lib/simulator/vehicle
[0.125s] -- Up-to-date: /home/seok/automotive_software_mid-term/install/simulator/lib/simulator/lane_detection
[0.126s] -- Up-to-date: /home/seok/automotive_software_mid-term/install/simulator/lib/simulator/display
[0.127s] -- Up-to-date: /home/seok/automotive_software_mid-term/install/simulator/share/simulator/launch
[0.127s] -- Up-to-date: /home/seok/automotive_software_mid-term/install/simulator/share/simulator/launch/simulation.launch.xml
[0.127s] -- Up-to-date: /home/seok/automotive_software_mid-term/install/simulator/share/ament_index/resource_index/package_run_dependencies/simulator
[0.127s] -- Up-to-date: /home/seok/automotive_software_mid-term/install/simulator/share/ament_index/resource_index/parent_prefix_path/simulator
[0.127s] -- Up-to-date: /home/seok/automotive_software_mid-term/install/simulator/share/simulator/environment/ament_prefix_path.sh
[0.129s] -- Up-to-date: /home/seok/automotive_software_mid-term/install/simulator/share/simulator/environment/ament_prefix_path.dsv
[0.129s] -- Up-to-date: /home/seok/automotive_software_mid-term/install/simulator/share/simulator/environment/path.sh
[0.129s] -- Up-to-date: /home/seok/automotive_software_mid-term/install/simulator/share/simulator/environment/path.dsv
[0.129s] -- Up-to-date: /home/seok/automotive_software_mid-term/install/simulator/share/simulator/local_setup.bash
[0.130s] -- Up-to-date: /home/seok/automotive_software_mid-term/install/simulator/share/simulator/local_setup.sh
[0.130s] -- Up-to-date: /home/seok/automotive_software_mid-term/install/simulator/share/simulator/local_setup.zsh
[0.130s] -- Up-to-date: /home/seok/automotive_software_mid-term/install/simulator/share/simulator/local_setup.dsv
[0.130s] -- Installing: /home/seok/automotive_software_mid-term/install/simulator/share/simulator/package.dsv
[0.130s] -- Up-to-date: /home/seok/automotive_software_mid-term/install/simulator/share/ament_index/resource_index/packages/simulator
[0.130s] -- Up-to-date: /home/seok/automotive_software_mid-term/install/simulator/share/simulator/cmake/simulatorConfig.cmake
[0.130s] -- Up-to-date: /home/seok/automotive_software_mid-term/install/simulator/share/simulator/cmake/simulatorConfig-version.cmake
[0.130s] -- Up-to-date: /home/seok/automotive_software_mid-term/install/simulator/share/simulator/package.xml
[0.130s] Invoked command in '/home/seok/automotive_software_mid-term/build/simulator' returned '0': CMAKE_PREFIX_PATH=/home/seok/automotive_software_mid-term/install/ad_msgs:/home/seok/automotive_software_mid-term/install/simulator:/home/seok/automotive_software_mid-term/install/scenario_runner:/home/seok/automotive_software_mid-term/install/evaluation:/home/seok/automotive_software_mid-term/install/autonomous_driving:/home/seok/ros2_ws/install/simulator:/home/seok/ros2_ws/install/evaluation:/home/seok/ros2_ws/install/autonomous_driving:/home/seok/ros2_ws/install/ad_msgs:/opt/ros/humble /usr/bin/cmake --install /home/seok/automotive_software_mid-term/build/simulator
