[0.032s] Invoking command in '/home/seok/automotive_software_mid-term/build/autonomous_driving': CMAKE_PREFIX_PATH=/home/seok/automotive_software_mid-term/install/ad_msgs:/home/seok/automotive_software_mid-term/install/simulator:/home/seok/automotive_software_mid-term/install/scenario_runner:/home/seok/automotive_software_mid-term/install/evaluation:/home/seok/automotive_software_mid-term/install/autonomous_driving:/home/seok/ros2_ws/install/simulator:/home/seok/ros2_ws/install/evaluation:/home/seok/ros2_ws/install/autonomous_driving:/home/seok/ros2_ws/install/ad_msgs:/opt/ros/humble /usr/bin/cmake --build /home/seok/automotive_software_mid-term/build/autonomous_driving -- -j16 -l16
[0.061s] [100%] Built target autonomous_driving
[0.069s] Invoked command in '/home/seok/automotive_software_mid-term/build/autonomous_driving' returned '0': CMAKE_PREFIX_PATH=/home/seok/automotive_software_mid-term/install/ad_msgs:/home/seok/automotive_software_mid-term/install/simulator:/home/seok/automotive_software_mid-term/install/scenario_runner:/home/seok/automotive_software_mid-term/install/evaluation:/home/seok/automotive_software_mid-term/install/autonomous_driving:/home/seok/ros2_ws/install/simulator:/home/seok/ros2_ws/install/evaluation:/home/seok/ros2_ws/install/autonomous_driving:/home/seok/ros2_ws/install/ad_msgs:/opt/ros/humble /usr/bin/cmake --build /home/seok/automotive_software_mid-term/build/autonomous_driving -- -j16 -l16
[0.086s] Invoking command in '/home/seok/automotive_software_mid-term/build/autonomous_driving': CMAKE_PREFIX_PATH=/home/seok/automotive_software_mid-term/install/ad_msgs:/home/seok/automotive_software_mid-term/install/simulator:/home/seok/automotive_software_mid-term/install/scenario_runner:/home/seok/automotive_software_mid-term/install/evaluation:/home/seok/automotive_software_mid-term/install/autonomous_driving:/home/seok/ros2_ws/install/simulator:/home/seok/ros2_ws/install/evaluation:/home/seok/ros2_ws/install/autonomous_driving:/home/seok/ros2_ws/install/ad_msgs:/opt/ros/humble /usr/bin/cmake --install /home/seok/automotive_software_mid-term/build/autonomous_driving
[0.090s] -- Install configuration: ""
[0.090s] -- Up-to-date: /home/seok/automotive_software_mid-term/install/autonomous_driving/lib/autonomous_driving/autonomous_driving
[0.090s] -- Up-to-date: /home/seok/automotive_software_mid-term/install/autonomous_driving/share/autonomous_driving/launch
[0.090s] -- Up-to-date: /home/seok/automotive_software_mid-term/install/autonomous_driving/share/autonomous_driving/launch/manual_driving.launch.xml
[0.091s] -- Up-to-date: /home/seok/automotive_software_mid-term/install/autonomous_driving/share/autonomous_driving/launch/autonomous_driving.launch.xml
[0.091s] -- Up-to-date: /home/seok/automotive_software_mid-term/install/autonomous_driving/lib/autonomous_driving/simultaneous_inputs.py
[0.091s] -- Up-to-date: /home/seok/automotive_software_mid-term/install/autonomous_driving/share/ament_index/resource_index/package_run_dependencies/autonomous_driving
[0.091s] -- Up-to-date: /home/seok/automotive_software_mid-term/install/autonomous_driving/share/ament_index/resource_index/parent_prefix_path/autonomous_driving
[0.091s] -- Up-to-date: /home/seok/automotive_software_mid-term/install/autonomous_driving/share/autonomous_driving/environment/ament_prefix_path.sh
[0.091s] -- Up-to-date: /home/seok/automotive_software_mid-term/install/autonomous_driving/share/autonomous_driving/environment/ament_prefix_path.dsv
[0.091s] -- Up-to-date: /home/seok/automotive_software_mid-term/install/autonomous_driving/share/autonomous_driving/environment/path.sh
[0.092s] -- Up-to-date: /home/seok/automotive_software_mid-term/install/autonomous_driving/share/autonomous_driving/environment/path.dsv
[0.092s] -- Up-to-date: /home/seok/automotive_software_mid-term/install/autonomous_driving/share/autonomous_driving/local_setup.bash
[0.092s] -- Up-to-date: /home/seok/automotive_software_mid-term/install/autonomous_driving/share/autonomous_driving/local_setup.sh
[0.092s] -- Up-to-date: /home/seok/automotive_software_mid-term/install/autonomous_driving/share/autonomous_driving/local_setup.zsh
[0.092s] -- Up-to-date: /home/seok/automotive_software_mid-term/install/autonomous_driving/share/autonomous_driving/local_setup.dsv
[0.092s] -- Installing: /home/seok/automotive_software_mid-term/install/autonomous_driving/share/autonomous_driving/package.dsv
[0.092s] -- Up-to-date: /home/seok/automotive_software_mid-term/install/autonomous_driving/share/ament_index/resource_index/packages/autonomous_driving
[0.092s] -- Up-to-date: /home/seok/automotive_software_mid-term/install/autonomous_driving/share/autonomous_driving/cmake/autonomous_drivingConfig.cmake
[0.092s] -- Up-to-date: /home/seok/automotive_software_mid-term/install/autonomous_driving/share/autonomous_driving/cmake/autonomous_drivingConfig-version.cmake
[0.092s] -- Up-to-date: /home/seok/automotive_software_mid-term/install/autonomous_driving/share/autonomous_driving/package.xml
[0.100s] Invoked command in '/home/seok/automotive_software_mid-term/build/autonomous_driving' returned '0': CMAKE_PREFIX_PATH=/home/seok/automotive_software_mid-term/install/ad_msgs:/home/seok/automotive_software_mid-term/install/simulator:/home/seok/automotive_software_mid-term/install/scenario_runner:/home/seok/automotive_software_mid-term/install/evaluation:/home/seok/automotive_software_mid-term/install/autonomous_driving:/home/seok/ros2_ws/install/simulator:/home/seok/ros2_ws/install/evaluation:/home/seok/ros2_ws/install/autonomous_driving:/home/seok/ros2_ws/install/ad_msgs:/opt/ros/humble /usr/bin/cmake --install /home/seok/automotive_software_mid-term/build/autonomous_driving
