-- The C compiler identification is GNU 11.4.0
-- The CXX compiler identification is GNU 11.4.0
-- Detecting C compiler ABI info
-- Detecting C compiler ABI info - done
-- Check for working C compiler: /usr/bin/cc - skipped
-- Detecting C compile features
-- Detecting C compile features - done
-- Detecting CXX compiler ABI info
-- Detecting CXX compiler ABI info - done
-- Check for working CXX compiler: /usr/bin/c++ - skipped
-- Detecting CXX compile features
-- Detecting CXX compile features - done
-- Found ament_cmake: 1.3.10 (/opt/ros/humble/share/ament_cmake/cmake)
-- Found Python3: /usr/bin/python3 (found version "3.10.12") found components: Interpreter 
-- Found rclcpp: 16.0.10 (/opt/ros/humble/share/rclcpp/cmake)
-- Found rosidl_generator_c: 3.1.5 (/opt/ros/humble/share/rosidl_generator_c/cmake)
-- Found rosidl_adapter: 3.1.5 (/opt/ros/humble/share/rosidl_adapter/cmake)
-- Found rosidl_generator_cpp: 3.1.5 (/opt/ros/humble/share/rosidl_generator_cpp/cmake)
-- Using all available rosidl_typesupport_c: rosidl_typesupport_fastrtps_c;rosidl_typesupport_introspection_c
-- Using all available rosidl_typesupport_cpp: rosidl_typesupport_fastrtps_cpp;rosidl_typesupport_introspection_cpp
-- Found rmw_implementation_cmake: 6.1.2 (/opt/ros/humble/share/rmw_implementation_cmake/cmake)
-- Found rmw_fastrtps_cpp: 6.2.7 (/opt/ros/humble/share/rmw_fastrtps_cpp/cmake)
-- Found OpenSSL: /usr/lib/x86_64-linux-gnu/libcrypto.so (found version "3.0.2")  
-- Found FastRTPS: /opt/ros/humble/include  
-- Using RMW implementation 'rmw_fastrtps_cpp' as default
-- Looking for pthread.h
-- Looking for pthread.h - found
-- Performing Test CMAKE_HAVE_LIBC_PTHREAD
-- Performing Test CMAKE_HAVE_LIBC_PTHREAD - Success
-- Found Threads: TRUE  
-- Found visualization_msgs: 4.2.4 (/opt/ros/humble/share/visualization_msgs/cmake)
-- Found ad_msgs: 0.0.0 (/home/seok/automotive_software_mid-term/install/ad_msgs/share/ad_msgs/cmake)
-- Found tf2: 0.25.8 (/opt/ros/humble/share/tf2/cmake)
-- Found tf2_ros: 0.25.8 (/opt/ros/humble/share/tf2_ros/cmake)
-- Found Boost: /usr/lib/x86_64-linux-gnu/cmake/Boost-1.74.0/BoostConfig.cmake (found version "1.74.0") found components: system filesystem 
-- Configuring done
-- Generating done
-- Build files have been written to: /home/seok/automotive_software_mid-term/build/simulator
[ 12%] [32mBuilding CXX object CMakeFiles/display.dir/src/display/display_node.cpp.o[0m
[ 25%] [32mBuilding CXX object CMakeFiles/lane_detection.dir/src/lane_detection/lane_detection_algorithm.cpp.o[0m
[ 37%] [32mBuilding CXX object CMakeFiles/lane_detection.dir/src/lane_detection/lane_detection_node.cpp.o[0m
[ 50%] [32mBuilding CXX object CMakeFiles/lane_detection.dir/home/seok/automotive_software_mid-term/src/bsw/system/interface/interface_lane.cpp.o[0m
[ 62%] [32mBuilding CXX object CMakeFiles/vehicle.dir/src/vehicle/vehicle_simulator_node.cpp.o[0m
[ 75%] [32m[1mLinking CXX executable vehicle[0m
[ 75%] Built target vehicle
[ 87%] [32m[1mLinking CXX executable lane_detection[0m
[ 87%] Built target lane_detection
[100%] [32m[1mLinking CXX executable display[0m
[100%] Built target display
-- Install configuration: ""
-- Installing: /home/seok/automotive_software_mid-term/install/simulator/lib/simulator/vehicle
-- Set runtime path of "/home/seok/automotive_software_mid-term/install/simulator/lib/simulator/vehicle" to ""
-- Installing: /home/seok/automotive_software_mid-term/install/simulator/lib/simulator/lane_detection
-- Set runtime path of "/home/seok/automotive_software_mid-term/install/simulator/lib/simulator/lane_detection" to ""
-- Installing: /home/seok/automotive_software_mid-term/install/simulator/lib/simulator/display
-- Set runtime path of "/home/seok/automotive_software_mid-term/install/simulator/lib/simulator/display" to ""
-- Installing: /home/seok/automotive_software_mid-term/install/simulator/share/simulator/launch
-- Installing: /home/seok/automotive_software_mid-term/install/simulator/share/simulator/launch/simulation.launch.xml
-- Installing: /home/seok/automotive_software_mid-term/install/simulator/share/ament_index/resource_index/package_run_dependencies/simulator
-- Installing: /home/seok/automotive_software_mid-term/install/simulator/share/ament_index/resource_index/parent_prefix_path/simulator
-- Installing: /home/seok/automotive_software_mid-term/install/simulator/share/simulator/environment/ament_prefix_path.sh
-- Installing: /home/seok/automotive_software_mid-term/install/simulator/share/simulator/environment/ament_prefix_path.dsv
-- Installing: /home/seok/automotive_software_mid-term/install/simulator/share/simulator/environment/path.sh
-- Installing: /home/seok/automotive_software_mid-term/install/simulator/share/simulator/environment/path.dsv
-- Installing: /home/seok/automotive_software_mid-term/install/simulator/share/simulator/local_setup.bash
-- Installing: /home/seok/automotive_software_mid-term/install/simulator/share/simulator/local_setup.sh
-- Installing: /home/seok/automotive_software_mid-term/install/simulator/share/simulator/local_setup.zsh
-- Installing: /home/seok/automotive_software_mid-term/install/simulator/share/simulator/local_setup.dsv
-- Installing: /home/seok/automotive_software_mid-term/install/simulator/share/simulator/package.dsv
-- Installing: /home/seok/automotive_software_mid-term/install/simulator/share/ament_index/resource_index/packages/simulator
-- Installing: /home/seok/automotive_software_mid-term/install/simulator/share/simulator/cmake/simulatorConfig.cmake
-- Installing: /home/seok/automotive_software_mid-term/install/simulator/share/simulator/cmake/simulatorConfig-version.cmake
-- Installing: /home/seok/automotive_software_mid-term/install/simulator/share/simulator/package.xml
