[0.014s] Invoking command in '/home/seok/automotive_software_mid-term/build/ad_msgs': CMAKE_PREFIX_PATH=${CMAKE_PREFIX_PATH}:/opt/ros/humble /usr/bin/cmake --build /home/seok/automotive_software_mid-term/build/ad_msgs -- -j16 -l16
[0.096s] [  1%] Built target ad_msgs__cpp
[0.099s] [ 12%] Built target ad_msgs__rosidl_generator_c
[0.120s] [ 44%] Built target ad_msgs__rosidl_typesupport_introspection_c
[0.120s] [ 44%] Built target ad_msgs__rosidl_typesupport_introspection_cpp
[0.120s] [ 46%] Built target ad_msgs__rosidl_typesupport_cpp
[0.121s] [ 58%] Built target ad_msgs__rosidl_typesupport_c
[0.121s] [ 58%] Built target ament_cmake_python_copy_ad_msgs
[0.122s] [ 69%] Built target ad_msgs__rosidl_typesupport_fastrtps_cpp
[0.124s] [ 81%] Built target ad_msgs__rosidl_typesupport_fastrtps_c
[0.137s] [ 81%] Built target ad_msgs
[0.150s] [ 82%] Built target ad_msgs__py
[0.167s] [ 92%] Built target ad_msgs__rosidl_generator_py
[0.182s] [ 97%] Built target ad_msgs__rosidl_typesupport_introspection_c__pyext
[0.182s] [ 97%] Built target ad_msgs__rosidl_typesupport_fastrtps_c__pyext
[0.182s] [100%] Built target ad_msgs__rosidl_typesupport_c__pyext
[0.279s] running egg_info
[0.280s] writing ad_msgs.egg-info/PKG-INFO
[0.280s] writing dependency_links to ad_msgs.egg-info/dependency_links.txt
[0.280s] writing top-level names to ad_msgs.egg-info/top_level.txt
[0.282s] reading manifest file 'ad_msgs.egg-info/SOURCES.txt'
[0.283s] writing manifest file 'ad_msgs.egg-info/SOURCES.txt'
[0.298s] [100%] Built target ament_cmake_python_build_ad_msgs_egg
[0.304s] Invoked command in '/home/seok/automotive_software_mid-term/build/ad_msgs' returned '0': CMAKE_PREFIX_PATH=${CMAKE_PREFIX_PATH}:/opt/ros/humble /usr/bin/cmake --build /home/seok/automotive_software_mid-term/build/ad_msgs -- -j16 -l16
[0.391s] Invoking command in '/home/seok/automotive_software_mid-term/build/ad_msgs': CMAKE_PREFIX_PATH=${CMAKE_PREFIX_PATH}:/opt/ros/humble /usr/bin/cmake --install /home/seok/automotive_software_mid-term/build/ad_msgs
[0.396s] -- Install configuration: ""
[0.396s] -- Up-to-date: /home/seok/automotive_software_mid-term/install/ad_msgs/share/ament_index/resource_index/rosidl_interfaces/ad_msgs
[0.396s] -- Up-to-date: /home/seok/automotive_software_mid-term/install/ad_msgs/include/ad_msgs/ad_msgs
[0.397s] -- Up-to-date: /home/seok/automotive_software_mid-term/install/ad_msgs/include/ad_msgs/ad_msgs/msg
[0.397s] -- Up-to-date: /home/seok/automotive_software_mid-term/install/ad_msgs/include/ad_msgs/ad_msgs/msg/detail
[0.397s] -- Up-to-date: /home/seok/automotive_software_mid-term/install/ad_msgs/include/ad_msgs/ad_msgs/msg/detail/polyfit_lane_data__struct.h
[0.397s] -- Up-to-date: /home/seok/automotive_software_mid-term/install/ad_msgs/include/ad_msgs/ad_msgs/msg/detail/obstacles__functions.c
[0.397s] -- Up-to-date: /home/seok/automotive_software_mid-term/install/ad_msgs/include/ad_msgs/ad_msgs/msg/detail/obstacles__struct.h
[0.397s] -- Up-to-date: /home/seok/automotive_software_mid-term/install/ad_msgs/include/ad_msgs/ad_msgs/msg/detail/vehicle_input__functions.c
[0.398s] -- Up-to-date: /home/seok/automotive_software_mid-term/install/ad_msgs/include/ad_msgs/ad_msgs/msg/detail/vehicle_output__struct.h
[0.398s] -- Up-to-date: /home/seok/automotive_software_mid-term/install/ad_msgs/include/ad_msgs/ad_msgs/msg/detail/vehicle_output__functions.c
[0.398s] -- Up-to-date: /home/seok/automotive_software_mid-term/install/ad_msgs/include/ad_msgs/ad_msgs/msg/detail/vehicle_output__type_support.h
[0.398s] -- Up-to-date: /home/seok/automotive_software_mid-term/install/ad_msgs/include/ad_msgs/ad_msgs/msg/detail/polyfit_lane_data__type_support.h
[0.398s] -- Up-to-date: /home/seok/automotive_software_mid-term/install/ad_msgs/include/ad_msgs/ad_msgs/msg/detail/lane_point_data_array__type_support.h
[0.398s] -- Up-to-date: /home/seok/automotive_software_mid-term/install/ad_msgs/include/ad_msgs/ad_msgs/msg/detail/polyfit_lane_data_array__functions.c
[0.398s] -- Up-to-date: /home/seok/automotive_software_mid-term/install/ad_msgs/include/ad_msgs/ad_msgs/msg/detail/polyfit_lane_data__functions.h
[0.398s] -- Up-to-date: /home/seok/automotive_software_mid-term/install/ad_msgs/include/ad_msgs/ad_msgs/msg/detail/obstacles__functions.h
[0.398s] -- Up-to-date: /home/seok/automotive_software_mid-term/install/ad_msgs/include/ad_msgs/ad_msgs/msg/detail/lane_point_data__struct.h
[0.398s] -- Up-to-date: /home/seok/automotive_software_mid-term/install/ad_msgs/include/ad_msgs/ad_msgs/msg/detail/polyfit_lane_data_array__struct.h
[0.398s] -- Up-to-date: /home/seok/automotive_software_mid-term/install/ad_msgs/include/ad_msgs/ad_msgs/msg/detail/lane_point_data_array__functions.h
[0.399s] -- Up-to-date: /home/seok/automotive_software_mid-term/install/ad_msgs/include/ad_msgs/ad_msgs/msg/detail/lane_point_data__type_support.h
[0.399s] -- Up-to-date: /home/seok/automotive_software_mid-term/install/ad_msgs/include/ad_msgs/ad_msgs/msg/detail/polyfit_lane_data_array__type_support.h
[0.399s] -- Up-to-date: /home/seok/automotive_software_mid-term/install/ad_msgs/include/ad_msgs/ad_msgs/msg/detail/vehicle_input__struct.h
[0.399s] -- Up-to-date: /home/seok/automotive_software_mid-term/install/ad_msgs/include/ad_msgs/ad_msgs/msg/detail/polyfit_lane_data__functions.c
[0.399s] -- Up-to-date: /home/seok/automotive_software_mid-term/install/ad_msgs/include/ad_msgs/ad_msgs/msg/detail/lane_point_data__functions.c
[0.399s] -- Up-to-date: /home/seok/automotive_software_mid-term/install/ad_msgs/include/ad_msgs/ad_msgs/msg/detail/vehicle_input__type_support.h
[0.399s] -- Up-to-date: /home/seok/automotive_software_mid-term/install/ad_msgs/include/ad_msgs/ad_msgs/msg/detail/vehicle_output__functions.h
[0.400s] -- Up-to-date: /home/seok/automotive_software_mid-term/install/ad_msgs/include/ad_msgs/ad_msgs/msg/detail/polyfit_lane_data_array__functions.h
[0.400s] -- Up-to-date: /home/seok/automotive_software_mid-term/install/ad_msgs/include/ad_msgs/ad_msgs/msg/detail/lane_point_data_array__struct.h
[0.400s] -- Up-to-date: /home/seok/automotive_software_mid-term/install/ad_msgs/include/ad_msgs/ad_msgs/msg/detail/lane_point_data__functions.h
[0.400s] -- Up-to-date: /home/seok/automotive_software_mid-term/install/ad_msgs/include/ad_msgs/ad_msgs/msg/detail/obstacles__type_support.h
[0.400s] -- Up-to-date: /home/seok/automotive_software_mid-term/install/ad_msgs/include/ad_msgs/ad_msgs/msg/detail/vehicle_input__functions.h
[0.400s] -- Up-to-date: /home/seok/automotive_software_mid-term/install/ad_msgs/include/ad_msgs/ad_msgs/msg/detail/lane_point_data_array__functions.c
[0.400s] -- Up-to-date: /home/seok/automotive_software_mid-term/install/ad_msgs/include/ad_msgs/ad_msgs/msg/vehicle_input.h
[0.401s] -- Up-to-date: /home/seok/automotive_software_mid-term/install/ad_msgs/include/ad_msgs/ad_msgs/msg/lane_point_data.h
[0.401s] -- Up-to-date: /home/seok/automotive_software_mid-term/install/ad_msgs/include/ad_msgs/ad_msgs/msg/rosidl_generator_c__visibility_control.h
[0.401s] -- Up-to-date: /home/seok/automotive_software_mid-term/install/ad_msgs/include/ad_msgs/ad_msgs/msg/lane_point_data_array.h
[0.401s] -- Up-to-date: /home/seok/automotive_software_mid-term/install/ad_msgs/include/ad_msgs/ad_msgs/msg/obstacles.h
[0.401s] -- Up-to-date: /home/seok/automotive_software_mid-term/install/ad_msgs/include/ad_msgs/ad_msgs/msg/vehicle_output.h
[0.402s] -- Up-to-date: /home/seok/automotive_software_mid-term/install/ad_msgs/include/ad_msgs/ad_msgs/msg/polyfit_lane_data_array.h
[0.402s] -- Up-to-date: /home/seok/automotive_software_mid-term/install/ad_msgs/include/ad_msgs/ad_msgs/msg/polyfit_lane_data.h
[0.402s] -- Up-to-date: /home/seok/automotive_software_mid-term/install/ad_msgs/share/ad_msgs/environment/library_path.sh
[0.402s] -- Up-to-date: /home/seok/automotive_software_mid-term/install/ad_msgs/share/ad_msgs/environment/library_path.dsv
[0.402s] -- Up-to-date: /home/seok/automotive_software_mid-term/install/ad_msgs/lib/libad_msgs__rosidl_generator_c.so
[0.402s] -- Up-to-date: /home/seok/automotive_software_mid-term/install/ad_msgs/include/ad_msgs/ad_msgs
[0.402s] -- Up-to-date: /home/seok/automotive_software_mid-term/install/ad_msgs/include/ad_msgs/ad_msgs/msg
[0.402s] -- Up-to-date: /home/seok/automotive_software_mid-term/install/ad_msgs/include/ad_msgs/ad_msgs/msg/detail
[0.402s] -- Up-to-date: /home/seok/automotive_software_mid-term/install/ad_msgs/include/ad_msgs/ad_msgs/msg/detail/lane_point_data_array__rosidl_typesupport_fastrtps_c.h
[0.402s] -- Up-to-date: /home/seok/automotive_software_mid-term/install/ad_msgs/include/ad_msgs/ad_msgs/msg/detail/vehicle_output__rosidl_typesupport_fastrtps_c.h
[0.402s] -- Up-to-date: /home/seok/automotive_software_mid-term/install/ad_msgs/include/ad_msgs/ad_msgs/msg/detail/vehicle_input__rosidl_typesupport_fastrtps_c.h
[0.402s] -- Up-to-date: /home/seok/automotive_software_mid-term/install/ad_msgs/include/ad_msgs/ad_msgs/msg/detail/polyfit_lane_data_array__rosidl_typesupport_fastrtps_c.h
[0.402s] -- Up-to-date: /home/seok/automotive_software_mid-term/install/ad_msgs/include/ad_msgs/ad_msgs/msg/detail/obstacles__rosidl_typesupport_fastrtps_c.h
[0.402s] -- Up-to-date: /home/seok/automotive_software_mid-term/install/ad_msgs/include/ad_msgs/ad_msgs/msg/detail/polyfit_lane_data__rosidl_typesupport_fastrtps_c.h
[0.402s] -- Up-to-date: /home/seok/automotive_software_mid-term/install/ad_msgs/include/ad_msgs/ad_msgs/msg/detail/lane_point_data__rosidl_typesupport_fastrtps_c.h
[0.402s] -- Up-to-date: /home/seok/automotive_software_mid-term/install/ad_msgs/include/ad_msgs/ad_msgs/msg/rosidl_typesupport_fastrtps_c__visibility_control.h
[0.402s] -- Up-to-date: /home/seok/automotive_software_mid-term/install/ad_msgs/lib/libad_msgs__rosidl_typesupport_fastrtps_c.so
[0.402s] -- Up-to-date: /home/seok/automotive_software_mid-term/install/ad_msgs/include/ad_msgs/ad_msgs
[0.402s] -- Up-to-date: /home/seok/automotive_software_mid-term/install/ad_msgs/include/ad_msgs/ad_msgs/msg
[0.402s] -- Up-to-date: /home/seok/automotive_software_mid-term/install/ad_msgs/include/ad_msgs/ad_msgs/msg/detail
[0.402s] -- Up-to-date: /home/seok/automotive_software_mid-term/install/ad_msgs/include/ad_msgs/ad_msgs/msg/detail/vehicle_input__type_support.c
[0.402s] -- Up-to-date: /home/seok/automotive_software_mid-term/install/ad_msgs/include/ad_msgs/ad_msgs/msg/detail/vehicle_output__type_support.c
[0.402s] -- Up-to-date: /home/seok/automotive_software_mid-term/install/ad_msgs/include/ad_msgs/ad_msgs/msg/detail/polyfit_lane_data_array__rosidl_typesupport_introspection_c.h
[0.402s] -- Up-to-date: /home/seok/automotive_software_mid-term/install/ad_msgs/include/ad_msgs/ad_msgs/msg/detail/lane_point_data_array__type_support.c
[0.402s] -- Up-to-date: /home/seok/automotive_software_mid-term/install/ad_msgs/include/ad_msgs/ad_msgs/msg/detail/vehicle_input__rosidl_typesupport_introspection_c.h
[0.402s] -- Up-to-date: /home/seok/automotive_software_mid-term/install/ad_msgs/include/ad_msgs/ad_msgs/msg/detail/polyfit_lane_data__type_support.c
[0.402s] -- Up-to-date: /home/seok/automotive_software_mid-term/install/ad_msgs/include/ad_msgs/ad_msgs/msg/detail/obstacles__rosidl_typesupport_introspection_c.h
[0.403s] -- Up-to-date: /home/seok/automotive_software_mid-term/install/ad_msgs/include/ad_msgs/ad_msgs/msg/detail/vehicle_output__rosidl_typesupport_introspection_c.h
[0.403s] -- Up-to-date: /home/seok/automotive_software_mid-term/install/ad_msgs/include/ad_msgs/ad_msgs/msg/detail/lane_point_data__rosidl_typesupport_introspection_c.h
[0.403s] -- Up-to-date: /home/seok/automotive_software_mid-term/install/ad_msgs/include/ad_msgs/ad_msgs/msg/detail/lane_point_data__type_support.c
[0.403s] -- Up-to-date: /home/seok/automotive_software_mid-term/install/ad_msgs/include/ad_msgs/ad_msgs/msg/detail/polyfit_lane_data__rosidl_typesupport_introspection_c.h
[0.403s] -- Up-to-date: /home/seok/automotive_software_mid-term/install/ad_msgs/include/ad_msgs/ad_msgs/msg/detail/polyfit_lane_data_array__type_support.c
[0.403s] -- Up-to-date: /home/seok/automotive_software_mid-term/install/ad_msgs/include/ad_msgs/ad_msgs/msg/detail/lane_point_data_array__rosidl_typesupport_introspection_c.h
[0.403s] -- Up-to-date: /home/seok/automotive_software_mid-term/install/ad_msgs/include/ad_msgs/ad_msgs/msg/detail/obstacles__type_support.c
[0.403s] -- Up-to-date: /home/seok/automotive_software_mid-term/install/ad_msgs/include/ad_msgs/ad_msgs/msg/rosidl_typesupport_introspection_c__visibility_control.h
[0.404s] -- Up-to-date: /home/seok/automotive_software_mid-term/install/ad_msgs/lib/libad_msgs__rosidl_typesupport_introspection_c.so
[0.404s] -- Up-to-date: /home/seok/automotive_software_mid-term/install/ad_msgs/lib/libad_msgs__rosidl_typesupport_c.so
[0.404s] -- Up-to-date: /home/seok/automotive_software_mid-term/install/ad_msgs/include/ad_msgs/ad_msgs
[0.404s] -- Up-to-date: /home/seok/automotive_software_mid-term/install/ad_msgs/include/ad_msgs/ad_msgs/msg
[0.404s] -- Up-to-date: /home/seok/automotive_software_mid-term/install/ad_msgs/include/ad_msgs/ad_msgs/msg/detail
[0.404s] -- Up-to-date: /home/seok/automotive_software_mid-term/install/ad_msgs/include/ad_msgs/ad_msgs/msg/detail/lane_point_data__struct.hpp
[0.405s] -- Up-to-date: /home/seok/automotive_software_mid-term/install/ad_msgs/include/ad_msgs/ad_msgs/msg/detail/vehicle_input__struct.hpp
[0.405s] -- Up-to-date: /home/seok/automotive_software_mid-term/install/ad_msgs/include/ad_msgs/ad_msgs/msg/detail/obstacles__struct.hpp
[0.405s] -- Up-to-date: /home/seok/automotive_software_mid-term/install/ad_msgs/include/ad_msgs/ad_msgs/msg/detail/lane_point_data_array__builder.hpp
[0.405s] -- Up-to-date: /home/seok/automotive_software_mid-term/install/ad_msgs/include/ad_msgs/ad_msgs/msg/detail/vehicle_output__struct.hpp
[0.405s] -- Up-to-date: /home/seok/automotive_software_mid-term/install/ad_msgs/include/ad_msgs/ad_msgs/msg/detail/polyfit_lane_data_array__struct.hpp
[0.405s] -- Up-to-date: /home/seok/automotive_software_mid-term/install/ad_msgs/include/ad_msgs/ad_msgs/msg/detail/lane_point_data_array__traits.hpp
[0.405s] -- Up-to-date: /home/seok/automotive_software_mid-term/install/ad_msgs/include/ad_msgs/ad_msgs/msg/detail/polyfit_lane_data_array__traits.hpp
[0.405s] -- Up-to-date: /home/seok/automotive_software_mid-term/install/ad_msgs/include/ad_msgs/ad_msgs/msg/detail/polyfit_lane_data__builder.hpp
[0.405s] -- Up-to-date: /home/seok/automotive_software_mid-term/install/ad_msgs/include/ad_msgs/ad_msgs/msg/detail/polyfit_lane_data__struct.hpp
[0.405s] -- Up-to-date: /home/seok/automotive_software_mid-term/install/ad_msgs/include/ad_msgs/ad_msgs/msg/detail/lane_point_data__traits.hpp
[0.405s] -- Up-to-date: /home/seok/automotive_software_mid-term/install/ad_msgs/include/ad_msgs/ad_msgs/msg/detail/vehicle_input__traits.hpp
[0.405s] -- Up-to-date: /home/seok/automotive_software_mid-term/install/ad_msgs/include/ad_msgs/ad_msgs/msg/detail/lane_point_data_array__struct.hpp
[0.405s] -- Up-to-date: /home/seok/automotive_software_mid-term/install/ad_msgs/include/ad_msgs/ad_msgs/msg/detail/obstacles__builder.hpp
[0.405s] -- Up-to-date: /home/seok/automotive_software_mid-term/install/ad_msgs/include/ad_msgs/ad_msgs/msg/detail/vehicle_input__builder.hpp
[0.405s] -- Up-to-date: /home/seok/automotive_software_mid-term/install/ad_msgs/include/ad_msgs/ad_msgs/msg/detail/vehicle_output__builder.hpp
[0.405s] -- Up-to-date: /home/seok/automotive_software_mid-term/install/ad_msgs/include/ad_msgs/ad_msgs/msg/detail/lane_point_data__builder.hpp
[0.405s] -- Up-to-date: /home/seok/automotive_software_mid-term/install/ad_msgs/include/ad_msgs/ad_msgs/msg/detail/polyfit_lane_data_array__builder.hpp
[0.405s] -- Up-to-date: /home/seok/automotive_software_mid-term/install/ad_msgs/include/ad_msgs/ad_msgs/msg/detail/vehicle_output__traits.hpp
[0.406s] -- Up-to-date: /home/seok/automotive_software_mid-term/install/ad_msgs/include/ad_msgs/ad_msgs/msg/detail/polyfit_lane_data__traits.hpp
[0.406s] -- Up-to-date: /home/seok/automotive_software_mid-term/install/ad_msgs/include/ad_msgs/ad_msgs/msg/detail/obstacles__traits.hpp
[0.406s] -- Up-to-date: /home/seok/automotive_software_mid-term/install/ad_msgs/include/ad_msgs/ad_msgs/msg/lane_point_data_array.hpp
[0.406s] -- Up-to-date: /home/seok/automotive_software_mid-term/install/ad_msgs/include/ad_msgs/ad_msgs/msg/vehicle_output.hpp
[0.406s] -- Up-to-date: /home/seok/automotive_software_mid-term/install/ad_msgs/include/ad_msgs/ad_msgs/msg/lane_point_data.hpp
[0.406s] -- Up-to-date: /home/seok/automotive_software_mid-term/install/ad_msgs/include/ad_msgs/ad_msgs/msg/vehicle_input.hpp
[0.406s] -- Up-to-date: /home/seok/automotive_software_mid-term/install/ad_msgs/include/ad_msgs/ad_msgs/msg/polyfit_lane_data.hpp
[0.406s] -- Up-to-date: /home/seok/automotive_software_mid-term/install/ad_msgs/include/ad_msgs/ad_msgs/msg/polyfit_lane_data_array.hpp
[0.406s] -- Up-to-date: /home/seok/automotive_software_mid-term/install/ad_msgs/include/ad_msgs/ad_msgs/msg/obstacles.hpp
[0.406s] -- Up-to-date: /home/seok/automotive_software_mid-term/install/ad_msgs/include/ad_msgs/ad_msgs
[0.406s] -- Up-to-date: /home/seok/automotive_software_mid-term/install/ad_msgs/include/ad_msgs/ad_msgs/msg
[0.406s] -- Up-to-date: /home/seok/automotive_software_mid-term/install/ad_msgs/include/ad_msgs/ad_msgs/msg/detail
[0.406s] -- Up-to-date: /home/seok/automotive_software_mid-term/install/ad_msgs/include/ad_msgs/ad_msgs/msg/detail/vehicle_output__rosidl_typesupport_fastrtps_cpp.hpp
[0.406s] -- Up-to-date: /home/seok/automotive_software_mid-term/install/ad_msgs/include/ad_msgs/ad_msgs/msg/detail/lane_point_data__rosidl_typesupport_fastrtps_cpp.hpp
[0.406s] -- Up-to-date: /home/seok/automotive_software_mid-term/install/ad_msgs/include/ad_msgs/ad_msgs/msg/detail/obstacles__rosidl_typesupport_fastrtps_cpp.hpp
[0.406s] -- Up-to-date: /home/seok/automotive_software_mid-term/install/ad_msgs/include/ad_msgs/ad_msgs/msg/detail/dds_fastrtps
[0.406s] -- Up-to-date: /home/seok/automotive_software_mid-term/install/ad_msgs/include/ad_msgs/ad_msgs/msg/detail/vehicle_input__rosidl_typesupport_fastrtps_cpp.hpp
[0.406s] -- Up-to-date: /home/seok/automotive_software_mid-term/install/ad_msgs/include/ad_msgs/ad_msgs/msg/detail/polyfit_lane_data__rosidl_typesupport_fastrtps_cpp.hpp
[0.406s] -- Up-to-date: /home/seok/automotive_software_mid-term/install/ad_msgs/include/ad_msgs/ad_msgs/msg/detail/lane_point_data_array__rosidl_typesupport_fastrtps_cpp.hpp
[0.406s] -- Up-to-date: /home/seok/automotive_software_mid-term/install/ad_msgs/include/ad_msgs/ad_msgs/msg/detail/polyfit_lane_data_array__rosidl_typesupport_fastrtps_cpp.hpp
[0.406s] -- Up-to-date: /home/seok/automotive_software_mid-term/install/ad_msgs/include/ad_msgs/ad_msgs/msg/rosidl_typesupport_fastrtps_cpp__visibility_control.h
[0.407s] -- Up-to-date: /home/seok/automotive_software_mid-term/install/ad_msgs/lib/libad_msgs__rosidl_typesupport_fastrtps_cpp.so
[0.407s] -- Up-to-date: /home/seok/automotive_software_mid-term/install/ad_msgs/include/ad_msgs/ad_msgs
[0.407s] -- Up-to-date: /home/seok/automotive_software_mid-term/install/ad_msgs/include/ad_msgs/ad_msgs/msg
[0.407s] -- Up-to-date: /home/seok/automotive_software_mid-term/install/ad_msgs/include/ad_msgs/ad_msgs/msg/detail
[0.407s] -- Up-to-date: /home/seok/automotive_software_mid-term/install/ad_msgs/include/ad_msgs/ad_msgs/msg/detail/polyfit_lane_data_array__type_support.cpp
[0.408s] -- Up-to-date: /home/seok/automotive_software_mid-term/install/ad_msgs/include/ad_msgs/ad_msgs/msg/detail/lane_point_data_array__rosidl_typesupport_introspection_cpp.hpp
[0.408s] -- Up-to-date: /home/seok/automotive_software_mid-term/install/ad_msgs/include/ad_msgs/ad_msgs/msg/detail/polyfit_lane_data_array__rosidl_typesupport_introspection_cpp.hpp
[0.408s] -- Up-to-date: /home/seok/automotive_software_mid-term/install/ad_msgs/include/ad_msgs/ad_msgs/msg/detail/lane_point_data_array__type_support.cpp
[0.408s] -- Up-to-date: /home/seok/automotive_software_mid-term/install/ad_msgs/include/ad_msgs/ad_msgs/msg/detail/vehicle_output__type_support.cpp
[0.408s] -- Up-to-date: /home/seok/automotive_software_mid-term/install/ad_msgs/include/ad_msgs/ad_msgs/msg/detail/polyfit_lane_data__rosidl_typesupport_introspection_cpp.hpp
[0.408s] -- Up-to-date: /home/seok/automotive_software_mid-term/install/ad_msgs/include/ad_msgs/ad_msgs/msg/detail/vehicle_output__rosidl_typesupport_introspection_cpp.hpp
[0.408s] -- Up-to-date: /home/seok/automotive_software_mid-term/install/ad_msgs/include/ad_msgs/ad_msgs/msg/detail/polyfit_lane_data__type_support.cpp
[0.408s] -- Up-to-date: /home/seok/automotive_software_mid-term/install/ad_msgs/include/ad_msgs/ad_msgs/msg/detail/vehicle_input__type_support.cpp
[0.408s] -- Up-to-date: /home/seok/automotive_software_mid-term/install/ad_msgs/include/ad_msgs/ad_msgs/msg/detail/lane_point_data__rosidl_typesupport_introspection_cpp.hpp
[0.408s] -- Up-to-date: /home/seok/automotive_software_mid-term/install/ad_msgs/include/ad_msgs/ad_msgs/msg/detail/vehicle_input__rosidl_typesupport_introspection_cpp.hpp
[0.408s] -- Up-to-date: /home/seok/automotive_software_mid-term/install/ad_msgs/include/ad_msgs/ad_msgs/msg/detail/lane_point_data__type_support.cpp
[0.408s] -- Up-to-date: /home/seok/automotive_software_mid-term/install/ad_msgs/include/ad_msgs/ad_msgs/msg/detail/obstacles__type_support.cpp
[0.408s] -- Up-to-date: /home/seok/automotive_software_mid-term/install/ad_msgs/include/ad_msgs/ad_msgs/msg/detail/obstacles__rosidl_typesupport_introspection_cpp.hpp
[0.408s] -- Up-to-date: /home/seok/automotive_software_mid-term/install/ad_msgs/lib/libad_msgs__rosidl_typesupport_introspection_cpp.so
[0.409s] -- Up-to-date: /home/seok/automotive_software_mid-term/install/ad_msgs/lib/libad_msgs__rosidl_typesupport_cpp.so
[0.409s] -- Up-to-date: /home/seok/automotive_software_mid-term/install/ad_msgs/share/ad_msgs/environment/pythonpath.sh
[0.409s] -- Up-to-date: /home/seok/automotive_software_mid-term/install/ad_msgs/share/ad_msgs/environment/pythonpath.dsv
[0.410s] -- Up-to-date: /home/seok/automotive_software_mid-term/install/ad_msgs/local/lib/python3.10/dist-packages/ad_msgs-0.0.0-py3.10.egg-info
[0.410s] -- Installing: /home/seok/automotive_software_mid-term/install/ad_msgs/local/lib/python3.10/dist-packages/ad_msgs-0.0.0-py3.10.egg-info/SOURCES.txt
[0.410s] -- Installing: /home/seok/automotive_software_mid-term/install/ad_msgs/local/lib/python3.10/dist-packages/ad_msgs-0.0.0-py3.10.egg-info/PKG-INFO
[0.410s] -- Installing: /home/seok/automotive_software_mid-term/install/ad_msgs/local/lib/python3.10/dist-packages/ad_msgs-0.0.0-py3.10.egg-info/dependency_links.txt
[0.410s] -- Installing: /home/seok/automotive_software_mid-term/install/ad_msgs/local/lib/python3.10/dist-packages/ad_msgs-0.0.0-py3.10.egg-info/top_level.txt
[0.410s] -- Up-to-date: /home/seok/automotive_software_mid-term/install/ad_msgs/local/lib/python3.10/dist-packages/ad_msgs
[0.410s] -- Up-to-date: /home/seok/automotive_software_mid-term/install/ad_msgs/local/lib/python3.10/dist-packages/ad_msgs/_ad_msgs_s.ep.rosidl_typesupport_c.c
[0.410s] -- Up-to-date: /home/seok/automotive_software_mid-term/install/ad_msgs/local/lib/python3.10/dist-packages/ad_msgs/ad_msgs_s__rosidl_typesupport_introspection_c.cpython-310-x86_64-linux-gnu.so
[0.410s] -- Up-to-date: /home/seok/automotive_software_mid-term/install/ad_msgs/local/lib/python3.10/dist-packages/ad_msgs/libad_msgs__rosidl_generator_py.so
[0.410s] -- Up-to-date: /home/seok/automotive_software_mid-term/install/ad_msgs/local/lib/python3.10/dist-packages/ad_msgs/_ad_msgs_s.ep.rosidl_typesupport_fastrtps_c.c
[0.410s] -- Up-to-date: /home/seok/automotive_software_mid-term/install/ad_msgs/local/lib/python3.10/dist-packages/ad_msgs/_ad_msgs_s.ep.rosidl_typesupport_introspection_c.c
[0.410s] -- Up-to-date: /home/seok/automotive_software_mid-term/install/ad_msgs/local/lib/python3.10/dist-packages/ad_msgs/msg
[0.410s] -- Up-to-date: /home/seok/automotive_software_mid-term/install/ad_msgs/local/lib/python3.10/dist-packages/ad_msgs/msg/_lane_point_data_array_s.c
[0.410s] -- Up-to-date: /home/seok/automotive_software_mid-term/install/ad_msgs/local/lib/python3.10/dist-packages/ad_msgs/msg/_vehicle_input.py
[0.410s] -- Up-to-date: /home/seok/automotive_software_mid-term/install/ad_msgs/local/lib/python3.10/dist-packages/ad_msgs/msg/_polyfit_lane_data_array.py
[0.410s] -- Up-to-date: /home/seok/automotive_software_mid-term/install/ad_msgs/local/lib/python3.10/dist-packages/ad_msgs/msg/_lane_point_data.py
[0.410s] -- Up-to-date: /home/seok/automotive_software_mid-term/install/ad_msgs/local/lib/python3.10/dist-packages/ad_msgs/msg/_obstacles.py
[0.411s] -- Up-to-date: /home/seok/automotive_software_mid-term/install/ad_msgs/local/lib/python3.10/dist-packages/ad_msgs/msg/_polyfit_lane_data_s.c
[0.411s] -- Up-to-date: /home/seok/automotive_software_mid-term/install/ad_msgs/local/lib/python3.10/dist-packages/ad_msgs/msg/_vehicle_input_s.c
[0.411s] -- Up-to-date: /home/seok/automotive_software_mid-term/install/ad_msgs/local/lib/python3.10/dist-packages/ad_msgs/msg/_lane_point_data_s.c
[0.411s] -- Up-to-date: /home/seok/automotive_software_mid-term/install/ad_msgs/local/lib/python3.10/dist-packages/ad_msgs/msg/_obstacles_s.c
[0.411s] -- Up-to-date: /home/seok/automotive_software_mid-term/install/ad_msgs/local/lib/python3.10/dist-packages/ad_msgs/msg/__init__.py
[0.411s] -- Up-to-date: /home/seok/automotive_software_mid-term/install/ad_msgs/local/lib/python3.10/dist-packages/ad_msgs/msg/_polyfit_lane_data_array_s.c
[0.411s] -- Up-to-date: /home/seok/automotive_software_mid-term/install/ad_msgs/local/lib/python3.10/dist-packages/ad_msgs/msg/_vehicle_output.py
[0.411s] -- Up-to-date: /home/seok/automotive_software_mid-term/install/ad_msgs/local/lib/python3.10/dist-packages/ad_msgs/msg/_polyfit_lane_data.py
[0.411s] -- Up-to-date: /home/seok/automotive_software_mid-term/install/ad_msgs/local/lib/python3.10/dist-packages/ad_msgs/msg/_vehicle_output_s.c
[0.411s] -- Up-to-date: /home/seok/automotive_software_mid-term/install/ad_msgs/local/lib/python3.10/dist-packages/ad_msgs/msg/_lane_point_data_array.py
[0.411s] -- Up-to-date: /home/seok/automotive_software_mid-term/install/ad_msgs/local/lib/python3.10/dist-packages/ad_msgs/ad_msgs_s__rosidl_typesupport_c.cpython-310-x86_64-linux-gnu.so
[0.411s] -- Up-to-date: /home/seok/automotive_software_mid-term/install/ad_msgs/local/lib/python3.10/dist-packages/ad_msgs/__init__.py
[0.411s] -- Up-to-date: /home/seok/automotive_software_mid-term/install/ad_msgs/local/lib/python3.10/dist-packages/ad_msgs/ad_msgs_s__rosidl_typesupport_fastrtps_c.cpython-310-x86_64-linux-gnu.so
[0.431s] Listing '/home/seok/automotive_software_mid-term/install/ad_msgs/local/lib/python3.10/dist-packages/ad_msgs'...
[0.431s] Listing '/home/seok/automotive_software_mid-term/install/ad_msgs/local/lib/python3.10/dist-packages/ad_msgs/msg'...
[0.435s] -- Up-to-date: /home/seok/automotive_software_mid-term/install/ad_msgs/local/lib/python3.10/dist-packages/ad_msgs/ad_msgs_s__rosidl_typesupport_fastrtps_c.cpython-310-x86_64-linux-gnu.so
[0.435s] -- Up-to-date: /home/seok/automotive_software_mid-term/install/ad_msgs/local/lib/python3.10/dist-packages/ad_msgs/ad_msgs_s__rosidl_typesupport_introspection_c.cpython-310-x86_64-linux-gnu.so
[0.436s] -- Up-to-date: /home/seok/automotive_software_mid-term/install/ad_msgs/local/lib/python3.10/dist-packages/ad_msgs/ad_msgs_s__rosidl_typesupport_c.cpython-310-x86_64-linux-gnu.so
[0.437s] -- Up-to-date: /home/seok/automotive_software_mid-term/install/ad_msgs/lib/libad_msgs__rosidl_generator_py.so
[0.437s] -- Up-to-date: /home/seok/automotive_software_mid-term/install/ad_msgs/share/ad_msgs/msg/VehicleOutput.idl
[0.437s] -- Up-to-date: /home/seok/automotive_software_mid-term/install/ad_msgs/share/ad_msgs/msg/VehicleInput.idl
[0.437s] -- Up-to-date: /home/seok/automotive_software_mid-term/install/ad_msgs/share/ad_msgs/msg/Obstacles.idl
[0.437s] -- Up-to-date: /home/seok/automotive_software_mid-term/install/ad_msgs/share/ad_msgs/msg/PolyfitLaneData.idl
[0.437s] -- Up-to-date: /home/seok/automotive_software_mid-term/install/ad_msgs/share/ad_msgs/msg/LanePointData.idl
[0.437s] -- Up-to-date: /home/seok/automotive_software_mid-term/install/ad_msgs/share/ad_msgs/msg/LanePointDataArray.idl
[0.437s] -- Up-to-date: /home/seok/automotive_software_mid-term/install/ad_msgs/share/ad_msgs/msg/PolyfitLaneDataArray.idl
[0.438s] -- Up-to-date: /home/seok/automotive_software_mid-term/install/ad_msgs/share/ad_msgs/msg/VehicleOutput.msg
[0.438s] -- Up-to-date: /home/seok/automotive_software_mid-term/install/ad_msgs/share/ad_msgs/msg/VehicleInput.msg
[0.438s] -- Up-to-date: /home/seok/automotive_software_mid-term/install/ad_msgs/share/ad_msgs/msg/Obstacles.msg
[0.438s] -- Up-to-date: /home/seok/automotive_software_mid-term/install/ad_msgs/share/ad_msgs/msg/PolyfitLaneData.msg
[0.438s] -- Up-to-date: /home/seok/automotive_software_mid-term/install/ad_msgs/share/ad_msgs/msg/LanePointData.msg
[0.438s] -- Up-to-date: /home/seok/automotive_software_mid-term/install/ad_msgs/share/ad_msgs/msg/LanePointDataArray.msg
[0.438s] -- Up-to-date: /home/seok/automotive_software_mid-term/install/ad_msgs/share/ad_msgs/msg/PolyfitLaneDataArray.msg
[0.438s] -- Up-to-date: /home/seok/automotive_software_mid-term/install/ad_msgs/share/ament_index/resource_index/package_run_dependencies/ad_msgs
[0.438s] -- Up-to-date: /home/seok/automotive_software_mid-term/install/ad_msgs/share/ament_index/resource_index/parent_prefix_path/ad_msgs
[0.438s] -- Up-to-date: /home/seok/automotive_software_mid-term/install/ad_msgs/share/ad_msgs/environment/ament_prefix_path.sh
[0.438s] -- Up-to-date: /home/seok/automotive_software_mid-term/install/ad_msgs/share/ad_msgs/environment/ament_prefix_path.dsv
[0.438s] -- Up-to-date: /home/seok/automotive_software_mid-term/install/ad_msgs/share/ad_msgs/environment/path.sh
[0.438s] -- Up-to-date: /home/seok/automotive_software_mid-term/install/ad_msgs/share/ad_msgs/environment/path.dsv
[0.438s] -- Up-to-date: /home/seok/automotive_software_mid-term/install/ad_msgs/share/ad_msgs/local_setup.bash
[0.439s] -- Up-to-date: /home/seok/automotive_software_mid-term/install/ad_msgs/share/ad_msgs/local_setup.sh
[0.439s] -- Up-to-date: /home/seok/automotive_software_mid-term/install/ad_msgs/share/ad_msgs/local_setup.zsh
[0.439s] -- Up-to-date: /home/seok/automotive_software_mid-term/install/ad_msgs/share/ad_msgs/local_setup.dsv
[0.439s] -- Installing: /home/seok/automotive_software_mid-term/install/ad_msgs/share/ad_msgs/package.dsv
[0.439s] -- Up-to-date: /home/seok/automotive_software_mid-term/install/ad_msgs/share/ament_index/resource_index/packages/ad_msgs
[0.439s] -- Up-to-date: /home/seok/automotive_software_mid-term/install/ad_msgs/share/ad_msgs/cmake/export_ad_msgs__rosidl_generator_cExport.cmake
[0.439s] -- Up-to-date: /home/seok/automotive_software_mid-term/install/ad_msgs/share/ad_msgs/cmake/export_ad_msgs__rosidl_generator_cExport-noconfig.cmake
[0.439s] -- Up-to-date: /home/seok/automotive_software_mid-term/install/ad_msgs/share/ad_msgs/cmake/export_ad_msgs__rosidl_typesupport_fastrtps_cExport.cmake
[0.439s] -- Up-to-date: /home/seok/automotive_software_mid-term/install/ad_msgs/share/ad_msgs/cmake/export_ad_msgs__rosidl_typesupport_fastrtps_cExport-noconfig.cmake
[0.439s] -- Up-to-date: /home/seok/automotive_software_mid-term/install/ad_msgs/share/ad_msgs/cmake/ad_msgs__rosidl_typesupport_introspection_cExport.cmake
[0.439s] -- Up-to-date: /home/seok/automotive_software_mid-term/install/ad_msgs/share/ad_msgs/cmake/ad_msgs__rosidl_typesupport_introspection_cExport-noconfig.cmake
[0.440s] -- Up-to-date: /home/seok/automotive_software_mid-term/install/ad_msgs/share/ad_msgs/cmake/ad_msgs__rosidl_typesupport_cExport.cmake
[0.440s] -- Up-to-date: /home/seok/automotive_software_mid-term/install/ad_msgs/share/ad_msgs/cmake/ad_msgs__rosidl_typesupport_cExport-noconfig.cmake
[0.440s] -- Up-to-date: /home/seok/automotive_software_mid-term/install/ad_msgs/share/ad_msgs/cmake/export_ad_msgs__rosidl_generator_cppExport.cmake
[0.441s] -- Up-to-date: /home/seok/automotive_software_mid-term/install/ad_msgs/share/ad_msgs/cmake/export_ad_msgs__rosidl_typesupport_fastrtps_cppExport.cmake
[0.441s] -- Up-to-date: /home/seok/automotive_software_mid-term/install/ad_msgs/share/ad_msgs/cmake/export_ad_msgs__rosidl_typesupport_fastrtps_cppExport-noconfig.cmake
[0.441s] -- Up-to-date: /home/seok/automotive_software_mid-term/install/ad_msgs/share/ad_msgs/cmake/ad_msgs__rosidl_typesupport_introspection_cppExport.cmake
[0.441s] -- Up-to-date: /home/seok/automotive_software_mid-term/install/ad_msgs/share/ad_msgs/cmake/ad_msgs__rosidl_typesupport_introspection_cppExport-noconfig.cmake
[0.442s] -- Up-to-date: /home/seok/automotive_software_mid-term/install/ad_msgs/share/ad_msgs/cmake/ad_msgs__rosidl_typesupport_cppExport.cmake
[0.442s] -- Up-to-date: /home/seok/automotive_software_mid-term/install/ad_msgs/share/ad_msgs/cmake/ad_msgs__rosidl_typesupport_cppExport-noconfig.cmake
[0.442s] -- Up-to-date: /home/seok/automotive_software_mid-term/install/ad_msgs/share/ad_msgs/cmake/export_ad_msgs__rosidl_generator_pyExport.cmake
[0.442s] -- Up-to-date: /home/seok/automotive_software_mid-term/install/ad_msgs/share/ad_msgs/cmake/export_ad_msgs__rosidl_generator_pyExport-noconfig.cmake
[0.442s] -- Up-to-date: /home/seok/automotive_software_mid-term/install/ad_msgs/share/ad_msgs/cmake/rosidl_cmake-extras.cmake
[0.442s] -- Up-to-date: /home/seok/automotive_software_mid-term/install/ad_msgs/share/ad_msgs/cmake/ament_cmake_export_dependencies-extras.cmake
[0.442s] -- Up-to-date: /home/seok/automotive_software_mid-term/install/ad_msgs/share/ad_msgs/cmake/ament_cmake_export_include_directories-extras.cmake
[0.443s] -- Up-to-date: /home/seok/automotive_software_mid-term/install/ad_msgs/share/ad_msgs/cmake/ament_cmake_export_libraries-extras.cmake
[0.443s] -- Up-to-date: /home/seok/automotive_software_mid-term/install/ad_msgs/share/ad_msgs/cmake/ament_cmake_export_targets-extras.cmake
[0.443s] -- Up-to-date: /home/seok/automotive_software_mid-term/install/ad_msgs/share/ad_msgs/cmake/rosidl_cmake_export_typesupport_targets-extras.cmake
[0.443s] -- Up-to-date: /home/seok/automotive_software_mid-term/install/ad_msgs/share/ad_msgs/cmake/rosidl_cmake_export_typesupport_libraries-extras.cmake
[0.443s] -- Up-to-date: /home/seok/automotive_software_mid-term/install/ad_msgs/share/ad_msgs/cmake/ad_msgsConfig.cmake
[0.443s] -- Up-to-date: /home/seok/automotive_software_mid-term/install/ad_msgs/share/ad_msgs/cmake/ad_msgsConfig-version.cmake
[0.443s] -- Up-to-date: /home/seok/automotive_software_mid-term/install/ad_msgs/share/ad_msgs/package.xml
[0.444s] Invoked command in '/home/seok/automotive_software_mid-term/build/ad_msgs' returned '0': CMAKE_PREFIX_PATH=${CMAKE_PREFIX_PATH}:/opt/ros/humble /usr/bin/cmake --install /home/seok/automotive_software_mid-term/build/ad_msgs
