[0.011s] Invoking command in '/home/seok/automotive_software_mid-term/build/ad_msgs': CMAKE_PREFIX_PATH=${CMAKE_PREFIX_PATH}:/opt/ros/humble /usr/bin/cmake --build /home/seok/automotive_software_mid-term/build/ad_msgs -- -j16 -l16
[0.090s] [  1%] Built target ad_msgs__cpp
[0.092s] [ 12%] Built target ad_msgs__rosidl_generator_c
[0.109s] [ 24%] Built target ad_msgs__rosidl_typesupport_cpp
[0.110s] [ 35%] Built target ad_msgs__rosidl_typesupport_introspection_cpp
[0.111s] [ 46%] Built target ad_msgs__rosidl_typesupport_fastrtps_cpp
[0.111s] [ 58%] Built target ad_msgs__rosidl_typesupport_c
[0.112s] [ 69%] Built target ad_msgs__rosidl_typesupport_fastrtps_c
[0.113s] [ 81%] Built target ad_msgs__rosidl_typesupport_introspection_c
[0.115s] [ 81%] Built target ament_cmake_python_copy_ad_msgs
[0.125s] [ 81%] Built target ad_msgs
[0.138s] [ 82%] Built target ad_msgs__py
[0.154s] [ 92%] Built target ad_msgs__rosidl_generator_py
[0.168s] [ 97%] Built target ad_msgs__rosidl_typesupport_introspection_c__pyext
[0.168s] [ 97%] Built target ad_msgs__rosidl_typesupport_fastrtps_c__pyext
[0.168s] [100%] Built target ad_msgs__rosidl_typesupport_c__pyext
[0.259s] running egg_info
[0.259s] writing ad_msgs.egg-info/PKG-INFO
[0.260s] writing dependency_links to ad_msgs.egg-info/dependency_links.txt
[0.260s] writing top-level names to ad_msgs.egg-info/top_level.txt
[0.262s] reading manifest file 'ad_msgs.egg-info/SOURCES.txt'
[0.262s] writing manifest file 'ad_msgs.egg-info/SOURCES.txt'
[0.278s] [100%] Built target ament_cmake_python_build_ad_msgs_egg
[0.284s] Invoked command in '/home/seok/automotive_software_mid-term/build/ad_msgs' returned '0': CMAKE_PREFIX_PATH=${CMAKE_PREFIX_PATH}:/opt/ros/humble /usr/bin/cmake --build /home/seok/automotive_software_mid-term/build/ad_msgs -- -j16 -l16
[0.376s] Invoking command in '/home/seok/automotive_software_mid-term/build/ad_msgs': CMAKE_PREFIX_PATH=${CMAKE_PREFIX_PATH}:/opt/ros/humble /usr/bin/cmake --install /home/seok/automotive_software_mid-term/build/ad_msgs
[0.381s] -- Install configuration: ""
[0.382s] -- Up-to-date: /home/seok/automotive_software_mid-term/install/ad_msgs/share/ament_index/resource_index/rosidl_interfaces/ad_msgs
[0.382s] -- Up-to-date: /home/seok/automotive_software_mid-term/install/ad_msgs/include/ad_msgs/ad_msgs
[0.382s] -- Up-to-date: /home/seok/automotive_software_mid-term/install/ad_msgs/include/ad_msgs/ad_msgs/msg
[0.382s] -- Up-to-date: /home/seok/automotive_software_mid-term/install/ad_msgs/include/ad_msgs/ad_msgs/msg/detail
[0.383s] -- Up-to-date: /home/seok/automotive_software_mid-term/install/ad_msgs/include/ad_msgs/ad_msgs/msg/detail/polyfit_lane_data__struct.h
[0.383s] -- Up-to-date: /home/seok/automotive_software_mid-term/install/ad_msgs/include/ad_msgs/ad_msgs/msg/detail/obstacles__functions.c
[0.383s] -- Up-to-date: /home/seok/automotive_software_mid-term/install/ad_msgs/include/ad_msgs/ad_msgs/msg/detail/obstacles__struct.h
[0.383s] -- Up-to-date: /home/seok/automotive_software_mid-term/install/ad_msgs/include/ad_msgs/ad_msgs/msg/detail/vehicle_input__functions.c
[0.383s] -- Up-to-date: /home/seok/automotive_software_mid-term/install/ad_msgs/include/ad_msgs/ad_msgs/msg/detail/vehicle_output__struct.h
[0.383s] -- Up-to-date: /home/seok/automotive_software_mid-term/install/ad_msgs/include/ad_msgs/ad_msgs/msg/detail/vehicle_output__functions.c
[0.383s] -- Up-to-date: /home/seok/automotive_software_mid-term/install/ad_msgs/include/ad_msgs/ad_msgs/msg/detail/vehicle_output__type_support.h
[0.383s] -- Up-to-date: /home/seok/automotive_software_mid-term/install/ad_msgs/include/ad_msgs/ad_msgs/msg/detail/polyfit_lane_data__type_support.h
[0.384s] -- Up-to-date: /home/seok/automotive_software_mid-term/install/ad_msgs/include/ad_msgs/ad_msgs/msg/detail/lane_point_data_array__type_support.h
[0.384s] -- Up-to-date: /home/seok/automotive_software_mid-term/install/ad_msgs/include/ad_msgs/ad_msgs/msg/detail/polyfit_lane_data_array__functions.c
[0.384s] -- Up-to-date: /home/seok/automotive_software_mid-term/install/ad_msgs/include/ad_msgs/ad_msgs/msg/detail/polyfit_lane_data__functions.h
[0.384s] -- Up-to-date: /home/seok/automotive_software_mid-term/install/ad_msgs/include/ad_msgs/ad_msgs/msg/detail/obstacles__functions.h
[0.384s] -- Up-to-date: /home/seok/automotive_software_mid-term/install/ad_msgs/include/ad_msgs/ad_msgs/msg/detail/lane_point_data__struct.h
[0.384s] -- Up-to-date: /home/seok/automotive_software_mid-term/install/ad_msgs/include/ad_msgs/ad_msgs/msg/detail/polyfit_lane_data_array__struct.h
[0.384s] -- Up-to-date: /home/seok/automotive_software_mid-term/install/ad_msgs/include/ad_msgs/ad_msgs/msg/detail/lane_point_data_array__functions.h
[0.384s] -- Up-to-date: /home/seok/automotive_software_mid-term/install/ad_msgs/include/ad_msgs/ad_msgs/msg/detail/lane_point_data__type_support.h
[0.384s] -- Up-to-date: /home/seok/automotive_software_mid-term/install/ad_msgs/include/ad_msgs/ad_msgs/msg/detail/polyfit_lane_data_array__type_support.h
[0.384s] -- Up-to-date: /home/seok/automotive_software_mid-term/install/ad_msgs/include/ad_msgs/ad_msgs/msg/detail/vehicle_input__struct.h
[0.384s] -- Up-to-date: /home/seok/automotive_software_mid-term/install/ad_msgs/include/ad_msgs/ad_msgs/msg/detail/polyfit_lane_data__functions.c
[0.384s] -- Up-to-date: /home/seok/automotive_software_mid-term/install/ad_msgs/include/ad_msgs/ad_msgs/msg/detail/lane_point_data__functions.c
[0.385s] -- Up-to-date: /home/seok/automotive_software_mid-term/install/ad_msgs/include/ad_msgs/ad_msgs/msg/detail/vehicle_input__type_support.h
[0.385s] -- Up-to-date: /home/seok/automotive_software_mid-term/install/ad_msgs/include/ad_msgs/ad_msgs/msg/detail/vehicle_output__functions.h
[0.385s] -- Up-to-date: /home/seok/automotive_software_mid-term/install/ad_msgs/include/ad_msgs/ad_msgs/msg/detail/polyfit_lane_data_array__functions.h
[0.385s] -- Up-to-date: /home/seok/automotive_software_mid-term/install/ad_msgs/include/ad_msgs/ad_msgs/msg/detail/lane_point_data_array__struct.h
[0.385s] -- Up-to-date: /home/seok/automotive_software_mid-term/install/ad_msgs/include/ad_msgs/ad_msgs/msg/detail/lane_point_data__functions.h
[0.385s] -- Up-to-date: /home/seok/automotive_software_mid-term/install/ad_msgs/include/ad_msgs/ad_msgs/msg/detail/obstacles__type_support.h
[0.385s] -- Up-to-date: /home/seok/automotive_software_mid-term/install/ad_msgs/include/ad_msgs/ad_msgs/msg/detail/vehicle_input__functions.h
[0.385s] -- Up-to-date: /home/seok/automotive_software_mid-term/install/ad_msgs/include/ad_msgs/ad_msgs/msg/detail/lane_point_data_array__functions.c
[0.385s] -- Up-to-date: /home/seok/automotive_software_mid-term/install/ad_msgs/include/ad_msgs/ad_msgs/msg/vehicle_input.h
[0.385s] -- Up-to-date: /home/seok/automotive_software_mid-term/install/ad_msgs/include/ad_msgs/ad_msgs/msg/lane_point_data.h
[0.385s] -- Up-to-date: /home/seok/automotive_software_mid-term/install/ad_msgs/include/ad_msgs/ad_msgs/msg/rosidl_generator_c__visibility_control.h
[0.386s] -- Up-to-date: /home/seok/automotive_software_mid-term/install/ad_msgs/include/ad_msgs/ad_msgs/msg/lane_point_data_array.h
[0.386s] -- Up-to-date: /home/seok/automotive_software_mid-term/install/ad_msgs/include/ad_msgs/ad_msgs/msg/obstacles.h
[0.386s] -- Up-to-date: /home/seok/automotive_software_mid-term/install/ad_msgs/include/ad_msgs/ad_msgs/msg/vehicle_output.h
[0.386s] -- Up-to-date: /home/seok/automotive_software_mid-term/install/ad_msgs/include/ad_msgs/ad_msgs/msg/polyfit_lane_data_array.h
[0.386s] -- Up-to-date: /home/seok/automotive_software_mid-term/install/ad_msgs/include/ad_msgs/ad_msgs/msg/polyfit_lane_data.h
[0.386s] -- Up-to-date: /home/seok/automotive_software_mid-term/install/ad_msgs/share/ad_msgs/environment/library_path.sh
[0.386s] -- Up-to-date: /home/seok/automotive_software_mid-term/install/ad_msgs/share/ad_msgs/environment/library_path.dsv
[0.386s] -- Up-to-date: /home/seok/automotive_software_mid-term/install/ad_msgs/lib/libad_msgs__rosidl_generator_c.so
[0.386s] -- Up-to-date: /home/seok/automotive_software_mid-term/install/ad_msgs/include/ad_msgs/ad_msgs
[0.387s] -- Up-to-date: /home/seok/automotive_software_mid-term/install/ad_msgs/include/ad_msgs/ad_msgs/msg
[0.387s] -- Up-to-date: /home/seok/automotive_software_mid-term/install/ad_msgs/include/ad_msgs/ad_msgs/msg/detail
[0.387s] -- Up-to-date: /home/seok/automotive_software_mid-term/install/ad_msgs/include/ad_msgs/ad_msgs/msg/detail/lane_point_data_array__rosidl_typesupport_fastrtps_c.h
[0.387s] -- Up-to-date: /home/seok/automotive_software_mid-term/install/ad_msgs/include/ad_msgs/ad_msgs/msg/detail/vehicle_output__rosidl_typesupport_fastrtps_c.h
[0.387s] -- Up-to-date: /home/seok/automotive_software_mid-term/install/ad_msgs/include/ad_msgs/ad_msgs/msg/detail/vehicle_input__rosidl_typesupport_fastrtps_c.h
[0.387s] -- Up-to-date: /home/seok/automotive_software_mid-term/install/ad_msgs/include/ad_msgs/ad_msgs/msg/detail/polyfit_lane_data_array__rosidl_typesupport_fastrtps_c.h
[0.387s] -- Up-to-date: /home/seok/automotive_software_mid-term/install/ad_msgs/include/ad_msgs/ad_msgs/msg/detail/obstacles__rosidl_typesupport_fastrtps_c.h
[0.387s] -- Up-to-date: /home/seok/automotive_software_mid-term/install/ad_msgs/include/ad_msgs/ad_msgs/msg/detail/polyfit_lane_data__rosidl_typesupport_fastrtps_c.h
[0.387s] -- Up-to-date: /home/seok/automotive_software_mid-term/install/ad_msgs/include/ad_msgs/ad_msgs/msg/detail/lane_point_data__rosidl_typesupport_fastrtps_c.h
[0.387s] -- Up-to-date: /home/seok/automotive_software_mid-term/install/ad_msgs/include/ad_msgs/ad_msgs/msg/rosidl_typesupport_fastrtps_c__visibility_control.h
[0.387s] -- Up-to-date: /home/seok/automotive_software_mid-term/install/ad_msgs/lib/libad_msgs__rosidl_typesupport_fastrtps_c.so
[0.387s] -- Up-to-date: /home/seok/automotive_software_mid-term/install/ad_msgs/include/ad_msgs/ad_msgs
[0.387s] -- Up-to-date: /home/seok/automotive_software_mid-term/install/ad_msgs/include/ad_msgs/ad_msgs/msg
[0.387s] -- Up-to-date: /home/seok/automotive_software_mid-term/install/ad_msgs/include/ad_msgs/ad_msgs/msg/detail
[0.388s] -- Up-to-date: /home/seok/automotive_software_mid-term/install/ad_msgs/include/ad_msgs/ad_msgs/msg/detail/vehicle_input__type_support.c
[0.388s] -- Up-to-date: /home/seok/automotive_software_mid-term/install/ad_msgs/include/ad_msgs/ad_msgs/msg/detail/vehicle_output__type_support.c
[0.388s] -- Up-to-date: /home/seok/automotive_software_mid-term/install/ad_msgs/include/ad_msgs/ad_msgs/msg/detail/polyfit_lane_data_array__rosidl_typesupport_introspection_c.h
[0.388s] -- Up-to-date: /home/seok/automotive_software_mid-term/install/ad_msgs/include/ad_msgs/ad_msgs/msg/detail/lane_point_data_array__type_support.c
[0.388s] -- Up-to-date: /home/seok/automotive_software_mid-term/install/ad_msgs/include/ad_msgs/ad_msgs/msg/detail/vehicle_input__rosidl_typesupport_introspection_c.h
[0.388s] -- Up-to-date: /home/seok/automotive_software_mid-term/install/ad_msgs/include/ad_msgs/ad_msgs/msg/detail/polyfit_lane_data__type_support.c
[0.388s] -- Up-to-date: /home/seok/automotive_software_mid-term/install/ad_msgs/include/ad_msgs/ad_msgs/msg/detail/obstacles__rosidl_typesupport_introspection_c.h
[0.388s] -- Up-to-date: /home/seok/automotive_software_mid-term/install/ad_msgs/include/ad_msgs/ad_msgs/msg/detail/vehicle_output__rosidl_typesupport_introspection_c.h
[0.388s] -- Up-to-date: /home/seok/automotive_software_mid-term/install/ad_msgs/include/ad_msgs/ad_msgs/msg/detail/lane_point_data__rosidl_typesupport_introspection_c.h
[0.388s] -- Up-to-date: /home/seok/automotive_software_mid-term/install/ad_msgs/include/ad_msgs/ad_msgs/msg/detail/lane_point_data__type_support.c
[0.388s] -- Up-to-date: /home/seok/automotive_software_mid-term/install/ad_msgs/include/ad_msgs/ad_msgs/msg/detail/polyfit_lane_data__rosidl_typesupport_introspection_c.h
[0.388s] -- Up-to-date: /home/seok/automotive_software_mid-term/install/ad_msgs/include/ad_msgs/ad_msgs/msg/detail/polyfit_lane_data_array__type_support.c
[0.388s] -- Up-to-date: /home/seok/automotive_software_mid-term/install/ad_msgs/include/ad_msgs/ad_msgs/msg/detail/lane_point_data_array__rosidl_typesupport_introspection_c.h
[0.388s] -- Up-to-date: /home/seok/automotive_software_mid-term/install/ad_msgs/include/ad_msgs/ad_msgs/msg/detail/obstacles__type_support.c
[0.388s] -- Up-to-date: /home/seok/automotive_software_mid-term/install/ad_msgs/include/ad_msgs/ad_msgs/msg/rosidl_typesupport_introspection_c__visibility_control.h
[0.388s] -- Up-to-date: /home/seok/automotive_software_mid-term/install/ad_msgs/lib/libad_msgs__rosidl_typesupport_introspection_c.so
[0.389s] -- Up-to-date: /home/seok/automotive_software_mid-term/install/ad_msgs/lib/libad_msgs__rosidl_typesupport_c.so
[0.389s] -- Up-to-date: /home/seok/automotive_software_mid-term/install/ad_msgs/include/ad_msgs/ad_msgs
[0.389s] -- Up-to-date: /home/seok/automotive_software_mid-term/install/ad_msgs/include/ad_msgs/ad_msgs/msg
[0.390s] -- Up-to-date: /home/seok/automotive_software_mid-term/install/ad_msgs/include/ad_msgs/ad_msgs/msg/detail
[0.390s] -- Up-to-date: /home/seok/automotive_software_mid-term/install/ad_msgs/include/ad_msgs/ad_msgs/msg/detail/lane_point_data__struct.hpp
[0.390s] -- Up-to-date: /home/seok/automotive_software_mid-term/install/ad_msgs/include/ad_msgs/ad_msgs/msg/detail/vehicle_input__struct.hpp
[0.390s] -- Up-to-date: /home/seok/automotive_software_mid-term/install/ad_msgs/include/ad_msgs/ad_msgs/msg/detail/obstacles__struct.hpp
[0.391s] -- Up-to-date: /home/seok/automotive_software_mid-term/install/ad_msgs/include/ad_msgs/ad_msgs/msg/detail/lane_point_data_array__builder.hpp
[0.391s] -- Up-to-date: /home/seok/automotive_software_mid-term/install/ad_msgs/include/ad_msgs/ad_msgs/msg/detail/vehicle_output__struct.hpp
[0.391s] -- Up-to-date: /home/seok/automotive_software_mid-term/install/ad_msgs/include/ad_msgs/ad_msgs/msg/detail/polyfit_lane_data_array__struct.hpp
[0.391s] -- Up-to-date: /home/seok/automotive_software_mid-term/install/ad_msgs/include/ad_msgs/ad_msgs/msg/detail/lane_point_data_array__traits.hpp
[0.391s] -- Up-to-date: /home/seok/automotive_software_mid-term/install/ad_msgs/include/ad_msgs/ad_msgs/msg/detail/polyfit_lane_data_array__traits.hpp
[0.391s] -- Up-to-date: /home/seok/automotive_software_mid-term/install/ad_msgs/include/ad_msgs/ad_msgs/msg/detail/polyfit_lane_data__builder.hpp
[0.391s] -- Up-to-date: /home/seok/automotive_software_mid-term/install/ad_msgs/include/ad_msgs/ad_msgs/msg/detail/polyfit_lane_data__struct.hpp
[0.391s] -- Up-to-date: /home/seok/automotive_software_mid-term/install/ad_msgs/include/ad_msgs/ad_msgs/msg/detail/lane_point_data__traits.hpp
[0.391s] -- Up-to-date: /home/seok/automotive_software_mid-term/install/ad_msgs/include/ad_msgs/ad_msgs/msg/detail/vehicle_input__traits.hpp
[0.391s] -- Up-to-date: /home/seok/automotive_software_mid-term/install/ad_msgs/include/ad_msgs/ad_msgs/msg/detail/lane_point_data_array__struct.hpp
[0.391s] -- Up-to-date: /home/seok/automotive_software_mid-term/install/ad_msgs/include/ad_msgs/ad_msgs/msg/detail/obstacles__builder.hpp
[0.392s] -- Up-to-date: /home/seok/automotive_software_mid-term/install/ad_msgs/include/ad_msgs/ad_msgs/msg/detail/vehicle_input__builder.hpp
[0.392s] -- Up-to-date: /home/seok/automotive_software_mid-term/install/ad_msgs/include/ad_msgs/ad_msgs/msg/detail/vehicle_output__builder.hpp
[0.392s] -- Up-to-date: /home/seok/automotive_software_mid-term/install/ad_msgs/include/ad_msgs/ad_msgs/msg/detail/lane_point_data__builder.hpp
[0.392s] -- Up-to-date: /home/seok/automotive_software_mid-term/install/ad_msgs/include/ad_msgs/ad_msgs/msg/detail/polyfit_lane_data_array__builder.hpp
[0.392s] -- Up-to-date: /home/seok/automotive_software_mid-term/install/ad_msgs/include/ad_msgs/ad_msgs/msg/detail/vehicle_output__traits.hpp
[0.392s] -- Up-to-date: /home/seok/automotive_software_mid-term/install/ad_msgs/include/ad_msgs/ad_msgs/msg/detail/polyfit_lane_data__traits.hpp
[0.392s] -- Up-to-date: /home/seok/automotive_software_mid-term/install/ad_msgs/include/ad_msgs/ad_msgs/msg/detail/obstacles__traits.hpp
[0.392s] -- Up-to-date: /home/seok/automotive_software_mid-term/install/ad_msgs/include/ad_msgs/ad_msgs/msg/lane_point_data_array.hpp
[0.392s] -- Up-to-date: /home/seok/automotive_software_mid-term/install/ad_msgs/include/ad_msgs/ad_msgs/msg/vehicle_output.hpp
[0.392s] -- Up-to-date: /home/seok/automotive_software_mid-term/install/ad_msgs/include/ad_msgs/ad_msgs/msg/lane_point_data.hpp
[0.392s] -- Up-to-date: /home/seok/automotive_software_mid-term/install/ad_msgs/include/ad_msgs/ad_msgs/msg/vehicle_input.hpp
[0.392s] -- Up-to-date: /home/seok/automotive_software_mid-term/install/ad_msgs/include/ad_msgs/ad_msgs/msg/polyfit_lane_data.hpp
[0.392s] -- Up-to-date: /home/seok/automotive_software_mid-term/install/ad_msgs/include/ad_msgs/ad_msgs/msg/polyfit_lane_data_array.hpp
[0.392s] -- Up-to-date: /home/seok/automotive_software_mid-term/install/ad_msgs/include/ad_msgs/ad_msgs/msg/obstacles.hpp
[0.392s] -- Up-to-date: /home/seok/automotive_software_mid-term/install/ad_msgs/include/ad_msgs/ad_msgs
[0.392s] -- Up-to-date: /home/seok/automotive_software_mid-term/install/ad_msgs/include/ad_msgs/ad_msgs/msg
[0.392s] -- Up-to-date: /home/seok/automotive_software_mid-term/install/ad_msgs/include/ad_msgs/ad_msgs/msg/detail
[0.392s] -- Up-to-date: /home/seok/automotive_software_mid-term/install/ad_msgs/include/ad_msgs/ad_msgs/msg/detail/vehicle_output__rosidl_typesupport_fastrtps_cpp.hpp
[0.392s] -- Up-to-date: /home/seok/automotive_software_mid-term/install/ad_msgs/include/ad_msgs/ad_msgs/msg/detail/lane_point_data__rosidl_typesupport_fastrtps_cpp.hpp
[0.392s] -- Up-to-date: /home/seok/automotive_software_mid-term/install/ad_msgs/include/ad_msgs/ad_msgs/msg/detail/obstacles__rosidl_typesupport_fastrtps_cpp.hpp
[0.392s] -- Up-to-date: /home/seok/automotive_software_mid-term/install/ad_msgs/include/ad_msgs/ad_msgs/msg/detail/dds_fastrtps
[0.392s] -- Up-to-date: /home/seok/automotive_software_mid-term/install/ad_msgs/include/ad_msgs/ad_msgs/msg/detail/vehicle_input__rosidl_typesupport_fastrtps_cpp.hpp
[0.392s] -- Up-to-date: /home/seok/automotive_software_mid-term/install/ad_msgs/include/ad_msgs/ad_msgs/msg/detail/polyfit_lane_data__rosidl_typesupport_fastrtps_cpp.hpp
[0.392s] -- Up-to-date: /home/seok/automotive_software_mid-term/install/ad_msgs/include/ad_msgs/ad_msgs/msg/detail/lane_point_data_array__rosidl_typesupport_fastrtps_cpp.hpp
[0.392s] -- Up-to-date: /home/seok/automotive_software_mid-term/install/ad_msgs/include/ad_msgs/ad_msgs/msg/detail/polyfit_lane_data_array__rosidl_typesupport_fastrtps_cpp.hpp
[0.392s] -- Up-to-date: /home/seok/automotive_software_mid-term/install/ad_msgs/include/ad_msgs/ad_msgs/msg/rosidl_typesupport_fastrtps_cpp__visibility_control.h
[0.393s] -- Up-to-date: /home/seok/automotive_software_mid-term/install/ad_msgs/lib/libad_msgs__rosidl_typesupport_fastrtps_cpp.so
[0.393s] -- Up-to-date: /home/seok/automotive_software_mid-term/install/ad_msgs/include/ad_msgs/ad_msgs
[0.393s] -- Up-to-date: /home/seok/automotive_software_mid-term/install/ad_msgs/include/ad_msgs/ad_msgs/msg
[0.393s] -- Up-to-date: /home/seok/automotive_software_mid-term/install/ad_msgs/include/ad_msgs/ad_msgs/msg/detail
[0.394s] -- Up-to-date: /home/seok/automotive_software_mid-term/install/ad_msgs/include/ad_msgs/ad_msgs/msg/detail/polyfit_lane_data_array__type_support.cpp
[0.394s] -- Up-to-date: /home/seok/automotive_software_mid-term/install/ad_msgs/include/ad_msgs/ad_msgs/msg/detail/lane_point_data_array__rosidl_typesupport_introspection_cpp.hpp
[0.394s] -- Up-to-date: /home/seok/automotive_software_mid-term/install/ad_msgs/include/ad_msgs/ad_msgs/msg/detail/polyfit_lane_data_array__rosidl_typesupport_introspection_cpp.hpp
[0.394s] -- Up-to-date: /home/seok/automotive_software_mid-term/install/ad_msgs/include/ad_msgs/ad_msgs/msg/detail/lane_point_data_array__type_support.cpp
[0.394s] -- Up-to-date: /home/seok/automotive_software_mid-term/install/ad_msgs/include/ad_msgs/ad_msgs/msg/detail/vehicle_output__type_support.cpp
[0.394s] -- Up-to-date: /home/seok/automotive_software_mid-term/install/ad_msgs/include/ad_msgs/ad_msgs/msg/detail/polyfit_lane_data__rosidl_typesupport_introspection_cpp.hpp
[0.394s] -- Up-to-date: /home/seok/automotive_software_mid-term/install/ad_msgs/include/ad_msgs/ad_msgs/msg/detail/vehicle_output__rosidl_typesupport_introspection_cpp.hpp
[0.394s] -- Up-to-date: /home/seok/automotive_software_mid-term/install/ad_msgs/include/ad_msgs/ad_msgs/msg/detail/polyfit_lane_data__type_support.cpp
[0.394s] -- Up-to-date: /home/seok/automotive_software_mid-term/install/ad_msgs/include/ad_msgs/ad_msgs/msg/detail/vehicle_input__type_support.cpp
[0.394s] -- Up-to-date: /home/seok/automotive_software_mid-term/install/ad_msgs/include/ad_msgs/ad_msgs/msg/detail/lane_point_data__rosidl_typesupport_introspection_cpp.hpp
[0.394s] -- Up-to-date: /home/seok/automotive_software_mid-term/install/ad_msgs/include/ad_msgs/ad_msgs/msg/detail/vehicle_input__rosidl_typesupport_introspection_cpp.hpp
[0.394s] -- Up-to-date: /home/seok/automotive_software_mid-term/install/ad_msgs/include/ad_msgs/ad_msgs/msg/detail/lane_point_data__type_support.cpp
[0.394s] -- Up-to-date: /home/seok/automotive_software_mid-term/install/ad_msgs/include/ad_msgs/ad_msgs/msg/detail/obstacles__type_support.cpp
[0.394s] -- Up-to-date: /home/seok/automotive_software_mid-term/install/ad_msgs/include/ad_msgs/ad_msgs/msg/detail/obstacles__rosidl_typesupport_introspection_cpp.hpp
[0.395s] -- Up-to-date: /home/seok/automotive_software_mid-term/install/ad_msgs/lib/libad_msgs__rosidl_typesupport_introspection_cpp.so
[0.396s] -- Up-to-date: /home/seok/automotive_software_mid-term/install/ad_msgs/lib/libad_msgs__rosidl_typesupport_cpp.so
[0.396s] -- Up-to-date: /home/seok/automotive_software_mid-term/install/ad_msgs/share/ad_msgs/environment/pythonpath.sh
[0.396s] -- Up-to-date: /home/seok/automotive_software_mid-term/install/ad_msgs/share/ad_msgs/environment/pythonpath.dsv
[0.396s] -- Up-to-date: /home/seok/automotive_software_mid-term/install/ad_msgs/local/lib/python3.10/dist-packages/ad_msgs-0.0.0-py3.10.egg-info
[0.396s] -- Installing: /home/seok/automotive_software_mid-term/install/ad_msgs/local/lib/python3.10/dist-packages/ad_msgs-0.0.0-py3.10.egg-info/SOURCES.txt
[0.396s] -- Installing: /home/seok/automotive_software_mid-term/install/ad_msgs/local/lib/python3.10/dist-packages/ad_msgs-0.0.0-py3.10.egg-info/PKG-INFO
[0.397s] -- Installing: /home/seok/automotive_software_mid-term/install/ad_msgs/local/lib/python3.10/dist-packages/ad_msgs-0.0.0-py3.10.egg-info/dependency_links.txt
[0.397s] -- Installing: /home/seok/automotive_software_mid-term/install/ad_msgs/local/lib/python3.10/dist-packages/ad_msgs-0.0.0-py3.10.egg-info/top_level.txt
[0.397s] -- Up-to-date: /home/seok/automotive_software_mid-term/install/ad_msgs/local/lib/python3.10/dist-packages/ad_msgs
[0.397s] -- Up-to-date: /home/seok/automotive_software_mid-term/install/ad_msgs/local/lib/python3.10/dist-packages/ad_msgs/_ad_msgs_s.ep.rosidl_typesupport_c.c
[0.397s] -- Up-to-date: /home/seok/automotive_software_mid-term/install/ad_msgs/local/lib/python3.10/dist-packages/ad_msgs/ad_msgs_s__rosidl_typesupport_introspection_c.cpython-310-x86_64-linux-gnu.so
[0.397s] -- Up-to-date: /home/seok/automotive_software_mid-term/install/ad_msgs/local/lib/python3.10/dist-packages/ad_msgs/libad_msgs__rosidl_generator_py.so
[0.397s] -- Up-to-date: /home/seok/automotive_software_mid-term/install/ad_msgs/local/lib/python3.10/dist-packages/ad_msgs/_ad_msgs_s.ep.rosidl_typesupport_fastrtps_c.c
[0.397s] -- Up-to-date: /home/seok/automotive_software_mid-term/install/ad_msgs/local/lib/python3.10/dist-packages/ad_msgs/_ad_msgs_s.ep.rosidl_typesupport_introspection_c.c
[0.397s] -- Up-to-date: /home/seok/automotive_software_mid-term/install/ad_msgs/local/lib/python3.10/dist-packages/ad_msgs/msg
[0.397s] -- Up-to-date: /home/seok/automotive_software_mid-term/install/ad_msgs/local/lib/python3.10/dist-packages/ad_msgs/msg/_lane_point_data_array_s.c
[0.397s] -- Up-to-date: /home/seok/automotive_software_mid-term/install/ad_msgs/local/lib/python3.10/dist-packages/ad_msgs/msg/_vehicle_input.py
[0.397s] -- Up-to-date: /home/seok/automotive_software_mid-term/install/ad_msgs/local/lib/python3.10/dist-packages/ad_msgs/msg/_polyfit_lane_data_array.py
[0.397s] -- Up-to-date: /home/seok/automotive_software_mid-term/install/ad_msgs/local/lib/python3.10/dist-packages/ad_msgs/msg/_lane_point_data.py
[0.397s] -- Up-to-date: /home/seok/automotive_software_mid-term/install/ad_msgs/local/lib/python3.10/dist-packages/ad_msgs/msg/_obstacles.py
[0.397s] -- Up-to-date: /home/seok/automotive_software_mid-term/install/ad_msgs/local/lib/python3.10/dist-packages/ad_msgs/msg/_polyfit_lane_data_s.c
[0.397s] -- Up-to-date: /home/seok/automotive_software_mid-term/install/ad_msgs/local/lib/python3.10/dist-packages/ad_msgs/msg/_vehicle_input_s.c
[0.397s] -- Up-to-date: /home/seok/automotive_software_mid-term/install/ad_msgs/local/lib/python3.10/dist-packages/ad_msgs/msg/_lane_point_data_s.c
[0.397s] -- Up-to-date: /home/seok/automotive_software_mid-term/install/ad_msgs/local/lib/python3.10/dist-packages/ad_msgs/msg/_obstacles_s.c
[0.397s] -- Up-to-date: /home/seok/automotive_software_mid-term/install/ad_msgs/local/lib/python3.10/dist-packages/ad_msgs/msg/__init__.py
[0.397s] -- Up-to-date: /home/seok/automotive_software_mid-term/install/ad_msgs/local/lib/python3.10/dist-packages/ad_msgs/msg/_polyfit_lane_data_array_s.c
[0.397s] -- Up-to-date: /home/seok/automotive_software_mid-term/install/ad_msgs/local/lib/python3.10/dist-packages/ad_msgs/msg/_vehicle_output.py
[0.397s] -- Up-to-date: /home/seok/automotive_software_mid-term/install/ad_msgs/local/lib/python3.10/dist-packages/ad_msgs/msg/_polyfit_lane_data.py
[0.397s] -- Up-to-date: /home/seok/automotive_software_mid-term/install/ad_msgs/local/lib/python3.10/dist-packages/ad_msgs/msg/_vehicle_output_s.c
[0.398s] -- Up-to-date: /home/seok/automotive_software_mid-term/install/ad_msgs/local/lib/python3.10/dist-packages/ad_msgs/msg/_lane_point_data_array.py
[0.398s] -- Up-to-date: /home/seok/automotive_software_mid-term/install/ad_msgs/local/lib/python3.10/dist-packages/ad_msgs/ad_msgs_s__rosidl_typesupport_c.cpython-310-x86_64-linux-gnu.so
[0.398s] -- Up-to-date: /home/seok/automotive_software_mid-term/install/ad_msgs/local/lib/python3.10/dist-packages/ad_msgs/__init__.py
[0.398s] -- Up-to-date: /home/seok/automotive_software_mid-term/install/ad_msgs/local/lib/python3.10/dist-packages/ad_msgs/ad_msgs_s__rosidl_typesupport_fastrtps_c.cpython-310-x86_64-linux-gnu.so
[0.419s] Listing '/home/seok/automotive_software_mid-term/install/ad_msgs/local/lib/python3.10/dist-packages/ad_msgs'...
[0.419s] Listing '/home/seok/automotive_software_mid-term/install/ad_msgs/local/lib/python3.10/dist-packages/ad_msgs/msg'...
[0.422s] -- Up-to-date: /home/seok/automotive_software_mid-term/install/ad_msgs/local/lib/python3.10/dist-packages/ad_msgs/ad_msgs_s__rosidl_typesupport_fastrtps_c.cpython-310-x86_64-linux-gnu.so
[0.423s] -- Up-to-date: /home/seok/automotive_software_mid-term/install/ad_msgs/local/lib/python3.10/dist-packages/ad_msgs/ad_msgs_s__rosidl_typesupport_introspection_c.cpython-310-x86_64-linux-gnu.so
[0.424s] -- Up-to-date: /home/seok/automotive_software_mid-term/install/ad_msgs/local/lib/python3.10/dist-packages/ad_msgs/ad_msgs_s__rosidl_typesupport_c.cpython-310-x86_64-linux-gnu.so
[0.425s] -- Up-to-date: /home/seok/automotive_software_mid-term/install/ad_msgs/lib/libad_msgs__rosidl_generator_py.so
[0.425s] -- Up-to-date: /home/seok/automotive_software_mid-term/install/ad_msgs/share/ad_msgs/msg/VehicleOutput.idl
[0.425s] -- Up-to-date: /home/seok/automotive_software_mid-term/install/ad_msgs/share/ad_msgs/msg/VehicleInput.idl
[0.425s] -- Up-to-date: /home/seok/automotive_software_mid-term/install/ad_msgs/share/ad_msgs/msg/Obstacles.idl
[0.425s] -- Up-to-date: /home/seok/automotive_software_mid-term/install/ad_msgs/share/ad_msgs/msg/PolyfitLaneData.idl
[0.425s] -- Up-to-date: /home/seok/automotive_software_mid-term/install/ad_msgs/share/ad_msgs/msg/LanePointData.idl
[0.425s] -- Up-to-date: /home/seok/automotive_software_mid-term/install/ad_msgs/share/ad_msgs/msg/LanePointDataArray.idl
[0.425s] -- Up-to-date: /home/seok/automotive_software_mid-term/install/ad_msgs/share/ad_msgs/msg/PolyfitLaneDataArray.idl
[0.426s] -- Up-to-date: /home/seok/automotive_software_mid-term/install/ad_msgs/share/ad_msgs/msg/VehicleOutput.msg
[0.426s] -- Up-to-date: /home/seok/automotive_software_mid-term/install/ad_msgs/share/ad_msgs/msg/VehicleInput.msg
[0.426s] -- Up-to-date: /home/seok/automotive_software_mid-term/install/ad_msgs/share/ad_msgs/msg/Obstacles.msg
[0.426s] -- Up-to-date: /home/seok/automotive_software_mid-term/install/ad_msgs/share/ad_msgs/msg/PolyfitLaneData.msg
[0.426s] -- Up-to-date: /home/seok/automotive_software_mid-term/install/ad_msgs/share/ad_msgs/msg/LanePointData.msg
[0.426s] -- Up-to-date: /home/seok/automotive_software_mid-term/install/ad_msgs/share/ad_msgs/msg/LanePointDataArray.msg
[0.426s] -- Up-to-date: /home/seok/automotive_software_mid-term/install/ad_msgs/share/ad_msgs/msg/PolyfitLaneDataArray.msg
[0.426s] -- Up-to-date: /home/seok/automotive_software_mid-term/install/ad_msgs/share/ament_index/resource_index/package_run_dependencies/ad_msgs
[0.426s] -- Up-to-date: /home/seok/automotive_software_mid-term/install/ad_msgs/share/ament_index/resource_index/parent_prefix_path/ad_msgs
[0.426s] -- Up-to-date: /home/seok/automotive_software_mid-term/install/ad_msgs/share/ad_msgs/environment/ament_prefix_path.sh
[0.426s] -- Up-to-date: /home/seok/automotive_software_mid-term/install/ad_msgs/share/ad_msgs/environment/ament_prefix_path.dsv
[0.427s] -- Up-to-date: /home/seok/automotive_software_mid-term/install/ad_msgs/share/ad_msgs/environment/path.sh
[0.427s] -- Up-to-date: /home/seok/automotive_software_mid-term/install/ad_msgs/share/ad_msgs/environment/path.dsv
[0.427s] -- Up-to-date: /home/seok/automotive_software_mid-term/install/ad_msgs/share/ad_msgs/local_setup.bash
[0.427s] -- Up-to-date: /home/seok/automotive_software_mid-term/install/ad_msgs/share/ad_msgs/local_setup.sh
[0.427s] -- Up-to-date: /home/seok/automotive_software_mid-term/install/ad_msgs/share/ad_msgs/local_setup.zsh
[0.427s] -- Up-to-date: /home/seok/automotive_software_mid-term/install/ad_msgs/share/ad_msgs/local_setup.dsv
[0.427s] -- Installing: /home/seok/automotive_software_mid-term/install/ad_msgs/share/ad_msgs/package.dsv
[0.427s] -- Up-to-date: /home/seok/automotive_software_mid-term/install/ad_msgs/share/ament_index/resource_index/packages/ad_msgs
[0.427s] -- Up-to-date: /home/seok/automotive_software_mid-term/install/ad_msgs/share/ad_msgs/cmake/export_ad_msgs__rosidl_generator_cExport.cmake
[0.427s] -- Up-to-date: /home/seok/automotive_software_mid-term/install/ad_msgs/share/ad_msgs/cmake/export_ad_msgs__rosidl_generator_cExport-noconfig.cmake
[0.427s] -- Up-to-date: /home/seok/automotive_software_mid-term/install/ad_msgs/share/ad_msgs/cmake/export_ad_msgs__rosidl_typesupport_fastrtps_cExport.cmake
[0.427s] -- Up-to-date: /home/seok/automotive_software_mid-term/install/ad_msgs/share/ad_msgs/cmake/export_ad_msgs__rosidl_typesupport_fastrtps_cExport-noconfig.cmake
[0.428s] -- Up-to-date: /home/seok/automotive_software_mid-term/install/ad_msgs/share/ad_msgs/cmake/ad_msgs__rosidl_typesupport_introspection_cExport.cmake
[0.428s] -- Up-to-date: /home/seok/automotive_software_mid-term/install/ad_msgs/share/ad_msgs/cmake/ad_msgs__rosidl_typesupport_introspection_cExport-noconfig.cmake
[0.428s] -- Up-to-date: /home/seok/automotive_software_mid-term/install/ad_msgs/share/ad_msgs/cmake/ad_msgs__rosidl_typesupport_cExport.cmake
[0.428s] -- Up-to-date: /home/seok/automotive_software_mid-term/install/ad_msgs/share/ad_msgs/cmake/ad_msgs__rosidl_typesupport_cExport-noconfig.cmake
[0.428s] -- Up-to-date: /home/seok/automotive_software_mid-term/install/ad_msgs/share/ad_msgs/cmake/export_ad_msgs__rosidl_generator_cppExport.cmake
[0.428s] -- Up-to-date: /home/seok/automotive_software_mid-term/install/ad_msgs/share/ad_msgs/cmake/export_ad_msgs__rosidl_typesupport_fastrtps_cppExport.cmake
[0.429s] -- Up-to-date: /home/seok/automotive_software_mid-term/install/ad_msgs/share/ad_msgs/cmake/export_ad_msgs__rosidl_typesupport_fastrtps_cppExport-noconfig.cmake
[0.429s] -- Up-to-date: /home/seok/automotive_software_mid-term/install/ad_msgs/share/ad_msgs/cmake/ad_msgs__rosidl_typesupport_introspection_cppExport.cmake
[0.429s] -- Up-to-date: /home/seok/automotive_software_mid-term/install/ad_msgs/share/ad_msgs/cmake/ad_msgs__rosidl_typesupport_introspection_cppExport-noconfig.cmake
[0.430s] -- Up-to-date: /home/seok/automotive_software_mid-term/install/ad_msgs/share/ad_msgs/cmake/ad_msgs__rosidl_typesupport_cppExport.cmake
[0.430s] -- Up-to-date: /home/seok/automotive_software_mid-term/install/ad_msgs/share/ad_msgs/cmake/ad_msgs__rosidl_typesupport_cppExport-noconfig.cmake
[0.430s] -- Up-to-date: /home/seok/automotive_software_mid-term/install/ad_msgs/share/ad_msgs/cmake/export_ad_msgs__rosidl_generator_pyExport.cmake
[0.430s] -- Up-to-date: /home/seok/automotive_software_mid-term/install/ad_msgs/share/ad_msgs/cmake/export_ad_msgs__rosidl_generator_pyExport-noconfig.cmake
[0.430s] -- Up-to-date: /home/seok/automotive_software_mid-term/install/ad_msgs/share/ad_msgs/cmake/rosidl_cmake-extras.cmake
[0.430s] -- Up-to-date: /home/seok/automotive_software_mid-term/install/ad_msgs/share/ad_msgs/cmake/ament_cmake_export_dependencies-extras.cmake
[0.431s] -- Up-to-date: /home/seok/automotive_software_mid-term/install/ad_msgs/share/ad_msgs/cmake/ament_cmake_export_include_directories-extras.cmake
[0.431s] -- Up-to-date: /home/seok/automotive_software_mid-term/install/ad_msgs/share/ad_msgs/cmake/ament_cmake_export_libraries-extras.cmake
[0.431s] -- Up-to-date: /home/seok/automotive_software_mid-term/install/ad_msgs/share/ad_msgs/cmake/ament_cmake_export_targets-extras.cmake
[0.431s] -- Up-to-date: /home/seok/automotive_software_mid-term/install/ad_msgs/share/ad_msgs/cmake/rosidl_cmake_export_typesupport_targets-extras.cmake
[0.431s] -- Up-to-date: /home/seok/automotive_software_mid-term/install/ad_msgs/share/ad_msgs/cmake/rosidl_cmake_export_typesupport_libraries-extras.cmake
[0.431s] -- Up-to-date: /home/seok/automotive_software_mid-term/install/ad_msgs/share/ad_msgs/cmake/ad_msgsConfig.cmake
[0.431s] -- Up-to-date: /home/seok/automotive_software_mid-term/install/ad_msgs/share/ad_msgs/cmake/ad_msgsConfig-version.cmake
[0.431s] -- Up-to-date: /home/seok/automotive_software_mid-term/install/ad_msgs/share/ad_msgs/package.xml
[0.432s] Invoked command in '/home/seok/automotive_software_mid-term/build/ad_msgs' returned '0': CMAKE_PREFIX_PATH=${CMAKE_PREFIX_PATH}:/opt/ros/humble /usr/bin/cmake --install /home/seok/automotive_software_mid-term/build/ad_msgs
