[0.033s] Invoking command in '/home/seok/automotive_software_mid-term/build/scenario_runner': CMAKE_PREFIX_PATH=/home/seok/automotive_software_mid-term/install/ad_msgs:/home/seok/automotive_software_mid-term/install/simulator:/home/seok/automotive_software_mid-term/install/scenario_runner:/home/seok/automotive_software_mid-term/install/evaluation:/home/seok/automotive_software_mid-term/install/autonomous_driving:/home/seok/ros2_ws/install/simulator:/home/seok/ros2_ws/install/evaluation:/home/seok/ros2_ws/install/autonomous_driving:/home/seok/ros2_ws/install/ad_msgs:/opt/ros/humble /usr/bin/cmake --build /home/seok/automotive_software_mid-term/build/scenario_runner -- -j16 -l16
[0.065s] [100%] Built target scenario_runner
[0.073s] Invoked command in '/home/seok/automotive_software_mid-term/build/scenario_runner' returned '0': CMAKE_PREFIX_PATH=/home/seok/automotive_software_mid-term/install/ad_msgs:/home/seok/automotive_software_mid-term/install/simulator:/home/seok/automotive_software_mid-term/install/scenario_runner:/home/seok/automotive_software_mid-term/install/evaluation:/home/seok/automotive_software_mid-term/install/autonomous_driving:/home/seok/ros2_ws/install/simulator:/home/seok/ros2_ws/install/evaluation:/home/seok/ros2_ws/install/autonomous_driving:/home/seok/ros2_ws/install/ad_msgs:/opt/ros/humble /usr/bin/cmake --build /home/seok/automotive_software_mid-term/build/scenario_runner -- -j16 -l16
[0.093s] Invoking command in '/home/seok/automotive_software_mid-term/build/scenario_runner': CMAKE_PREFIX_PATH=/home/seok/automotive_software_mid-term/install/ad_msgs:/home/seok/automotive_software_mid-term/install/simulator:/home/seok/automotive_software_mid-term/install/scenario_runner:/home/seok/automotive_software_mid-term/install/evaluation:/home/seok/automotive_software_mid-term/install/autonomous_driving:/home/seok/ros2_ws/install/simulator:/home/seok/ros2_ws/install/evaluation:/home/seok/ros2_ws/install/autonomous_driving:/home/seok/ros2_ws/install/ad_msgs:/opt/ros/humble /usr/bin/cmake --install /home/seok/automotive_software_mid-term/build/scenario_runner
[0.102s] -- Install configuration: ""
[0.102s] -- Up-to-date: /home/seok/automotive_software_mid-term/install/scenario_runner/lib/scenario_runner/scenario_runner
[0.102s] -- Up-to-date: /home/seok/automotive_software_mid-term/install/scenario_runner/share/scenario_runner/launch
[0.102s] -- Up-to-date: /home/seok/automotive_software_mid-term/install/scenario_runner/share/scenario_runner/launch/scenario_runner.launch.xml
[0.103s] -- Up-to-date: /home/seok/automotive_software_mid-term/install/scenario_runner/share/ament_index/resource_index/package_run_dependencies/scenario_runner
[0.103s] -- Up-to-date: /home/seok/automotive_software_mid-term/install/scenario_runner/share/ament_index/resource_index/parent_prefix_path/scenario_runner
[0.103s] -- Up-to-date: /home/seok/automotive_software_mid-term/install/scenario_runner/share/scenario_runner/environment/ament_prefix_path.sh
[0.103s] -- Up-to-date: /home/seok/automotive_software_mid-term/install/scenario_runner/share/scenario_runner/environment/ament_prefix_path.dsv
[0.103s] -- Up-to-date: /home/seok/automotive_software_mid-term/install/scenario_runner/share/scenario_runner/environment/path.sh
[0.103s] -- Up-to-date: /home/seok/automotive_software_mid-term/install/scenario_runner/share/scenario_runner/environment/path.dsv
[0.103s] -- Up-to-date: /home/seok/automotive_software_mid-term/install/scenario_runner/share/scenario_runner/local_setup.bash
[0.104s] -- Up-to-date: /home/seok/automotive_software_mid-term/install/scenario_runner/share/scenario_runner/local_setup.sh
[0.104s] -- Up-to-date: /home/seok/automotive_software_mid-term/install/scenario_runner/share/scenario_runner/local_setup.zsh
[0.104s] -- Up-to-date: /home/seok/automotive_software_mid-term/install/scenario_runner/share/scenario_runner/local_setup.dsv
[0.104s] -- Installing: /home/seok/automotive_software_mid-term/install/scenario_runner/share/scenario_runner/package.dsv
[0.104s] -- Up-to-date: /home/seok/automotive_software_mid-term/install/scenario_runner/share/ament_index/resource_index/packages/scenario_runner
[0.104s] -- Up-to-date: /home/seok/automotive_software_mid-term/install/scenario_runner/share/scenario_runner/cmake/scenario_runnerConfig.cmake
[0.104s] -- Up-to-date: /home/seok/automotive_software_mid-term/install/scenario_runner/share/scenario_runner/cmake/scenario_runnerConfig-version.cmake
[0.104s] -- Up-to-date: /home/seok/automotive_software_mid-term/install/scenario_runner/share/scenario_runner/package.xml
[0.105s] Invoked command in '/home/seok/automotive_software_mid-term/build/scenario_runner' returned '0': CMAKE_PREFIX_PATH=/home/seok/automotive_software_mid-term/install/ad_msgs:/home/seok/automotive_software_mid-term/install/simulator:/home/seok/automotive_software_mid-term/install/scenario_runner:/home/seok/automotive_software_mid-term/install/evaluation:/home/seok/automotive_software_mid-term/install/autonomous_driving:/home/seok/ros2_ws/install/simulator:/home/seok/ros2_ws/install/evaluation:/home/seok/ros2_ws/install/autonomous_driving:/home/seok/ros2_ws/install/ad_msgs:/opt/ros/humble /usr/bin/cmake --install /home/seok/automotive_software_mid-term/build/scenario_runner
